Log file open, 09/25/17 19:32:49
LogWindows: LoadLibraryWithSearchPaths failed for file aqProf.dll. GetLastError=0
LogWindows: LoadLibraryWithSearchPaths failed for file VSPerf140.dll. GetLastError=0
LogWindows: LoadLibraryWithSearchPaths failed for file VtuneApi.dll. GetLastError=0
LogWindows: LoadLibraryWithSearchPaths failed for file VtuneApi32e.dll. GetLastError=0
LogInit: Display: Running engine for game: SwordVR
LogPlatformFile: Not using cached read wrapper
LogInit: Display: RandInit(572380536) SRandInit(572380536).
LogTaskGraph: Started task graph with 5 named threads and 14 total threads with 3 sets of task threads.
LogStats: Stats thread started at 0.183155
LogD3D11RHI: Aftermath initialized
LogPluginManager: Mounting plugin Paper2D
LogPluginManager: Mounting plugin LightPropagationVolume
LogPluginManager: Mounting plugin CodeLiteSourceCodeAccess
LogPluginManager: Mounting plugin GitSourceControl
LogPluginManager: Mounting plugin KDevelopSourceCodeAccess
LogPluginManager: Mounting plugin NullSourceCodeAccess
LogPluginManager: Mounting plugin PerforceSourceControl
LogPluginManager: Mounting plugin SubversionSourceControl
LogPluginManager: Mounting plugin UObjectPlugin
LogPluginManager: Mounting plugin VisualStudioSourceCodeAccess
LogPluginManager: Mounting plugin XCodeSourceCodeAccess
LogPluginManager: Mounting plugin AssetManagerEditor
LogPluginManager: Mounting plugin AudioCapture
LogPluginManager: Mounting plugin FacialAnimation
LogPluginManager: Mounting plugin GameplayTagsEditor
LogPluginManager: Mounting plugin MobileLauncherProfileWizard
LogPluginManager: Mounting plugin PluginBrowser
LogPluginManager: Mounting plugin SpeedTreeImporter
LogPluginManager: Mounting plugin AlembicImporter
LogPluginManager: Mounting plugin CharacterAI
LogPluginManager: Mounting plugin HTML5Networking
LogPluginManager: Mounting plugin RunebergVRPlugin
LogPluginManager: Mounting plugin AndroidMedia
LogPluginManager: Mounting plugin AvfMedia
LogPluginManager: Mounting plugin MediaPlayerEditor
LogPluginManager: Mounting plugin WmfMedia
LogPluginManager: Mounting plugin TcpMessaging
LogPluginManager: Mounting plugin UdpMessaging
LogPluginManager: Mounting plugin LevelSequenceEditor
LogPluginManager: Mounting plugin MatineeToLevelSequence
LogPluginManager: Mounting plugin OnlineSubsystemGooglePlay
LogPluginManager: Mounting plugin OnlineSubsystemIOS
LogPluginManager: Mounting plugin OnlineSubsystem
LogPluginManager: Mounting plugin OnlineSubsystemNull
LogPluginManager: Mounting plugin OnlineSubsystemUtils
LogPluginManager: Mounting plugin AndroidDeviceProfileSelector
LogPluginManager: Mounting plugin AndroidMoviePlayer
LogPluginManager: Mounting plugin AndroidPermission
LogPluginManager: Mounting plugin AppleMoviePlayer
LogPluginManager: Mounting plugin ArchVisCharacter
LogPluginManager: Mounting plugin CableComponent
LogPluginManager: Mounting plugin CustomMeshComponent
LogPluginManager: Mounting plugin ExampleDeviceProfileSelector
LogPluginManager: Mounting plugin GoogleCloudMessaging
LogPluginManager: Mounting plugin ImmediatePhysics
LogPluginManager: Mounting plugin IOSDeviceProfileSelector
LogPluginManager: Mounting plugin LinuxDeviceProfileSelector
LogPluginManager: Mounting plugin LocationServicesBPLibrary
LogPluginManager: Mounting plugin MobilePatchingUtils
LogPluginManager: Mounting plugin OculusVR
LogPluginManager: Mounting plugin PhysXVehicles
LogPluginManager: Mounting plugin ProceduralMeshComponent
LogPluginManager: Mounting plugin RuntimePhysXCooking
LogPluginManager: Mounting plugin SoundUtilities
LogPluginManager: Mounting plugin SoundVisualizations
LogPluginManager: Mounting plugin SteamVR
LogPluginManager: Mounting plugin Synthesis
LogPluginManager: Mounting plugin WindowsMoviePlayer
LogInit: Using libcurl 7.47.1
LogInit:  - built for x86_64-pc-win32
LogInit:  - supports SSL with OpenSSL/1.0.2g
LogInit:  - supports HTTP deflate (compression) using libz 1.2.8
LogInit:  - other features:
LogInit:      CURL_VERSION_SSL
LogInit:      CURL_VERSION_LIBZ
LogInit:      CURL_VERSION_IPV6
LogInit:      CURL_VERSION_ASYNCHDNS
LogInit:      CURL_VERSION_LARGEFILE
LogInit:      CURL_VERSION_IDN
LogInit:  CurlRequestOptions (configurable via config and command line):
LogInit:  - bVerifyPeer = false  - Libcurl will NOT verify peer certificate
LogInit:  - bUseHttpProxy = false  - Libcurl will NOT use HTTP proxy
LogInit:  - bDontReuseConnections = false  - Libcurl will reuse connections
LogInit:  - CertBundlePath = nullptr  - Libcurl will use whatever was configured at build time.
LogInit: Build: ++UE4+Release-4.17-CL-3586342
LogInit: Engine Version: 4.17.1-3586342+++UE4+Release-4.17
LogInit: Compatible Engine Version: 4.17.0-3573198+++UE4+Release-4.17
LogInit: Net CL: 3573198
LogDevObjectVersion: Number of dev versions registered: 16
LogDevObjectVersion:   Dev-Blueprints (B0D832E4-1F89-4F0D-ACCF-7EB736FD4AA2): 10
LogDevObjectVersion:   Dev-Build (E1C64328-A22C-4D53-A36C-8E866417BD8C): 0
LogDevObjectVersion:   Dev-Core (375EC13C-06E4-48FB-B500-84F0262A717E): 2
LogDevObjectVersion:   Dev-Editor (E4B068ED-F494-42E9-A231-DA0B2E46BB41): 20
LogDevObjectVersion:   Dev-Framework (CFFC743F-43B0-4480-9391-14DF171D2073): 28
LogDevObjectVersion:   Dev-Mobile (B02B49B5-BB20-44E9-A304-32B752E40360): 0
LogDevObjectVersion:   Dev-Networking (A4E4105C-59A1-49B5-A7C5-40C4547EDFEE): 0
LogDevObjectVersion:   Dev-Online (39C831C9-5AE6-47DC-9A44-9C173E1C8E7C): 0
LogDevObjectVersion:   Dev-Physics (78F01B33-EBEA-4F98-B9B4-84EACCB95AA2): 0
LogDevObjectVersion:   Dev-Platform (6631380F-2D4D-43E0-8009-CF276956A95A): 0
LogDevObjectVersion:   Dev-Rendering (12F88B9F-8875-4AFC-A67C-D90C383ABD29): 19
LogDevObjectVersion:   Dev-Sequencer (7B5AE74C-D270-4C10-A958-57980B212A5A): 4
LogDevObjectVersion:   Dev-VR (D7296918-1DD6-4BDD-9DE2-64A83CC13884): 0
LogDevObjectVersion:   Dev-LoadTimes (C2A15278-BFE7-4AFE-6C17-90FF531DF755): 1
LogDevObjectVersion:   Private-Geometry (6EACA3D4-40EC-4CC1-B786-8BED09428FC5): 1
LogDevObjectVersion:   Dev-AnimPhys (29E575DD-E0A3-4627-9D10-D276232CDCEA): 7
LogInit: Compiled (64-bit): Aug 15 2017 02:05:26
LogInit: Compiled with Visual C++: 19.00.24215.01
LogInit: Build Configuration: Development
LogInit: Branch Name: ++UE4+Release-4.17
LogInit: Command line: -EpicPortal 
LogInit: Base directory: C:/Program Files/Epic Games/UE_4.17/Engine/Binaries/Win64/
LogInit: Installed Engine Build: 1
LogInit: Presizing for max 8388607 objects, including 0 objects not considered by GC, pre-allocating 0 bytes for permanent pool.
LogInit: Object subsystem initialized
[2017.09.25-23.32.51:650][  0]LogInit: Selected Device Profile: [Windows]
[2017.09.25-23.32.51:650][  0]LogInit: Applying CVar settings loaded from the selected device profile: [Windows]
[2017.09.25-23.32.51:665][  0]LogInit: Computer: DESKTOP-SIJTC7B
[2017.09.25-23.32.51:665][  0]LogInit: User: croch
[2017.09.25-23.32.51:665][  0]LogInit: CPU Page size=4096, Cores=4
[2017.09.25-23.32.51:665][  0]LogInit: High frequency timer resolution =2.533198 MHz
[2017.09.25-23.32.51:665][  0]LogMemory: Memory total: Physical=15.9GB (16GB approx)
[2017.09.25-23.32.51:665][  0]LogMemory: Platform Memory Stats for Windows
[2017.09.25-23.32.51:665][  0]LogMemory: Process Physical Memory: 279.33 MB used, 279.33 MB peak
[2017.09.25-23.32.51:665][  0]LogMemory: Process Virtual Memory: 282.60 MB used, 282.60 MB peak
[2017.09.25-23.32.51:665][  0]LogMemory: Physical Memory: 11206.18 MB used,  5100.85 MB free, 16307.03 MB total
[2017.09.25-23.32.51:665][  0]LogMemory: Virtual Memory: 715.11 MB used,  5100.85 MB free, 134217728.00 MB total
[2017.09.25-23.32.51:876][  0]LogInit: Using OS detected language (en-US).
[2017.09.25-23.32.51:876][  0]LogInit: Using OS detected locale (en-US).
[2017.09.25-23.32.51:881][  0]LogTextLocalizationManager: No specific localization for 'en-US' exists, so the 'en' localization will be used.
[2017.09.25-23.32.52:570][  0]LogD3D11RHI: D3D11 adapters:
[2017.09.25-23.32.53:190][  0]LogD3D11RHI:    0. 'NVIDIA GeForce GTX 970M' (Feature Level 11_0)
[2017.09.25-23.32.53:190][  0]LogD3D11RHI:       3040/0/8153 MB DedicatedVideo/DedicatedSystem/SharedSystem, Outputs:1, VendorId:0x10de
[2017.09.25-23.32.53:195][  0]LogD3D11RHI:    1. 'Intel(R) HD Graphics 4600' (Feature Level 11_0)
[2017.09.25-23.32.53:195][  0]LogD3D11RHI:       112/0/2048 MB DedicatedVideo/DedicatedSystem/SharedSystem, Outputs:0, VendorId:0x8086
[2017.09.25-23.32.53:197][  0]LogD3D11RHI:    2. 'Microsoft Basic Render Driver' (Feature Level 11_0)
[2017.09.25-23.32.53:197][  0]LogD3D11RHI:       0/0/8153 MB DedicatedVideo/DedicatedSystem/SharedSystem, Outputs:0, VendorId:0x1414
[2017.09.25-23.32.53:197][  0]LogD3D11RHI: Chosen D3D11 Adapter: 0
[2017.09.25-23.32.53:205][  0]LogD3D11RHI: Creating new Direct3DDevice
[2017.09.25-23.32.53:205][  0]LogD3D11RHI:     GPU DeviceId: 0x13d8 (for the marketing name, search the web for "GPU Device Id")
[2017.09.25-23.32.53:205][  0]LogWindows: EnumDisplayDevices:
[2017.09.25-23.32.53:206][  0]LogWindows:    0. 'Intel(R) HD Graphics 4600' (P:1 D:1)
[2017.09.25-23.32.53:206][  0]LogWindows:    1. 'Intel(R) HD Graphics 4600' (P:0 D:0)
[2017.09.25-23.32.53:206][  0]LogWindows:    2. 'Intel(R) HD Graphics 4600' (P:0 D:0)
[2017.09.25-23.32.53:206][  0]LogWindows: DebugString: GetVideoDriverDetailsInvalid PrimaryIsNotTheChoosenAdapter GetVideoDriverDetailsInvalid PrimaryIsNotTheChoosenAdapter GetVideoDriverDetailsInvalid PrimaryIsNotTheChoosenAdapter FoundDriverCount:0 
[2017.09.25-23.32.53:206][  0]LogD3D11RHI:     Adapter Name: NVIDIA GeForce GTX 970M
[2017.09.25-23.32.53:206][  0]LogD3D11RHI:   Driver Version: Unknown (internal:Unknown, unified:Unknown)
[2017.09.25-23.32.53:206][  0]LogD3D11RHI:      Driver Date: Unknown
[2017.09.25-23.32.53:206][  0]LogRHI: Texture pool is 1361 MB (70% of 1945 MB)
[2017.09.25-23.32.53:778][  0]LogD3D11RHI: Async texture creation enabled
[2017.09.25-23.32.53:817][  0]LogD3D11RHI: GPU Timing Frequency: 1000.000000 (Debug: 2 1)
[2017.09.25-23.32.53:818][  0]LogShaderCompilers: Guid format shader working directory is -18 characters bigger than the processId version (../../../../../../Users/croch/Documents/Unreal Projects/SwordVR/Intermediate/Shaders/WorkingDirectory/23964/).
[2017.09.25-23.32.53:818][  0]LogShaderCompilers: Cleaned the shader compiler working directory 'C:/Users/croch/AppData/Local/Temp/UnrealShaderWorkingDir/ED92324B4E31124863B73190CEBFB005/'.
[2017.09.25-23.32.53:818][  0]LogShaderCompilers: Display: Using Local Shader Compiler.
[2017.09.25-23.32.54:756][  0]LogTemp: Display: Loaded TP AllDesktopTargetPlatform
[2017.09.25-23.32.54:814][  0]LogTemp: Display: Loaded TP MacClientTargetPlatform
[2017.09.25-23.32.54:871][  0]LogTemp: Display: Loaded TP MacNoEditorTargetPlatform
[2017.09.25-23.32.54:927][  0]LogTemp: Display: Loaded TP MacServerTargetPlatform
[2017.09.25-23.32.54:986][  0]LogTemp: Display: Loaded TP MacTargetPlatform
[2017.09.25-23.32.55:044][  0]LogTemp: Display: Loaded TP WindowsClientTargetPlatform
[2017.09.25-23.32.55:102][  0]LogTemp: Display: Loaded TP WindowsNoEditorTargetPlatform
[2017.09.25-23.32.55:158][  0]LogTemp: Display: Loaded TP WindowsServerTargetPlatform
[2017.09.25-23.32.55:212][  0]LogTemp: Display: Loaded TP WindowsTargetPlatform
[2017.09.25-23.32.55:271][  0]LogTemp: Display: Loaded TP AndroidTargetPlatform
[2017.09.25-23.32.55:326][  0]LogTemp: Display: Loaded TP Android_ASTCTargetPlatform
[2017.09.25-23.32.55:384][  0]LogTemp: Display: Loaded TP Android_ATCTargetPlatform
[2017.09.25-23.32.55:448][  0]LogTemp: Display: Loaded TP Android_DXTTargetPlatform
[2017.09.25-23.32.55:503][  0]LogTemp: Display: Loaded TP Android_ETC1TargetPlatform
[2017.09.25-23.32.55:559][  0]LogTemp: Display: Loaded TP Android_ETC2TargetPlatform
[2017.09.25-23.32.55:672][  0]LogTemp: Display: Loaded TP Android_MultiTargetPlatform
[2017.09.25-23.32.55:672][  0]LogTemp: Display: Loaded TP Android_PVRTCTargetPlatform
[2017.09.25-23.32.55:720][  0]LogTemp: Display: Loaded TP HTML5TargetPlatform
[2017.09.25-23.32.55:826][  0]LogTemp: Display: Loaded TP IOSTargetPlatform
[2017.09.25-23.32.55:860][  0]LogTemp: Display: Loaded TP TVOSTargetPlatform
[2017.09.25-23.32.55:918][  0]LogTemp: Display: Loaded TP LinuxClientTargetPlatform
[2017.09.25-23.32.55:984][  0]LogTemp: Display: Loaded TP LinuxNoEditorTargetPlatform
[2017.09.25-23.32.56:041][  0]LogTemp: Display: Loaded TP LinuxServerTargetPlatform
[2017.09.25-23.32.56:096][  0]LogTemp: Display: Loaded TP LinuxTargetPlatform
[2017.09.25-23.32.56:096][  0]LogTargetPlatformManager: Display: Building Assets For Windows
[2017.09.25-23.32.56:641][  0]LogDerivedDataCache: Display: Max Cache Size: 512 MB
[2017.09.25-23.32.56:717][  0]LogDerivedDataCache: Loaded boot cache 0.08s 93MB C:/Users/croch/AppData/Local/UnrealEngine/4.17/DerivedDataCache/Boot.ddc.
[2017.09.25-23.32.56:717][  0]LogDerivedDataCache: Display: Loaded Boot cache: C:/Users/croch/AppData/Local/UnrealEngine/4.17/DerivedDataCache/Boot.ddc
[2017.09.25-23.32.56:718][  0]LogDerivedDataCache: FDerivedDataBackendGraph:  Pak pak cache file ../../../../../../Users/croch/Documents/Unreal Projects/SwordVR/DerivedDataCache/DDC.ddp not found, will not use a pak cache.
[2017.09.25-23.32.56:718][  0]LogDerivedDataCache: Unable to find inner node Pak for hierarchical cache Hierarchy.
[2017.09.25-23.32.56:718][  0]LogDerivedDataCache: FDerivedDataBackendGraph:  CompressedPak pak cache file ../../../../../../Users/croch/Documents/Unreal Projects/SwordVR/DerivedDataCache/Compressed.ddp not found, will not use a pak cache.
[2017.09.25-23.32.56:718][  0]LogDerivedDataCache: Unable to find inner node CompressedPak for hierarchical cache Hierarchy.
[2017.09.25-23.32.56:734][  0]LogDerivedDataCache: Display: Pak cache opened for reading ../../../Engine/DerivedDataCache/Compressed.ddp.
[2017.09.25-23.32.56:746][  0]LogDerivedDataCache: Using Local data cache path C:/Users/croch/AppData/Local/UnrealEngine/Common/DerivedDataCache: Writable
[2017.09.25-23.32.56:756][  0]LogMaterial: Verifying Global Shaders for PCD3D_SM5
[2017.09.25-23.32.56:756][  0]LogSlate: Using Freetype 2.6.0
[2017.09.25-23.32.56:757][  0]LogSlate: SlateFontCache - WITH_FREETYPE: 1, WITH_HARFBUZZ: 1
[2017.09.25-23.32.56:757][  0]LogSlate: SlateFontCache - WITH_FREETYPE: 1, WITH_HARFBUZZ: 1
[2017.09.25-23.32.57:015][  0]LogAssetRegistry: FAssetRegistry took 0.0264 seconds to start up
[2017.09.25-23.32.57:135][  0]LogInit: Selected Device Profile: [Windows]
[2017.09.25-23.32.57:535][  0]LogSimplygon: Simplygon DLL not present - disabling.
[2017.09.25-23.32.57:624][  0]LogMeshReduction: Using SimplygonSwarm for distributed automatic mesh merging
[2017.09.25-23.32.57:624][  0]LogMeshReduction: Using QuadricMeshReduction for automatic static mesh reduction
[2017.09.25-23.32.57:624][  0]LogMeshReduction: No automatic skeletal mesh reduction module available
[2017.09.25-23.32.57:624][  0]LogMeshReduction: No automatic mesh merging module available
[2017.09.25-23.32.57:624][  0]LogMeshMerging: No automatic mesh merging module available
[2017.09.25-23.32.57:625][  0]LogContentStreaming: Texture pool size is 0.00 MB
[2017.09.25-23.32.58:093][  0]LogNetVersion: SwordVR , NetCL: 3573198, EngineNetVer: 2, GameNetVer: 0 (Checksum: 2726716735)
[2017.09.25-23.32.58:351][  0]LogPackageLocalizationCache: Processed 8 localized package path(s) for 2 prioritized culture(s) in 0.075974 seconds
[2017.09.25-23.32.58:360][  0]LogUObjectArray: 35825 objects as part of root set at end of initial load.
[2017.09.25-23.32.58:360][  0]LogUObjectAllocator: 7529104 out of 0 bytes used by permanent object pool.
[2017.09.25-23.32.58:360][  0]LogUObjectArray: CloseDisregardForGC: 0/0 objects in disregard for GC pool
[2017.09.25-23.32.58:430][  0]LogInit: WinSock: version 1.1 (2.2), MaxSocks=32767, MaxUdp=65467
[2017.09.25-23.33.01:236][  0]LogTcpMessaging: Initializing TcpMessaging bridge
[2017.09.25-23.33.01:280][  0]LogUdpMessaging: Initializing bridge on interface 0.0.0.0:0 to multicast group 230.0.0.1:6666.
[2017.09.25-23.33.01:989][  0]LogMaterial: Uniform references updated for custom material expression Custom.
[2017.09.25-23.33.02:445][  0]SourceControl: Source control is disabled
[2017.09.25-23.33.02:446][  0]SourceControl: Source control is disabled
[2017.09.25-23.33.02:502][  0]SourceControl: Source control is disabled
[2017.09.25-23.33.02:555][  0]SourceControl: Source control is disabled
[2017.09.25-23.33.03:280][  0]LogAndroidPermission: UAndroidPermissionCallbackProxy::GetInstance
[2017.09.25-23.33.03:563][  0]LogOcInput: OculusInput pre-init called
[2017.09.25-23.33.04:070][  0]LogSlateStyle: Warning: Unable to find Slate Widget Style 'Synth2DSliderStyle'. Using Synth2DSliderStyle defaults instead.
[2017.09.25-23.33.04:070][  0]LogSlateStyle: Warning: Unable to find Slate Widget Style 'SynthKnobStyle'. Using SynthKnobStyle defaults instead.
[2017.09.25-23.33.04:294][  0]LogEngine: Initializing Engine...
[2017.09.25-23.33.04:298][  0]LogHMD: Failed to initialize OpenVR with code 110
[2017.09.25-23.33.04:647][  0]LogStats: UGameplayTagsManager::ConstructGameplayTagTree: Construct from data asset -  0.000 s
[2017.09.25-23.33.04:647][  0]LogStats: UGameplayTagsManager::ConstructGameplayTagTree: GameplayTagTreeChangedEvent.Broadcast -  0.000 s
[2017.09.25-23.33.04:842][  0]LogAIModule: Creating AISystem for world Untitled
[2017.09.25-23.33.04:848][  0]LogInit: XAudio2 using 'Speakers (High Definition Audio Device)' : 2 channels at 48 kHz using 16 bits per sample (channel mask 0x3)
[2017.09.25-23.33.04:862][  0]LogInit: FAudioDevice initialized.
[2017.09.25-23.33.05:021][  0]LogDerivedDataCache: Saved boot cache 0.16s 93MB C:/Users/croch/AppData/Local/UnrealEngine/4.17/DerivedDataCache/Boot.ddc.
[2017.09.25-23.33.05:030][  0]LogInit: Texture streaming: Enabled
[2017.09.25-23.33.05:170][  0]LogEngineSessionManager: EngineSessionManager initialized
[2017.09.25-23.33.05:435][  0]LogInit: Transaction tracking system initialized
[2017.09.25-23.33.05:960][  0]BlueprintLog: New page: Editor Load
[2017.09.25-23.33.07:011][  0]LocalizationService: Localization service is disabled
[2017.09.25-23.33.07:804][  0]LogConsoleResponse: Display: 
[2017.09.25-23.33.07:969][  0]LogCook: Display: Max memory allowance for cook 16384mb min free memory 0mb
[2017.09.25-23.33.07:969][  0]LogCook: Display: Mobile HDR setting 1
[2017.09.25-23.33.07:969][  0]LogGameplayTags: Display: UGameplayTagsManager::DoneAddingNativeTags. DelegateIsBound: 0
[2017.09.25-23.33.08:723][  0]LogFileCache: Scanning file cache for directory 'C:/Users/croch/Documents/Unreal Projects/SwordVR/Content/' took 0.01s
[2017.09.25-23.33.09:153][  0]SourceControl: Source control is disabled
[2017.09.25-23.33.09:154][  0]Cmd: MAP LOAD FILE="../../../Engine/Content/Maps/Templates/Template_Default.umap" TEMPLATE=1 SHOWPROGRESS=1 FEATURELEVEL=3
[2017.09.25-23.33.09:154][  0]LightingResults: New page: Lighting Build
[2017.09.25-23.33.09:202][  0]MapCheck: New page: Map Check
[2017.09.25-23.33.09:203][  0]LightingResults: New page: Lighting Build
[2017.09.25-23.33.09:375][  0]LogAIModule: Creating AISystem for world Untitled_1
[2017.09.25-23.33.09:380][  0]LogEditorServer: Finished looking for orphan Actors (0.000 secs)
[2017.09.25-23.33.09:393][  0]Cmd: MAP CHECKDEP NOCLEARLOG
[2017.09.25-23.33.09:448][  0]MapCheck: Map check complete: 0 Error(s), 0 Warning(s), took 54.672ms to complete.
[2017.09.25-23.33.09:448][  0]LogFileHelpers: Loading map 'Template_Default' took 0.294
[2017.09.25-23.33.09:611][  0]LogCollectionManager: Loaded 0 collections in 0.000943 seconds
[2017.09.25-23.33.09:695][  0]LogFileCache: Scanning file cache for directory 'C:/Users/croch/Documents/Unreal Projects/SwordVR/Saved/Collections/' took 0.01s
[2017.09.25-23.33.09:695][  0]LogFileCache: Scanning file cache for directory 'C:/Users/croch/Documents/Unreal Projects/SwordVR/Content/Developers/croch/Collections/' took 0.01s
[2017.09.25-23.33.09:695][  0]LogFileCache: Scanning file cache for directory 'C:/Users/croch/Documents/Unreal Projects/SwordVR/Content/Collections/' took 0.01s
[2017.09.25-23.33.09:695][  0]LogCollectionManager: Rebuilt the GUID cache for 0 collections in 0.000000 seconds
[2017.09.25-23.33.09:705][  0]LogContentBrowser: Native class hierarchy populated in 0.0096 seconds. Added 2419 classes and 520 folders.
[2017.09.25-23.33.09:782][  0]LogContentBrowser: Native class hierarchy updated for 'WidgetCarousel' in 0.0006 seconds. Added 0 classes and 0 folders.
[2017.09.25-23.33.10:074][  0]LogContentBrowser: Native class hierarchy updated for 'AddContentDialog' in 0.0006 seconds. Added 0 classes and 0 folders.
[2017.09.25-23.33.10:122][  0]LogContentBrowser: Native class hierarchy updated for 'SceneOutliner' in 0.0007 seconds. Added 1 classes and 2 folders.
[2017.09.25-23.33.10:144][  0]LogSlate: Took 0.000226 seconds to synchronously load lazily loaded font '../../../Engine/Content/Slate/Fonts/Roboto-Regular.ttf' (155K)
[2017.09.25-23.33.10:146][  0]LogSlate: Took 0.000223 seconds to synchronously load lazily loaded font '../../../Engine/Content/Slate/Fonts/Roboto-Bold.ttf' (160K)
[2017.09.25-23.33.10:162][  0]LogSlate: Took 0.004929 seconds to synchronously load lazily loaded font '../../../Engine/Content/Editor/Slate/Fonts/FontAwesome.ttf' (139K)
[2017.09.25-23.33.10:291][  0]LogRenderer: Reallocating scene render targets to support 804x340 Format 10 NumSamples 1 (Frame:1).
[2017.09.25-23.33.10:466][  0]LogContentBrowser: Native class hierarchy updated for 'HierarchicalLODOutliner' in 0.0007 seconds. Added 1 classes and 2 folders.
[2017.09.25-23.33.10:466][  0]LogLoad: (Engine Initialization) Total time: 22.27 seconds
[2017.09.25-23.33.10:466][  0]LogLoad: (Engine Initialization) Total Blueprint compile time: 0.00 seconds
[2017.09.25-23.33.10:466][  0]LogExternalProfiler: No external profilers were discovered.  External profiling features will not be available.
[2017.09.25-23.33.10:834][  0]LogContentStreaming: Texture pool size now 1000 MB
[2017.09.25-23.33.10:887][  0]LogSlate: Took 0.000177 seconds to synchronously load lazily loaded font '../../../Engine/Content/Slate/Fonts/Roboto-Light.ttf' (159K)
[2017.09.25-23.33.11:155][  1]LogAssetRegistry: Asset discovery search completed in 14.1624 seconds
[2017.09.25-23.33.11:157][  1]LogCollectionManager: Rebuilt the object cache for 0 collections in 0.000000 seconds (found 0 objects)
[2017.09.25-23.33.11:157][  1]LogCollectionManager: Fixed up redirectors for 0 collections in 0.000045 seconds (updated 0 objects)
[2017.09.25-23.43.02:052][211]LogSlate: Took 0.000212 seconds to synchronously load lazily loaded font '../../../Engine/Content/Slate/Fonts/Roboto-Light.ttf' (159K)
[2017.09.25-23.43.11:050][238]LogSlate: Took 0.000146 seconds to synchronously load lazily loaded font '../../../Engine/Content/Slate/Fonts/Roboto-Light.ttf' (159K)
[2017.09.25-23.43.11:084][238]LogFileHelpers: Editor autosave (incl. sublevels) for '/Temp/Untitled_1' took 0.013
[2017.09.25-23.43.11:085][238]OBJ SavePackage: Generating thumbnails for [1] asset(s) in package [/Game/Assets/Particles/Cube_System] ([1] browsable assets)...
[2017.09.25-23.43.11:093][238]OBJ SavePackage:     Rendered thumbnail for [ParticleSystem /Game/Assets/Particles/Cube_System.Cube_System]
[2017.09.25-23.43.11:093][238]OBJ SavePackage: Finished generating thumbnails for package [/Game/Assets/Particles/Cube_System]
[2017.09.25-23.43.11:105][238]LogSavePackage: Save=9.10ms
[2017.09.25-23.43.11:105][238]LogSavePackage: Moving '../../../../../../Users/croch/Documents/Unreal Projects/SwordVR/Saved/Cube_System_Auto12812809F41571245DE131FB59A269088.tmp' to '../../../../../../Users/croch/Documents/Unreal Projects/SwordVR/Saved/Autosaves/Game/Assets/Particles/Cube_System_Auto1.uasset'
[2017.09.25-23.43.11:106][238]LogSavePackage: Display: Finished SavePackage ../../../../../../Users/croch/Documents/Unreal Projects/SwordVR/Saved/Autosaves/Game/Assets/Particles/Cube_System_Auto1.uasset
[2017.09.25-23.43.11:106][238]LogFileHelpers: Auto-saving content packages took 0.022
[2017.09.26-00.36.55:488][881]Cmd: OBJ SAVEPACKAGE PACKAGE="/Game/Assets/Particles/Cube_System" FILE="../../../../../../Users/croch/Documents/Unreal Projects/SwordVR/Content/Assets/Particles/Cube_System.uasset" SILENT=true
[2017.09.26-00.36.55:498][881]LogSavePackage: Save=7.86ms
[2017.09.26-00.36.55:498][881]LogSavePackage: Moving '../../../../../../Users/croch/Documents/Unreal Projects/SwordVR/Saved/Cube_SystemD69927634A7EB8E08DBB7DA84FD66AD1.tmp' to '../../../../../../Users/croch/Documents/Unreal Projects/SwordVR/Content/Assets/Particles/Cube_System.uasset'
[2017.09.26-00.36.55:505][881]LogSavePackage: Display: Finished SavePackage ../../../../../../Users/croch/Documents/Unreal Projects/SwordVR/Content/Assets/Particles/Cube_System.uasset
[2017.09.26-00.36.55:648][881]LogWindowsTextInputMethodSystem: Display: IME system now deactivated.
[2017.09.26-00.36.55:649][881]LogWindowsTextInputMethodSystem: Display: IME system now deactivated.
[2017.09.26-00.36.55:894][882]Cmd: QUIT_EDITOR
[2017.09.26-00.36.55:927][882]LogExit: Preparing to exit.
[2017.09.26-00.36.56:891][882]LogDirectoryWatcher: A directory notification for 'C:/Users/croch/Documents/Unreal Projects/SwordVR/Content/' was aborted.
[2017.09.26-00.36.56:965][882]LogExit: Editor shut down
[2017.09.26-00.36.56:993][882]LogExit: Transaction tracking system shut down
[2017.09.26-00.36.57:150][882]LogDirectoryWatcher: A directory notification for '../../../Engine/Content/' was aborted.
[2017.09.26-00.36.57:151][882]LogDirectoryWatcher: A directory notification for '../../../../../../Users/croch/Documents/Unreal Projects/SwordVR/Content/' was aborted.
[2017.09.26-00.36.57:151][882]LogDirectoryWatcher: A directory notification for '../../../Engine/Plugins/2D/Paper2D/Content/' was aborted.
[2017.09.26-00.36.57:151][882]LogDirectoryWatcher: A directory notification for '../../../Engine/Plugins/Runtime/Oculus/OculusVR/Content/' was aborted.
[2017.09.26-00.36.57:151][882]LogDirectoryWatcher: A directory notification for '../../../Engine/Plugins/Runtime/Steam/SteamVR/Content/' was aborted.
[2017.09.26-00.36.57:151][882]LogDirectoryWatcher: A directory notification for '../../../Engine/Plugins/Runtime/Synthesis/Content/' was aborted.
[2017.09.26-00.36.57:234][882]LogExit: Object subsystem successfully closed.
[2017.09.26-00.36.57:256][882]LogD3D11RHI: Shutdown
[2017.09.26-00.36.57:256][882]LogD3D11RHI: CleanupD3DDevice
[2017.09.26-00.36.57:319][882]LogD3D11RHI: ~FD3D11DynamicRHI
[2017.09.26-00.36.57:342][882]LogModuleManager: Shutting down and abandoning module HierarchicalLODOutliner (542)
[2017.09.26-00.36.57:342][882]LogModuleManager: Shutting down and abandoning module SceneOutliner (540)
[2017.09.26-00.36.57:342][882]LogModuleManager: Shutting down and abandoning module AddContentDialog (538)
[2017.09.26-00.36.57:342][882]LogDirectoryWatcher: A directory notification for 'C:/Program Files/Epic Games/UE_4.17/FeaturePacks/' was aborted.
[2017.09.26-00.36.57:348][882]LogModuleManager: Shutting down and abandoning module WidgetCarousel (537)
[2017.09.26-00.36.57:348][882]LogModuleManager: Shutting down and abandoning module EditorWidgets (534)
[2017.09.26-00.36.57:348][882]LogModuleManager: Shutting down and abandoning module CollectionManager (532)
[2017.09.26-00.36.57:348][882]LogDirectoryWatcher: A directory notification for 'C:/Users/croch/Documents/Unreal Projects/SwordVR/Content/Collections/' was aborted.
[2017.09.26-00.36.57:348][882]LogDirectoryWatcher: A directory notification for 'C:/Users/croch/Documents/Unreal Projects/SwordVR/Content/Developers/croch/Collections/' was aborted.
[2017.09.26-00.36.57:348][882]LogDirectoryWatcher: A directory notification for 'C:/Users/croch/Documents/Unreal Projects/SwordVR/Saved/Collections/' was aborted.
[2017.09.26-00.36.57:348][882]LogModuleManager: Shutting down and abandoning module StatsViewer (530)
[2017.09.26-00.36.57:348][882]LogModuleManager: Shutting down and abandoning module FoliageEdit (528)
[2017.09.26-00.36.57:348][882]LogModuleManager: Shutting down and abandoning module LandscapeEditor (526)
[2017.09.26-00.36.57:349][882]LogModuleManager: Shutting down and abandoning module MeshPaintMode (524)
[2017.09.26-00.36.57:349][882]LogModuleManager: Shutting down and abandoning module SceneDepthPickerMode (522)
[2017.09.26-00.36.57:349][882]LogModuleManager: Shutting down and abandoning module ActorPickerMode (520)
[2017.09.26-00.36.57:349][882]LogModuleManager: Shutting down and abandoning module GeometryMode (518)
[2017.09.26-00.36.57:349][882]LogModuleManager: Shutting down and abandoning module TextureAlignMode (516)
[2017.09.26-00.36.57:349][882]LogModuleManager: Shutting down and abandoning module BspMode (514)
[2017.09.26-00.36.57:349][882]LogModuleManager: Shutting down and abandoning module PIEPreviewDeviceProfileSelector (512)
[2017.09.26-00.36.57:349][882]LogModuleManager: Shutting down and abandoning module HardwareSurvey (510)
[2017.09.26-00.36.57:349][882]LogModuleManager: Shutting down and abandoning module SequenceRecorderSections (508)
[2017.09.26-00.36.57:349][882]LogModuleManager: Shutting down and abandoning module AutomationWorker (506)
[2017.09.26-00.36.57:349][882]LogModuleManager: Shutting down and abandoning module MatineeToLevelSequence (504)
[2017.09.26-00.36.57:349][882]LogModuleManager: Shutting down and abandoning module LevelSequenceEditor (502)
[2017.09.26-00.36.57:349][882]LogModuleManager: Shutting down and abandoning module PlacementMode (501)
[2017.09.26-00.36.57:349][882]LogModuleManager: Shutting down and abandoning module WmfMediaFactory (498)
[2017.09.26-00.36.57:349][882]LogModuleManager: Shutting down and abandoning module WmfMediaEditor (496)
[2017.09.26-00.36.57:349][882]LogModuleManager: Shutting down and abandoning module AvfMediaFactory (494)
[2017.09.26-00.36.57:349][882]LogModuleManager: Shutting down and abandoning module AvfMediaEditor (492)
[2017.09.26-00.36.57:349][882]LogModuleManager: Shutting down and abandoning module AndroidMediaFactory (490)
[2017.09.26-00.36.57:349][882]LogModuleManager: Shutting down and abandoning module Media (489)
[2017.09.26-00.36.57:349][882]LogModuleManager: Shutting down and abandoning module AndroidMediaEditor (486)
[2017.09.26-00.36.57:349][882]LogModuleManager: Shutting down and abandoning module CharacterAI (484)
[2017.09.26-00.36.57:349][882]LogModuleManager: Shutting down and abandoning module AudioCapture (482)
[2017.09.26-00.36.57:349][882]LogModuleManager: Shutting down and abandoning module SequenceRecorder (481)
[2017.09.26-00.36.57:349][882]LogModuleManager: Shutting down and abandoning module SmartSnapping (478)
[2017.09.26-00.36.57:349][882]LogModuleManager: Shutting down and abandoning module SessionServices (476)
[2017.09.26-00.36.57:349][882]LogModuleManager: Shutting down and abandoning module ViewportSnapping (474)
[2017.09.26-00.36.57:349][882]LogModuleManager: Shutting down and abandoning module ViewportInteraction (472)
[2017.09.26-00.36.57:349][882]LogModuleManager: Shutting down and abandoning module ClothPainter (470)
[2017.09.26-00.36.57:349][882]LogModuleManager: Shutting down and abandoning module LogVisualizer (468)
[2017.09.26-00.36.57:349][882]LogModuleManager: Shutting down and abandoning module IntroTutorials (466)
[2017.09.26-00.36.57:349][882]LogModuleManager: Shutting down and abandoning module GameProjectGeneration (465)
[2017.09.26-00.36.57:350][882]LogModuleManager: Shutting down and abandoning module IOSPlatformEditor (462)
[2017.09.26-00.36.57:350][882]LogModuleManager: Shutting down and abandoning module HTML5PlatformEditor (460)
[2017.09.26-00.36.57:350][882]LogModuleManager: Shutting down and abandoning module AndroidPlatformEditor (458)
[2017.09.26-00.36.57:350][882]LogModuleManager: Shutting down and abandoning module AndroidDeviceDetection (457)
[2017.09.26-00.36.57:901][882]LogModuleManager: Shutting down and abandoning module WindowsPlatformEditor (454)
[2017.09.26-00.36.57:901][882]LogModuleManager: Shutting down and abandoning module IOSRuntimeSettings (452)
[2017.09.26-00.36.57:901][882]LogModuleManager: Shutting down and abandoning module AndroidRuntimeSettings (450)
[2017.09.26-00.36.57:901][882]LogModuleManager: Shutting down and abandoning module InputBindingEditor (448)
[2017.09.26-00.36.57:901][882]LogModuleManager: Shutting down and abandoning module MergeActors (446)
[2017.09.26-00.36.57:901][882]LogModuleManager: Shutting down and abandoning module SizeMap (444)
[2017.09.26-00.36.57:901][882]LogModuleManager: Shutting down and abandoning module TreeMap (442)
[2017.09.26-00.36.57:901][882]LogModuleManager: Shutting down and abandoning module ReferenceViewer (440)
[2017.09.26-00.36.57:901][882]LogModuleManager: Shutting down and abandoning module LocalizationDashboard (438)
[2017.09.26-00.36.57:901][882]LogModuleManager: Shutting down and abandoning module LocalizationService (437)
[2017.09.26-00.36.57:901][882]LogModuleManager: Shutting down and abandoning module HardwareTargeting (434)
[2017.09.26-00.36.57:901][882]LogModuleManager: Shutting down and abandoning module DeviceProfileEditor (432)
[2017.09.26-00.36.57:901][882]LogModuleManager: Shutting down and abandoning module UndoHistory (430)
[2017.09.26-00.36.57:901][882]LogModuleManager: Shutting down and abandoning module XmlParser (428)
[2017.09.26-00.36.57:901][882]LogModuleManager: Shutting down and abandoning module Blutility (426)
[2017.09.26-00.36.57:901][882]LogModuleManager: Shutting down and abandoning module ProjectSettingsViewer (424)
[2017.09.26-00.36.57:902][882]LogModuleManager: Shutting down and abandoning module ProjectTargetPlatformEditor (423)
[2017.09.26-00.36.57:902][882]LogModuleManager: Shutting down and abandoning module EditorSettingsViewer (420)
[2017.09.26-00.36.57:902][882]LogModuleManager: Shutting down and abandoning module SettingsEditor (418)
[2017.09.26-00.36.57:902][882]LogModuleManager: Shutting down and abandoning module ProjectLauncher (416)
[2017.09.26-00.36.57:902][882]LogModuleManager: Shutting down and abandoning module SessionFrontend (414)
[2017.09.26-00.36.57:902][882]LogModuleManager: Shutting down and abandoning module ProfilerClient (412)
[2017.09.26-00.36.57:902][882]LogModuleManager: Shutting down and abandoning module DeviceManager (410)
[2017.09.26-00.36.57:902][882]LogModuleManager: Shutting down and abandoning module TargetDeviceServices (409)
[2017.09.26-00.36.57:958][882]LogModuleManager: Shutting down and abandoning module AutomationController (406)
[2017.09.26-00.36.57:958][882]LogModuleManager: Shutting down and abandoning module AutomationWindow (404)
[2017.09.26-00.36.57:958][882]LogModuleManager: Shutting down and abandoning module Layers (402)
[2017.09.26-00.36.57:958][882]LogModuleManager: Shutting down and abandoning module ComponentVisualizers (400)
[2017.09.26-00.36.57:958][882]LogModuleManager: Shutting down and abandoning module DetailCustomizations (398)
[2017.09.26-00.36.57:958][882]LogModuleManager: Shutting down and abandoning module PackagesDialog (396)
[2017.09.26-00.36.57:958][882]LogModuleManager: Shutting down and abandoning module Persona (394)
[2017.09.26-00.36.57:958][882]LogModuleManager: Shutting down and abandoning module AdvancedPreviewScene (393)
[2017.09.26-00.36.57:958][882]LogModuleManager: Shutting down and abandoning module AnimGraph (391)
[2017.09.26-00.36.57:958][882]LogModuleManager: Shutting down and abandoning module Kismet (388)
[2017.09.26-00.36.57:958][882]LogModuleManager: Shutting down and abandoning module ClassViewer (386)
[2017.09.26-00.36.57:959][882]LogModuleManager: Shutting down and abandoning module Toolbox (384)
[2017.09.26-00.36.57:959][882]LogModuleManager: Shutting down and abandoning module ModuleUI (382)
[2017.09.26-00.36.57:959][882]LogModuleManager: Shutting down and abandoning module MovieSceneTools (380)
[2017.09.26-00.36.57:959][882]LogModuleManager: Shutting down and abandoning module OutputLog (378)
[2017.09.26-00.36.57:959][882]LogModuleManager: Shutting down and abandoning module GammaUI (376)
[2017.09.26-00.36.57:959][882]LogModuleManager: Shutting down and abandoning module Documentation (374)
[2017.09.26-00.36.57:959][882]LogModuleManager: Shutting down and abandoning module MovieSceneTracks (372)
[2017.09.26-00.36.57:959][882]LogModuleManager: Shutting down and abandoning module MovieScene (370)
[2017.09.26-00.36.57:959][882]LogModuleManager: Shutting down and abandoning module Niagara (368)
[2017.09.26-00.36.57:959][882]LogModuleManager: Shutting down and abandoning module NiagaraEditor (367)
[2017.09.26-00.36.57:959][882]LogModuleManager: Shutting down and abandoning module StreamingPauseRendering (364)
[2017.09.26-00.36.57:959][882]LogModuleManager: Shutting down and abandoning module LauncherPlatform (362)
[2017.09.26-00.36.57:959][882]LogModuleManager: Shutting down and abandoning module AnalyticsET (360)
[2017.09.26-00.36.57:959][882]LogModuleManager: Shutting down and abandoning module PortalServices (358)
[2017.09.26-00.36.57:959][882]LogModuleManager: Shutting down and abandoning module PortalRpc (356)
[2017.09.26-00.36.57:959][882]LogModuleManager: Shutting down and abandoning module MessagingRpc (354)
[2017.09.26-00.36.57:959][882]LogModuleManager: Shutting down and abandoning module AIModule (352)
[2017.09.26-00.36.57:959][882]LogModuleManager: Shutting down and abandoning module GameplayDebugger (351)
[2017.09.26-00.36.57:959][882]LogModuleManager: Shutting down and abandoning module AITestSuite (349)
[2017.09.26-00.36.57:959][882]LogModuleManager: Shutting down and abandoning module ProfilerService (346)
[2017.09.26-00.36.58:002][882]LogModuleManager: Shutting down and abandoning module TaskGraph (344)
[2017.09.26-00.36.58:002][882]LogModuleManager: Shutting down and abandoning module SynthesisEditor (342)
[2017.09.26-00.36.58:002][882]LogModuleManager: Shutting down and abandoning module Synthesis (340)
[2017.09.26-00.36.58:002][882]LogModuleManager: Shutting down and abandoning module SteamVRController (338)
[2017.09.26-00.36.58:002][882]LogModuleManager: Shutting down and abandoning module SoundVisualizations (336)
[2017.09.26-00.36.58:002][882]LogModuleManager: Shutting down and abandoning module SoundUtilitiesEditor (334)
[2017.09.26-00.36.58:002][882]LogModuleManager: Shutting down and abandoning module SoundUtilities (332)
[2017.09.26-00.36.58:002][882]LogModuleManager: Shutting down and abandoning module ProceduralMeshComponentEditor (330)
[2017.09.26-00.36.58:002][882]LogModuleManager: Shutting down and abandoning module ProceduralMeshComponent (328)
[2017.09.26-00.36.58:002][882]LogModuleManager: Shutting down and abandoning module OculusInput (326)
[2017.09.26-00.36.58:002][882]LogModuleManager: Shutting down and abandoning module MobilePatchingUtils (324)
[2017.09.26-00.36.58:002][882]LogModuleManager: Shutting down and abandoning module CustomMeshComponent (322)
[2017.09.26-00.36.58:002][882]LogModuleManager: Shutting down and abandoning module CableComponent (320)
[2017.09.26-00.36.58:002][882]LogModuleManager: Shutting down and abandoning module ArchVisCharacter (318)
[2017.09.26-00.36.58:002][882]LogModuleManager: Shutting down and abandoning module AndroidPermission (316)
[2017.09.26-00.36.58:002][882]LogModuleManager: Shutting down and abandoning module MediaPlayerEditor (312)
[2017.09.26-00.36.58:002][882]LogModuleManager: Shutting down and abandoning module RunebergVRPlugin (310)
[2017.09.26-00.36.58:002][882]LogModuleManager: Shutting down and abandoning module HTML5Networking (308)
[2017.09.26-00.36.58:002][882]LogModuleManager: Shutting down and abandoning module AlembicImporter (306)
[2017.09.26-00.36.58:002][882]LogModuleManager: Shutting down and abandoning module AlembicLibrary (305)
[2017.09.26-00.36.58:002][882]LogModuleManager: Shutting down and abandoning module GeometryCache (304)
[2017.09.26-00.36.58:002][882]LogModuleManager: Shutting down and abandoning module GeometryCacheEd (303)
[2017.09.26-00.36.58:002][882]LogModuleManager: Shutting down and abandoning module SpeedTreeImporter (298)
[2017.09.26-00.36.58:002][882]LogModuleManager: Shutting down and abandoning module PluginBrowser (296)
[2017.09.26-00.36.58:002][882]LogModuleManager: Shutting down and abandoning module MobileLauncherProfileWizard (294)
[2017.09.26-00.36.58:003][882]LogModuleManager: Shutting down and abandoning module VisualStudioSourceCodeAccess (292)
[2017.09.26-00.36.58:003][882]LogModuleManager: Shutting down and abandoning module DesktopPlatform (291)
[2017.09.26-00.36.58:003][882]LogModuleManager: Shutting down and abandoning module UObjectPlugin (288)
[2017.09.26-00.36.58:003][882]LogModuleManager: Shutting down and abandoning module SubversionSourceControl (286)
[2017.09.26-00.36.58:003][882]LogModuleManager: Shutting down and abandoning module PerforceSourceControl (284)
[2017.09.26-00.36.58:003][882]LogModuleManager: Shutting down and abandoning module GitSourceControl (282)
[2017.09.26-00.36.58:003][882]LogModuleManager: Shutting down and abandoning module SourceControl (281)
[2017.09.26-00.36.58:003][882]LogModuleManager: Shutting down and abandoning module LightPropagationVolumeEditor (278)
[2017.09.26-00.36.58:003][882]LogModuleManager: Shutting down and abandoning module PaperTiledImporter (276)
[2017.09.26-00.36.58:003][882]LogModuleManager: Shutting down and abandoning module PaperSpriteSheetImporter (274)
[2017.09.26-00.36.58:003][882]LogModuleManager: Shutting down and abandoning module Paper2DEditor (272)
[2017.09.26-00.36.58:003][882]LogModuleManager: Shutting down and abandoning module MeshPaint (271)
[2017.09.26-00.36.58:003][882]LogModuleManager: Shutting down and abandoning module LevelEditor (269)
[2017.09.26-00.36.58:007][882]LogModuleManager: Shutting down and abandoning module PixelInspectorModule (268)
[2017.09.26-00.36.58:007][882]LogModuleManager: Shutting down and abandoning module MainFrame (266)
[2017.09.26-00.36.58:007][882]LogModuleManager: Shutting down and abandoning module HotReload (265)
[2017.09.26-00.36.58:007][882]LogDirectoryWatcher: A directory notification for 'C:/Users/croch/Documents/Unreal Projects/SwordVR/Plugins/Marketplace/RunebergVRPlugin-master/Plugins/RunebergVRPlugin/Binaries/Win64' was aborted.
[2017.09.26-00.36.58:007][882]LogModuleManager: Shutting down and abandoning module RuntimePhysXCooking (260)
[2017.09.26-00.36.58:007][882]LogModuleManager: Shutting down and abandoning module PhysXVehiclesEditor (258)
[2017.09.26-00.36.58:007][882]LogModuleManager: Shutting down and abandoning module PhysXVehicles (256)
[2017.09.26-00.36.58:007][882]LogModuleManager: Shutting down and abandoning module OculusEditor (254)
[2017.09.26-00.36.58:007][882]LogModuleManager: Shutting down and abandoning module LocationServicesBPLibrary (252)
[2017.09.26-00.36.58:007][882]LogModuleManager: Shutting down and abandoning module ImmediatePhysicsEditor (250)
[2017.09.26-00.36.58:007][882]LogModuleManager: Shutting down and abandoning module ImmediatePhysics (248)
[2017.09.26-00.36.58:007][882]LogModuleManager: Shutting down and abandoning module UdpMessaging (246)
[2017.09.26-00.36.58:109][882]LogModuleManager: Shutting down and abandoning module TcpMessaging (244)
[2017.09.26-00.36.58:210][882]LogModuleManager: Shutting down and abandoning module GameplayTagsEditor (242)
[2017.09.26-00.36.58:210][882]LogModuleManager: Shutting down and abandoning module FacialAnimationEditor (240)
[2017.09.26-00.36.58:210][882]LogModuleManager: Shutting down and abandoning module FacialAnimation (238)
[2017.09.26-00.36.58:210][882]LogModuleManager: Shutting down and abandoning module AssetManagerEditor (236)
[2017.09.26-00.36.58:210][882]LogModuleManager: Shutting down and abandoning module GraphEditor (235)
[2017.09.26-00.36.58:210][882]LogModuleManager: Shutting down and abandoning module ContentBrowser (233)
[2017.09.26-00.36.58:212][882]LogModuleManager: Shutting down and abandoning module LightPropagationVolumeRuntime (230)
[2017.09.26-00.36.58:212][882]LogModuleManager: Shutting down and abandoning module Paper2D (228)
[2017.09.26-00.36.58:212][882]LogModuleManager: Shutting down and abandoning module WindowsMoviePlayer (226)
[2017.09.26-00.36.58:212][882]LogModuleManager: Shutting down and abandoning module WmfMedia (224)
[2017.09.26-00.36.58:214][882]LogModuleManager: Shutting down and abandoning module PacketHandler (222)
[2017.09.26-00.36.58:214][882]LogModuleManager: Shutting down and abandoning module ClothingSystemEditor (220)
[2017.09.26-00.36.58:214][882]LogModuleManager: Shutting down and abandoning module ClothingSystemRuntime (218)
[2017.09.26-00.36.58:214][882]LogModuleManager: Shutting down and abandoning module Overlay (216)
[2017.09.26-00.36.58:215][882]LogModuleManager: Shutting down and abandoning module OverlayEditor (215)
[2017.09.26-00.36.58:215][882]LogModuleManager: Shutting down and abandoning module MediaAssets (212)
[2017.09.26-00.36.58:215][882]LogModuleManager: Shutting down and abandoning module VREditor (210)
[2017.09.26-00.36.58:215][882]LogModuleManager: Shutting down and abandoning module StringTableEditor (208)
[2017.09.26-00.36.58:215][882]LogModuleManager: Shutting down and abandoning module GameplayTasksEditor (206)
[2017.09.26-00.36.58:215][882]LogModuleManager: Shutting down and abandoning module BehaviorTreeEditor (204)
[2017.09.26-00.36.58:215][882]LogModuleManager: Shutting down and abandoning module FunctionalTesting (202)
[2017.09.26-00.36.58:215][882]LogModuleManager: Shutting down and abandoning module CollisionAnalyzer (200)
[2017.09.26-00.36.58:215][882]LogModuleManager: Shutting down and abandoning module WorkspaceMenuStructure (199)
[2017.09.26-00.36.58:215][882]LogModuleManager: Shutting down and abandoning module UMG (196)
[2017.09.26-00.36.58:215][882]LogModuleManager: Shutting down and abandoning module UMGEditor (195)
[2017.09.26-00.36.58:215][882]LogModuleManager: Shutting down and abandoning module Sequencer (194)
[2017.09.26-00.36.58:215][882]LogModuleManager: Shutting down and abandoning module MessageLog (191)
[2017.09.26-00.36.58:215][882]LogModuleManager: Shutting down and abandoning module SlateReflector (186)
[2017.09.26-00.36.58:215][882]LogModuleManager: Shutting down and abandoning module Slate (184)
[2017.09.26-00.36.58:215][882]LogModuleManager: Shutting down and abandoning module EditorStyle (182)
[2017.09.26-00.36.58:220][882]LogModuleManager: Shutting down and abandoning module MRMesh (180)
[2017.09.26-00.36.58:220][882]LogModuleManager: Shutting down and abandoning module SourceCodeAccess (178)
[2017.09.26-00.36.58:220][882]LogModuleManager: Shutting down and abandoning module HeadMountedDisplay (176)
[2017.09.26-00.36.58:220][882]LogModuleManager: Shutting down and abandoning module XAudio2 (174)
[2017.09.26-00.36.58:220][882]LogModuleManager: Shutting down and abandoning module Networking (172)
[2017.09.26-00.36.58:221][882]LogModuleManager: Shutting down and abandoning module Core (168)
[2017.09.26-00.36.58:221][882]LogModuleManager: Shutting down and abandoning module KismetCompiler (164)
[2017.09.26-00.36.58:221][882]LogModuleManager: Shutting down and abandoning module LevelSequence (162)
[2017.09.26-00.36.58:221][882]LogModuleManager: Shutting down and abandoning module MeshUtilities (160)
[2017.09.26-00.36.58:221][882]LogModuleManager: Shutting down and abandoning module MeshMergeUtilities (159)
[2017.09.26-00.36.58:221][882]LogModuleManager: Shutting down and abandoning module MeshReductionInterface (158)
[2017.09.26-00.36.58:221][882]LogModuleManager: Shutting down and abandoning module SimplygonSwarm (157)
[2017.09.26-00.36.58:221][882]LogModuleManager: Shutting down and abandoning module SimplygonMeshReduction (155)
[2017.09.26-00.36.58:221][882]LogModuleManager: Shutting down and abandoning module QuadricMeshReduction (153)
[2017.09.26-00.36.58:221][882]LogModuleManager: Shutting down and abandoning module MaterialBaking (149)
[2017.09.26-00.36.58:221][882]LogModuleManager: Shutting down and abandoning module DirectoryWatcher (146)
[2017.09.26-00.36.58:228][882]LogModuleManager: Shutting down and abandoning module DerivedDataCache (144)
[2017.09.26-00.36.58:282][882]LogDerivedDataCache: Shutdown
[2017.09.26-00.36.58:282][882]LogModuleManager: Shutting down and abandoning module TargetPlatform (142)
[2017.09.26-00.36.58:282][882]LogModuleManager: Shutting down and abandoning module VulkanShaderFormat (141)
[2017.09.26-00.36.58:282][882]LogModuleManager: Shutting down and abandoning module ShaderFormatVectorVM (139)
[2017.09.26-00.36.58:282][882]LogModuleManager: Shutting down and abandoning module ShaderFormatOpenGL (137)
[2017.09.26-00.36.58:282][882]LogModuleManager: Shutting down and abandoning module ShaderFormatD3D (135)
[2017.09.26-00.36.58:282][882]LogModuleManager: Shutting down and abandoning module MetalShaderFormat (133)
[2017.09.26-00.36.58:282][882]LogModuleManager: Shutting down and abandoning module TextureFormatUncompressed (131)
[2017.09.26-00.36.58:282][882]LogModuleManager: Shutting down and abandoning module TextureFormatPVR (129)
[2017.09.26-00.36.58:282][882]LogModuleManager: Shutting down and abandoning module TextureFormatDXT (127)
[2017.09.26-00.36.58:282][882]LogModuleManager: Shutting down and abandoning module TextureFormatIntelISPCTexComp (125)
[2017.09.26-00.36.58:282][882]LogModuleManager: Shutting down and abandoning module TextureFormatASTC (123)
[2017.09.26-00.36.58:282][882]LogModuleManager: Shutting down and abandoning module ImageWrapper (122)
[2017.09.26-00.36.58:282][882]LogModuleManager: Shutting down and abandoning module TextureFormatAndroid (119)
[2017.09.26-00.36.58:282][882]LogModuleManager: Shutting down and abandoning module AudioFormatOpus (117)
[2017.09.26-00.36.58:283][882]LogModuleManager: Shutting down and abandoning module AudioFormatOgg (115)
[2017.09.26-00.36.58:283][882]LogModuleManager: Shutting down and abandoning module AudioFormatADPCM (113)
[2017.09.26-00.36.58:283][882]LogModuleManager: Shutting down and abandoning module LinuxTargetPlatform (111)
[2017.09.26-00.36.58:283][882]LogModuleManager: Shutting down and abandoning module LinuxServerTargetPlatform (109)
[2017.09.26-00.36.58:283][882]LogModuleManager: Shutting down and abandoning module LinuxNoEditorTargetPlatform (107)
[2017.09.26-00.36.58:283][882]LogModuleManager: Shutting down and abandoning module LinuxClientTargetPlatform (105)
[2017.09.26-00.36.58:283][882]LogModuleManager: Shutting down and abandoning module TVOSTargetPlatform (103)
[2017.09.26-00.36.58:283][882]LogModuleManager: Shutting down and abandoning module Messaging (101)
[2017.09.26-00.36.58:283][882]LogModuleManager: Shutting down and abandoning module IOSTargetPlatform (99)
[2017.09.26-00.36.58:283][882]LogModuleManager: Shutting down and abandoning module HTML5TargetPlatform (97)
[2017.09.26-00.36.58:283][882]LogModuleManager: Shutting down and abandoning module Android_PVRTCTargetPlatform (95)
[2017.09.26-00.36.58:283][882]LogModuleManager: Shutting down and abandoning module Android_MultiTargetPlatform (93)
[2017.09.26-00.36.58:283][882]LogModuleManager: Shutting down and abandoning module Android_ETC2TargetPlatform (91)
[2017.09.26-00.36.58:283][882]LogModuleManager: Shutting down and abandoning module Android_ETC1TargetPlatform (89)
[2017.09.26-00.36.58:283][882]LogModuleManager: Shutting down and abandoning module Android_DXTTargetPlatform (87)
[2017.09.26-00.36.58:283][882]LogModuleManager: Shutting down and abandoning module Android_ATCTargetPlatform (85)
[2017.09.26-00.36.58:283][882]LogModuleManager: Shutting down and abandoning module Android_ASTCTargetPlatform (83)
[2017.09.26-00.36.58:283][882]LogModuleManager: Shutting down and abandoning module AndroidTargetPlatform (81)
[2017.09.26-00.36.58:283][882]LogModuleManager: Shutting down and abandoning module WindowsTargetPlatform (79)
[2017.09.26-00.36.58:283][882]LogModuleManager: Shutting down and abandoning module WindowsServerTargetPlatform (77)
[2017.09.26-00.36.58:283][882]LogModuleManager: Shutting down and abandoning module WindowsNoEditorTargetPlatform (75)
[2017.09.26-00.36.58:283][882]LogModuleManager: Shutting down and abandoning module WindowsClientTargetPlatform (73)
[2017.09.26-00.36.58:283][882]LogModuleManager: Shutting down and abandoning module MacTargetPlatform (71)
[2017.09.26-00.36.58:283][882]LogModuleManager: Shutting down and abandoning module MacServerTargetPlatform (69)
[2017.09.26-00.36.58:283][882]LogModuleManager: Shutting down and abandoning module MacNoEditorTargetPlatform (67)
[2017.09.26-00.36.58:283][882]LogModuleManager: Shutting down and abandoning module MacClientTargetPlatform (65)
[2017.09.26-00.36.58:283][882]LogModuleManager: Shutting down and abandoning module AllDesktopTargetPlatform (63)
[2017.09.26-00.36.58:283][882]LogModuleManager: Shutting down and abandoning module InputCore (60)
[2017.09.26-00.36.58:283][882]LogModuleManager: Shutting down and abandoning module Settings (58)
[2017.09.26-00.36.58:283][882]LogModuleManager: Shutting down and abandoning module PhysXCooking (56)
[2017.09.26-00.36.58:283][882]LogModuleManager: Shutting down and abandoning module SteamVR (54)
[2017.09.26-00.36.58:283][882]LogModuleManager: Shutting down and abandoning module OculusHMD (52)
[2017.09.26-00.36.58:283][882]LogModuleManager: Shutting down and abandoning module ExampleDeviceProfileSelector (50)
[2017.09.26-00.36.58:283][882]LogModuleManager: Shutting down and abandoning module OnlineBlueprintSupport (48)
[2017.09.26-00.36.58:284][882]LogModuleManager: Shutting down and abandoning module OnlineSubsystem (44)
[2017.09.26-00.36.58:284][882]LogOnline: Display: Unloading online subsystem: NULL
[2017.09.26-00.36.58:284][882]LogModuleManager: Shutting down and abandoning module XMPP (43)
[2017.09.26-00.36.58:284][882]LogModuleManager: Shutting down and abandoning module HTTP (41)
[2017.09.26-00.36.58:284][882]LogHttp: Display: Http module shutting down, but needs to wait on 1 outstanding Http requests:
[2017.09.26-00.36.58:284][882]LogHttp: Display: 	verb=[POST] url=[https://datarouter.ol.epicgames.com/datarouter/api/v1/public/data?SessionID=%7B036C746E-4DD9-7A00-9331-F3A7F983865B%7D&AppID=UEEditor.Rocket.Release&AppVersion=4.17.1-3586342%2B%2B%2BUE4%2BRelease-4.17&UserID=c19455da4e9942465a9434b53fdba419%7Cd8e1cdd51d1c479f8a85754926729c65%7C107367ae-b7ca-4457-9e4d-cb26e87773d6&AppEnvironment=datacollector-binary&UploadType=eteventstream] status=Processing
[2017.09.26-00.36.58:296][882]LogModuleManager: Shutting down and abandoning module SSL (40)
[2017.09.26-00.36.58:298][882]LogModuleManager: Shutting down and abandoning module AnimationModifiers (36)
[2017.09.26-00.36.58:298][882]LogModuleManager: Shutting down and abandoning module PropertyEditor (35)
[2017.09.26-00.36.58:298][882]LogModuleManager: Shutting down and abandoning module AudioEditor (32)
[2017.09.26-00.36.58:298][882]LogModuleManager: Shutting down and abandoning module TextureCompressor (30)
[2017.09.26-00.36.58:298][882]LogModuleManager: Shutting down and abandoning module ShaderCore (28)
[2017.09.26-00.36.58:298][882]LogModuleManager: Shutting down and abandoning module Landscape (26)
[2017.09.26-00.36.58:298][882]LogModuleManager: Shutting down and abandoning module SlateRHIRenderer (24)
[2017.09.26-00.36.58:300][882]LogModuleManager: Shutting down and abandoning module OpenGLDrv (22)
[2017.09.26-00.36.58:301][882]LogModuleManager: Shutting down and abandoning module D3D11RHI (20)
[2017.09.26-00.36.58:301][882]LogModuleManager: Shutting down and abandoning module AnimGraphRuntime (18)
[2017.09.26-00.36.58:301][882]LogModuleManager: Shutting down and abandoning module Renderer (16)
[2017.09.26-00.36.58:301][882]LogModuleManager: Shutting down and abandoning module Engine (14)
[2017.09.26-00.36.58:301][882]LogModuleManager: Shutting down and abandoning module CoreUObject (12)
[2017.09.26-00.36.58:301][882]LogModuleManager: Shutting down and abandoning module NetworkFile (10)
[2017.09.26-00.36.58:301][882]LogModuleManager: Shutting down and abandoning module CookedIterativeFile (8)
[2017.09.26-00.36.58:301][882]LogModuleManager: Shutting down and abandoning module StreamingFile (6)
[2017.09.26-00.36.58:301][882]LogModuleManager: Shutting down and abandoning module SandboxFile (4)
[2017.09.26-00.36.58:301][882]LogModuleManager: Shutting down and abandoning module PakFile (2)
[2017.09.26-00.36.58:305][882]LogExit: Exiting.
[2017.09.26-00.36.58:326][882]Log file closed, 09/25/17 20:36:58
