Log file open, 10/11/17 08:23:35
LogWindows: LoadLibraryWithSearchPaths failed for file aqProf.dll. GetLastError=0
LogWindows: LoadLibraryWithSearchPaths failed for file VtuneApi.dll. GetLastError=0
LogWindows: LoadLibraryWithSearchPaths failed for file VtuneApi32e.dll. GetLastError=0
LogInit: Display: Running engine for game: SwordVR
LogPlatformFile: Not using cached read wrapper
LogInit: Display: RandInit(1075389814) SRandInit(1075389814).
LogTaskGraph: Started task graph with 5 named threads and 14 total threads with 3 sets of task threads.
LogStats: Stats thread started at 0.161353
LogD3D11RHI: Aftermath initialized
LogPluginManager: Mounting plugin Paper2D
LogPluginManager: Mounting plugin LightPropagationVolume
LogPluginManager: Mounting plugin CodeLiteSourceCodeAccess
LogPluginManager: Mounting plugin GitSourceControl
LogPluginManager: Mounting plugin KDevelopSourceCodeAccess
LogPluginManager: Mounting plugin NullSourceCodeAccess
LogPluginManager: Mounting plugin PerforceSourceControl
LogPluginManager: Mounting plugin SubversionSourceControl
LogPluginManager: Mounting plugin UObjectPlugin
LogPluginManager: Mounting plugin VisualStudioSourceCodeAccess
LogPluginManager: Mounting plugin XCodeSourceCodeAccess
LogPluginManager: Mounting plugin AssetManagerEditor
LogPluginManager: Mounting plugin AudioCapture
LogPluginManager: Mounting plugin FacialAnimation
LogPluginManager: Mounting plugin GameplayTagsEditor
LogPluginManager: Mounting plugin MobileLauncherProfileWizard
LogPluginManager: Mounting plugin PluginBrowser
LogPluginManager: Mounting plugin SpeedTreeImporter
LogPluginManager: Mounting plugin AlembicImporter
LogPluginManager: Mounting plugin CharacterAI
LogPluginManager: Mounting plugin HTML5Networking
LogPluginManager: Mounting plugin AndroidMedia
LogPluginManager: Mounting plugin AvfMedia
LogPluginManager: Mounting plugin MediaPlayerEditor
LogPluginManager: Mounting plugin WmfMedia
LogPluginManager: Mounting plugin TcpMessaging
LogPluginManager: Mounting plugin UdpMessaging
LogPluginManager: Mounting plugin LevelSequenceEditor
LogPluginManager: Mounting plugin MatineeToLevelSequence
LogPluginManager: Mounting plugin OnlineSubsystemGooglePlay
LogPluginManager: Mounting plugin OnlineSubsystemIOS
LogPluginManager: Mounting plugin OnlineSubsystem
LogPluginManager: Mounting plugin OnlineSubsystemNull
LogPluginManager: Mounting plugin OnlineSubsystemUtils
LogPluginManager: Mounting plugin AndroidDeviceProfileSelector
LogPluginManager: Mounting plugin AndroidMoviePlayer
LogPluginManager: Mounting plugin AndroidPermission
LogPluginManager: Mounting plugin AppleMoviePlayer
LogPluginManager: Mounting plugin ArchVisCharacter
LogPluginManager: Mounting plugin CableComponent
LogPluginManager: Mounting plugin CustomMeshComponent
LogPluginManager: Mounting plugin ExampleDeviceProfileSelector
LogPluginManager: Mounting plugin GoogleCloudMessaging
LogPluginManager: Mounting plugin ImmediatePhysics
LogPluginManager: Mounting plugin IOSDeviceProfileSelector
LogPluginManager: Mounting plugin LinuxDeviceProfileSelector
LogPluginManager: Mounting plugin LocationServicesBPLibrary
LogPluginManager: Mounting plugin MobilePatchingUtils
LogPluginManager: Mounting plugin OculusVR
LogPluginManager: Mounting plugin PhysXVehicles
LogPluginManager: Mounting plugin ProceduralMeshComponent
LogPluginManager: Mounting plugin RuntimePhysXCooking
LogPluginManager: Mounting plugin SoundUtilities
LogPluginManager: Mounting plugin SoundVisualizations
LogPluginManager: Mounting plugin SteamVR
LogPluginManager: Mounting plugin Synthesis
LogPluginManager: Mounting plugin WindowsMoviePlayer
LogPluginManager: Mounting plugin RunebergVRPlugin
LogInit: Using libcurl 7.47.1
LogInit:  - built for x86_64-pc-win32
LogInit:  - supports SSL with OpenSSL/1.0.2g
LogInit:  - supports HTTP deflate (compression) using libz 1.2.8
LogInit:  - other features:
LogInit:      CURL_VERSION_SSL
LogInit:      CURL_VERSION_LIBZ
LogInit:      CURL_VERSION_IPV6
LogInit:      CURL_VERSION_ASYNCHDNS
LogInit:      CURL_VERSION_LARGEFILE
LogInit:      CURL_VERSION_IDN
LogInit:  CurlRequestOptions (configurable via config and command line):
LogInit:  - bVerifyPeer = false  - Libcurl will NOT verify peer certificate
LogInit:  - bUseHttpProxy = false  - Libcurl will NOT use HTTP proxy
LogInit:  - bDontReuseConnections = false  - Libcurl will reuse connections
LogInit:  - CertBundlePath = nullptr  - Libcurl will use whatever was configured at build time.
LogInit: Build: ++UE4+Release-4.17-CL-3586342
LogInit: Engine Version: 4.17.1-3586342+++UE4+Release-4.17
LogInit: Compatible Engine Version: 4.17.0-3573198+++UE4+Release-4.17
LogInit: Net CL: 3573198
LogDevObjectVersion: Number of dev versions registered: 16
LogDevObjectVersion:   Dev-Blueprints (B0D832E4-1F89-4F0D-ACCF-7EB736FD4AA2): 10
LogDevObjectVersion:   Dev-Build (E1C64328-A22C-4D53-A36C-8E866417BD8C): 0
LogDevObjectVersion:   Dev-Core (375EC13C-06E4-48FB-B500-84F0262A717E): 2
LogDevObjectVersion:   Dev-Editor (E4B068ED-F494-42E9-A231-DA0B2E46BB41): 20
LogDevObjectVersion:   Dev-Framework (CFFC743F-43B0-4480-9391-14DF171D2073): 28
LogDevObjectVersion:   Dev-Mobile (B02B49B5-BB20-44E9-A304-32B752E40360): 0
LogDevObjectVersion:   Dev-Networking (A4E4105C-59A1-49B5-A7C5-40C4547EDFEE): 0
LogDevObjectVersion:   Dev-Online (39C831C9-5AE6-47DC-9A44-9C173E1C8E7C): 0
LogDevObjectVersion:   Dev-Physics (78F01B33-EBEA-4F98-B9B4-84EACCB95AA2): 0
LogDevObjectVersion:   Dev-Platform (6631380F-2D4D-43E0-8009-CF276956A95A): 0
LogDevObjectVersion:   Dev-Rendering (12F88B9F-8875-4AFC-A67C-D90C383ABD29): 19
LogDevObjectVersion:   Dev-Sequencer (7B5AE74C-D270-4C10-A958-57980B212A5A): 4
LogDevObjectVersion:   Dev-VR (D7296918-1DD6-4BDD-9DE2-64A83CC13884): 0
LogDevObjectVersion:   Dev-LoadTimes (C2A15278-BFE7-4AFE-6C17-90FF531DF755): 1
LogDevObjectVersion:   Private-Geometry (6EACA3D4-40EC-4CC1-B786-8BED09428FC5): 1
LogDevObjectVersion:   Dev-AnimPhys (29E575DD-E0A3-4627-9D10-D276232CDCEA): 7
LogInit: Compiled (64-bit): Aug 15 2017 02:05:26
LogInit: Compiled with Visual C++: 19.00.24215.01
LogInit: Build Configuration: Development
LogInit: Branch Name: ++UE4+Release-4.17
LogInit: Command line: 
LogInit: Base directory: F:/UE_4.17/Engine/Binaries/Win64/
LogInit: Installed Engine Build: 1
LogInit: Presizing for max 8388607 objects, including 0 objects not considered by GC, pre-allocating 0 bytes for permanent pool.
LogInit: Object subsystem initialized
[2017.10.11-12.23.35:900][  0]LogInit: Selected Device Profile: [Windows]
[2017.10.11-12.23.35:900][  0]LogInit: Applying CVar settings loaded from the selected device profile: [Windows]
[2017.10.11-12.23.35:914][  0]LogInit: Computer: IST1022-14
[2017.10.11-12.23.35:914][  0]LogInit: User: croche2574
[2017.10.11-12.23.35:914][  0]LogInit: CPU Page size=4096, Cores=4
[2017.10.11-12.23.35:914][  0]LogInit: High frequency timer resolution =3.410075 MHz
[2017.10.11-12.23.35:914][  0]LogMemory: Memory total: Physical=31.9GB (32GB approx)
[2017.10.11-12.23.35:914][  0]LogMemory: Platform Memory Stats for Windows
[2017.10.11-12.23.35:914][  0]LogMemory: Process Physical Memory: 279.50 MB used, 279.50 MB peak
[2017.10.11-12.23.35:914][  0]LogMemory: Process Virtual Memory: 282.55 MB used, 282.55 MB peak
[2017.10.11-12.23.35:914][  0]LogMemory: Physical Memory: 8519.82 MB used,  24164.47 MB free, 32684.29 MB total
[2017.10.11-12.23.35:914][  0]LogMemory: Virtual Memory: 677.18 MB used,  24164.47 MB free, 134217728.00 MB total
[2017.10.11-12.23.36:069][  0]LogInit: Using OS detected language (en-US).
[2017.10.11-12.23.36:069][  0]LogInit: Using OS detected locale (en-US).
[2017.10.11-12.23.36:072][  0]LogTextLocalizationManager: No specific localization for 'en-US' exists, so the 'en' localization will be used.
[2017.10.11-12.23.36:760][  0]LogD3D11RHI: D3D11 adapters:
[2017.10.11-12.23.36:803][  0]LogD3D11RHI:    0. 'NVIDIA GeForce GTX 1080' (Feature Level 11_0)
[2017.10.11-12.23.36:803][  0]LogD3D11RHI:       8076/0/16342 MB DedicatedVideo/DedicatedSystem/SharedSystem, Outputs:3, VendorId:0x10de
[2017.10.11-12.23.36:804][  0]LogD3D11RHI:    1. 'Microsoft Basic Render Driver' (Feature Level 11_0)
[2017.10.11-12.23.36:804][  0]LogD3D11RHI:       0/0/16342 MB DedicatedVideo/DedicatedSystem/SharedSystem, Outputs:0, VendorId:0x1414
[2017.10.11-12.23.36:804][  0]LogD3D11RHI: Chosen D3D11 Adapter: 0
[2017.10.11-12.23.36:810][  0]LogD3D11RHI: Creating new Direct3DDevice
[2017.10.11-12.23.36:810][  0]LogD3D11RHI:     GPU DeviceId: 0x1b80 (for the marketing name, search the web for "GPU Device Id")
[2017.10.11-12.23.36:810][  0]LogWindows: EnumDisplayDevices:
[2017.10.11-12.23.36:810][  0]LogWindows:    0. 'NVIDIA GeForce GTX 1080' (P:1 D:1)
[2017.10.11-12.23.36:810][  0]LogWindows:    1. 'NVIDIA GeForce GTX 1080' (P:0 D:1)
[2017.10.11-12.23.36:810][  0]LogWindows:    2. 'NVIDIA GeForce GTX 1080' (P:0 D:1)
[2017.10.11-12.23.36:810][  0]LogWindows:    3. 'NVIDIA GeForce GTX 1080' (P:0 D:0)
[2017.10.11-12.23.36:811][  0]LogWindows: DebugString: FoundDriverCount:4 
[2017.10.11-12.23.36:811][  0]LogD3D11RHI:     Adapter Name: NVIDIA GeForce GTX 1080
[2017.10.11-12.23.36:811][  0]LogD3D11RHI:   Driver Version: 384.76 (internal:22.21.13.8476, unified:384.76)
[2017.10.11-12.23.36:811][  0]LogD3D11RHI:      Driver Date: 6-27-2017
[2017.10.11-12.23.36:811][  0]LogRHI: Texture pool is 1361 MB (70% of 1945 MB)
[2017.10.11-12.23.36:834][  0]LogD3D11RHI: Async texture creation enabled
[2017.10.11-12.23.36:845][  0]LogD3D11RHI: GPU Timing Frequency: 1000.000000 (Debug: 2 1)
[2017.10.11-12.23.36:938][  0]LogShaderCompilers: Guid format shader working directory is -2 characters bigger than the processId version (C:/Users/croche2574/Documents/Unreal Projects/SwordVR/Intermediate/Shaders/WorkingDirectory/9080/).
[2017.10.11-12.23.36:938][  0]LogShaderCompilers: Cleaned the shader compiler working directory 'C:/Users/croche2574/AppData/Local/Temp/UnrealShaderWorkingDir/A3A08A0D47082CF47A4A61A1578B30FB/'.
[2017.10.11-12.23.36:938][  0]LogShaderCompilers: Display: Using Local Shader Compiler.
[2017.10.11-12.23.37:904][  0]LogTemp: Display: Loaded TP AllDesktopTargetPlatform
[2017.10.11-12.23.37:954][  0]LogTemp: Display: Loaded TP MacClientTargetPlatform
[2017.10.11-12.23.38:003][  0]LogTemp: Display: Loaded TP MacNoEditorTargetPlatform
[2017.10.11-12.23.38:046][  0]LogTemp: Display: Loaded TP MacServerTargetPlatform
[2017.10.11-12.23.38:090][  0]LogTemp: Display: Loaded TP MacTargetPlatform
[2017.10.11-12.23.38:137][  0]LogTemp: Display: Loaded TP WindowsClientTargetPlatform
[2017.10.11-12.23.38:177][  0]LogTemp: Display: Loaded TP WindowsNoEditorTargetPlatform
[2017.10.11-12.23.38:244][  0]LogTemp: Display: Loaded TP WindowsServerTargetPlatform
[2017.10.11-12.23.38:296][  0]LogTemp: Display: Loaded TP WindowsTargetPlatform
[2017.10.11-12.23.38:361][  0]LogTemp: Display: Loaded TP AndroidTargetPlatform
[2017.10.11-12.23.38:420][  0]LogTemp: Display: Loaded TP Android_ASTCTargetPlatform
[2017.10.11-12.23.38:468][  0]LogTemp: Display: Loaded TP Android_ATCTargetPlatform
[2017.10.11-12.23.38:548][  0]LogTemp: Display: Loaded TP Android_DXTTargetPlatform
[2017.10.11-12.23.38:603][  0]LogTemp: Display: Loaded TP Android_ETC1TargetPlatform
[2017.10.11-12.23.38:645][  0]LogTemp: Display: Loaded TP Android_ETC2TargetPlatform
[2017.10.11-12.23.38:820][  0]LogTemp: Display: Loaded TP Android_MultiTargetPlatform
[2017.10.11-12.23.38:820][  0]LogTemp: Display: Loaded TP Android_PVRTCTargetPlatform
[2017.10.11-12.23.38:856][  0]LogTemp: Display: Loaded TP HTML5TargetPlatform
[2017.10.11-12.23.38:938][  0]LogTemp: Display: Loaded TP IOSTargetPlatform
[2017.10.11-12.23.38:983][  0]LogTemp: Display: Loaded TP TVOSTargetPlatform
[2017.10.11-12.23.39:058][  0]LogTemp: Display: Loaded TP LinuxClientTargetPlatform
[2017.10.11-12.23.39:106][  0]LogTemp: Display: Loaded TP LinuxNoEditorTargetPlatform
[2017.10.11-12.23.39:147][  0]LogTemp: Display: Loaded TP LinuxServerTargetPlatform
[2017.10.11-12.23.39:197][  0]LogTemp: Display: Loaded TP LinuxTargetPlatform
[2017.10.11-12.23.39:197][  0]LogTargetPlatformManager: Display: Building Assets For Windows
[2017.10.11-12.23.39:627][  0]LogDerivedDataCache: Display: Max Cache Size: 512 MB
[2017.10.11-12.23.39:728][  0]LogDerivedDataCache: Loaded boot cache 0.10s 93MB C:/Users/croche2574/AppData/Local/UnrealEngine/4.17/DerivedDataCache/Boot.ddc.
[2017.10.11-12.23.39:728][  0]LogDerivedDataCache: Display: Loaded Boot cache: C:/Users/croche2574/AppData/Local/UnrealEngine/4.17/DerivedDataCache/Boot.ddc
[2017.10.11-12.23.39:728][  0]LogDerivedDataCache: FDerivedDataBackendGraph:  Pak pak cache file C:/Users/croche2574/Documents/Unreal Projects/SwordVR/DerivedDataCache/DDC.ddp not found, will not use a pak cache.
[2017.10.11-12.23.39:728][  0]LogDerivedDataCache: Unable to find inner node Pak for hierarchical cache Hierarchy.
[2017.10.11-12.23.39:728][  0]LogDerivedDataCache: FDerivedDataBackendGraph:  CompressedPak pak cache file C:/Users/croche2574/Documents/Unreal Projects/SwordVR/DerivedDataCache/Compressed.ddp not found, will not use a pak cache.
[2017.10.11-12.23.39:728][  0]LogDerivedDataCache: Unable to find inner node CompressedPak for hierarchical cache Hierarchy.
[2017.10.11-12.23.39:747][  0]LogDerivedDataCache: Display: Pak cache opened for reading ../../../Engine/DerivedDataCache/Compressed.ddp.
[2017.10.11-12.23.39:759][  0]LogDerivedDataCache: Using Local data cache path C:/Users/croche2574/AppData/Local/UnrealEngine/Common/DerivedDataCache: Writable
[2017.10.11-12.23.39:769][  0]LogMaterial: Verifying Global Shaders for PCD3D_SM5
[2017.10.11-12.23.39:769][  0]LogSlate: Using Freetype 2.6.0
[2017.10.11-12.23.39:770][  0]LogSlate: SlateFontCache - WITH_FREETYPE: 1, WITH_HARFBUZZ: 1
[2017.10.11-12.23.39:770][  0]LogSlate: SlateFontCache - WITH_FREETYPE: 1, WITH_HARFBUZZ: 1
[2017.10.11-12.23.40:072][  0]LogAssetRegistry: FAssetRegistry took 0.0276 seconds to start up
[2017.10.11-12.23.40:285][  0]LogInit: Selected Device Profile: [Windows]
[2017.10.11-12.23.40:433][  0]LogContentStreaming: Texture pool size is 0.00 MB
[2017.10.11-12.23.40:739][  0]LogSimplygon: Simplygon DLL not present - disabling.
[2017.10.11-12.23.40:776][  0]LogMeshReduction: Using SimplygonSwarm for distributed automatic mesh merging
[2017.10.11-12.23.40:776][  0]LogMeshReduction: Using QuadricMeshReduction for automatic static mesh reduction
[2017.10.11-12.23.40:776][  0]LogMeshReduction: No automatic skeletal mesh reduction module available
[2017.10.11-12.23.40:776][  0]LogMeshReduction: No automatic mesh merging module available
[2017.10.11-12.23.40:776][  0]LogMeshMerging: No automatic mesh merging module available
[2017.10.11-12.23.41:158][  0]LogNetVersion: SwordVR , NetCL: 3573198, EngineNetVer: 2, GameNetVer: 0 (Checksum: 2726716735)
[2017.10.11-12.23.41:397][  0]LogPackageLocalizationCache: Processed 8 localized package path(s) for 2 prioritized culture(s) in 0.087898 seconds
[2017.10.11-12.23.41:407][  0]LogUObjectArray: 35825 objects as part of root set at end of initial load.
[2017.10.11-12.23.41:407][  0]LogUObjectAllocator: 7529112 out of 0 bytes used by permanent object pool.
[2017.10.11-12.23.41:407][  0]LogUObjectArray: CloseDisregardForGC: 0/0 objects in disregard for GC pool
[2017.10.11-12.23.41:467][  0]LogInit: WinSock: version 1.1 (2.2), MaxSocks=32767, MaxUdp=65467
[2017.10.11-12.23.44:157][  0]LogTcpMessaging: Initializing TcpMessaging bridge
[2017.10.11-12.23.44:196][  0]LogUdpMessaging: Initializing bridge on interface 0.0.0.0:0 to multicast group 230.0.0.1:6666.
[2017.10.11-12.23.44:716][  0]LogMaterial: Uniform references updated for custom material expression Custom.
[2017.10.11-12.23.45:081][  0]SourceControl: Source control is disabled
[2017.10.11-12.23.45:081][  0]SourceControl: Source control is disabled
[2017.10.11-12.23.45:115][  0]SourceControl: Source control is disabled
[2017.10.11-12.23.45:150][  0]SourceControl: Source control is disabled
[2017.10.11-12.23.45:623][  0]LogAndroidPermission: UAndroidPermissionCallbackProxy::GetInstance
[2017.10.11-12.23.45:811][  0]LogOcInput: OculusInput pre-init called
[2017.10.11-12.23.46:152][  0]LogSlateStyle: Warning: Unable to find Slate Widget Style 'Synth2DSliderStyle'. Using Synth2DSliderStyle defaults instead.
[2017.10.11-12.23.46:153][  0]LogSlateStyle: Warning: Unable to find Slate Widget Style 'SynthKnobStyle'. Using SynthKnobStyle defaults instead.
[2017.10.11-12.23.46:321][  0]LogEngine: Initializing Engine...
[2017.10.11-12.23.46:881][  0]LogHMD: SteamVR initialized.  Driver: lighthouse  Display: LHR-839F7479
[2017.10.11-12.23.47:140][  0]LogStats: UGameplayTagsManager::ConstructGameplayTagTree: Construct from data asset -  0.000 s
[2017.10.11-12.23.47:140][  0]LogStats: UGameplayTagsManager::ConstructGameplayTagTree: GameplayTagTreeChangedEvent.Broadcast -  0.000 s
[2017.10.11-12.23.47:234][  0]LogAIModule: Creating AISystem for world Untitled
[2017.10.11-12.23.47:254][  0]LogInit: XAudio2 using 'Speakers (7- HTC Vive)' : 2 channels at 44.1 kHz using 16 bits per sample (channel mask 0x3)
[2017.10.11-12.23.47:263][  0]LogInit: FAudioDevice initialized.
[2017.10.11-12.23.47:327][  0]LogDerivedDataCache: Saved boot cache 0.06s 93MB C:/Users/croche2574/AppData/Local/UnrealEngine/4.17/DerivedDataCache/Boot.ddc.
[2017.10.11-12.23.47:338][  0]LogInit: Texture streaming: Enabled
[2017.10.11-12.23.47:419][  0]LogEngineSessionManager: EngineSessionManager initialized
[2017.10.11-12.23.47:601][  0]LogInit: Transaction tracking system initialized
[2017.10.11-12.23.47:825][  0]BlueprintLog: New page: Editor Load
[2017.10.11-12.23.48:490][  0]LocalizationService: Localization service is disabled
[2017.10.11-12.23.49:013][  0]LogConsoleResponse: Display: 
[2017.10.11-12.23.49:186][  0]LogCook: Display: Max memory allowance for cook 16384mb min free memory 0mb
[2017.10.11-12.23.49:186][  0]LogCook: Display: Mobile HDR setting 1
[2017.10.11-12.23.49:187][  0]LogGameplayTags: Display: UGameplayTagsManager::DoneAddingNativeTags. DelegateIsBound: 0
[2017.10.11-12.23.49:320][  0]LogFileCache: Scanning file cache for directory 'C:/Users/croche2574/Documents/Unreal Projects/SwordVR/Content/' took 0.02s
[2017.10.11-12.23.49:974][  0]SourceControl: Source control is disabled
[2017.10.11-12.23.49:974][  0]Cmd: MAP LOAD FILE="../../../Engine/Content/Maps/Templates/Template_Default.umap" TEMPLATE=1 SHOWPROGRESS=1 FEATURELEVEL=3
[2017.10.11-12.23.49:975][  0]LightingResults: New page: Lighting Build
[2017.10.11-12.23.50:006][  0]MapCheck: New page: Map Check
[2017.10.11-12.23.50:006][  0]LightingResults: New page: Lighting Build
[2017.10.11-12.23.50:198][  0]LogAIModule: Creating AISystem for world Untitled_1
[2017.10.11-12.23.50:204][  0]LogEditorServer: Finished looking for orphan Actors (0.000 secs)
[2017.10.11-12.23.50:218][  0]Cmd: MAP CHECKDEP NOCLEARLOG
[2017.10.11-12.23.50:258][  0]MapCheck: Map check complete: 0 Error(s), 0 Warning(s), took 40.087ms to complete.
[2017.10.11-12.23.50:258][  0]LogFileHelpers: Loading map 'Template_Default' took 0.284
[2017.10.11-12.23.50:345][  0]LogWindowsTextInputMethodSystem: Display: IME system now deactivated.
[2017.10.11-12.23.50:556][  0]LogCollectionManager: Loaded 0 collections in 0.000727 seconds
[2017.10.11-12.23.50:656][  0]LogFileCache: Scanning file cache for directory 'C:/Users/croche2574/Documents/Unreal Projects/SwordVR/Saved/Collections/' took 0.01s
[2017.10.11-12.23.50:656][  0]LogFileCache: Scanning file cache for directory 'C:/Users/croche2574/Documents/Unreal Projects/SwordVR/Content/Developers/croche2574/Collections/' took 0.01s
[2017.10.11-12.23.50:656][  0]LogFileCache: Scanning file cache for directory 'C:/Users/croche2574/Documents/Unreal Projects/SwordVR/Content/Collections/' took 0.01s
[2017.10.11-12.23.50:656][  0]LogCollectionManager: Rebuilt the GUID cache for 0 collections in 0.000001 seconds
[2017.10.11-12.23.50:665][  0]LogContentBrowser: Native class hierarchy populated in 0.0087 seconds. Added 2419 classes and 520 folders.
[2017.10.11-12.23.50:740][  0]LogContentBrowser: Native class hierarchy updated for 'WidgetCarousel' in 0.0008 seconds. Added 0 classes and 0 folders.
[2017.10.11-12.23.51:671][  0]LogContentBrowser: Native class hierarchy updated for 'AddContentDialog' in 0.0007 seconds. Added 0 classes and 0 folders.
[2017.10.11-12.23.51:725][  0]LogContentBrowser: Native class hierarchy updated for 'SceneOutliner' in 0.0007 seconds. Added 1 classes and 2 folders.
[2017.10.11-12.23.51:767][  0]LogSlate: Took 0.000256 seconds to synchronously load lazily loaded font '../../../Engine/Content/Slate/Fonts/Roboto-Regular.ttf' (155K)
[2017.10.11-12.23.51:769][  0]LogSlate: Took 0.000228 seconds to synchronously load lazily loaded font '../../../Engine/Content/Slate/Fonts/Roboto-Bold.ttf' (160K)
[2017.10.11-12.23.51:788][  0]LogSlate: Took 0.011270 seconds to synchronously load lazily loaded font '../../../Engine/Content/Editor/Slate/Fonts/FontAwesome.ttf' (139K)
[2017.10.11-12.23.51:944][  0]LogRenderer: Reallocating scene render targets to support 1616x916 Format 10 NumSamples 1 (Frame:1).
[2017.10.11-12.23.52:222][  0]LogContentBrowser: Native class hierarchy updated for 'HierarchicalLODOutliner' in 0.0006 seconds. Added 1 classes and 2 folders.
[2017.10.11-12.23.52:223][  0]LogLoad: (Engine Initialization) Total time: 17.91 seconds
[2017.10.11-12.23.52:223][  0]LogLoad: (Engine Initialization) Total Blueprint compile time: 0.00 seconds
[2017.10.11-12.23.52:223][  0]LogExternalProfiler: Found external profiler: VSPerf
[2017.10.11-12.23.52:223][  0]LogExternalProfiler: Using external profiler: VSPerf
[2017.10.11-12.23.52:274][  0]LogContentStreaming: Texture pool size now 1000 MB
[2017.10.11-12.23.52:364][  1]LogFileCache: Retrieving MD5 hashes for directory 'C:/Users/croche2574/Documents/Unreal Projects/SwordVR/Content/' took 0.13s
[2017.10.11-12.23.52:387][  1]LogAssetRegistry: Asset discovery search completed in 12.3365 seconds
[2017.10.11-12.23.52:389][  1]LogCollectionManager: Rebuilt the object cache for 0 collections in 0.000001 seconds (found 0 objects)
[2017.10.11-12.23.52:389][  1]LogCollectionManager: Fixed up redirectors for 0 collections in 0.000070 seconds (updated 0 objects)
[2017.10.11-12.24.10:002][997]LogSlate: Took 0.000169 seconds to synchronously load lazily loaded font '../../../Engine/Content/Slate/Fonts/Roboto-Light.ttf' (159K)
[2017.10.11-12.24.11:327][997]LogSlate: Took 0.000166 seconds to synchronously load lazily loaded font '../../../Engine/Content/Slate/Fonts/Roboto-Light.ttf' (159K)
[2017.10.11-12.24.14:508][294]LogLinker: Warning: Can't find file '/Game/TurretTargetComponent'
[2017.10.11-12.24.14:508][294]LogLinker: Warning: Can't find file for asset '/Game/TurretTargetComponent' while loading C:/Users/croche2574/Documents/Unreal Projects/SwordVR/Content/MyRunebergVR_Pawn.uasset.
[2017.10.11-12.24.14:508][294]LoadErrors: Error: /Game/MyRunebergVR_Pawn : Can't find file for asset. /Game/TurretTargetComponent
[2017.10.11-12.24.14:537][294]LogLinker: Warning: Can't find file '/Game/TurretTargetComponent'
[2017.10.11-12.24.14:537][294]LogLinker: Warning: Can't find file for asset '/Game/TurretTargetComponent' while loading C:/Users/croche2574/Documents/Unreal Projects/SwordVR/Content/MyRunebergVR_Pawn.uasset.
[2017.10.11-12.24.14:541][294]LogLinker: Warning: Can't find file '/Game/TurretTargetComponent'
[2017.10.11-12.24.14:541][294]LogLinker: Warning: Can't find file for asset '/Game/TurretTargetComponent' while loading NULL.
[2017.10.11-12.24.14:541][294]LogLinker: Warning: Can't find file '/Game/TurretTargetComponent'
[2017.10.11-12.24.14:541][294]LogLinker: Warning: Can't find file for asset '/Game/TurretTargetComponent' while loading NULL.
[2017.10.11-12.24.14:541][294]LogLinker: Warning: Can't find file '/Game/TurretTargetComponent'
[2017.10.11-12.24.14:541][294]LogLinker: Warning: Can't find file for asset '/Game/TurretTargetComponent' while loading NULL.
[2017.10.11-12.24.14:601][294]LogTexture: Display: Building textures: T_RetroHandleRoughMetal (AutoDXT, 128X128)
[2017.10.11-12.24.14:601][294]LogTexture: Display: Building textures: T_RetroMainBase (AutoDXT, 128X128)
[2017.10.11-12.24.15:227][294]LogTexture: Display: Building textures: Skel_Roboto_M_Wires_RoughnessMetallic (AutoDXT, 2048X2048)
[2017.10.11-12.24.15:227][294]LogTexture: Display: Building textures: Skel_Roboto_M_Wires_Normal (BC5, 2048X2048)
[2017.10.11-12.24.15:227][294]LogTexture: Display: Building textures: Skel_Roboto_M_Vein_BaseColor (AutoDXT, 2048X2048)
[2017.10.11-12.24.15:227][294]LogTexture: Display: Building textures: Skel_Roboto_M_Parts_RoughnessMetallic (AutoDXT, 2048X2048)
[2017.10.11-12.24.15:227][294]LogTexture: Display: Building textures: T_RetroMainNormal (BC5, 128X128)
[2017.10.11-12.24.15:235][294]LogMaterial: Missing cached shader map for material Mat_Textures, compiling. 
[2017.10.11-12.24.15:500][294]LogTexture: Display: Building textures: Skel_Roboto_M_Parts_Normal (BC5, 2048X2048)
[2017.10.11-12.24.15:500][294]LogTexture: Display: Building textures: Skel_Roboto_M_Vein_Normal (BC5, 2048X2048)
[2017.10.11-12.24.15:500][294]LogTexture: Display: Building textures: Skel_Roboto_M_Parts_BaseColor (AutoDXT, 2048X2048)
[2017.10.11-12.24.15:500][294]LogTexture: Display: Building textures: Skel_Roboto_M_Wires_BaseColor (AutoDXT, 2048X2048)
[2017.10.11-12.24.16:545][294]LogTexture: Display: Building textures: Skel_Roboto_M_Vein_RoughnessMetallic (AutoDXT, 2048X2048)
[2017.10.11-12.24.16:965][294]LogAnimationCompression: Building Anim DDC data for AnimSequence /Game/Assets/Models/ProtoVRHand/Animations/Anim_Grab.Anim_Grab
[2017.10.11-12.24.16:966][294]LogAnimationCompression: Building Anim DDC data for AnimSequence /Game/Assets/Models/ProtoVRHand/Animations/Anim_Fist.Anim_Fist
[2017.10.11-12.24.16:966][294]LogAnimationCompression: Building Anim DDC data for AnimSequence /Game/Assets/Models/ProtoVRHand/Animations/Anim_OpenHand.Anim_OpenHand
[2017.10.11-12.24.17:518][294]LogContentBrowser: Native class hierarchy updated for 'BlueprintGraph' in 0.0010 seconds. Added 113 classes and 0 folders.
[2017.10.11-12.24.18:601][294]LogSlate: Took 0.000206 seconds to synchronously load lazily loaded font '../../../Engine/Content/Slate/Fonts/Roboto-Regular.ttf' (155K)
[2017.10.11-12.24.18:796][294]LogSlate: Took 0.013602 seconds to synchronously load lazily loaded font '../../../Engine/Content/Editor/Slate/Fonts/Roboto-BoldCondensed.ttf' (158K)
[2017.10.11-12.24.19:276][295]LogSlate: Took 0.005877 seconds to synchronously load lazily loaded font '../../../Engine/Content/Editor/Slate/Fonts/Roboto-Italic.ttf' (157K)
[2017.10.11-12.24.29:781][179]LogTexture: Display: Building textures: Scanlines_T (AutoDXT, 512X512)
[2017.10.11-12.24.29:781][179]LogMaterial: Missing cached shader map for material TronGlow, compiling. 
[2017.10.11-12.24.29:824][179]LogTexture: Display: Building textures: HQ_Lightmap1_1 (AutoDXT, 256X256)
[2017.10.11-12.24.29:824][179]LogTexture: Display: Building textures: HQ_Lightmap1_2 (AutoDXT, 128X128)
[2017.10.11-12.24.32:745][179]LogTexture: Display: Building textures: LQ_Lightmap_1_1 (DXT1, 256X256)
[2017.10.11-12.24.32:745][179]LogTexture: Display: Building textures: LQ_Lightmap_1_2 (DXT1, 128X128)
[2017.10.11-12.24.32:745][179]LogTexture: Display: Building textures: ShadowMapTexture2D_0 (G8, 256X64)
[2017.10.11-12.24.32:745][179]LogTexture: Display: Building textures: ShadowMapTexture2D_1 (G8, 64X64)
[2017.10.11-12.24.32:745][179]LogTexture: Display: Building textures: TilingNoise03 (AutoDXT, 2048X2048)
[2017.10.11-12.24.32:746][179]LogTexture: Display: Building textures: synthsphere (BGRA8, 2048X2048)
[2017.10.11-12.24.32:746][179]LogTexture: Display: Building textures: 6359 (AutoDXT, 6000X6000)
[2017.10.11-12.24.32:746][179]LogTexture: Display: Building textures: normal_map (BC5, 6000X6000)
[2017.10.11-12.24.32:746][179]LogMaterial: Missing cached shader map for material synthSpace, compiling. 
[2017.10.11-12.24.32:972][179]LogStaticMesh: Building static mesh Speaker_Cone_Body1...
[2017.10.11-12.24.33:011][179]LogStaticMesh: Built static mesh [0.04s] /Game/Assets/Models/Speaker_Cone_Body1.Speaker_Cone_Body1
[2017.10.11-12.24.33:025][179]LogStaticMesh: Building static mesh Speaker_Cone_Body4...
[2017.10.11-12.24.33:036][179]LogStaticMesh: Built static mesh [0.01s] /Game/Assets/Models/Speaker_Cone_Body4.Speaker_Cone_Body4
[2017.10.11-12.24.33:037][179]LogStaticMesh: Building static mesh LeftEye...
[2017.10.11-12.24.33:047][179]LogStaticMesh: Built static mesh [0.01s] /Game/Assets/Meshes/LeftEye.LeftEye
[2017.10.11-12.24.33:049][179]LogStaticMesh: Building static mesh RightEye...
[2017.10.11-12.24.33:058][179]LogStaticMesh: Built static mesh [0.01s] /Game/Assets/Meshes/RightEye.RightEye
[2017.10.11-12.24.33:060][179]LogStaticMesh: Building static mesh male_head_obj_Head...
[2017.10.11-12.24.33:108][179]LogStaticMesh: Built static mesh [0.05s] /Game/Assets/Models/Head/male_head_obj_Head.male_head_obj_Head
[2017.10.11-12.24.33:152][179]LogMaterial: Missing cached shader map for material TronGlowGrid, compiling. 
[2017.10.11-12.24.33:195][179]LogMaterial: Missing cached shader map for material speakerTest, compiling. 
[2017.10.11-12.24.42:695][179]LogMaterial: Missing cached shader map for material Hologram, compiling. 
[2017.10.11-12.24.42:717][179]LogAIModule: Creating AISystem for world synth_Level
[2017.10.11-12.24.42:762][179]Cmd: MAP LOAD FILE="C:/Users/croche2574/Documents/Unreal Projects/SwordVR/Content/Maps/synth_Level.umap" TEMPLATE=0 SHOWPROGRESS=1 FEATURELEVEL=3
[2017.10.11-12.24.42:762][179]LightingResults: New page: Lighting Build
[2017.10.11-12.24.42:763][179]LoadErrors: New page: Loading map: synth_Level.umap
[2017.10.11-12.24.42:763][179]MapCheck: New page: Map Check
[2017.10.11-12.24.42:763][179]LightingResults: New page: Lighting Build
[2017.10.11-12.24.42:846][179]LogEditorServer: Finished looking for orphan Actors (0.000 secs)
[2017.10.11-12.24.42:914][179]Cmd: MAP CHECKDEP NOCLEARLOG
[2017.10.11-12.24.42:979][179]MapCheck: Map check complete: 0 Error(s), 0 Warning(s), took 64.924ms to complete.
[2017.10.11-12.24.42:980][179]LogFileHelpers: Loading map 'synth_Level' took 0.219
[2017.10.11-12.24.52:895][254]LogMaterial: Missing cached shader map for material Material_001, compiling. 
[2017.10.11-12.24.52:918][254]LogMaterial: Missing cached shader map for material Material_003, compiling. 
[2017.10.11-12.24.52:938][254]LogStaticMesh: Building static mesh bluelight_sword_Cube...
[2017.10.11-12.24.53:093][254]LogStaticMesh: Built static mesh [0.16s] /Game/Assets/bluelight_sword_Cube.bluelight_sword_Cube
[2017.10.11-12.24.53:149][254]LogMaterial: Missing cached shader map for material Material, compiling. 
[2017.10.11-12.24.59:004][680]LogEditorViewport: Clicking on Actor (LMB): StaticMeshActor (Cube4)
[2017.10.11-12.25.00:479][793]LogEditorViewport: Clicking on Actor (LMB): GunSword_Right_C (GunSword_Right)
[2017.10.11-12.25.19:483][585]MapCheck: New page: Map Check
[2017.10.11-12.25.19:510][585]Cmd: MAP REBUILD ALLVISIBLE
[2017.10.11-12.25.19:510][585]LogEditorServer: Rebuildmap Clear paths rebuilt
[2017.10.11-12.25.19:592][585]LogMaterial: Missing cached shader map for material FDebugViewModeMaterialProxy WorldGridMaterial, compiling. Is special engine material.
[2017.10.11-12.25.19:599][585]LogMaterial: Missing cached shader map for material FDebugViewModeMaterialProxy LandscapeGizmo_Mat, compiling. 
[2017.10.11-12.25.19:605][585]LogMaterial: Missing cached shader map for material FDebugViewModeMaterialProxy BasicShapeMaterial, compiling. 
[2017.10.11-12.25.19:612][585]LogMaterial: Missing cached shader map for material FDebugViewModeMaterialProxy synthSpace, compiling. 
[2017.10.11-12.25.19:620][585]LogMaterial: Missing cached shader map for material FDebugViewModeMaterialProxy PlaneGrid, compiling. 
[2017.10.11-12.25.19:629][585]LogMaterial: Missing cached shader map for material FDebugViewModeMaterialProxy speakerTest, compiling. 
[2017.10.11-12.25.19:637][585]LogMaterial: Missing cached shader map for material FDebugViewModeMaterialProxy Hologram_Inst, compiling. 
[2017.10.11-12.25.19:644][585]LogMaterial: Missing cached shader map for material FDebugViewModeMaterialProxy TronGlow, compiling. 
[2017.10.11-12.25.19:651][585]LogMaterial: Missing cached shader map for material FDebugViewModeMaterialProxy Material_001, compiling. 
[2017.10.11-12.25.19:659][585]LogMaterial: Missing cached shader map for material FDebugViewModeMaterialProxy Material, compiling. 
[2017.10.11-12.25.19:667][585]LogMaterial: Missing cached shader map for material FDebugViewModeMaterialProxy Material_003, compiling. 
[2017.10.11-12.25.20:295][585]TextureStreamingBuild: Display: Compiling optional shaders took 0.711 seconds.
[2017.10.11-12.25.20:303][585]LogLevel: Display: Export Material TexCoord Scales took 0.008 seconds.
[2017.10.11-12.25.20:311][585]TextureStreamingBuild: Display: Build Texture Streaming took 0.008 seconds.
[2017.10.11-12.25.20:332][585]LightingResults: New page: Lighting Build - Oct 11, 2017, 4:25:20 AM
[2017.10.11-12.25.20:423][585]LogSwarmInterface: [OpenConnection] Registering TCP channel ...
[2017.10.11-12.25.20:535][585]LogSwarmInterface: [OpenConnection] Connecting to agent ...
[2017.10.11-12.25.20:550][585]LogSwarmInterface: [TryOpenConnection] Testing the Agent
[2017.10.11-12.25.21:586][585]LogSwarmInterface: [TryOpenConnection] Opening Connection to Agent
[2017.10.11-12.25.21:586][585]LogSwarmInterface: [TryOpenConnection] Local Process ID is 9080
[2017.10.11-12.25.24:206][585]LightingResults: Warning: No importance volume found and the scene is so large that the automatically synthesized volume will not yield good results.  Please add a tightly bounding lightmass importance volume to optimize your scene's quality and lighting build times.
[2017.10.11-12.25.24:206][585]LogStaticLightingSystem: Running Lightmass w/ ImmediateImport mode ENABLED
[2017.10.11-12.25.24:206][585]LogStaticLightingSystem: Running Lightmass w/ ImmediateProcess mode ENABLED
[2017.10.11-12.25.24:206][585]LogStaticLightingSystem: Running Lightmass w/ Sorting mode ENABLED
[2017.10.11-12.25.24:206][585]LogStaticLightingSystem: Running Lightmass w/ Mapping paddings ENABLED
[2017.10.11-12.25.24:206][585]LogStaticLightingSystem: Running Lightmass w/ Mapping debug paddings DISABLED
[2017.10.11-12.25.24:382][585]Cmd: MAP CHECK DONTDISPLAYDIALOG
[2017.10.11-12.25.24:382][585]MapCheck: New page: synth_Level - Oct 11, 2017, 4:25:24 AM
[2017.10.11-12.25.24:389][585]MapCheck: Warning: SkySphere_Blueprint Large actor receives a pre-shadow and will cause an extreme performance hit unless bCastDynamicShadow is set to false. 
[2017.10.11-12.25.24:445][585]MapCheck: Map check complete: 0 Error(s), 1 Warning(s), took 63.738ms to complete.
[2017.10.11-12.25.24:468][585]LogEditorBuildUtils: Build time 0:04
[2017.10.11-12.25.24:522][585]LogMaterial: Missing cached shader map for material FLightmassMaterialRenderer BasicShapeMaterial, compiling. 
[2017.10.11-12.25.24:528][585]LogMaterial: Missing cached shader map for material FLightmassMaterialRenderer BasicShapeMaterial, compiling. 
[2017.10.11-12.25.24:632][586]LogMaterial: Missing cached shader map for material FLightmassMaterialRenderer PlaneGrid, compiling. 
[2017.10.11-12.25.24:643][586]LogMaterial: Missing cached shader map for material FLightmassMaterialRenderer PlaneGrid, compiling. 
[2017.10.11-12.25.24:689][587]LogMaterial: Missing cached shader map for material FLightmassMaterialRenderer speakerTest, compiling. 
[2017.10.11-12.25.24:697][587]LogMaterial: Missing cached shader map for material FLightmassMaterialRenderer speakerTest, compiling. 
[2017.10.11-12.25.24:745][588]LogMaterial: Missing cached shader map for material FLightmassMaterialRenderer WorldGridMaterial, compiling. Is special engine material.
[2017.10.11-12.25.24:757][588]LogMaterial: Missing cached shader map for material FLightmassMaterialRenderer WorldGridMaterial, compiling. Is special engine material.
[2017.10.11-12.25.29:166][665]Job is a success!
[2017.10.11-12.25.29:304][666]LogTexture: Display: Building textures: HQ_Lightmap0_1 (AutoDXT, 256X256)
[2017.10.11-12.25.29:304][666]LogTexture: Display: Building textures: LQ_Lightmap_0_1 (DXT1, 256X256)
[2017.10.11-12.25.29:304][666]LogTexture: Display: Building textures: HQ_Lightmap0_2 (AutoDXT, 128X128)
[2017.10.11-12.25.29:304][666]LogTexture: Display: Building textures: LQ_Lightmap_0_2 (DXT1, 128X128)
[2017.10.11-12.25.29:304][666]LogTexture: Display: Building textures: ShadowMapTexture2D_2 (G8, 256X64)
[2017.10.11-12.25.29:304][666]LogTexture: Display: Building textures: ShadowMapTexture2D_3 (G8, 64X64)
[2017.10.11-12.25.29:339][666]Lightmass on IST1022-14: 1.55 sec total, 141 ms importing, 23 ms setup, 782 ms photons, 573 ms processing, 0 ms extra exporting [8/8 mappings]. Threads: 3.84 sec total, 1.28 sec processing.
[2017.10.11-12.25.29:362][666]LogStaticLightingSystem: Illumination: 9.00 sec (19 ms encoding lightmaps, 21 ms encoding shadowmaps)
[2017.10.11-12.25.29:362][666]LogStaticLightingSystem: Lightmap texture memory:  0.2 MB (0.2 MB streaming, 0.0 MB non-streaming), 4 textures
[2017.10.11-12.25.29:362][666]LogStaticLightingSystem: Shadowmap texture memory: 0.0 MB (0.0 MB streaming, 0.0 MB non-streaming), 2 textures
[2017.10.11-12.25.30:212][666]DumpUnbuiltLightIteractions
[2017.10.11-12.25.30:212][666]Lights with unbuilt interactions: 0
[2017.10.11-12.25.30:212][666]
[2017.10.11-12.25.30:212][666]Primitives with unbuilt interactions: 0
[2017.10.11-12.25.30:228][667]Cmd: MAP CHECK NOTIFYRESULTS
[2017.10.11-12.25.30:228][667]MapCheck: New page: synth_Level - Oct 11, 2017, 4:25:30 AM
[2017.10.11-12.25.30:229][667]MapCheck: Warning: SkySphere_Blueprint Large actor receives a pre-shadow and will cause an extreme performance hit unless bCastDynamicShadow is set to false. 
[2017.10.11-12.25.30:283][667]MapCheck: Map check complete: 0 Error(s), 1 Warning(s), took 54.633ms to complete.
[2017.10.11-12.26.13:598][456]LogTemp: Repeating last play command: VR Preview
[2017.10.11-12.26.13:700][456]LogBlueprintUserMessages: Early PlayInEditor Detection: Level '/Game/Maps/synth_Level.synth_Level:PersistentLevel' has LevelScriptBlueprint '/Game/Maps/synth_Level.synth_Level:PersistentLevel.synth_Level' with GeneratedClass '/Game/Maps/synth_Level.synth_Level_C' with ClassGeneratedBy '/Game/Maps/synth_Level.synth_Level:PersistentLevel.synth_Level'
[2017.10.11-12.26.13:701][456]LogPlayLevel: PlayLevel: No blueprints needed recompiling
[2017.10.11-12.26.13:712][456]PIE: New page: PIE session: synth_Level (Oct 11, 2017, 4:26:13 AM)
[2017.10.11-12.26.13:712][456]LogPlayLevel: Creating play world package: /Game/Maps/UEDPIE_0_synth_Level
[2017.10.11-12.26.13:717][456]LogPlayLevel: PIE: StaticDuplicateObject took: (0.004654s)
[2017.10.11-12.26.13:718][456]LogAIModule: Creating AISystem for world synth_Level
[2017.10.11-12.26.13:718][456]LogPlayLevel: PIE: World Init took: (0.000974s)
[2017.10.11-12.26.13:718][456]LogPlayLevel: PIE: Created PIE world by copying editor world from /Game/Maps/synth_Level.synth_Level to /Game/Maps/UEDPIE_0_synth_Level.synth_Level (0.005961s)
[2017.10.11-12.26.13:750][456]LogInit: XAudio2 using 'Speakers (7- HTC Vive)' : 2 channels at 44.1 kHz using 16 bits per sample (channel mask 0x3)
[2017.10.11-12.26.13:758][456]LogInit: FAudioDevice initialized.
[2017.10.11-12.26.13:936][456]LogLoad: Game class is 'VR_GameMode_C'
[2017.10.11-12.26.13:946][456]LogWorld: Bringing World /Game/Maps/UEDPIE_0_synth_Level.synth_Level up for play (max tick rate 0) at 2017.10.11-08.26.13
[2017.10.11-12.26.13:947][456]LogWorld: Bringing up level for play took: 0.001881
[2017.10.11-12.26.13:978][456]LogContentBrowser: Native class hierarchy updated for 'MovieSceneCapture' in 0.0007 seconds. Added 11 classes and 0 folders.
[2017.10.11-12.26.13:985][456]PIE: Play in editor start time for /Game/Maps/UEDPIE_0_synth_Level -0.592
[2017.10.11-12.26.13:986][456]LogBlueprintUserMessages: Late PlayInEditor Detection: Level '/Game/Maps/synth_Level.synth_Level:PersistentLevel' has LevelScriptBlueprint '/Game/Maps/synth_Level.synth_Level:PersistentLevel.synth_Level' with GeneratedClass '/Game/Maps/synth_Level.synth_Level_C' with ClassGeneratedBy '/Game/Maps/synth_Level.synth_Level:PersistentLevel.synth_Level'
[2017.10.11-12.26.14:047][457]LogRenderer: Reallocating scene render targets to support 3024x1680 Format 10 NumSamples 1 (Frame:1).
[2017.10.11-12.26.28:126][880]LogBlueprintUserMessages: Early EndPlayMap Detection: Level '/Game/Maps/synth_Level.synth_Level:PersistentLevel' has LevelScriptBlueprint '/Game/Maps/synth_Level.synth_Level:PersistentLevel.synth_Level' with GeneratedClass '/Game/Maps/synth_Level.synth_Level_C' with ClassGeneratedBy '/Game/Maps/synth_Level.synth_Level:PersistentLevel.synth_Level'
[2017.10.11-12.26.28:166][880]LogBlueprintUserMessages: Late EndPlayMap Detection: Level '/Game/Maps/synth_Level.synth_Level:PersistentLevel' has LevelScriptBlueprint '/Game/Maps/synth_Level.synth_Level:PersistentLevel.synth_Level' with GeneratedClass '/Game/Maps/synth_Level.synth_Level_C' with ClassGeneratedBy '/Game/Maps/synth_Level.synth_Level:PersistentLevel.synth_Level'
[2017.10.11-12.31.37:420][184]LogTemp: Repeating last play command: VR Preview
[2017.10.11-12.31.37:450][184]LogBlueprintUserMessages: Early PlayInEditor Detection: Level '/Game/Maps/synth_Level.synth_Level:PersistentLevel' has LevelScriptBlueprint '/Game/Maps/synth_Level.synth_Level:PersistentLevel.synth_Level' with GeneratedClass '/Game/Maps/synth_Level.synth_Level_C' with ClassGeneratedBy '/Game/Maps/synth_Level.synth_Level:PersistentLevel.synth_Level'
[2017.10.11-12.31.37:450][184]LogPlayLevel: PlayLevel: No blueprints needed recompiling
[2017.10.11-12.31.37:451][184]PIE: New page: PIE session: synth_Level (Oct 11, 2017, 4:31:37 AM)
[2017.10.11-12.31.37:451][184]LogPlayLevel: Creating play world package: /Game/Maps/UEDPIE_0_synth_Level
[2017.10.11-12.31.37:458][184]LogPlayLevel: PIE: StaticDuplicateObject took: (0.007440s)
[2017.10.11-12.31.37:459][184]LogAIModule: Creating AISystem for world synth_Level
[2017.10.11-12.31.37:460][184]LogPlayLevel: PIE: World Init took: (0.001558s)
[2017.10.11-12.31.37:460][184]LogPlayLevel: PIE: Created PIE world by copying editor world from /Game/Maps/synth_Level.synth_Level to /Game/Maps/UEDPIE_0_synth_Level.synth_Level (0.009407s)
[2017.10.11-12.31.37:510][184]LogInit: XAudio2 using 'Speakers (7- HTC Vive)' : 2 channels at 44.1 kHz using 16 bits per sample (channel mask 0x3)
[2017.10.11-12.31.37:520][184]LogInit: FAudioDevice initialized.
[2017.10.11-12.31.40:666][184]LogHMD: SteamVR initialized.  Driver: lighthouse  Display: LHR-839F7479
[2017.10.11-12.31.40:706][184]LogLoad: Game class is 'VR_GameMode_C'
[2017.10.11-12.31.40:709][184]LogWorld: Bringing World /Game/Maps/UEDPIE_0_synth_Level.synth_Level up for play (max tick rate 0) at 2017.10.11-08.31.40
[2017.10.11-12.31.40:709][184]LogWorld: Bringing up level for play took: 0.002186
[2017.10.11-12.31.40:721][184]PIE: Play in editor start time for /Game/Maps/UEDPIE_0_synth_Level 4.141
[2017.10.11-12.31.40:722][184]LogBlueprintUserMessages: Late PlayInEditor Detection: Level '/Game/Maps/synth_Level.synth_Level:PersistentLevel' has LevelScriptBlueprint '/Game/Maps/synth_Level.synth_Level:PersistentLevel.synth_Level' with GeneratedClass '/Game/Maps/synth_Level.synth_Level_C' with ClassGeneratedBy '/Game/Maps/synth_Level.synth_Level:PersistentLevel.synth_Level'
[2017.10.11-12.33.11:985][311]LogBlueprintUserMessages: Early EndPlayMap Detection: Level '/Game/Maps/synth_Level.synth_Level:PersistentLevel' has LevelScriptBlueprint '/Game/Maps/synth_Level.synth_Level:PersistentLevel.synth_Level' with GeneratedClass '/Game/Maps/synth_Level.synth_Level_C' with ClassGeneratedBy '/Game/Maps/synth_Level.synth_Level:PersistentLevel.synth_Level'
[2017.10.11-12.33.12:136][311]LogBlueprintUserMessages: Late EndPlayMap Detection: Level '/Game/Maps/synth_Level.synth_Level:PersistentLevel' has LevelScriptBlueprint '/Game/Maps/synth_Level.synth_Level:PersistentLevel.synth_Level' with GeneratedClass '/Game/Maps/synth_Level.synth_Level_C' with ClassGeneratedBy '/Game/Maps/synth_Level.synth_Level:PersistentLevel.synth_Level'
[2017.10.11-12.33.28:003][705]LogTemp: Repeating last play command: VR Preview
[2017.10.11-12.33.28:022][705]LogBlueprintUserMessages: Early PlayInEditor Detection: Level '/Game/Maps/synth_Level.synth_Level:PersistentLevel' has LevelScriptBlueprint '/Game/Maps/synth_Level.synth_Level:PersistentLevel.synth_Level' with GeneratedClass '/Game/Maps/synth_Level.synth_Level_C' with ClassGeneratedBy '/Game/Maps/synth_Level.synth_Level:PersistentLevel.synth_Level'
[2017.10.11-12.33.28:022][705]LogPlayLevel: PlayLevel: No blueprints needed recompiling
[2017.10.11-12.33.28:022][705]PIE: New page: PIE session: synth_Level (Oct 11, 2017, 4:33:28 AM)
[2017.10.11-12.33.28:022][705]LogPlayLevel: Creating play world package: /Game/Maps/UEDPIE_0_synth_Level
[2017.10.11-12.33.28:028][705]LogPlayLevel: PIE: StaticDuplicateObject took: (0.005586s)
[2017.10.11-12.33.28:029][705]LogAIModule: Creating AISystem for world synth_Level
[2017.10.11-12.33.28:029][705]LogPlayLevel: PIE: World Init took: (0.000834s)
[2017.10.11-12.33.28:029][705]LogPlayLevel: PIE: Created PIE world by copying editor world from /Game/Maps/synth_Level.synth_Level to /Game/Maps/UEDPIE_0_synth_Level.synth_Level (0.006685s)
[2017.10.11-12.33.28:063][705]LogInit: XAudio2 using 'Speakers (7- HTC Vive)' : 2 channels at 44.1 kHz using 16 bits per sample (channel mask 0x3)
[2017.10.11-12.33.28:070][705]LogInit: FAudioDevice initialized.
[2017.10.11-12.33.28:213][705]LogLoad: Game class is 'VR_GameMode_C'
[2017.10.11-12.33.28:216][705]LogWorld: Bringing World /Game/Maps/UEDPIE_0_synth_Level.synth_Level up for play (max tick rate 0) at 2017.10.11-08.33.28
[2017.10.11-12.33.28:216][705]LogWorld: Bringing up level for play took: 0.001996
[2017.10.11-12.33.28:224][705]PIE: Play in editor start time for /Game/Maps/UEDPIE_0_synth_Level -0.357
[2017.10.11-12.33.28:224][705]LogBlueprintUserMessages: Late PlayInEditor Detection: Level '/Game/Maps/synth_Level.synth_Level:PersistentLevel' has LevelScriptBlueprint '/Game/Maps/synth_Level.synth_Level:PersistentLevel.synth_Level' with GeneratedClass '/Game/Maps/synth_Level.synth_Level_C' with ClassGeneratedBy '/Game/Maps/synth_Level.synth_Level:PersistentLevel.synth_Level'
[2017.10.11-12.34.50:694][ 62]LogBlueprintUserMessages: Early EndPlayMap Detection: Level '/Game/Maps/synth_Level.synth_Level:PersistentLevel' has LevelScriptBlueprint '/Game/Maps/synth_Level.synth_Level:PersistentLevel.synth_Level' with GeneratedClass '/Game/Maps/synth_Level.synth_Level_C' with ClassGeneratedBy '/Game/Maps/synth_Level.synth_Level:PersistentLevel.synth_Level'
[2017.10.11-12.34.50:845][ 62]LogBlueprintUserMessages: Late EndPlayMap Detection: Level '/Game/Maps/synth_Level.synth_Level:PersistentLevel' has LevelScriptBlueprint '/Game/Maps/synth_Level.synth_Level:PersistentLevel.synth_Level' with GeneratedClass '/Game/Maps/synth_Level.synth_Level_C' with ClassGeneratedBy '/Game/Maps/synth_Level.synth_Level:PersistentLevel.synth_Level'
[2017.10.11-12.37.34:276][992]LogSlate: Took 0.000259 seconds to synchronously load lazily loaded font '../../../Engine/Content/Slate/Fonts/Roboto-Light.ttf' (159K)
[2017.10.11-12.37.43:423][ 19]LogSavePackage: Save=76.12ms
[2017.10.11-12.37.43:423][ 19]LogSavePackage: Moving 'C:/Users/croche2574/Documents/Unreal Projects/SwordVR/Saved/synth_Level_Auto15263E0B34FB2B400E5EED8B9DAEEECB6.tmp' to 'C:/Users/croche2574/Documents/Unreal Projects/SwordVR/Saved/Autosaves/Game/Maps/synth_Level_Auto1.umap'
[2017.10.11-12.37.43:425][ 19]LogSavePackage: Display: Finished SavePackage C:/Users/croche2574/Documents/Unreal Projects/SwordVR/Saved/Autosaves/Game/Maps/synth_Level_Auto1.umap
[2017.10.11-12.37.43:430][ 19]LogFileHelpers: Editor autosave (incl. sublevels) for '/Game/Maps/synth_Level' took 0.146
[2017.10.11-12.37.43:430][ 19]LogFileHelpers: Editor autosave (incl. sublevels) for all levels took 0.146
[2017.10.11-12.37.43:431][ 19]OBJ SavePackage: Generating thumbnails for [0] asset(s) in package [/Game/Maps/synth_Level_BuiltData] ([1] browsable assets)...
[2017.10.11-12.37.43:431][ 19]OBJ SavePackage: Finished generating thumbnails for package [/Game/Maps/synth_Level_BuiltData]
[2017.10.11-12.37.43:502][ 19]LogSavePackage: Save=43.98ms
[2017.10.11-12.37.43:502][ 19]LogSavePackage: Moving 'C:/Users/croche2574/Documents/Unreal Projects/SwordVR/Saved/synth_Level_BuiltData_Auto19D4842DB410F03BE61A7C0BEC6935D0E.tmp' to 'C:/Users/croche2574/Documents/Unreal Projects/SwordVR/Saved/Autosaves/Game/Maps/synth_Level_BuiltData_Auto1.uasset'
[2017.10.11-12.37.43:503][ 19]LogSavePackage: Display: Finished SavePackage C:/Users/croche2574/Documents/Unreal Projects/SwordVR/Saved/Autosaves/Game/Maps/synth_Level_BuiltData_Auto1.uasset
[2017.10.11-12.37.43:503][ 19]LogFileHelpers: Auto-saving content packages took 0.073
[2017.10.11-12.39.52:854][604]Cmd: OBJ SAVEPACKAGE PACKAGE="/Game/Maps/synth_Level" FILE="C:/Users/croche2574/Documents/Unreal Projects/SwordVR/Content/Maps/synth_Level.umap" SILENT=true AUTOSAVING=false KEEPDIRTY=false
[2017.10.11-12.39.52:966][604]LogSavePackage: Save=72.56ms
[2017.10.11-12.39.52:966][604]LogSavePackage: Moving 'C:/Users/croche2574/Documents/Unreal Projects/SwordVR/Saved/synth_LevelAC9B1FB341B490ECF43361A682066EC9.tmp' to 'C:/Users/croche2574/Documents/Unreal Projects/SwordVR/Content/Maps/synth_Level.umap'
[2017.10.11-12.39.52:972][604]LogSavePackage: Display: Finished SavePackage C:/Users/croche2574/Documents/Unreal Projects/SwordVR/Content/Maps/synth_Level.umap
[2017.10.11-12.39.53:008][604]LogFileHelpers: Saving map 'synth_Level' took 0.227
[2017.10.11-12.39.53:009][604]Cmd: OBJ SAVEPACKAGE PACKAGE="/Game/Maps/synth_Level_BuiltData" FILE="C:/Users/croche2574/Documents/Unreal Projects/SwordVR/Content/Maps/synth_Level_BuiltData.uasset" SILENT=true
[2017.10.11-12.39.53:050][604]LogSavePackage: Save=26.90ms
[2017.10.11-12.39.53:050][604]LogSavePackage: Moving 'C:/Users/croche2574/Documents/Unreal Projects/SwordVR/Saved/synth_Level_BuiltDataF35D89A049CABA0579FE019F44644CCC.tmp' to 'C:/Users/croche2574/Documents/Unreal Projects/SwordVR/Content/Maps/synth_Level_BuiltData.uasset'
[2017.10.11-12.39.53:054][604]LogSavePackage: Display: Finished SavePackage C:/Users/croche2574/Documents/Unreal Projects/SwordVR/Content/Maps/synth_Level_BuiltData.uasset
[2017.10.11-12.39.53:388][605]Cmd: QUIT_EDITOR
[2017.10.11-12.39.54:372][605]LogWindowsTextInputMethodSystem: Display: IME system now deactivated.
[2017.10.11-12.39.54:380][605]LogExit: Preparing to exit.
[2017.10.11-12.39.54:754][605]LogExit: Editor shut down
[2017.10.11-12.39.54:759][605]LogExit: Transaction tracking system shut down
[2017.10.11-12.39.54:972][605]LogDirectoryWatcher: A directory notification for '../../../Engine/Content/' was aborted.
[2017.10.11-12.39.54:972][605]LogDirectoryWatcher: A directory notification for 'C:/Users/croche2574/Documents/Unreal Projects/SwordVR/Content/' was aborted.
[2017.10.11-12.39.54:972][605]LogDirectoryWatcher: A directory notification for '../../../Engine/Plugins/2D/Paper2D/Content/' was aborted.
[2017.10.11-12.39.54:972][605]LogDirectoryWatcher: A directory notification for '../../../Engine/Plugins/Runtime/Oculus/OculusVR/Content/' was aborted.
[2017.10.11-12.39.54:972][605]LogDirectoryWatcher: A directory notification for '../../../Engine/Plugins/Runtime/Steam/SteamVR/Content/' was aborted.
[2017.10.11-12.39.54:972][605]LogDirectoryWatcher: A directory notification for '../../../Engine/Plugins/Runtime/Synthesis/Content/' was aborted.
[2017.10.11-12.39.55:111][605]LogExit: Object subsystem successfully closed.
[2017.10.11-12.39.55:130][605]LogD3D11RHI: Shutdown
[2017.10.11-12.39.55:130][605]LogD3D11RHI: CleanupD3DDevice
[2017.10.11-12.39.55:133][605]LogD3D11RHI: ~FD3D11DynamicRHI
[2017.10.11-12.39.55:140][605]LogModuleManager: Shutting down and abandoning module MovieSceneCapture (550)
[2017.10.11-12.39.55:140][605]LogModuleManager: Shutting down and abandoning module HierarchicalLODUtilities (548)
[2017.10.11-12.39.55:140][605]LogModuleManager: Shutting down and abandoning module BlueprintGraph (546)
[2017.10.11-12.39.55:140][605]LogModuleManager: Shutting down and abandoning module BlueprintProfiler (544)
[2017.10.11-12.39.55:140][605]LogModuleManager: Shutting down and abandoning module HierarchicalLODOutliner (542)
[2017.10.11-12.39.55:141][605]LogModuleManager: Shutting down and abandoning module SceneOutliner (540)
[2017.10.11-12.39.55:141][605]LogModuleManager: Shutting down and abandoning module AddContentDialog (538)
[2017.10.11-12.39.55:141][605]LogDirectoryWatcher: A directory notification for 'F:/UE_4.17/FeaturePacks/' was aborted.
[2017.10.11-12.39.55:142][605]LogModuleManager: Shutting down and abandoning module WidgetCarousel (537)
[2017.10.11-12.39.55:142][605]LogModuleManager: Shutting down and abandoning module EditorWidgets (534)
[2017.10.11-12.39.55:142][605]LogModuleManager: Shutting down and abandoning module CollectionManager (532)
[2017.10.11-12.39.55:142][605]LogDirectoryWatcher: A directory notification for 'C:/Users/croche2574/Documents/Unreal Projects/SwordVR/Content/Collections/' was aborted.
[2017.10.11-12.39.55:142][605]LogDirectoryWatcher: A directory notification for 'C:/Users/croche2574/Documents/Unreal Projects/SwordVR/Content/Developers/croche2574/Collections/' was aborted.
[2017.10.11-12.39.55:142][605]LogDirectoryWatcher: A directory notification for 'C:/Users/croche2574/Documents/Unreal Projects/SwordVR/Saved/Collections/' was aborted.
[2017.10.11-12.39.55:142][605]LogModuleManager: Shutting down and abandoning module StatsViewer (530)
[2017.10.11-12.39.55:142][605]LogModuleManager: Shutting down and abandoning module FoliageEdit (528)
[2017.10.11-12.39.55:142][605]LogModuleManager: Shutting down and abandoning module LandscapeEditor (526)
[2017.10.11-12.39.55:142][605]LogModuleManager: Shutting down and abandoning module MeshPaintMode (524)
[2017.10.11-12.39.55:142][605]LogModuleManager: Shutting down and abandoning module SceneDepthPickerMode (522)
[2017.10.11-12.39.55:142][605]LogModuleManager: Shutting down and abandoning module ActorPickerMode (520)
[2017.10.11-12.39.55:142][605]LogModuleManager: Shutting down and abandoning module GeometryMode (518)
[2017.10.11-12.39.55:142][605]LogModuleManager: Shutting down and abandoning module TextureAlignMode (516)
[2017.10.11-12.39.55:142][605]LogModuleManager: Shutting down and abandoning module BspMode (514)
[2017.10.11-12.39.55:142][605]LogModuleManager: Shutting down and abandoning module PIEPreviewDeviceProfileSelector (512)
[2017.10.11-12.39.55:142][605]LogModuleManager: Shutting down and abandoning module HardwareSurvey (510)
[2017.10.11-12.39.55:142][605]LogModuleManager: Shutting down and abandoning module SequenceRecorderSections (508)
[2017.10.11-12.39.55:142][605]LogModuleManager: Shutting down and abandoning module AutomationWorker (506)
[2017.10.11-12.39.55:142][605]LogModuleManager: Shutting down and abandoning module MatineeToLevelSequence (504)
[2017.10.11-12.39.55:142][605]LogModuleManager: Shutting down and abandoning module LevelSequenceEditor (502)
[2017.10.11-12.39.55:142][605]LogModuleManager: Shutting down and abandoning module PlacementMode (501)
[2017.10.11-12.39.55:142][605]LogModuleManager: Shutting down and abandoning module WmfMediaFactory (498)
[2017.10.11-12.39.55:142][605]LogModuleManager: Shutting down and abandoning module WmfMediaEditor (496)
[2017.10.11-12.39.55:143][605]LogModuleManager: Shutting down and abandoning module AvfMediaFactory (494)
[2017.10.11-12.39.55:143][605]LogModuleManager: Shutting down and abandoning module AvfMediaEditor (492)
[2017.10.11-12.39.55:143][605]LogModuleManager: Shutting down and abandoning module AndroidMediaFactory (490)
[2017.10.11-12.39.55:143][605]LogModuleManager: Shutting down and abandoning module Media (489)
[2017.10.11-12.39.55:143][605]LogModuleManager: Shutting down and abandoning module AndroidMediaEditor (486)
[2017.10.11-12.39.55:143][605]LogModuleManager: Shutting down and abandoning module CharacterAI (484)
[2017.10.11-12.39.55:143][605]LogModuleManager: Shutting down and abandoning module AudioCapture (482)
[2017.10.11-12.39.55:143][605]LogModuleManager: Shutting down and abandoning module SequenceRecorder (481)
[2017.10.11-12.39.55:143][605]LogModuleManager: Shutting down and abandoning module SmartSnapping (478)
[2017.10.11-12.39.55:143][605]LogModuleManager: Shutting down and abandoning module SessionServices (476)
[2017.10.11-12.39.55:143][605]LogModuleManager: Shutting down and abandoning module ViewportSnapping (474)
[2017.10.11-12.39.55:143][605]LogModuleManager: Shutting down and abandoning module ViewportInteraction (472)
[2017.10.11-12.39.55:143][605]LogModuleManager: Shutting down and abandoning module ClothPainter (470)
[2017.10.11-12.39.55:143][605]LogModuleManager: Shutting down and abandoning module LogVisualizer (468)
[2017.10.11-12.39.55:143][605]LogModuleManager: Shutting down and abandoning module IntroTutorials (466)
[2017.10.11-12.39.55:143][605]LogModuleManager: Shutting down and abandoning module GameProjectGeneration (465)
[2017.10.11-12.39.55:143][605]LogModuleManager: Shutting down and abandoning module IOSPlatformEditor (462)
[2017.10.11-12.39.55:143][605]LogModuleManager: Shutting down and abandoning module HTML5PlatformEditor (460)
[2017.10.11-12.39.55:143][605]LogModuleManager: Shutting down and abandoning module AndroidPlatformEditor (458)
[2017.10.11-12.39.55:143][605]LogModuleManager: Shutting down and abandoning module AndroidDeviceDetection (457)
[2017.10.11-12.39.55:271][605]LogModuleManager: Shutting down and abandoning module WindowsPlatformEditor (454)
[2017.10.11-12.39.55:271][605]LogModuleManager: Shutting down and abandoning module IOSRuntimeSettings (452)
[2017.10.11-12.39.55:271][605]LogModuleManager: Shutting down and abandoning module AndroidRuntimeSettings (450)
[2017.10.11-12.39.55:271][605]LogModuleManager: Shutting down and abandoning module InputBindingEditor (448)
[2017.10.11-12.39.55:271][605]LogModuleManager: Shutting down and abandoning module MergeActors (446)
[2017.10.11-12.39.55:271][605]LogModuleManager: Shutting down and abandoning module SizeMap (444)
[2017.10.11-12.39.55:271][605]LogModuleManager: Shutting down and abandoning module TreeMap (442)
[2017.10.11-12.39.55:271][605]LogModuleManager: Shutting down and abandoning module ReferenceViewer (440)
[2017.10.11-12.39.55:271][605]LogModuleManager: Shutting down and abandoning module LocalizationDashboard (438)
[2017.10.11-12.39.55:271][605]LogModuleManager: Shutting down and abandoning module LocalizationService (437)
[2017.10.11-12.39.55:271][605]LogModuleManager: Shutting down and abandoning module HardwareTargeting (434)
[2017.10.11-12.39.55:271][605]LogModuleManager: Shutting down and abandoning module DeviceProfileEditor (432)
[2017.10.11-12.39.55:271][605]LogModuleManager: Shutting down and abandoning module UndoHistory (430)
[2017.10.11-12.39.55:271][605]LogModuleManager: Shutting down and abandoning module XmlParser (428)
[2017.10.11-12.39.55:271][605]LogModuleManager: Shutting down and abandoning module Blutility (426)
[2017.10.11-12.39.55:271][605]LogModuleManager: Shutting down and abandoning module ProjectSettingsViewer (424)
[2017.10.11-12.39.55:272][605]LogModuleManager: Shutting down and abandoning module ProjectTargetPlatformEditor (423)
[2017.10.11-12.39.55:272][605]LogModuleManager: Shutting down and abandoning module EditorSettingsViewer (420)
[2017.10.11-12.39.55:272][605]LogModuleManager: Shutting down and abandoning module SettingsEditor (418)
[2017.10.11-12.39.55:272][605]LogModuleManager: Shutting down and abandoning module ProjectLauncher (416)
[2017.10.11-12.39.55:272][605]LogModuleManager: Shutting down and abandoning module SessionFrontend (414)
[2017.10.11-12.39.55:272][605]LogModuleManager: Shutting down and abandoning module ProfilerClient (412)
[2017.10.11-12.39.55:272][605]LogModuleManager: Shutting down and abandoning module DeviceManager (410)
[2017.10.11-12.39.55:272][605]LogModuleManager: Shutting down and abandoning module TargetDeviceServices (409)
[2017.10.11-12.39.55:336][605]LogModuleManager: Shutting down and abandoning module AutomationController (406)
[2017.10.11-12.39.55:336][605]LogModuleManager: Shutting down and abandoning module AutomationWindow (404)
[2017.10.11-12.39.55:336][605]LogModuleManager: Shutting down and abandoning module Layers (402)
[2017.10.11-12.39.55:336][605]LogModuleManager: Shutting down and abandoning module ComponentVisualizers (400)
[2017.10.11-12.39.55:336][605]LogModuleManager: Shutting down and abandoning module DetailCustomizations (398)
[2017.10.11-12.39.55:336][605]LogModuleManager: Shutting down and abandoning module PackagesDialog (396)
[2017.10.11-12.39.55:336][605]LogModuleManager: Shutting down and abandoning module Persona (394)
[2017.10.11-12.39.55:336][605]LogModuleManager: Shutting down and abandoning module AdvancedPreviewScene (393)
[2017.10.11-12.39.55:336][605]LogModuleManager: Shutting down and abandoning module AnimGraph (391)
[2017.10.11-12.39.55:336][605]LogModuleManager: Shutting down and abandoning module Kismet (388)
[2017.10.11-12.39.55:343][605]LogModuleManager: Shutting down and abandoning module ClassViewer (386)
[2017.10.11-12.39.55:343][605]LogModuleManager: Shutting down and abandoning module Toolbox (384)
[2017.10.11-12.39.55:343][605]LogModuleManager: Shutting down and abandoning module ModuleUI (382)
[2017.10.11-12.39.55:343][605]LogModuleManager: Shutting down and abandoning module MovieSceneTools (380)
[2017.10.11-12.39.55:343][605]LogModuleManager: Shutting down and abandoning module OutputLog (378)
[2017.10.11-12.39.55:343][605]LogModuleManager: Shutting down and abandoning module GammaUI (376)
[2017.10.11-12.39.55:343][605]LogModuleManager: Shutting down and abandoning module Documentation (374)
[2017.10.11-12.39.55:344][605]LogModuleManager: Shutting down and abandoning module MovieSceneTracks (372)
[2017.10.11-12.39.55:344][605]LogModuleManager: Shutting down and abandoning module MovieScene (370)
[2017.10.11-12.39.55:344][605]LogModuleManager: Shutting down and abandoning module Niagara (368)
[2017.10.11-12.39.55:344][605]LogModuleManager: Shutting down and abandoning module NiagaraEditor (367)
[2017.10.11-12.39.55:344][605]LogModuleManager: Shutting down and abandoning module StreamingPauseRendering (364)
[2017.10.11-12.39.55:344][605]LogModuleManager: Shutting down and abandoning module LauncherPlatform (362)
[2017.10.11-12.39.55:344][605]LogModuleManager: Shutting down and abandoning module AnalyticsET (360)
[2017.10.11-12.39.55:344][605]LogModuleManager: Shutting down and abandoning module PortalServices (358)
[2017.10.11-12.39.55:344][605]LogModuleManager: Shutting down and abandoning module PortalRpc (356)
[2017.10.11-12.39.55:344][605]LogModuleManager: Shutting down and abandoning module MessagingRpc (354)
[2017.10.11-12.39.55:344][605]LogModuleManager: Shutting down and abandoning module AIModule (352)
[2017.10.11-12.39.55:344][605]LogModuleManager: Shutting down and abandoning module GameplayDebugger (351)
[2017.10.11-12.39.55:344][605]LogModuleManager: Shutting down and abandoning module AITestSuite (349)
[2017.10.11-12.39.55:344][605]LogModuleManager: Shutting down and abandoning module ProfilerService (346)
[2017.10.11-12.39.55:431][605]LogModuleManager: Shutting down and abandoning module TaskGraph (344)
[2017.10.11-12.39.55:431][605]LogModuleManager: Shutting down and abandoning module RunebergVRPlugin (342)
[2017.10.11-12.39.55:431][605]LogModuleManager: Shutting down and abandoning module SynthesisEditor (340)
[2017.10.11-12.39.55:431][605]LogModuleManager: Shutting down and abandoning module Synthesis (338)
[2017.10.11-12.39.55:457][605]LogModuleManager: Shutting down and abandoning module SteamVRController (336)
[2017.10.11-12.39.55:457][605]LogModuleManager: Shutting down and abandoning module SoundVisualizations (334)
[2017.10.11-12.39.55:457][605]LogModuleManager: Shutting down and abandoning module SoundUtilitiesEditor (332)
[2017.10.11-12.39.55:457][605]LogModuleManager: Shutting down and abandoning module SoundUtilities (330)
[2017.10.11-12.39.55:457][605]LogModuleManager: Shutting down and abandoning module ProceduralMeshComponentEditor (328)
[2017.10.11-12.39.55:457][605]LogModuleManager: Shutting down and abandoning module ProceduralMeshComponent (326)
[2017.10.11-12.39.55:457][605]LogModuleManager: Shutting down and abandoning module OculusInput (324)
[2017.10.11-12.39.55:457][605]LogModuleManager: Shutting down and abandoning module MobilePatchingUtils (322)
[2017.10.11-12.39.55:457][605]LogModuleManager: Shutting down and abandoning module CustomMeshComponent (320)
[2017.10.11-12.39.55:457][605]LogModuleManager: Shutting down and abandoning module CableComponent (318)
[2017.10.11-12.39.55:457][605]LogModuleManager: Shutting down and abandoning module ArchVisCharacter (316)
[2017.10.11-12.39.55:457][605]LogModuleManager: Shutting down and abandoning module AndroidPermission (314)
[2017.10.11-12.39.55:457][605]LogModuleManager: Shutting down and abandoning module MediaPlayerEditor (310)
[2017.10.11-12.39.55:457][605]LogModuleManager: Shutting down and abandoning module HTML5Networking (308)
[2017.10.11-12.39.55:457][605]LogModuleManager: Shutting down and abandoning module AlembicImporter (306)
[2017.10.11-12.39.55:457][605]LogModuleManager: Shutting down and abandoning module AlembicLibrary (305)
[2017.10.11-12.39.55:457][605]LogModuleManager: Shutting down and abandoning module GeometryCache (304)
[2017.10.11-12.39.55:457][605]LogModuleManager: Shutting down and abandoning module GeometryCacheEd (303)
[2017.10.11-12.39.55:457][605]LogModuleManager: Shutting down and abandoning module SpeedTreeImporter (298)
[2017.10.11-12.39.55:457][605]LogModuleManager: Shutting down and abandoning module PluginBrowser (296)
[2017.10.11-12.39.55:457][605]LogModuleManager: Shutting down and abandoning module MobileLauncherProfileWizard (294)
[2017.10.11-12.39.55:457][605]LogModuleManager: Shutting down and abandoning module VisualStudioSourceCodeAccess (292)
[2017.10.11-12.39.55:457][605]LogModuleManager: Shutting down and abandoning module DesktopPlatform (291)
[2017.10.11-12.39.55:457][605]LogModuleManager: Shutting down and abandoning module UObjectPlugin (288)
[2017.10.11-12.39.55:457][605]LogModuleManager: Shutting down and abandoning module SubversionSourceControl (286)
[2017.10.11-12.39.55:457][605]LogModuleManager: Shutting down and abandoning module PerforceSourceControl (284)
[2017.10.11-12.39.55:457][605]LogModuleManager: Shutting down and abandoning module GitSourceControl (282)
[2017.10.11-12.39.55:457][605]LogModuleManager: Shutting down and abandoning module SourceControl (281)
[2017.10.11-12.39.55:457][605]LogModuleManager: Shutting down and abandoning module LightPropagationVolumeEditor (278)
[2017.10.11-12.39.55:457][605]LogModuleManager: Shutting down and abandoning module PaperTiledImporter (276)
[2017.10.11-12.39.55:457][605]LogModuleManager: Shutting down and abandoning module PaperSpriteSheetImporter (274)
[2017.10.11-12.39.55:457][605]LogModuleManager: Shutting down and abandoning module Paper2DEditor (272)
[2017.10.11-12.39.55:457][605]LogModuleManager: Shutting down and abandoning module MeshPaint (271)
[2017.10.11-12.39.55:458][605]LogModuleManager: Shutting down and abandoning module LevelEditor (269)
[2017.10.11-12.39.55:458][605]LogModuleManager: Shutting down and abandoning module PixelInspectorModule (268)
[2017.10.11-12.39.55:458][605]LogModuleManager: Shutting down and abandoning module MainFrame (266)
[2017.10.11-12.39.55:458][605]LogModuleManager: Shutting down and abandoning module HotReload (265)
[2017.10.11-12.39.55:458][605]LogDirectoryWatcher: A directory notification for 'C:/Users/croche2574/Documents/Unreal Projects/SwordVR/Plugins/Marketplace/RunebergVRPlugin-master/Plugins/RunebergVRPlugin/Binaries/Win64' was aborted.
[2017.10.11-12.39.55:459][605]LogModuleManager: Shutting down and abandoning module RuntimePhysXCooking (260)
[2017.10.11-12.39.55:459][605]LogModuleManager: Shutting down and abandoning module PhysXVehiclesEditor (258)
[2017.10.11-12.39.55:459][605]LogModuleManager: Shutting down and abandoning module PhysXVehicles (256)
[2017.10.11-12.39.55:459][605]LogModuleManager: Shutting down and abandoning module OculusEditor (254)
[2017.10.11-12.39.55:459][605]LogModuleManager: Shutting down and abandoning module LocationServicesBPLibrary (252)
[2017.10.11-12.39.55:459][605]LogModuleManager: Shutting down and abandoning module ImmediatePhysicsEditor (250)
[2017.10.11-12.39.55:459][605]LogModuleManager: Shutting down and abandoning module ImmediatePhysics (248)
[2017.10.11-12.39.55:459][605]LogModuleManager: Shutting down and abandoning module UdpMessaging (246)
[2017.10.11-12.39.55:560][605]LogModuleManager: Shutting down and abandoning module TcpMessaging (244)
[2017.10.11-12.39.55:660][605]LogModuleManager: Shutting down and abandoning module GameplayTagsEditor (242)
[2017.10.11-12.39.55:660][605]LogModuleManager: Shutting down and abandoning module FacialAnimationEditor (240)
[2017.10.11-12.39.55:660][605]LogModuleManager: Shutting down and abandoning module FacialAnimation (238)
[2017.10.11-12.39.55:660][605]LogModuleManager: Shutting down and abandoning module AssetManagerEditor (236)
[2017.10.11-12.39.55:661][605]LogModuleManager: Shutting down and abandoning module GraphEditor (235)
[2017.10.11-12.39.55:661][605]LogModuleManager: Shutting down and abandoning module ContentBrowser (233)
[2017.10.11-12.39.55:662][605]LogModuleManager: Shutting down and abandoning module LightPropagationVolumeRuntime (230)
[2017.10.11-12.39.55:662][605]LogModuleManager: Shutting down and abandoning module Paper2D (228)
[2017.10.11-12.39.55:662][605]LogModuleManager: Shutting down and abandoning module WindowsMoviePlayer (226)
[2017.10.11-12.39.55:662][605]LogModuleManager: Shutting down and abandoning module WmfMedia (224)
[2017.10.11-12.39.55:662][605]LogModuleManager: Shutting down and abandoning module PacketHandler (222)
[2017.10.11-12.39.55:662][605]LogModuleManager: Shutting down and abandoning module ClothingSystemEditor (220)
[2017.10.11-12.39.55:662][605]LogModuleManager: Shutting down and abandoning module ClothingSystemRuntime (218)
[2017.10.11-12.39.55:662][605]LogModuleManager: Shutting down and abandoning module Overlay (216)
[2017.10.11-12.39.55:662][605]LogModuleManager: Shutting down and abandoning module OverlayEditor (215)
[2017.10.11-12.39.55:662][605]LogModuleManager: Shutting down and abandoning module MediaAssets (212)
[2017.10.11-12.39.55:662][605]LogModuleManager: Shutting down and abandoning module VREditor (210)
[2017.10.11-12.39.55:662][605]LogModuleManager: Shutting down and abandoning module StringTableEditor (208)
[2017.10.11-12.39.55:662][605]LogModuleManager: Shutting down and abandoning module GameplayTasksEditor (206)
[2017.10.11-12.39.55:662][605]LogModuleManager: Shutting down and abandoning module BehaviorTreeEditor (204)
[2017.10.11-12.39.55:662][605]LogModuleManager: Shutting down and abandoning module FunctionalTesting (202)
[2017.10.11-12.39.55:662][605]LogModuleManager: Shutting down and abandoning module CollisionAnalyzer (200)
[2017.10.11-12.39.55:662][605]LogModuleManager: Shutting down and abandoning module WorkspaceMenuStructure (199)
[2017.10.11-12.39.55:662][605]LogModuleManager: Shutting down and abandoning module UMG (196)
[2017.10.11-12.39.55:662][605]LogModuleManager: Shutting down and abandoning module UMGEditor (195)
[2017.10.11-12.39.55:662][605]LogModuleManager: Shutting down and abandoning module Sequencer (194)
[2017.10.11-12.39.55:662][605]LogModuleManager: Shutting down and abandoning module MessageLog (191)
[2017.10.11-12.39.55:662][605]LogModuleManager: Shutting down and abandoning module SlateReflector (186)
[2017.10.11-12.39.55:663][605]LogModuleManager: Shutting down and abandoning module Slate (184)
[2017.10.11-12.39.55:663][605]LogModuleManager: Shutting down and abandoning module EditorStyle (182)
[2017.10.11-12.39.55:664][605]LogModuleManager: Shutting down and abandoning module MRMesh (180)
[2017.10.11-12.39.55:664][605]LogModuleManager: Shutting down and abandoning module SourceCodeAccess (178)
[2017.10.11-12.39.55:664][605]LogModuleManager: Shutting down and abandoning module HeadMountedDisplay (176)
[2017.10.11-12.39.55:664][605]LogModuleManager: Shutting down and abandoning module XAudio2 (174)
[2017.10.11-12.39.55:665][605]LogModuleManager: Shutting down and abandoning module Networking (172)
[2017.10.11-12.39.55:665][605]LogModuleManager: Shutting down and abandoning module Core (168)
[2017.10.11-12.39.55:665][605]LogModuleManager: Shutting down and abandoning module KismetCompiler (164)
[2017.10.11-12.39.55:665][605]LogModuleManager: Shutting down and abandoning module LevelSequence (162)
[2017.10.11-12.39.55:665][605]LogModuleManager: Shutting down and abandoning module MeshUtilities (160)
[2017.10.11-12.39.55:665][605]LogModuleManager: Shutting down and abandoning module MeshMergeUtilities (159)
[2017.10.11-12.39.55:665][605]LogModuleManager: Shutting down and abandoning module MeshReductionInterface (158)
[2017.10.11-12.39.55:665][605]LogModuleManager: Shutting down and abandoning module SimplygonSwarm (157)
[2017.10.11-12.39.55:665][605]LogModuleManager: Shutting down and abandoning module SimplygonMeshReduction (155)
[2017.10.11-12.39.55:665][605]LogModuleManager: Shutting down and abandoning module QuadricMeshReduction (153)
[2017.10.11-12.39.55:665][605]LogModuleManager: Shutting down and abandoning module MaterialBaking (149)
[2017.10.11-12.39.55:665][605]LogModuleManager: Shutting down and abandoning module DirectoryWatcher (146)
[2017.10.11-12.39.55:666][605]LogModuleManager: Shutting down and abandoning module DerivedDataCache (144)
[2017.10.11-12.39.55:703][605]LogDerivedDataCache: Shutdown
[2017.10.11-12.39.55:703][605]LogModuleManager: Shutting down and abandoning module TargetPlatform (142)
[2017.10.11-12.39.55:703][605]LogModuleManager: Shutting down and abandoning module VulkanShaderFormat (141)
[2017.10.11-12.39.55:703][605]LogModuleManager: Shutting down and abandoning module ShaderFormatVectorVM (139)
[2017.10.11-12.39.55:703][605]LogModuleManager: Shutting down and abandoning module ShaderFormatOpenGL (137)
[2017.10.11-12.39.55:703][605]LogModuleManager: Shutting down and abandoning module ShaderFormatD3D (135)
[2017.10.11-12.39.55:703][605]LogModuleManager: Shutting down and abandoning module MetalShaderFormat (133)
[2017.10.11-12.39.55:703][605]LogModuleManager: Shutting down and abandoning module TextureFormatUncompressed (131)
[2017.10.11-12.39.55:703][605]LogModuleManager: Shutting down and abandoning module TextureFormatPVR (129)
[2017.10.11-12.39.55:703][605]LogModuleManager: Shutting down and abandoning module TextureFormatDXT (127)
[2017.10.11-12.39.55:703][605]LogModuleManager: Shutting down and abandoning module TextureFormatIntelISPCTexComp (125)
[2017.10.11-12.39.55:703][605]LogModuleManager: Shutting down and abandoning module TextureFormatASTC (123)
[2017.10.11-12.39.55:703][605]LogModuleManager: Shutting down and abandoning module ImageWrapper (122)
[2017.10.11-12.39.55:703][605]LogModuleManager: Shutting down and abandoning module TextureFormatAndroid (119)
[2017.10.11-12.39.55:703][605]LogModuleManager: Shutting down and abandoning module AudioFormatOpus (117)
[2017.10.11-12.39.55:703][605]LogModuleManager: Shutting down and abandoning module AudioFormatOgg (115)
[2017.10.11-12.39.55:703][605]LogModuleManager: Shutting down and abandoning module AudioFormatADPCM (113)
[2017.10.11-12.39.55:703][605]LogModuleManager: Shutting down and abandoning module LinuxTargetPlatform (111)
[2017.10.11-12.39.55:703][605]LogModuleManager: Shutting down and abandoning module LinuxServerTargetPlatform (109)
[2017.10.11-12.39.55:703][605]LogModuleManager: Shutting down and abandoning module LinuxNoEditorTargetPlatform (107)
[2017.10.11-12.39.55:703][605]LogModuleManager: Shutting down and abandoning module LinuxClientTargetPlatform (105)
[2017.10.11-12.39.55:703][605]LogModuleManager: Shutting down and abandoning module TVOSTargetPlatform (103)
[2017.10.11-12.39.55:703][605]LogModuleManager: Shutting down and abandoning module Messaging (101)
[2017.10.11-12.39.55:703][605]LogModuleManager: Shutting down and abandoning module IOSTargetPlatform (99)
[2017.10.11-12.39.55:703][605]LogModuleManager: Shutting down and abandoning module HTML5TargetPlatform (97)
[2017.10.11-12.39.55:703][605]LogModuleManager: Shutting down and abandoning module Android_PVRTCTargetPlatform (95)
[2017.10.11-12.39.55:703][605]LogModuleManager: Shutting down and abandoning module Android_MultiTargetPlatform (93)
[2017.10.11-12.39.55:703][605]LogModuleManager: Shutting down and abandoning module Android_ETC2TargetPlatform (91)
[2017.10.11-12.39.55:703][605]LogModuleManager: Shutting down and abandoning module Android_ETC1TargetPlatform (89)
[2017.10.11-12.39.55:703][605]LogModuleManager: Shutting down and abandoning module Android_DXTTargetPlatform (87)
[2017.10.11-12.39.55:703][605]LogModuleManager: Shutting down and abandoning module Android_ATCTargetPlatform (85)
[2017.10.11-12.39.55:703][605]LogModuleManager: Shutting down and abandoning module Android_ASTCTargetPlatform (83)
[2017.10.11-12.39.55:703][605]LogModuleManager: Shutting down and abandoning module AndroidTargetPlatform (81)
[2017.10.11-12.39.55:703][605]LogModuleManager: Shutting down and abandoning module WindowsTargetPlatform (79)
[2017.10.11-12.39.55:703][605]LogModuleManager: Shutting down and abandoning module WindowsServerTargetPlatform (77)
[2017.10.11-12.39.55:703][605]LogModuleManager: Shutting down and abandoning module WindowsNoEditorTargetPlatform (75)
[2017.10.11-12.39.55:703][605]LogModuleManager: Shutting down and abandoning module WindowsClientTargetPlatform (73)
[2017.10.11-12.39.55:703][605]LogModuleManager: Shutting down and abandoning module MacTargetPlatform (71)
[2017.10.11-12.39.55:703][605]LogModuleManager: Shutting down and abandoning module MacServerTargetPlatform (69)
[2017.10.11-12.39.55:703][605]LogModuleManager: Shutting down and abandoning module MacNoEditorTargetPlatform (67)
[2017.10.11-12.39.55:703][605]LogModuleManager: Shutting down and abandoning module MacClientTargetPlatform (65)
[2017.10.11-12.39.55:703][605]LogModuleManager: Shutting down and abandoning module AllDesktopTargetPlatform (63)
[2017.10.11-12.39.55:703][605]LogModuleManager: Shutting down and abandoning module InputCore (60)
[2017.10.11-12.39.55:703][605]LogModuleManager: Shutting down and abandoning module Settings (58)
[2017.10.11-12.39.55:703][605]LogModuleManager: Shutting down and abandoning module PhysXCooking (56)
[2017.10.11-12.39.55:703][605]LogModuleManager: Shutting down and abandoning module SteamVR (54)
[2017.10.11-12.39.55:703][605]LogModuleManager: Shutting down and abandoning module OculusHMD (52)
[2017.10.11-12.39.55:704][605]LogModuleManager: Shutting down and abandoning module ExampleDeviceProfileSelector (50)
[2017.10.11-12.39.55:704][605]LogModuleManager: Shutting down and abandoning module OnlineBlueprintSupport (48)
[2017.10.11-12.39.55:704][605]LogModuleManager: Shutting down and abandoning module OnlineSubsystem (44)
[2017.10.11-12.39.55:704][605]LogOnline: Display: Unloading online subsystem: NULL
[2017.10.11-12.39.55:704][605]LogModuleManager: Shutting down and abandoning module XMPP (43)
[2017.10.11-12.39.55:704][605]LogModuleManager: Shutting down and abandoning module HTTP (41)
[2017.10.11-12.39.55:704][605]LogHttp: Display: Http module shutting down, but needs to wait on 1 outstanding Http requests:
[2017.10.11-12.39.55:704][605]LogHttp: Display: 	verb=[POST] url=[https://datarouter.ol.epicgames.com/datarouter/api/v1/public/data?SessionID=%7BAFABED5D-41CF-D7F9-A19A-60A33688F673%7D&AppID=UEEditor.Rocket.Release&AppVersion=4.17.1-3586342%2B%2B%2BUE4%2BRelease-4.17&UserID=2d17982343701310f2bb1fabc21e4b44%7C%7C12586e77-4266-4c82-b3f1-2966cd209827&AppEnvironment=datacollector-binary&UploadType=eteventstream] status=Processing
[2017.10.11-12.39.55:707][605]LogModuleManager: Shutting down and abandoning module SSL (40)
[2017.10.11-12.39.55:709][605]LogModuleManager: Shutting down and abandoning module AnimationModifiers (36)
[2017.10.11-12.39.55:709][605]LogModuleManager: Shutting down and abandoning module PropertyEditor (35)
[2017.10.11-12.39.55:709][605]LogModuleManager: Shutting down and abandoning module AudioEditor (32)
[2017.10.11-12.39.55:709][605]LogModuleManager: Shutting down and abandoning module TextureCompressor (30)
[2017.10.11-12.39.55:709][605]LogModuleManager: Shutting down and abandoning module ShaderCore (28)
[2017.10.11-12.39.55:709][605]LogModuleManager: Shutting down and abandoning module Landscape (26)
[2017.10.11-12.39.55:709][605]LogModuleManager: Shutting down and abandoning module SlateRHIRenderer (24)
[2017.10.11-12.39.55:710][605]LogModuleManager: Shutting down and abandoning module OpenGLDrv (22)
[2017.10.11-12.39.55:710][605]LogModuleManager: Shutting down and abandoning module D3D11RHI (20)
[2017.10.11-12.39.55:710][605]LogModuleManager: Shutting down and abandoning module AnimGraphRuntime (18)
[2017.10.11-12.39.55:710][605]LogModuleManager: Shutting down and abandoning module Renderer (16)
[2017.10.11-12.39.55:710][605]LogModuleManager: Shutting down and abandoning module Engine (14)
[2017.10.11-12.39.55:710][605]LogModuleManager: Shutting down and abandoning module CoreUObject (12)
[2017.10.11-12.39.55:710][605]LogModuleManager: Shutting down and abandoning module NetworkFile (10)
[2017.10.11-12.39.55:710][605]LogModuleManager: Shutting down and abandoning module CookedIterativeFile (8)
[2017.10.11-12.39.55:710][605]LogModuleManager: Shutting down and abandoning module StreamingFile (6)
[2017.10.11-12.39.55:710][605]LogModuleManager: Shutting down and abandoning module SandboxFile (4)
[2017.10.11-12.39.55:710][605]LogModuleManager: Shutting down and abandoning module PakFile (2)
[2017.10.11-12.39.55:713][605]LogExit: Exiting.
[2017.10.11-12.39.55:726][605]Log file closed, 10/11/17 08:39:55
