Log file open, 08/28/17 14:24:42
LogInit:Display: Running engine for game: SwordVR
LogPlatformFile: Not using cached read wrapper
LogInit:Display: RandInit(1541054128) SRandInit(1541054128).
LogTaskGraph: Started task graph with 5 named threads and 8 total threads with 1 sets of task threads.
LogStats: Stats thread started at 0.095075
LogInit: Using libcurl 7.47.1
LogInit:  - built for x86_64-pc-win32
LogInit:  - supports SSL with OpenSSL/1.0.2g
LogInit:  - supports HTTP deflate (compression) using libz 1.2.8
LogInit:  - other features:
LogInit:      CURL_VERSION_SSL
LogInit:      CURL_VERSION_LIBZ
LogInit:      CURL_VERSION_IPV6
LogInit:      CURL_VERSION_ASYNCHDNS
LogInit:      CURL_VERSION_LARGEFILE
LogInit:      CURL_VERSION_IDN
LogInit:  CurlRequestOptions (configurable via config and command line):
LogInit:  - bVerifyPeer = false  - Libcurl will NOT verify peer certificate
LogInit:  - bUseHttpProxy = false  - Libcurl will NOT use HTTP proxy
LogInit:  - bDontReuseConnections = false  - Libcurl will reuse connections
LogInit:  - CertBundlePath = nullptr  - Libcurl will use whatever was configured at build time.
LogInit: Build: ++UE4+Release-4.16-CL-3561208
LogInit: Engine Version: 4.16.3-3561208+++UE4+Release-4.16
LogInit: Compatible Engine Version: 4.16.0-3452394+++UE4+Release-4.16
LogInit: Net CL: 3452394
LogDevObjectVersion: Number of dev versions registered: 16
LogDevObjectVersion:   Dev-Blueprints (B0D832E4-1F89-4F0D-ACCF-7EB736FD4AA2): 9
LogDevObjectVersion:   Dev-Build (E1C64328-A22C-4D53-A36C-8E866417BD8C): 0
LogDevObjectVersion:   Dev-Core (375EC13C-06E4-48FB-B500-84F0262A717E): 2
LogDevObjectVersion:   Dev-Editor (E4B068ED-F494-42E9-A231-DA0B2E46BB41): 17
LogDevObjectVersion:   Dev-Framework (CFFC743F-43B0-4480-9391-14DF171D2073): 23
LogDevObjectVersion:   Dev-Mobile (B02B49B5-BB20-44E9-A304-32B752E40360): 0
LogDevObjectVersion:   Dev-Networking (A4E4105C-59A1-49B5-A7C5-40C4547EDFEE): 0
LogDevObjectVersion:   Dev-Online (39C831C9-5AE6-47DC-9A44-9C173E1C8E7C): 0
LogDevObjectVersion:   Dev-Physics (78F01B33-EBEA-4F98-B9B4-84EACCB95AA2): 0
LogDevObjectVersion:   Dev-Platform (6631380F-2D4D-43E0-8009-CF276956A95A): 0
LogDevObjectVersion:   Dev-Rendering (12F88B9F-8875-4AFC-A67C-D90C383ABD29): 15
LogDevObjectVersion:   Dev-Sequencer (7B5AE74C-D270-4C10-A958-57980B212A5A): 4
LogDevObjectVersion:   Dev-VR (D7296918-1DD6-4BDD-9DE2-64A83CC13884): 0
LogDevObjectVersion:   Dev-LoadTimes (C2A15278-BFE7-4AFE-6C17-90FF531DF755): 1
LogDevObjectVersion:   Private-Geometry (6EACA3D4-40EC-4CC1-B786-8BED09428FC5): 1
LogDevObjectVersion:   Dev-AnimPhys (29E575DD-E0A3-4627-9D10-D276232CDCEA): 3
LogInit: Compiled (64-bit): Jul 28 2017 11:49:47
LogInit: Compiled with Visual C++: 19.00.24215.01
LogInit: Build Configuration: Development
LogInit: Branch Name: ++UE4+Release-4.16
LogInit: Command line: -EpicPortal
LogInit: Base directory: F:/Unreal 4.16.2/UE_4.16/Engine/Binaries/Win64/
LogInit: Installed Engine Build: 1
LogInit: Presizing for max 8388607 objects, including 0 objects not considered by GC, pre-allocating 0 bytes for permanent pool.
LogInit: Object subsystem initialized
[2017.08.28-18.24.42:921][  0]LogInit: Selected Device Profile: [Windows]
[2017.08.28-18.24.42:921][  0]LogInit: Applying CVar settings loaded from the selected device profile: [Windows]
[2017.08.28-18.24.42:932][  0]LogInit: Computer: IST1022-14
[2017.08.28-18.24.42:932][  0]LogInit: User: croche2574
[2017.08.28-18.24.42:932][  0]LogInit: CPU Page size=4096, Cores=4
[2017.08.28-18.24.42:932][  0]LogInit: High frequency timer resolution =3.410073 MHz
[2017.08.28-18.24.42:932][  0]LogMemory: Memory total: Physical=31.9GB (32GB approx)
[2017.08.28-18.24.42:932][  0]LogMemory: Platform Memory Stats for Windows
[2017.08.28-18.24.42:932][  0]LogMemory: Process Physical Memory: 273.39 MB used, 273.39 MB peak
[2017.08.28-18.24.42:932][  0]LogMemory: Process Virtual Memory: 261.27 MB used, 261.27 MB peak
[2017.08.28-18.24.42:932][  0]LogMemory: Physical Memory: 9784.16 MB used,  22900.12 MB free, 32684.29 MB total
[2017.08.28-18.24.42:932][  0]LogMemory: Virtual Memory: 638.62 MB used,  22900.12 MB free, 134217728.00 MB total
[2017.08.28-18.24.43:000][  0]LogInit: Using OS detected language (en-US).
[2017.08.28-18.24.43:000][  0]LogInit: Using OS detected locale (en-US).
[2017.08.28-18.24.43:003][  0]LogTextLocalizationManager: No specific localization for 'en-US' exists, so the 'en' localization will be used.
[2017.08.28-18.24.43:994][  0]LogD3D11RHI: D3D11 adapters:
[2017.08.28-18.24.44:034][  0]LogD3D11RHI:    0. 'NVIDIA GeForce GTX 1080' (Feature Level 11_0)
[2017.08.28-18.24.44:034][  0]LogD3D11RHI:       8076/0/16342 MB DedicatedVideo/DedicatedSystem/SharedSystem, Outputs:2, VendorId:0x10de
[2017.08.28-18.24.44:035][  0]LogD3D11RHI:    1. 'Microsoft Basic Render Driver' (Feature Level 11_0)
[2017.08.28-18.24.44:035][  0]LogD3D11RHI:       0/0/16342 MB DedicatedVideo/DedicatedSystem/SharedSystem, Outputs:0, VendorId:0x1414
[2017.08.28-18.24.44:035][  0]LogD3D11RHI: Chosen D3D11 Adapter: 0
[2017.08.28-18.24.44:040][  0]LogD3D11RHI: Creating new Direct3DDevice
[2017.08.28-18.24.44:040][  0]LogD3D11RHI:     GPU DeviceId: 0x1b80 (for the marketing name, search the web for "GPU Device Id")
[2017.08.28-18.24.44:040][  0]LogWindows: EnumDisplayDevices:
[2017.08.28-18.24.44:040][  0]LogWindows:    0. 'NVIDIA GeForce GTX 1080' (P:1 D:1)
[2017.08.28-18.24.44:040][  0]LogWindows:    1. 'NVIDIA GeForce GTX 1080' (P:0 D:1)
[2017.08.28-18.24.44:040][  0]LogWindows:    2. 'NVIDIA GeForce GTX 1080' (P:0 D:0)
[2017.08.28-18.24.44:040][  0]LogWindows:    3. 'NVIDIA GeForce GTX 1080' (P:0 D:0)
[2017.08.28-18.24.44:040][  0]LogWindows: DebugString: FoundDriverCount:4 
[2017.08.28-18.24.44:040][  0]LogD3D11RHI:     Adapter Name: NVIDIA GeForce GTX 1080
[2017.08.28-18.24.44:040][  0]LogD3D11RHI:   Driver Version: 384.76 (internal:22.21.13.8476, unified:384.76)
[2017.08.28-18.24.44:041][  0]LogD3D11RHI:      Driver Date: 6-27-2017
[2017.08.28-18.24.44:041][  0]LogRHI: Texture pool is 1361 MB (70% of 1945 MB)
[2017.08.28-18.24.44:065][  0]LogD3D11RHI: Async texture creation enabled
[2017.08.28-18.24.44:076][  0]LogD3D11RHI: GPU Timing Frequency: 1000.000000 (Debug: 2 1)
[2017.08.28-18.24.44:123][  0]LogShaderCompilers: Guid format shader working directory is 6 characters bigger than the processId version (C:/Users/croche2574/Downloads/SwordVR/SwordVR/Intermediate/Shaders/WorkingDirectory/3664/).
[2017.08.28-18.24.44:123][  0]LogShaderCompilers: Cleaned the shader compiler working directory 'C:/Users/croche2574/AppData/Local/Temp/UnrealShaderWorkingDir/31FA53D14E0B7AC345EE6E955EAE0366/'.
[2017.08.28-18.24.44:123][  0]LogShaderCompilers:Display: Using Local Shader Compiler.
[2017.08.28-18.24.45:256][  0]LogTemp:Display: Loaded TP AllDesktopTargetPlatform
[2017.08.28-18.24.45:300][  0]LogTemp:Display: Loaded TP MacClientTargetPlatform
[2017.08.28-18.24.45:344][  0]LogTemp:Display: Loaded TP MacNoEditorTargetPlatform
[2017.08.28-18.24.45:387][  0]LogTemp:Display: Loaded TP MacServerTargetPlatform
[2017.08.28-18.24.45:432][  0]LogTemp:Display: Loaded TP MacTargetPlatform
[2017.08.28-18.24.45:476][  0]LogTemp:Display: Loaded TP WindowsClientTargetPlatform
[2017.08.28-18.24.45:519][  0]LogTemp:Display: Loaded TP WindowsNoEditorTargetPlatform
[2017.08.28-18.24.45:563][  0]LogTemp:Display: Loaded TP WindowsServerTargetPlatform
[2017.08.28-18.24.45:602][  0]LogTemp:Display: Loaded TP WindowsTargetPlatform
[2017.08.28-18.24.45:647][  0]LogTemp:Display: Loaded TP AndroidTargetPlatform
[2017.08.28-18.24.45:690][  0]LogTemp:Display: Loaded TP Android_ASTCTargetPlatform
[2017.08.28-18.24.45:755][  0]LogTemp:Display: Loaded TP Android_ATCTargetPlatform
[2017.08.28-18.24.45:815][  0]LogTemp:Display: Loaded TP Android_DXTTargetPlatform
[2017.08.28-18.24.45:857][  0]LogTemp:Display: Loaded TP Android_ETC1TargetPlatform
[2017.08.28-18.24.45:900][  0]LogTemp:Display: Loaded TP Android_ETC2TargetPlatform
[2017.08.28-18.24.45:986][  0]LogTemp:Display: Loaded TP Android_MultiTargetPlatform
[2017.08.28-18.24.45:986][  0]LogTemp:Display: Loaded TP Android_PVRTCTargetPlatform
[2017.08.28-18.24.46:020][  0]LogTemp:Display: Loaded TP HTML5TargetPlatform
[2017.08.28-18.24.46:105][  0]LogTemp:Display: Loaded TP IOSTargetPlatform
[2017.08.28-18.24.46:133][  0]LogTemp:Display: Loaded TP TVOSTargetPlatform
[2017.08.28-18.24.46:176][  0]LogTemp:Display: Loaded TP LinuxClientTargetPlatform
[2017.08.28-18.24.46:221][  0]LogTemp:Display: Loaded TP LinuxNoEditorTargetPlatform
[2017.08.28-18.24.46:278][  0]LogTemp:Display: Loaded TP LinuxServerTargetPlatform
[2017.08.28-18.24.46:341][  0]LogTemp:Display: Loaded TP LinuxTargetPlatform
[2017.08.28-18.24.46:342][  0]LogTargetPlatformManager:Display: Building Assets For Windows
[2017.08.28-18.24.46:763][  0]LogDerivedDataCache:Display: Max Cache Size: 512 MB
[2017.08.28-18.24.46:895][  0]LogDerivedDataCache: Loaded boot cache 0.13s 90MB C:/Users/croche2574/AppData/Local/UnrealEngine/4.16/DerivedDataCache/Boot.ddc.
[2017.08.28-18.24.46:895][  0]LogDerivedDataCache:Display: Loaded Boot cache: C:/Users/croche2574/AppData/Local/UnrealEngine/4.16/DerivedDataCache/Boot.ddc
[2017.08.28-18.24.46:895][  0]LogDerivedDataCache: FDerivedDataBackendGraph:  Pak pak cache file C:/Users/croche2574/Downloads/SwordVR/SwordVR/DerivedDataCache/DDC.ddp not found, will not use a pak cache.
[2017.08.28-18.24.46:896][  0]LogDerivedDataCache: Unable to find inner node Pak for hierarchical cache Hierarchy.
[2017.08.28-18.24.46:896][  0]LogDerivedDataCache: FDerivedDataBackendGraph:  CompressedPak pak cache file C:/Users/croche2574/Downloads/SwordVR/SwordVR/DerivedDataCache/Compressed.ddp not found, will not use a pak cache.
[2017.08.28-18.24.46:896][  0]LogDerivedDataCache: Unable to find inner node CompressedPak for hierarchical cache Hierarchy.
[2017.08.28-18.24.46:913][  0]LogDerivedDataCache:Display: Pak cache opened for reading ../../../Engine/DerivedDataCache/Compressed.ddp.
[2017.08.28-18.24.46:925][  0]LogDerivedDataCache: Using Local data cache path C:/Users/croche2574/AppData/Local/UnrealEngine/Common/DerivedDataCache: Writable
[2017.08.28-18.24.46:936][  0]LogMaterial: Verifying Global Shaders for PCD3D_SM5
[2017.08.28-18.24.46:936][  0]LogSlate: Using Freetype 2.6.0
[2017.08.28-18.24.46:937][  0]LogSlate: SlateFontCache - WITH_FREETYPE: 1, WITH_HARFBUZZ: 1
[2017.08.28-18.24.46:937][  0]LogSlate: SlateFontCache - WITH_FREETYPE: 1, WITH_HARFBUZZ: 1
[2017.08.28-18.24.47:257][  0]LogInit: Selected Device Profile: [Windows]
[2017.08.28-18.24.47:349][  0]LogContentStreaming: Texture pool size is 0.00 MB
[2017.08.28-18.24.47:522][  0]LogMeshUtilities: Using QuadricMeshReduction for automatic static mesh reduction
[2017.08.28-18.24.47:560][  0]LogSimplygon: Simplygon DLL not present - disabling.
[2017.08.28-18.24.47:598][  0]LogMeshUtilities: Using SimplygonSwarm for distributed automatic mesh merging
[2017.08.28-18.24.47:598][  0]LogMeshUtilities: No automatic skeletal mesh reduction module available
[2017.08.28-18.24.47:598][  0]LogMeshUtilities: No automatic mesh merging module available
[2017.08.28-18.24.48:170][  0]LogNetVersion: SwordVR , NetCL: 3452394, EngineNetVer: 2, GameNetVer: 0 (Checksum: 1496206902)
[2017.08.28-18.24.48:228][  0]LogAssetRegistry: FAssetRegistry took 0.0251 seconds to start up
[2017.08.28-18.24.48:313][  0]LogPackageLocalizationCache: Processed 6 localized package path(s) for 2 prioritized culture(s) in 0.062492 seconds
[2017.08.28-18.24.48:319][  0]LogUObjectArray: 34194 objects as part of root set at end of initial load.
[2017.08.28-18.24.48:319][  0]LogUObjectAllocator: 7260424 out of 0 bytes used by permanent object pool.
[2017.08.28-18.24.48:319][  0]LogUObjectArray: CloseDisregardForGC: 0/0 objects in disregard for GC pool
[2017.08.28-18.24.48:371][  0]LogInit: WinSock: version 1.1 (2.2), MaxSocks=32767, MaxUdp=65467
[2017.08.28-18.24.50:707][  0]LogTcpMessaging: Initializing TcpMessaging bridge
[2017.08.28-18.24.50:741][  0]LogUdpMessaging: Initializing bridge on interface 0.0.0.0:0 to multicast group 230.0.0.1:6666.
[2017.08.28-18.24.51:247][  0]LogMaterial: Uniform references updated for custom material expression Custom.
[2017.08.28-18.24.51:615][  0]SourceControl: Info Source control is disabled
[2017.08.28-18.24.51:669][  0]SourceControl: Info Source control is disabled
[2017.08.28-18.24.51:745][  0]SourceControl: Info Source control is disabled
[2017.08.28-18.24.51:797][  0]SourceControl: Info Source control is disabled
[2017.08.28-18.24.52:613][  0]LogAndroidPermission: UAndroidPermissionCallbackProxy::GetInstance
[2017.08.28-18.24.53:175][  0]LogEngine: Initializing Engine...
[2017.08.28-18.24.53:744][  0]LogHMD: SteamVR initialized.  Driver: lighthouse  Display: LHR-3D9A73B8
[2017.08.28-18.24.53:988][  0]LogStats: UGameplayTagsManager::ConstructGameplayTagTree: Construct from data asset -  0.000 s
[2017.08.28-18.24.53:988][  0]LogStats: UGameplayTagsManager::ConstructGameplayTagTree: GameplayTagTreeChangedEvent.Broadcast -  0.000 s
[2017.08.28-18.24.54:090][  0]LogAIModule: Creating AISystem for world Untitled
[2017.08.28-18.24.54:107][  0]LogInit: XAudio2 using 'Speakers (7- HTC Vive)' : 2 channels at 44.1 kHz using 16 bits per sample (channel mask 0x3)
[2017.08.28-18.24.54:117][  0]LogInit: FAudioDevice initialized.
[2017.08.28-18.24.54:164][  0]LogDerivedDataCache: Saved boot cache 0.05s 90MB C:/Users/croche2574/AppData/Local/UnrealEngine/4.16/DerivedDataCache/Boot.ddc.
[2017.08.28-18.24.54:175][  0]LogInit: Texture streaming: Enabled
[2017.08.28-18.24.54:251][  0]LogEngineSessionManager: EngineSessionManager initialized
[2017.08.28-18.24.54:251][  0]LogEngineSessionManager: EngineSessionManager sent abnormal shutdown report. Type=Crashed, SessionId={4C829DD9-4E3C-4058-C36C-A0A5AE09D964}
[2017.08.28-18.24.54:483][  0]LogInit: Transaction tracking system initialized
[2017.08.28-18.24.54:722][  0]BlueprintLog: New page: Editor Load
[2017.08.28-18.24.55:509][  0]LocalizationService: Info Localization service is disabled
[2017.08.28-18.24.56:088][  0]LogConsoleResponse:Display: 
[2017.08.28-18.24.56:214][  0]LogCook:Display: Max memory allowance for cook 16384mb min free memory 0mb
[2017.08.28-18.24.56:214][  0]LogCook:Display: Mobile HDR setting 1
[2017.08.28-18.24.57:003][  0]LogFileCache: Scanning file cache for directory 'C:/Users/croche2574/Downloads/SwordVR/SwordVR/Content/' took 0.01s
[2017.08.28-18.24.57:040][  0]SourceControl: Info Source control is disabled
[2017.08.28-18.24.57:114][  0]LogWindowsTextInputMethodSystem:Display: IME system now deactivated.
[2017.08.28-18.24.57:142][  0]LogSlate: Took 0.000259 seconds to synchronously load lazily loaded font '../../../Engine/Content/Slate/Fonts/Roboto-Regular.ttf' (155K)
[2017.08.28-18.25.07:381][  0]LogWindowsTextInputMethodSystem:Display: IME system now deactivated.
[2017.08.28-18.25.07:383][  0]LogWindowsTextInputMethodSystem:Display: IME system now deactivated.
[2017.08.28-18.25.08:710][  0]LogWindowsTextInputMethodSystem:Display: IME system now deactivated.
[2017.08.28-18.25.08:711][  0]LogWindowsTextInputMethodSystem:Display: IME system now deactivated.
[2017.08.28-18.25.08:732][  0]Cmd: MAP LOAD FILE="../../../Engine/Content/Maps/Templates/Template_Default.umap" TEMPLATE=1 SHOWPROGRESS=1 FEATURELEVEL=3
[2017.08.28-18.25.08:732][  0]LightingResults: New page: Lighting Build
[2017.08.28-18.25.08:770][  0]MapCheck: New page: Map Check
[2017.08.28-18.25.08:770][  0]LightingResults: New page: Lighting Build
[2017.08.28-18.25.08:974][  0]LogAIModule: Creating AISystem for world Untitled_1
[2017.08.28-18.25.08:975][  0]LogActorComponent: RegisterComponentWithWorld: (/Temp/Untitled_1.Untitled_1:PersistentLevel.WorldSettings_1.StaticMeshComponent0) Trying to register component with IsPendingKill() == true. Aborting.
[2017.08.28-18.25.08:980][  0]LogEditorServer: Finished looking for orphan Actors (0.000 secs)
[2017.08.28-18.25.09:003][  0]Cmd: MAP CHECKDEP NOCLEARLOG
[2017.08.28-18.25.09:061][  0]MapCheck: Info Map check complete: 0 Error(s), 0 Warning(s), took 58.191ms to complete.
[2017.08.28-18.25.09:061][  0]LogFileHelpers: Loading map 'Template_Default' took 0.329
[2017.08.28-18.25.09:158][  0]LogStats:Warning: MetaData mismatch. Did you assign a stat to two groups? New //STATGROUP_Threads//SplashScreenThread///Thread_ea4_0///####STATCAT_Advanced#### old //STATGROUP_Threads//SplashScreenThread///Thread_1994_0///####STATCAT_Advanced####
[2017.08.28-18.25.09:158][  0]LogCollectionManager: Loaded 0 collections in 0.000986 seconds
[2017.08.28-18.25.09:233][  0]LogFileCache: Scanning file cache for directory 'C:/Users/croche2574/Downloads/SwordVR/SwordVR/Saved/Collections/' took 0.01s
[2017.08.28-18.25.09:233][  0]LogFileCache: Scanning file cache for directory 'C:/Users/croche2574/Downloads/SwordVR/SwordVR/Content/Developers/croche2574/Collections/' took 0.01s
[2017.08.28-18.25.09:233][  0]LogFileCache: Scanning file cache for directory 'C:/Users/croche2574/Downloads/SwordVR/SwordVR/Content/Collections/' took 0.01s
[2017.08.28-18.25.09:233][  0]LogCollectionManager: Rebuilt the GUID cache for 0 collections in 0.000002 seconds
[2017.08.28-18.25.09:242][  0]LogContentBrowser: Native class hierarchy populated in 0.0089 seconds. Added 2342 classes and 497 folders.
[2017.08.28-18.25.09:293][  0]LogContentBrowser: Native class hierarchy updated for 'WidgetCarousel' in 0.0006 seconds. Added 0 classes and 0 folders.
[2017.08.28-18.25.09:328][  0]LogContentBrowser: Native class hierarchy updated for 'AddContentDialog' in 0.0006 seconds. Added 0 classes and 0 folders.
[2017.08.28-18.25.09:365][  0]LogContentBrowser: Native class hierarchy updated for 'SceneOutliner' in 0.0008 seconds. Added 1 classes and 2 folders.
[2017.08.28-18.25.09:400][  0]LogCrashTracker: Crashtracker disabled due to settings.
[2017.08.28-18.25.09:405][  0]LogSlate: Took 0.000193 seconds to synchronously load lazily loaded font '../../../Engine/Content/Slate/Fonts/Roboto-Bold.ttf' (160K)
[2017.08.28-18.25.09:409][  0]LogSlate: Took 0.000241 seconds to synchronously load lazily loaded font '../../../Engine/Content/Editor/Slate/Fonts/FontAwesome.ttf' (139K)
[2017.08.28-18.25.09:505][  0]LogRenderer: Reallocating scene render targets to support 1616x916 NumSamples 1 (Frame:1).
[2017.08.28-18.25.09:708][  0]LogContentBrowser: Native class hierarchy updated for 'HierarchicalLODOutliner' in 0.0005 seconds. Added 1 classes and 2 folders.
[2017.08.28-18.25.09:708][  0]LogLoad: (Engine Initialization) Total time: 28.39 seconds
[2017.08.28-18.25.09:708][  0]LogLoad: (Engine Initialization) Total Blueprint compile time: 0.08 seconds
[2017.08.28-18.25.09:708][  0]LogExternalProfiler: Found external profiler: VSPerf
[2017.08.28-18.25.09:708][  0]LogExternalProfiler: Using external profiler: VSPerf
[2017.08.28-18.25.09:717][  0]LogOcInput: OculusInput pre-init called
[2017.08.28-18.25.09:717][  0]LogHMD: Starting GearVRController plugin
[2017.08.28-18.25.09:717][  0]LogSteamVRController: Controller role for device 3 is 1 (invalid=0, left=1, right=2).
[2017.08.28-18.25.09:717][  0]LogSteamVRController:Warning: Controller device 3 is being assigned to its prefered role 'left'.
[2017.08.28-18.25.09:717][  0]LogSteamVRController: Controller device 3 is being assigned unreal hand 0 (left=0, right=1).
[2017.08.28-18.25.09:717][  0]LogSteamVRController: Controller role for device 4 is 2 (invalid=0, left=1, right=2).
[2017.08.28-18.25.09:717][  0]LogSteamVRController: Putting controller 4 on the right hand because there is already a controller for the left.
[2017.08.28-18.25.09:717][  0]LogSteamVRController: Controller device 4 is being assigned unreal hand 1 (left=0, right=1).
[2017.08.28-18.25.09:731][  0]LogAssetRegistry: Asset discovery search completed in 21.5244 seconds
[2017.08.28-18.25.09:733][  0]LogCollectionManager: Rebuilt the object cache for 0 collections in 0.000001 seconds (found 0 objects)
[2017.08.28-18.25.09:733][  0]LogCollectionManager: Fixed up redirectors for 0 collections in 0.000031 seconds (updated 0 objects)
[2017.08.28-18.25.09:740][  0]LogContentStreaming: Texture pool size now 1000 MB
[2017.08.28-18.25.13:367][419]LogSlate: Took 0.000172 seconds to synchronously load lazily loaded font '../../../Engine/Content/Slate/Fonts/Roboto-Light.ttf' (159K)
[2017.08.28-18.25.13:397][419]LogAIModule: Creating AISystem for world synth_Level
[2017.08.28-18.25.13:414][419]Cmd: MAP LOAD FILE="C:/Users/croche2574/Downloads/SwordVR/SwordVR/Content/Maps/synth_Level.umap" TEMPLATE=0 SHOWPROGRESS=1 FEATURELEVEL=3
[2017.08.28-18.25.13:414][419]LightingResults: New page: Lighting Build
[2017.08.28-18.25.13:415][419]LoadErrors: New page: Loading map: synth_Level.umap
[2017.08.28-18.25.13:416][419]MapCheck: New page: Map Check
[2017.08.28-18.25.13:416][419]LightingResults: New page: Lighting Build
[2017.08.28-18.25.13:429][419]LogEditorServer: Finished looking for orphan Actors (0.000 secs)
[2017.08.28-18.25.13:463][419]Cmd: MAP CHECKDEP NOCLEARLOG
[2017.08.28-18.25.13:504][419]MapCheck: Info Map check complete: 0 Error(s), 0 Warning(s), took 40.125ms to complete.
[2017.08.28-18.25.13:504][419]LogFileHelpers: Loading map 'synth_Level' took 0.090
[2017.08.28-18.25.29:558][177]LogContentBrowser: Native class hierarchy updated for 'BlueprintGraph' in 0.0009 seconds. Added 112 classes and 0 folders.
[2017.08.28-18.25.30:145][177]LogSlate: Took 0.000241 seconds to synchronously load lazily loaded font '../../../Engine/Content/Slate/Fonts/Roboto-Regular.ttf' (155K)
[2017.08.28-18.25.30:222][177]LogSlate: Took 0.000478 seconds to synchronously load lazily loaded font '../../../Engine/Content/Editor/Slate/Fonts/Roboto-BoldCondensed.ttf' (158K)
[2017.08.28-18.25.31:785][267]LogSlate: Took 0.000232 seconds to synchronously load lazily loaded font '../../../Engine/Content/Editor/Slate/Fonts/Roboto-Italic.ttf' (157K)
[2017.08.28-18.25.54:195][614]BlueprintLog: New page: Compile MyRunebergVR_Pawn
[2017.08.28-18.25.55:961][708]Cmd: OBJ SAVEPACKAGE PACKAGE="/Game/MyRunebergVR_Pawn" FILE="C:/Users/croche2574/Downloads/SwordVR/SwordVR/Content/MyRunebergVR_Pawn.uasset" SILENT=true
[2017.08.28-18.25.56:111][708]LogSavePackage: Save=137.27ms
[2017.08.28-18.25.56:111][708]LogSavePackage: Moving 'C:/Users/croche2574/Downloads/SwordVR/SwordVR/Saved/MyRunebergVR_Pawn99381F5B4D04D042E25AE6970DCB3838.tmp' to 'C:/Users/croche2574/Downloads/SwordVR/SwordVR/Content/MyRunebergVR_Pawn.uasset'
[2017.08.28-18.25.56:114][708]LogSavePackage:Display: Finished SavePackage C:/Users/croche2574/Downloads/SwordVR/SwordVR/Content/MyRunebergVR_Pawn.uasset
[2017.08.28-18.25.58:016][825]LogTemp: Repeting last play command: VR Preview
[2017.08.28-18.25.58:059][825]LogPlayLevel: PlayLevel: No blueprints needed recompiling
[2017.08.28-18.25.58:060][825]PIE: New page: PIE session: synth_Level (Aug 28, 2017, 10:25:58 AM)
[2017.08.28-18.25.58:060][825]LogPlayLevel: Creating play world package: /Game/Maps/UEDPIE_0_synth_Level
[2017.08.28-18.25.58:064][825]LogPlayLevel: PIE: StaticDuplicateObject took: (0.004192s)
[2017.08.28-18.25.58:065][825]LogAIModule: Creating AISystem for world synth_Level
[2017.08.28-18.25.58:065][825]LogPlayLevel: PIE: World Init took: (0.000987s)
[2017.08.28-18.25.58:065][825]LogPlayLevel: PIE: Created PIE world by copying editor world from /Game/Maps/synth_Level.synth_Level to /Game/Maps/UEDPIE_0_synth_Level.synth_Level (0.005443s)
[2017.08.28-18.25.58:092][825]LogInit: XAudio2 using 'Speakers (7- HTC Vive)' : 2 channels at 44.1 kHz using 16 bits per sample (channel mask 0x3)
[2017.08.28-18.25.58:100][825]LogInit: FAudioDevice initialized.
[2017.08.28-18.25.58:234][825]LogLoad: Game class is 'VR_GameMode_C'
[2017.08.28-18.25.58:237][825]LogWorld: Bringing World /Game/Maps/UEDPIE_0_synth_Level.synth_Level up for play (max tick rate 0) at 2017.08.28-14.25.58
[2017.08.28-18.25.58:237][825]LogWorld: Bringing up level for play took: 0.001112
[2017.08.28-18.25.58:269][825]LogContentBrowser: Native class hierarchy updated for 'MovieSceneCapture' in 0.0007 seconds. Added 11 classes and 0 folders.
[2017.08.28-18.25.58:271][825]LogBlueprintUserMessages: [MyRunebergVR_Pawn_C_0] Actors Added
[2017.08.28-18.25.58:271][825]LogBlueprintUserMessages: [MyRunebergVR_Pawn_C_0] Actors Added
[2017.08.28-18.25.58:271][825]LogBlueprintUserMessages: [MyRunebergVR_Pawn_C_0] Actors Added
[2017.08.28-18.25.58:271][825]LogBlueprintUserMessages: [MyRunebergVR_Pawn_C_0] Actors Added
[2017.08.28-18.25.58:288][825]PIE: Info Play in editor start time for /Game/Maps/UEDPIE_0_synth_Level 0.214
[2017.08.28-18.25.58:335][826]LogRenderer: Reallocating scene render targets to support 3024x1680 NumSamples 1 (Frame:1).
[2017.08.28-18.26.46:851][162]Cmd: OBJ SAVEPACKAGE PACKAGE="/Game/Gesture_DB" FILE="C:/Users/croche2574/Downloads/SwordVR/SwordVR/Content/Gesture_DB.uasset" SILENT=true
[2017.08.28-18.26.46:863][162]LogSavePackage: Save=5.53ms
[2017.08.28-18.26.46:864][162]LogSavePackage: Moving 'C:/Users/croche2574/Downloads/SwordVR/SwordVR/Saved/Gesture_DB83AC61A243F46F5D061B769103FB046A.tmp' to 'C:/Users/croche2574/Downloads/SwordVR/SwordVR/Content/Gesture_DB.uasset'
[2017.08.28-18.26.46:865][162]LogSavePackage:Display: Finished SavePackage C:/Users/croche2574/Downloads/SwordVR/SwordVR/Content/Gesture_DB.uasset
[2017.08.28-18.26.53:136][856]LogTemp: Repeting last play command: VR Preview
[2017.08.28-18.26.53:154][856]LogPlayLevel: PlayLevel: No blueprints needed recompiling
[2017.08.28-18.26.53:154][856]PIE: New page: PIE session: synth_Level (Aug 28, 2017, 10:26:53 AM)
[2017.08.28-18.26.53:154][856]LogPlayLevel: Creating play world package: /Game/Maps/UEDPIE_0_synth_Level
[2017.08.28-18.26.53:158][856]LogPlayLevel: PIE: StaticDuplicateObject took: (0.004244s)
[2017.08.28-18.26.53:159][856]LogAIModule: Creating AISystem for world synth_Level
[2017.08.28-18.26.53:159][856]LogPlayLevel: PIE: World Init took: (0.000799s)
[2017.08.28-18.26.53:159][856]LogPlayLevel: PIE: Created PIE world by copying editor world from /Game/Maps/synth_Level.synth_Level to /Game/Maps/UEDPIE_0_synth_Level.synth_Level (0.005265s)
[2017.08.28-18.26.53:189][856]LogInit: XAudio2 using 'Speakers (7- HTC Vive)' : 2 channels at 44.1 kHz using 16 bits per sample (channel mask 0x3)
[2017.08.28-18.26.53:197][856]LogInit: FAudioDevice initialized.
[2017.08.28-18.26.53:303][856]LogLoad: Game class is 'VR_GameMode_C'
[2017.08.28-18.26.53:305][856]LogWorld: Bringing World /Game/Maps/UEDPIE_0_synth_Level.synth_Level up for play (max tick rate 0) at 2017.08.28-14.26.53
[2017.08.28-18.26.53:306][856]LogWorld: Bringing up level for play took: 0.001009
[2017.08.28-18.26.53:307][856]LogBlueprintUserMessages: [MyRunebergVR_Pawn_C_0] Actors Added
[2017.08.28-18.26.53:307][856]LogBlueprintUserMessages: [MyRunebergVR_Pawn_C_0] Actors Added
[2017.08.28-18.26.53:307][856]LogBlueprintUserMessages: [MyRunebergVR_Pawn_C_0] Actors Added
[2017.08.28-18.26.53:307][856]LogBlueprintUserMessages: [MyRunebergVR_Pawn_C_0] Actors Added
[2017.08.28-18.26.53:312][856]PIE: Info Play in editor start time for /Game/Maps/UEDPIE_0_synth_Level -0.762
[2017.08.28-18.27.26:419][803]LogUObjectBase:Warning: NULL object
[2017.08.28-18.27.26:419][803]LogOutputDevice:Warning: 

Script Stack:
MyRunebergVR_Pawn_C.ExecuteUbergraph_MyRunebergVR_Pawn
MyRunebergVR_Pawn_C.InpActEvt_MotionController_Left_Shoulder_K2Node_InputKeyEvent_19

[2017.08.28-18.27.26:428][803]LogWindows: Windows GetLastError: The operation completed successfully. (0)
[2017.08.28-18.27.27:430][803]LogCrashTracker: 


[2017.08.28-18.27.27:430][803]LogCrashTracker: 


[2017.08.28-18.27.27:430][803]LogWindows:Error: === Critical error: ===
[2017.08.28-18.27.27:430][803]LogWindows:Error: 
[2017.08.28-18.27.27:430][803]LogWindows:Error: Assertion failed: (Index >= 0) & (Index < ArrayNum) [File:D:\Build\++Portal+Main+Full\Sync\RocketSync\Engine\Source\Runtime\Core\Public\Containers/Array.h] [Line: 633] 
[2017.08.28-18.27.27:430][803]LogWindows:Error: Array index out of bounds: -1 from an array of size 0
[2017.08.28-18.27.27:430][803]LogWindows:Error: 
[2017.08.28-18.27.27:430][803]LogWindows:Error: 
[2017.08.28-18.27.27:430][803]LogWindows:Error: KERNELBASE.dll!0x0000000056C83C58
[2017.08.28-18.27.27:430][803]LogWindows:Error: UE4Editor-Core.dll!0x0000000013B8AFFE
[2017.08.28-18.27.27:430][803]LogWindows:Error: UE4Editor-Core.dll!0x00000000139A249B
[2017.08.28-18.27.27:430][803]LogWindows:Error: UE4Editor-Core.dll!0x0000000013930849
[2017.08.28-18.27.27:430][803]LogWindows:Error: UE4Editor-RunebergVRPlugin.dll!URunebergVR_Gestures::FindGesture() [d:\build\++portal+main+full\sync\localbuilds\plugintemp\hostproject\plugins\runebergvrplugin\source\private\runebergvr_gestures.cpp:433]
[2017.08.28-18.27.27:430][803]LogWindows:Error: UE4Editor-RunebergVRPlugin.dll!URunebergVR_Gestures::execFindGesture() [d:\build\++portal+main+full\sync\localbuilds\plugintemp\hostproject\plugins\runebergvrplugin\source\public\runebergvr_gestures.h:63]
[2017.08.28-18.27.27:430][803]LogWindows:Error: UE4Editor-CoreUObject.dll!0x00000000132A8734
[2017.08.28-18.27.27:430][803]LogWindows:Error: UE4Editor-CoreUObject.dll!0x0000000013466DD4
[2017.08.28-18.27.27:430][803]LogWindows:Error: UE4Editor-CoreUObject.dll!0x000000001347BDA1
[2017.08.28-18.27.27:430][803]LogWindows:Error: UE4Editor-CoreUObject.dll!0x00000000134A43E0
[2017.08.28-18.27.27:430][803]LogWindows:Error: UE4Editor-CoreUObject.dll!0x000000001347DFD2
[2017.08.28-18.27.27:430][803]LogWindows:Error: UE4Editor-CoreUObject.dll!0x00000000134677DE
[2017.08.28-18.27.27:430][803]LogWindows:Error: UE4Editor-CoreUObject.dll!0x000000001347DFD2
[2017.08.28-18.27.27:430][803]LogWindows:Error: UE4Editor-CoreUObject.dll!0x00000000132A8734
[2017.08.28-18.27.27:430][803]LogWindows:Error: UE4Editor-CoreUObject.dll!0x000000001347D366
[2017.08.28-18.27.27:430][803]LogWindows:Error: UE4Editor-Engine.dll!0x000000000FF23F27
[2017.08.28-18.27.27:430][803]LogWindows:Error: UE4Editor-Engine.dll!0x0000000010FF191E
[2017.08.28-18.27.27:430][803]LogWindows:Error: UE4Editor-Engine.dll!0x0000000010FF1A8A
[2017.08.28-18.27.27:430][803]LogWindows:Error: UE4Editor-Engine.dll!0x0000000011022E31
[2017.08.28-18.27.27:430][803]LogWindows:Error: UE4Editor-Engine.dll!0x0000000010BC719C
[2017.08.28-18.27.27:430][803]LogWindows:Error: UE4Editor-Engine.dll!0x0000000010BDAC06
[2017.08.28-18.27.27:430][803]LogWindows:Error: UE4Editor-Engine.dll!0x0000000010BC4FFB
[2017.08.28-18.27.27:430][803]LogWindows:Error: UE4Editor-Engine.dll!0x0000000010BD9DEA
[2017.08.28-18.27.27:430][803]LogWindows:Error: UE4Editor-Engine.dll!0x000000000FEFBA66
[2017.08.28-18.27.27:430][803]LogWindows:Error: UE4Editor-Engine.dll!0x0000000010ED379B
[2017.08.28-18.27.27:430][803]LogWindows:Error: UE4Editor-Engine.dll!0x0000000010EDA17B
[2017.08.28-18.27.27:430][803]LogWindows:Error: UE4Editor-Core.dll!0x0000000013804D8C
[2017.08.28-18.27.27:430][803]LogWindows:Error: UE4Editor-Core.dll!0x00000000138051AD
[2017.08.28-18.27.27:430][803]LogWindows:Error: UE4Editor-Core.dll!0x000000001381FA66
[2017.08.28-18.27.27:430][803]LogWindows:Error: UE4Editor-Engine.dll!0x0000000010EF6662
[2017.08.28-18.27.27:430][803]LogWindows:Error: UE4Editor-Engine.dll!0x0000000010EFBBC2
[2017.08.28-18.27.27:430][803]LogWindows:Error: UE4Editor-Engine.dll!0x000000001081E504
[2017.08.28-18.27.27:430][803]LogWindows:Error: UE4Editor-Engine.dll!0x00000000108265CF
[2017.08.28-18.27.27:431][803]LogWindows:Error: UE4Editor-UnrealEd.dll!0x000000000E1A3973
[2017.08.28-18.27.27:431][803]LogWindows:Error: UE4Editor-UnrealEd.dll!0x000000000E9C8D86
[2017.08.28-18.27.27:431][803]LogWindows:Error: UE4Editor.exe!0x00000000E7F8E2B2
[2017.08.28-18.27.27:431][803]LogWindows:Error: UE4Editor.exe!0x00000000E7F7F0B0
[2017.08.28-18.27.27:431][803]LogWindows:Error: UE4Editor.exe!0x00000000E7F7F12A
[2017.08.28-18.27.27:431][803]LogWindows:Error: UE4Editor.exe!0x00000000E7F90CF9
[2017.08.28-18.27.27:431][803]LogWindows:Error: UE4Editor.exe!0x00000000E7F925F7
[2017.08.28-18.27.27:431][803]LogWindows:Error: KERNEL32.DLL!0x000000005A2A8364
[2017.08.28-18.27.27:431][803]LogWindows:Error: ntdll.dll!0x000000005A7B70D1
[2017.08.28-18.27.27:431][803]LogWindows:Error: ntdll.dll!0x000000005A7B70D1
[2017.08.28-18.27.27:431][803]LogWindows:Error: 
[2017.08.28-18.27.27:445][803]LogExit: Executing StaticShutdownAfterError
[2017.08.28-18.27.27:449][803]LogWindows: FPlatformMisc::RequestExit(1)
[2017.08.28-18.27.27:449][803]Log file closed, 08/28/17 14:27:27
