Log file open, 08/28/17 16:57:25
LogInit:Display: Running engine for game: SwordVR
LogPlatformFile: Not using cached read wrapper
LogInit:Display: RandInit(1277770658) SRandInit(1277770658).
LogTaskGraph: Started task graph with 5 named threads and 8 total threads with 1 sets of task threads.
LogStats: Stats thread started at 0.104153
LogInit: Using libcurl 7.47.1
LogInit:  - built for x86_64-pc-win32
LogInit:  - supports SSL with OpenSSL/1.0.2g
LogInit:  - supports HTTP deflate (compression) using libz 1.2.8
LogInit:  - other features:
LogInit:      CURL_VERSION_SSL
LogInit:      CURL_VERSION_LIBZ
LogInit:      CURL_VERSION_IPV6
LogInit:      CURL_VERSION_ASYNCHDNS
LogInit:      CURL_VERSION_LARGEFILE
LogInit:      CURL_VERSION_IDN
LogInit:  CurlRequestOptions (configurable via config and command line):
LogInit:  - bVerifyPeer = false  - Libcurl will NOT verify peer certificate
LogInit:  - bUseHttpProxy = false  - Libcurl will NOT use HTTP proxy
LogInit:  - bDontReuseConnections = false  - Libcurl will reuse connections
LogInit:  - CertBundlePath = nullptr  - Libcurl will use whatever was configured at build time.
LogInit: Build: ++UE4+Release-4.16-CL-3561208
LogInit: Engine Version: 4.16.3-3561208+++UE4+Release-4.16
LogInit: Compatible Engine Version: 4.16.0-3452394+++UE4+Release-4.16
LogInit: Net CL: 3452394
LogDevObjectVersion: Number of dev versions registered: 16
LogDevObjectVersion:   Dev-Blueprints (B0D832E4-1F89-4F0D-ACCF-7EB736FD4AA2): 9
LogDevObjectVersion:   Dev-Build (E1C64328-A22C-4D53-A36C-8E866417BD8C): 0
LogDevObjectVersion:   Dev-Core (375EC13C-06E4-48FB-B500-84F0262A717E): 2
LogDevObjectVersion:   Dev-Editor (E4B068ED-F494-42E9-A231-DA0B2E46BB41): 17
LogDevObjectVersion:   Dev-Framework (CFFC743F-43B0-4480-9391-14DF171D2073): 23
LogDevObjectVersion:   Dev-Mobile (B02B49B5-BB20-44E9-A304-32B752E40360): 0
LogDevObjectVersion:   Dev-Networking (A4E4105C-59A1-49B5-A7C5-40C4547EDFEE): 0
LogDevObjectVersion:   Dev-Online (39C831C9-5AE6-47DC-9A44-9C173E1C8E7C): 0
LogDevObjectVersion:   Dev-Physics (78F01B33-EBEA-4F98-B9B4-84EACCB95AA2): 0
LogDevObjectVersion:   Dev-Platform (6631380F-2D4D-43E0-8009-CF276956A95A): 0
LogDevObjectVersion:   Dev-Rendering (12F88B9F-8875-4AFC-A67C-D90C383ABD29): 15
LogDevObjectVersion:   Dev-Sequencer (7B5AE74C-D270-4C10-A958-57980B212A5A): 4
LogDevObjectVersion:   Dev-VR (D7296918-1DD6-4BDD-9DE2-64A83CC13884): 0
LogDevObjectVersion:   Dev-LoadTimes (C2A15278-BFE7-4AFE-6C17-90FF531DF755): 1
LogDevObjectVersion:   Private-Geometry (6EACA3D4-40EC-4CC1-B786-8BED09428FC5): 1
LogDevObjectVersion:   Dev-AnimPhys (29E575DD-E0A3-4627-9D10-D276232CDCEA): 3
LogInit: Compiled (64-bit): Jul 28 2017 11:49:47
LogInit: Compiled with Visual C++: 19.00.24215.01
LogInit: Build Configuration: Development
LogInit: Branch Name: ++UE4+Release-4.16
LogInit: Command line: -EpicPortal 
LogInit: Base directory: C:/Program Files/Epic Games/UE_4.16/Engine/Binaries/Win64/
LogInit: Installed Engine Build: 1
LogInit: Presizing for max 8388607 objects, including 0 objects not considered by GC, pre-allocating 0 bytes for permanent pool.
LogInit: Object subsystem initialized
[2017.08.28-20.57.26:380][  0]LogInit: Selected Device Profile: [Windows]
[2017.08.28-20.57.26:380][  0]LogInit: Applying CVar settings loaded from the selected device profile: [Windows]
[2017.08.28-20.57.26:391][  0]LogInit: Computer: DESKTOP-SIJTC7B
[2017.08.28-20.57.26:391][  0]LogInit: User: croch
[2017.08.28-20.57.26:391][  0]LogInit: CPU Page size=4096, Cores=4
[2017.08.28-20.57.26:391][  0]LogInit: High frequency timer resolution =2.533207 MHz
[2017.08.28-20.57.26:391][  0]LogMemory: Memory total: Physical=15.9GB (16GB approx)
[2017.08.28-20.57.26:391][  0]LogMemory: Platform Memory Stats for Windows
[2017.08.28-20.57.26:391][  0]LogMemory: Process Physical Memory: 276.80 MB used, 276.80 MB peak
[2017.08.28-20.57.26:391][  0]LogMemory: Process Virtual Memory: 261.14 MB used, 261.14 MB peak
[2017.08.28-20.57.26:391][  0]LogMemory: Physical Memory: 7613.30 MB used,  8693.72 MB free, 16307.03 MB total
[2017.08.28-20.57.26:391][  0]LogMemory: Virtual Memory: 676.54 MB used,  8693.72 MB free, 134217728.00 MB total
[2017.08.28-20.57.26:481][  0]LogInit: Using OS detected language (en-US).
[2017.08.28-20.57.26:481][  0]LogInit: Using OS detected locale (en-US).
[2017.08.28-20.57.26:484][  0]LogTextLocalizationManager: No specific localization for 'en-US' exists, so the 'en' localization will be used.
[2017.08.28-20.57.27:492][  0]LogD3D11RHI: D3D11 adapters:
[2017.08.28-20.57.28:142][  0]LogD3D11RHI:    0. 'NVIDIA GeForce GTX 970M' (Feature Level 11_0)
[2017.08.28-20.57.28:142][  0]LogD3D11RHI:       3040/0/8153 MB DedicatedVideo/DedicatedSystem/SharedSystem, Outputs:1, VendorId:0x10de
[2017.08.28-20.57.28:148][  0]LogD3D11RHI:    1. 'Intel(R) HD Graphics 4600' (Feature Level 11_0)
[2017.08.28-20.57.28:148][  0]LogD3D11RHI:       112/0/2048 MB DedicatedVideo/DedicatedSystem/SharedSystem, Outputs:0, VendorId:0x8086
[2017.08.28-20.57.28:150][  0]LogD3D11RHI:    2. 'Microsoft Basic Render Driver' (Feature Level 11_0)
[2017.08.28-20.57.28:150][  0]LogD3D11RHI:       0/0/8153 MB DedicatedVideo/DedicatedSystem/SharedSystem, Outputs:0, VendorId:0x1414
[2017.08.28-20.57.28:150][  0]LogD3D11RHI: Chosen D3D11 Adapter: 0
[2017.08.28-20.57.28:159][  0]LogD3D11RHI: Creating new Direct3DDevice
[2017.08.28-20.57.28:160][  0]LogD3D11RHI:     GPU DeviceId: 0x13d8 (for the marketing name, search the web for "GPU Device Id")
[2017.08.28-20.57.28:160][  0]LogWindows: EnumDisplayDevices:
[2017.08.28-20.57.28:160][  0]LogWindows:    0. 'Intel(R) HD Graphics 4600' (P:1 D:1)
[2017.08.28-20.57.28:160][  0]LogWindows:    1. 'Intel(R) HD Graphics 4600' (P:0 D:0)
[2017.08.28-20.57.28:161][  0]LogWindows:    2. 'Intel(R) HD Graphics 4600' (P:0 D:0)
[2017.08.28-20.57.28:161][  0]LogWindows: DebugString: GetVideoDriverDetailsInvalid PrimaryIsNotTheChoosenAdapter GetVideoDriverDetailsInvalid PrimaryIsNotTheChoosenAdapter GetVideoDriverDetailsInvalid PrimaryIsNotTheChoosenAdapter FoundDriverCount:0 
[2017.08.28-20.57.28:161][  0]LogD3D11RHI:     Adapter Name: NVIDIA GeForce GTX 970M
[2017.08.28-20.57.28:161][  0]LogD3D11RHI:   Driver Version: Unknown (internal:Unknown, unified:Unknown)
[2017.08.28-20.57.28:161][  0]LogD3D11RHI:      Driver Date: Unknown
[2017.08.28-20.57.28:161][  0]LogRHI: Texture pool is 1361 MB (70% of 1945 MB)
[2017.08.28-20.57.28:768][  0]LogD3D11RHI: Async texture creation enabled
[2017.08.28-20.57.28:806][  0]LogD3D11RHI: GPU Timing Frequency: 1000.000000 (Debug: 2 1)
[2017.08.28-20.57.28:807][  0]LogShaderCompilers: Guid format shader working directory is -17 characters bigger than the processId version (../../../../../../Users/croch/Documents/Unreal Projects/SwordVR/Intermediate/Shaders/WorkingDirectory/7316/).
[2017.08.28-20.57.28:807][  0]LogShaderCompilers: Cleaned the shader compiler working directory 'C:/Users/croch/AppData/Local/Temp/UnrealShaderWorkingDir/958BF3B54EF250A7A7FD8099DDC7E3A9/'.
[2017.08.28-20.57.28:807][  0]LogShaderCompilers:Display: Using Local Shader Compiler.
[2017.08.28-20.57.29:979][  0]LogTemp:Display: Loaded TP AllDesktopTargetPlatform
[2017.08.28-20.57.30:036][  0]LogTemp:Display: Loaded TP MacClientTargetPlatform
[2017.08.28-20.57.30:102][  0]LogTemp:Display: Loaded TP MacNoEditorTargetPlatform
[2017.08.28-20.57.30:165][  0]LogTemp:Display: Loaded TP MacServerTargetPlatform
[2017.08.28-20.57.30:224][  0]LogTemp:Display: Loaded TP MacTargetPlatform
[2017.08.28-20.57.30:280][  0]LogTemp:Display: Loaded TP WindowsClientTargetPlatform
[2017.08.28-20.57.30:336][  0]LogTemp:Display: Loaded TP WindowsNoEditorTargetPlatform
[2017.08.28-20.57.30:396][  0]LogTemp:Display: Loaded TP WindowsServerTargetPlatform
[2017.08.28-20.57.30:448][  0]LogTemp:Display: Loaded TP WindowsTargetPlatform
[2017.08.28-20.57.30:503][  0]LogTemp:Display: Loaded TP AndroidTargetPlatform
[2017.08.28-20.57.30:561][  0]LogTemp:Display: Loaded TP Android_ASTCTargetPlatform
[2017.08.28-20.57.30:616][  0]LogTemp:Display: Loaded TP Android_ATCTargetPlatform
[2017.08.28-20.57.30:672][  0]LogTemp:Display: Loaded TP Android_DXTTargetPlatform
[2017.08.28-20.57.30:729][  0]LogTemp:Display: Loaded TP Android_ETC1TargetPlatform
[2017.08.28-20.57.30:785][  0]LogTemp:Display: Loaded TP Android_ETC2TargetPlatform
[2017.08.28-20.57.30:897][  0]LogTemp:Display: Loaded TP Android_MultiTargetPlatform
[2017.08.28-20.57.30:897][  0]LogTemp:Display: Loaded TP Android_PVRTCTargetPlatform
[2017.08.28-20.57.30:947][  0]LogTemp:Display: Loaded TP HTML5TargetPlatform
[2017.08.28-20.57.31:049][  0]LogTemp:Display: Loaded TP IOSTargetPlatform
[2017.08.28-20.57.31:084][  0]LogTemp:Display: Loaded TP TVOSTargetPlatform
[2017.08.28-20.57.31:146][  0]LogTemp:Display: Loaded TP LinuxClientTargetPlatform
[2017.08.28-20.57.31:203][  0]LogTemp:Display: Loaded TP LinuxNoEditorTargetPlatform
[2017.08.28-20.57.31:260][  0]LogTemp:Display: Loaded TP LinuxServerTargetPlatform
[2017.08.28-20.57.31:316][  0]LogTemp:Display: Loaded TP LinuxTargetPlatform
[2017.08.28-20.57.31:316][  0]LogTargetPlatformManager:Display: Building Assets For Windows
[2017.08.28-20.57.31:881][  0]LogDerivedDataCache:Display: Max Cache Size: 512 MB
[2017.08.28-20.57.31:966][  0]LogDerivedDataCache: Loaded boot cache 0.08s 90MB C:/Users/croch/AppData/Local/UnrealEngine/4.16/DerivedDataCache/Boot.ddc.
[2017.08.28-20.57.31:966][  0]LogDerivedDataCache:Display: Loaded Boot cache: C:/Users/croch/AppData/Local/UnrealEngine/4.16/DerivedDataCache/Boot.ddc
[2017.08.28-20.57.31:966][  0]LogDerivedDataCache: FDerivedDataBackendGraph:  Pak pak cache file ../../../../../../Users/croch/Documents/Unreal Projects/SwordVR/DerivedDataCache/DDC.ddp not found, will not use a pak cache.
[2017.08.28-20.57.31:966][  0]LogDerivedDataCache: Unable to find inner node Pak for hierarchical cache Hierarchy.
[2017.08.28-20.57.31:966][  0]LogDerivedDataCache: FDerivedDataBackendGraph:  CompressedPak pak cache file ../../../../../../Users/croch/Documents/Unreal Projects/SwordVR/DerivedDataCache/Compressed.ddp not found, will not use a pak cache.
[2017.08.28-20.57.31:966][  0]LogDerivedDataCache: Unable to find inner node CompressedPak for hierarchical cache Hierarchy.
[2017.08.28-20.57.31:984][  0]LogDerivedDataCache:Display: Pak cache opened for reading ../../../Engine/DerivedDataCache/Compressed.ddp.
[2017.08.28-20.57.31:996][  0]LogDerivedDataCache: Using Local data cache path C:/Users/croch/AppData/Local/UnrealEngine/Common/DerivedDataCache: Writable
[2017.08.28-20.57.32:008][  0]LogMaterial: Verifying Global Shaders for PCD3D_SM5
[2017.08.28-20.57.32:009][  0]LogSlate: Using Freetype 2.6.0
[2017.08.28-20.57.32:010][  0]LogSlate: SlateFontCache - WITH_FREETYPE: 1, WITH_HARFBUZZ: 1
[2017.08.28-20.57.32:010][  0]LogSlate: SlateFontCache - WITH_FREETYPE: 1, WITH_HARFBUZZ: 1
[2017.08.28-20.57.32:365][  0]LogInit: Selected Device Profile: [Windows]
[2017.08.28-20.57.32:445][  0]LogContentStreaming: Texture pool size is 0.00 MB
[2017.08.28-20.57.32:616][  0]LogMeshUtilities: Using QuadricMeshReduction for automatic static mesh reduction
[2017.08.28-20.57.32:666][  0]LogSimplygon: Simplygon DLL not present - disabling.
[2017.08.28-20.57.32:724][  0]LogMeshUtilities: Using SimplygonSwarm for distributed automatic mesh merging
[2017.08.28-20.57.32:724][  0]LogMeshUtilities: No automatic skeletal mesh reduction module available
[2017.08.28-20.57.32:724][  0]LogMeshUtilities: No automatic mesh merging module available
[2017.08.28-20.57.33:356][  0]LogNetVersion: SwordVR , NetCL: 3452394, EngineNetVer: 2, GameNetVer: 0 (Checksum: 1496206902)
[2017.08.28-20.57.33:427][  0]LogAssetRegistry: FAssetRegistry took 0.0257 seconds to start up
[2017.08.28-20.57.33:530][  0]LogPackageLocalizationCache: Processed 6 localized package path(s) for 2 prioritized culture(s) in 0.066011 seconds
[2017.08.28-20.57.33:536][  0]LogUObjectArray: 34194 objects as part of root set at end of initial load.
[2017.08.28-20.57.33:536][  0]LogUObjectAllocator: 7260424 out of 0 bytes used by permanent object pool.
[2017.08.28-20.57.33:536][  0]LogUObjectArray: CloseDisregardForGC: 0/0 objects in disregard for GC pool
[2017.08.28-20.57.33:610][  0]LogInit: WinSock: version 1.1 (2.2), MaxSocks=32767, MaxUdp=65467
[2017.08.28-20.57.36:333][  0]LogTcpMessaging: Initializing TcpMessaging bridge
[2017.08.28-20.57.36:383][  0]LogUdpMessaging: Initializing bridge on interface 0.0.0.0:0 to multicast group 230.0.0.1:6666.
[2017.08.28-20.57.37:000][  0]LogMaterial: Uniform references updated for custom material expression Custom.
[2017.08.28-20.57.37:478][  0]SourceControl: Info Source control is disabled
[2017.08.28-20.57.37:529][  0]SourceControl: Info Source control is disabled
[2017.08.28-20.57.37:590][  0]SourceControl: Info Source control is disabled
[2017.08.28-20.57.37:650][  0]SourceControl: Info Source control is disabled
[2017.08.28-20.57.38:477][  0]LogAndroidPermission: UAndroidPermissionCallbackProxy::GetInstance
[2017.08.28-20.57.39:348][  0]LogEngine: Initializing Engine...
[2017.08.28-20.57.39:349][  0]LogHMD: Failed to initialize OpenVR with code 110
[2017.08.28-20.57.39:571][  0]LogStats: UGameplayTagsManager::ConstructGameplayTagTree: Construct from data asset -  0.000 s
[2017.08.28-20.57.39:571][  0]LogStats: UGameplayTagsManager::ConstructGameplayTagTree: GameplayTagTreeChangedEvent.Broadcast -  0.000 s
[2017.08.28-20.57.39:734][  0]LogAIModule: Creating AISystem for world Untitled
[2017.08.28-20.57.39:741][  0]LogInit: XAudio2 using 'Speakers (High Definition Audio Device)' : 2 channels at 48 kHz using 16 bits per sample (channel mask 0x3)
[2017.08.28-20.57.39:759][  0]LogInit: FAudioDevice initialized.
[2017.08.28-20.57.39:810][  0]LogDerivedDataCache: Saved boot cache 0.05s 90MB C:/Users/croch/AppData/Local/UnrealEngine/4.16/DerivedDataCache/Boot.ddc.
[2017.08.28-20.57.39:824][  0]LogInit: Texture streaming: Enabled
[2017.08.28-20.57.39:946][  0]LogEngineSessionManager: EngineSessionManager initialized
[2017.08.28-20.57.40:213][  0]LogInit: Transaction tracking system initialized
[2017.08.28-20.57.40:577][  0]BlueprintLog: New page: Editor Load
[2017.08.28-20.57.41:654][  0]LocalizationService: Info Localization service is disabled
[2017.08.28-20.57.42:441][  0]LogConsoleResponse:Display: 
[2017.08.28-20.57.42:617][  0]LogCook:Display: Max memory allowance for cook 16384mb min free memory 0mb
[2017.08.28-20.57.42:617][  0]LogCook:Display: Mobile HDR setting 1
[2017.08.28-20.57.42:793][  0]LogFileCache: Scanning file cache for directory 'C:/Users/croch/Documents/Unreal Projects/SwordVR/Content/' took 0.01s
[2017.08.28-20.57.43:810][  0]SourceControl: Info Source control is disabled
[2017.08.28-20.57.43:810][  0]Cmd: MAP LOAD FILE="../../../Engine/Content/Maps/Templates/Template_Default.umap" TEMPLATE=1 SHOWPROGRESS=1 FEATURELEVEL=3
[2017.08.28-20.57.43:811][  0]LightingResults: New page: Lighting Build
[2017.08.28-20.57.43:857][  0]MapCheck: New page: Map Check
[2017.08.28-20.57.43:857][  0]LightingResults: New page: Lighting Build
[2017.08.28-20.57.44:064][  0]LogAIModule: Creating AISystem for world Untitled_1
[2017.08.28-20.57.44:066][  0]LogActorComponent: RegisterComponentWithWorld: (/Temp/Untitled_1.Untitled_1:PersistentLevel.WorldSettings_1.StaticMeshComponent0) Trying to register component with IsPendingKill() == true. Aborting.
[2017.08.28-20.57.44:071][  0]LogEditorServer: Finished looking for orphan Actors (0.000 secs)
[2017.08.28-20.57.44:087][  0]Cmd: MAP CHECKDEP NOCLEARLOG
[2017.08.28-20.57.44:145][  0]MapCheck: Info Map check complete: 0 Error(s), 0 Warning(s), took 58.481ms to complete.
[2017.08.28-20.57.44:145][  0]LogFileHelpers: Loading map 'Template_Default' took 0.336
[2017.08.28-20.57.44:216][  0]LogWindowsTextInputMethodSystem:Display: IME system now deactivated.
[2017.08.28-20.57.44:216][  0]LogWindowsTextInputMethodSystem:Display: IME system now deactivated.
[2017.08.28-20.57.44:364][  0]LogCollectionManager: Loaded 0 collections in 0.002362 seconds
[2017.08.28-20.57.44:478][  0]LogFileCache: Scanning file cache for directory 'C:/Users/croch/Documents/Unreal Projects/SwordVR/Saved/Collections/' took 0.01s
[2017.08.28-20.57.44:478][  0]LogFileCache: Scanning file cache for directory 'C:/Users/croch/Documents/Unreal Projects/SwordVR/Content/Developers/croch/Collections/' took 0.01s
[2017.08.28-20.57.44:478][  0]LogFileCache: Scanning file cache for directory 'C:/Users/croch/Documents/Unreal Projects/SwordVR/Content/Collections/' took 0.01s
[2017.08.28-20.57.44:478][  0]LogCollectionManager: Rebuilt the GUID cache for 0 collections in 0.000002 seconds
[2017.08.28-20.57.44:490][  0]LogContentBrowser: Native class hierarchy populated in 0.0094 seconds. Added 2342 classes and 497 folders.
[2017.08.28-20.57.44:571][  0]LogContentBrowser: Native class hierarchy updated for 'WidgetCarousel' in 0.0006 seconds. Added 0 classes and 0 folders.
[2017.08.28-20.57.44:986][  0]LogContentBrowser: Native class hierarchy updated for 'AddContentDialog' in 0.0006 seconds. Added 0 classes and 0 folders.
[2017.08.28-20.57.45:043][  0]LogContentBrowser: Native class hierarchy updated for 'SceneOutliner' in 0.0006 seconds. Added 1 classes and 2 folders.
[2017.08.28-20.57.45:123][  0]LogCrashTracker: Crashtracker disabled due to settings.
[2017.08.28-20.57.45:135][  0]LogSlate: Took 0.000296 seconds to synchronously load lazily loaded font '../../../Engine/Content/Slate/Fonts/Roboto-Regular.ttf' (155K)
[2017.08.28-20.57.45:138][  0]LogSlate: Took 0.000236 seconds to synchronously load lazily loaded font '../../../Engine/Content/Slate/Fonts/Roboto-Bold.ttf' (160K)
[2017.08.28-20.57.45:156][  0]LogSlate: Took 0.008668 seconds to synchronously load lazily loaded font '../../../Engine/Content/Editor/Slate/Fonts/FontAwesome.ttf' (139K)
[2017.08.28-20.57.45:300][  0]LogRenderer: Reallocating scene render targets to support 804x312 NumSamples 1 (Frame:1).
[2017.08.28-20.57.45:434][  0]LogUObjectGlobals:Warning: Failed to find object 'Class None.'
[2017.08.28-20.57.45:507][  0]LogContentBrowser: Native class hierarchy updated for 'HierarchicalLODOutliner' in 0.0006 seconds. Added 1 classes and 2 folders.
[2017.08.28-20.57.45:507][  0]LogLoad: (Engine Initialization) Total time: 21.03 seconds
[2017.08.28-20.57.45:507][  0]LogLoad: (Engine Initialization) Total Blueprint compile time: 0.09 seconds
[2017.08.28-20.57.45:507][  0]LogExternalProfiler: No external profilers were discovered.  External profiling features will not be available.
[2017.08.28-20.57.45:527][  0]LogOcInput: OculusInput pre-init called
[2017.08.28-20.57.45:527][  0]LogHMD: Starting GearVRController plugin
[2017.08.28-20.57.45:541][  0]LogAssetRegistry: Asset discovery search completed in 12.1352 seconds
[2017.08.28-20.57.45:542][  0]LogCollectionManager: Rebuilt the object cache for 0 collections in 0.000000 seconds (found 0 objects)
[2017.08.28-20.57.45:542][  0]LogCollectionManager: Fixed up redirectors for 0 collections in 0.000022 seconds (updated 0 objects)
[2017.08.28-20.57.45:547][  0]LogContentStreaming: Texture pool size now 1000 MB
[2017.08.28-20.57.45:597][  0]LogSlate: Took 0.004975 seconds to synchronously load lazily loaded font '../../../Engine/Content/Slate/Fonts/Roboto-Light.ttf' (159K)
[2017.08.28-20.59.47:385][302]LogSlate: Took 0.004674 seconds to synchronously load lazily loaded font '../../../Engine/Content/Slate/Fonts/Roboto-Light.ttf' (159K)
[2017.08.28-20.59.47:432][302]LogTexture:Display: Building textures: HQ_Lightmap0_1 (AutoDXT, 256X256)
[2017.08.28-20.59.47:443][302]LogTexture:Display: Building textures: LQ_Lightmap_0_1 (DXT1, 256X256)
[2017.08.28-20.59.47:448][302]LogTexture:Display: Building textures: ShadowMapTexture2D_0 (G8, 512X64)
[2017.08.28-20.59.47:450][302]LogAIModule: Creating AISystem for world synth_Level
[2017.08.28-20.59.47:472][302]Cmd: MAP LOAD FILE="../../../../../../Users/croch/Documents/Unreal Projects/SwordVR/Content/Maps/synth_Level.umap" TEMPLATE=0 SHOWPROGRESS=1 FEATURELEVEL=3
[2017.08.28-20.59.47:472][302]LightingResults: New page: Lighting Build
[2017.08.28-20.59.47:473][302]LoadErrors: New page: Loading map: synth_Level.umap
[2017.08.28-20.59.47:473][302]MapCheck: New page: Map Check
[2017.08.28-20.59.47:473][302]LightingResults: New page: Lighting Build
[2017.08.28-20.59.47:488][302]LogEditorServer: Finished looking for orphan Actors (0.000 secs)
[2017.08.28-20.59.47:523][302]Cmd: MAP CHECKDEP NOCLEARLOG
[2017.08.28-20.59.48:919][302]MapCheck: Info Map check complete: 0 Error(s), 0 Warning(s), took 1,396.35ms to complete.
[2017.08.28-20.59.48:921][302]LogFileHelpers: Loading map 'synth_Level' took 1.450
[2017.08.28-20.59.48:930][302]LogSlate: Took 0.003705 seconds to synchronously load lazily loaded font '../../../Engine/Content/Slate/Fonts/Roboto-Regular.ttf' (155K)
[2017.08.28-21.07.27:101][119]LogSlate: Took 0.000613 seconds to synchronously load lazily loaded font '../../../Engine/Content/Slate/Fonts/Roboto-Light.ttf' (159K)
[2017.08.28-21.16.24:304][883]Cmd: QUIT_EDITOR
[2017.08.28-21.16.24:331][883]LogWindowsTextInputMethodSystem:Display: IME system now deactivated.
[2017.08.28-21.16.24:332][883]LogWindowsTextInputMethodSystem:Display: IME system now deactivated.
[2017.08.28-21.16.24:360][883]LogExit: Preparing to exit.
[2017.08.28-21.16.24:995][883]LogDirectoryWatcher: A directory notification for 'C:/Users/croch/Documents/Unreal Projects/SwordVR/Content/' was aborted.
[2017.08.28-21.16.25:015][883]LogExit: Editor shut down
[2017.08.28-21.16.25:019][883]LogExit: Transaction tracking system shut down
[2017.08.28-21.16.25:075][883]LogObj: Freed 0b from 0 cluster array pools.
[2017.08.28-21.16.25:075][883]LogExit: Object subsystem successfully closed.
[2017.08.28-21.16.25:100][883]LogD3D11RHI: Shutdown
[2017.08.28-21.16.25:100][883]LogD3D11RHI: CleanupD3DDevice
[2017.08.28-21.16.25:235][883]LogD3D11RHI: ~FD3D11DynamicRHI
[2017.08.28-21.16.25:253][883]LogModuleManager: Shutting down and abandoning module HierarchicalLODOutliner (528)
[2017.08.28-21.16.25:253][883]LogModuleManager: Shutting down and abandoning module CrashTracker (526)
[2017.08.28-21.16.25:253][883]LogModuleManager: Shutting down and abandoning module SceneOutliner (524)
[2017.08.28-21.16.25:253][883]LogModuleManager: Shutting down and abandoning module AddContentDialog (522)
[2017.08.28-21.16.25:253][883]LogDirectoryWatcher: A directory notification for 'C:/Program Files/Epic Games/UE_4.16/FeaturePacks/' was aborted.
[2017.08.28-21.16.25:255][883]LogModuleManager: Shutting down and abandoning module WidgetCarousel (521)
[2017.08.28-21.16.25:255][883]LogModuleManager: Shutting down and abandoning module EditorWidgets (518)
[2017.08.28-21.16.25:255][883]LogModuleManager: Shutting down and abandoning module CollectionManager (516)
[2017.08.28-21.16.25:255][883]LogDirectoryWatcher: A directory notification for 'C:/Users/croch/Documents/Unreal Projects/SwordVR/Content/Collections/' was aborted.
[2017.08.28-21.16.25:255][883]LogDirectoryWatcher: A directory notification for 'C:/Users/croch/Documents/Unreal Projects/SwordVR/Content/Developers/croch/Collections/' was aborted.
[2017.08.28-21.16.25:255][883]LogDirectoryWatcher: A directory notification for 'C:/Users/croch/Documents/Unreal Projects/SwordVR/Saved/Collections/' was aborted.
[2017.08.28-21.16.25:255][883]LogModuleManager: Shutting down and abandoning module StatsViewer (514)
[2017.08.28-21.16.25:255][883]LogModuleManager: Shutting down and abandoning module FoliageEdit (512)
[2017.08.28-21.16.25:255][883]LogModuleManager: Shutting down and abandoning module LandscapeEditor (510)
[2017.08.28-21.16.25:255][883]LogModuleManager: Shutting down and abandoning module MeshPaintMode (508)
[2017.08.28-21.16.25:255][883]LogModuleManager: Shutting down and abandoning module SceneDepthPickerMode (506)
[2017.08.28-21.16.25:255][883]LogModuleManager: Shutting down and abandoning module ActorPickerMode (504)
[2017.08.28-21.16.25:255][883]LogModuleManager: Shutting down and abandoning module GeometryMode (502)
[2017.08.28-21.16.25:255][883]LogModuleManager: Shutting down and abandoning module TextureAlignMode (500)
[2017.08.28-21.16.25:255][883]LogModuleManager: Shutting down and abandoning module BspMode (498)
[2017.08.28-21.16.25:255][883]LogModuleManager: Shutting down and abandoning module HardwareSurvey (496)
[2017.08.28-21.16.25:255][883]LogModuleManager: Shutting down and abandoning module SequenceRecorderSections (494)
[2017.08.28-21.16.25:255][883]LogModuleManager: Shutting down and abandoning module AutomationWorker (492)
[2017.08.28-21.16.25:255][883]LogModuleManager: Shutting down and abandoning module MatineeToLevelSequence (490)
[2017.08.28-21.16.25:255][883]LogModuleManager: Shutting down and abandoning module LevelSequenceEditor (488)
[2017.08.28-21.16.25:255][883]LogModuleManager: Shutting down and abandoning module PlacementMode (487)
[2017.08.28-21.16.25:255][883]LogModuleManager: Shutting down and abandoning module WmfMediaFactory (484)
[2017.08.28-21.16.25:255][883]LogModuleManager: Shutting down and abandoning module WmfMediaEditor (482)
[2017.08.28-21.16.25:255][883]LogModuleManager: Shutting down and abandoning module AvfMediaFactory (480)
[2017.08.28-21.16.25:255][883]LogModuleManager: Shutting down and abandoning module AvfMediaEditor (478)
[2017.08.28-21.16.25:255][883]LogModuleManager: Shutting down and abandoning module AndroidMediaFactory (476)
[2017.08.28-21.16.25:255][883]LogModuleManager: Shutting down and abandoning module Media (475)
[2017.08.28-21.16.25:255][883]LogModuleManager: Shutting down and abandoning module AndroidMediaEditor (472)
[2017.08.28-21.16.25:255][883]LogModuleManager: Shutting down and abandoning module CharacterAI (470)
[2017.08.28-21.16.25:255][883]LogModuleManager: Shutting down and abandoning module AudioCapture (468)
[2017.08.28-21.16.25:255][883]LogModuleManager: Shutting down and abandoning module SequenceRecorder (467)
[2017.08.28-21.16.25:256][883]LogModuleManager: Shutting down and abandoning module SmartSnapping (464)
[2017.08.28-21.16.25:256][883]LogModuleManager: Shutting down and abandoning module SessionServices (462)
[2017.08.28-21.16.25:256][883]LogModuleManager: Shutting down and abandoning module ViewportSnapping (460)
[2017.08.28-21.16.25:256][883]LogModuleManager: Shutting down and abandoning module ViewportInteraction (458)
[2017.08.28-21.16.25:256][883]LogModuleManager: Shutting down and abandoning module ClothPainter (456)
[2017.08.28-21.16.25:256][883]LogModuleManager: Shutting down and abandoning module LogVisualizer (454)
[2017.08.28-21.16.25:256][883]LogModuleManager: Shutting down and abandoning module IntroTutorials (452)
[2017.08.28-21.16.25:256][883]LogModuleManager: Shutting down and abandoning module GameProjectGeneration (451)
[2017.08.28-21.16.25:256][883]LogModuleManager: Shutting down and abandoning module EditorLiveStreaming (448)
[2017.08.28-21.16.25:256][883]LogModuleManager: Shutting down and abandoning module IOSPlatformEditor (446)
[2017.08.28-21.16.25:256][883]LogModuleManager: Shutting down and abandoning module HTML5PlatformEditor (444)
[2017.08.28-21.16.25:256][883]LogModuleManager: Shutting down and abandoning module AndroidPlatformEditor (442)
[2017.08.28-21.16.25:256][883]LogModuleManager: Shutting down and abandoning module AndroidDeviceDetection (441)
[2017.08.28-21.16.25:522][883]LogModuleManager: Shutting down and abandoning module IOSRuntimeSettings (438)
[2017.08.28-21.16.25:522][883]LogModuleManager: Shutting down and abandoning module AndroidRuntimeSettings (436)
[2017.08.28-21.16.25:522][883]LogModuleManager: Shutting down and abandoning module InputBindingEditor (434)
[2017.08.28-21.16.25:522][883]LogModuleManager: Shutting down and abandoning module MergeActors (432)
[2017.08.28-21.16.25:522][883]LogModuleManager: Shutting down and abandoning module SizeMap (430)
[2017.08.28-21.16.25:522][883]LogModuleManager: Shutting down and abandoning module TreeMap (428)
[2017.08.28-21.16.25:522][883]LogModuleManager: Shutting down and abandoning module ReferenceViewer (426)
[2017.08.28-21.16.25:522][883]LogModuleManager: Shutting down and abandoning module LocalizationDashboard (424)
[2017.08.28-21.16.25:522][883]LogModuleManager: Shutting down and abandoning module LocalizationService (423)
[2017.08.28-21.16.25:522][883]LogModuleManager: Shutting down and abandoning module HardwareTargeting (420)
[2017.08.28-21.16.25:522][883]LogModuleManager: Shutting down and abandoning module DeviceProfileEditor (418)
[2017.08.28-21.16.25:522][883]LogModuleManager: Shutting down and abandoning module UndoHistory (416)
[2017.08.28-21.16.25:522][883]LogModuleManager: Shutting down and abandoning module UserFeedback (414)
[2017.08.28-21.16.25:522][883]LogModuleManager: Shutting down and abandoning module XmlParser (412)
[2017.08.28-21.16.25:522][883]LogModuleManager: Shutting down and abandoning module Blutility (410)
[2017.08.28-21.16.25:522][883]LogModuleManager: Shutting down and abandoning module ProjectSettingsViewer (408)
[2017.08.28-21.16.25:522][883]LogModuleManager: Shutting down and abandoning module ProjectTargetPlatformEditor (407)
[2017.08.28-21.16.25:522][883]LogModuleManager: Shutting down and abandoning module EditorSettingsViewer (404)
[2017.08.28-21.16.25:523][883]LogModuleManager: Shutting down and abandoning module SettingsEditor (402)
[2017.08.28-21.16.25:523][883]LogModuleManager: Shutting down and abandoning module ProjectLauncher (400)
[2017.08.28-21.16.25:523][883]LogModuleManager: Shutting down and abandoning module SessionFrontend (398)
[2017.08.28-21.16.25:523][883]LogModuleManager: Shutting down and abandoning module ProfilerClient (396)
[2017.08.28-21.16.25:523][883]LogModuleManager: Shutting down and abandoning module DeviceManager (394)
[2017.08.28-21.16.25:523][883]LogModuleManager: Shutting down and abandoning module TargetDeviceServices (393)
[2017.08.28-21.16.25:577][883]LogModuleManager: Shutting down and abandoning module AutomationController (390)
[2017.08.28-21.16.25:577][883]LogModuleManager: Shutting down and abandoning module AutomationWindow (388)
[2017.08.28-21.16.25:577][883]LogModuleManager: Shutting down and abandoning module Layers (386)
[2017.08.28-21.16.25:577][883]LogModuleManager: Shutting down and abandoning module ComponentVisualizers (384)
[2017.08.28-21.16.25:577][883]LogModuleManager: Shutting down and abandoning module DetailCustomizations (382)
[2017.08.28-21.16.25:577][883]LogModuleManager: Shutting down and abandoning module PackagesDialog (380)
[2017.08.28-21.16.25:577][883]LogModuleManager: Shutting down and abandoning module Persona (378)
[2017.08.28-21.16.25:578][883]LogModuleManager: Shutting down and abandoning module AdvancedPreviewScene (377)
[2017.08.28-21.16.25:578][883]LogModuleManager: Shutting down and abandoning module AnimGraph (375)
[2017.08.28-21.16.25:578][883]LogModuleManager: Shutting down and abandoning module Kismet (372)
[2017.08.28-21.16.25:578][883]LogModuleManager: Shutting down and abandoning module ClassViewer (370)
[2017.08.28-21.16.25:579][883]LogModuleManager: Shutting down and abandoning module Toolbox (368)
[2017.08.28-21.16.25:579][883]LogModuleManager: Shutting down and abandoning module ModuleUI (366)
[2017.08.28-21.16.25:579][883]LogModuleManager: Shutting down and abandoning module MovieSceneTools (364)
[2017.08.28-21.16.25:579][883]LogModuleManager: Shutting down and abandoning module OutputLog (362)
[2017.08.28-21.16.25:579][883]LogModuleManager: Shutting down and abandoning module GammaUI (360)
[2017.08.28-21.16.25:579][883]LogModuleManager: Shutting down and abandoning module Documentation (358)
[2017.08.28-21.16.25:579][883]LogModuleManager: Shutting down and abandoning module MovieSceneTracks (356)
[2017.08.28-21.16.25:579][883]LogModuleManager: Shutting down and abandoning module MovieScene (354)
[2017.08.28-21.16.25:579][883]LogModuleManager: Shutting down and abandoning module Niagara (352)
[2017.08.28-21.16.25:579][883]LogModuleManager: Shutting down and abandoning module NiagaraEditor (351)
[2017.08.28-21.16.25:579][883]LogModuleManager: Shutting down and abandoning module StreamingPauseRendering (348)
[2017.08.28-21.16.25:579][883]LogModuleManager: Shutting down and abandoning module AnalyticsET (346)
[2017.08.28-21.16.25:579][883]LogModuleManager: Shutting down and abandoning module PortalServices (344)
[2017.08.28-21.16.25:579][883]LogModuleManager: Shutting down and abandoning module PortalRpc (342)
[2017.08.28-21.16.25:579][883]LogModuleManager: Shutting down and abandoning module MessagingRpc (340)
[2017.08.28-21.16.25:579][883]LogModuleManager: Shutting down and abandoning module AIModule (338)
[2017.08.28-21.16.25:579][883]LogModuleManager: Shutting down and abandoning module GameplayDebugger (337)
[2017.08.28-21.16.25:579][883]LogModuleManager: Shutting down and abandoning module AITestSuite (335)
[2017.08.28-21.16.25:579][883]LogModuleManager: Shutting down and abandoning module ProfilerService (332)
[2017.08.28-21.16.25:709][883]LogModuleManager: Shutting down and abandoning module TaskGraph (330)
[2017.08.28-21.16.25:709][883]LogModuleManager: Shutting down and abandoning module RunebergVRPlugin (328)
[2017.08.28-21.16.25:709][883]LogModuleManager: Shutting down and abandoning module GestureTrackerVR (326)
[2017.08.28-21.16.25:709][883]LogModuleManager: Shutting down and abandoning module SteamVRController (324)
[2017.08.28-21.16.25:709][883]LogModuleManager: Shutting down and abandoning module SteamVR (322)
[2017.08.28-21.16.25:709][883]LogModuleManager: Shutting down and abandoning module ProceduralMeshComponentEditor (320)
[2017.08.28-21.16.25:709][883]LogModuleManager: Shutting down and abandoning module ProceduralMeshComponent (318)
[2017.08.28-21.16.25:709][883]LogModuleManager: Shutting down and abandoning module OculusLibrary (316)
[2017.08.28-21.16.25:709][883]LogModuleManager: Shutting down and abandoning module OculusInput (314)
[2017.08.28-21.16.25:709][883]LogModuleManager: Shutting down and abandoning module MobilePatchingUtils (312)
[2017.08.28-21.16.25:709][883]LogModuleManager: Shutting down and abandoning module CustomMeshComponent (310)
[2017.08.28-21.16.25:709][883]LogModuleManager: Shutting down and abandoning module CableComponent (308)
[2017.08.28-21.16.25:709][883]LogModuleManager: Shutting down and abandoning module ArchVisCharacter (306)
[2017.08.28-21.16.25:709][883]LogModuleManager: Shutting down and abandoning module AndroidPermission (304)
[2017.08.28-21.16.25:709][883]LogModuleManager: Shutting down and abandoning module MediaPlayerEditor (300)
[2017.08.28-21.16.25:709][883]LogModuleManager: Shutting down and abandoning module HTML5Networking (298)
[2017.08.28-21.16.25:709][883]LogModuleManager: Shutting down and abandoning module AlembicImporter (296)
[2017.08.28-21.16.25:709][883]LogModuleManager: Shutting down and abandoning module AlembicLibrary (295)
[2017.08.28-21.16.25:709][883]LogModuleManager: Shutting down and abandoning module GeometryCache (294)
[2017.08.28-21.16.25:709][883]LogModuleManager: Shutting down and abandoning module GeometryCacheEd (293)
[2017.08.28-21.16.25:709][883]LogModuleManager: Shutting down and abandoning module SuperSearchEditor (288)
[2017.08.28-21.16.25:709][883]LogModuleManager: Shutting down and abandoning module SuperSearch (287)
[2017.08.28-21.16.25:709][883]LogModuleManager: Shutting down and abandoning module SpeedTreeImporter (284)
[2017.08.28-21.16.25:709][883]LogModuleManager: Shutting down and abandoning module PluginBrowser (282)
[2017.08.28-21.16.25:709][883]LogModuleManager: Shutting down and abandoning module MobileLauncherProfileWizard (280)
[2017.08.28-21.16.25:709][883]LogModuleManager: Shutting down and abandoning module VisualStudioSourceCodeAccess (278)
[2017.08.28-21.16.25:709][883]LogModuleManager: Shutting down and abandoning module DesktopPlatform (277)
[2017.08.28-21.16.25:709][883]LogModuleManager: Shutting down and abandoning module UObjectPlugin (274)
[2017.08.28-21.16.25:709][883]LogModuleManager: Shutting down and abandoning module SubversionSourceControl (272)
[2017.08.28-21.16.25:709][883]LogModuleManager: Shutting down and abandoning module PerforceSourceControl (270)
[2017.08.28-21.16.25:709][883]LogModuleManager: Shutting down and abandoning module GitSourceControl (268)
[2017.08.28-21.16.25:709][883]LogModuleManager: Shutting down and abandoning module SourceControl (267)
[2017.08.28-21.16.25:709][883]LogModuleManager: Shutting down and abandoning module LightPropagationVolumeEditor (264)
[2017.08.28-21.16.25:709][883]LogModuleManager: Shutting down and abandoning module PaperTiledImporter (262)
[2017.08.28-21.16.25:709][883]LogModuleManager: Shutting down and abandoning module PaperSpriteSheetImporter (260)
[2017.08.28-21.16.25:709][883]LogModuleManager: Shutting down and abandoning module Paper2DEditor (258)
[2017.08.28-21.16.25:709][883]LogModuleManager: Shutting down and abandoning module MeshPaint (257)
[2017.08.28-21.16.25:709][883]LogModuleManager: Shutting down and abandoning module LevelEditor (255)
[2017.08.28-21.16.25:711][883]LogModuleManager: Shutting down and abandoning module PixelInspectorModule (254)
[2017.08.28-21.16.25:711][883]LogModuleManager: Shutting down and abandoning module MainFrame (252)
[2017.08.28-21.16.25:711][883]LogModuleManager: Shutting down and abandoning module HotReload (251)
[2017.08.28-21.16.25:711][883]LogDirectoryWatcher: A directory notification for 'C:/Users/croch/Documents/Unreal Projects/SwordVR/Plugins/Marketplace/GestureTrackerVR/Binaries/Win64' was aborted.
[2017.08.28-21.16.25:711][883]LogDirectoryWatcher: A directory notification for 'C:/Users/croch/Documents/Unreal Projects/SwordVR/Plugins/Marketplace/RunebergVRPlugin/Binaries/Win64' was aborted.
[2017.08.28-21.16.25:712][883]LogModuleManager: Shutting down and abandoning module PhysXVehiclesEditor (246)
[2017.08.28-21.16.25:712][883]LogModuleManager: Shutting down and abandoning module PhysXVehicles (244)
[2017.08.28-21.16.25:712][883]LogModuleManager: Shutting down and abandoning module LocationServicesBPLibrary (242)
[2017.08.28-21.16.25:712][883]LogModuleManager: Shutting down and abandoning module ImmediatePhysicsEditor (240)
[2017.08.28-21.16.25:712][883]LogModuleManager: Shutting down and abandoning module ImmediatePhysics (238)
[2017.08.28-21.16.25:712][883]LogModuleManager: Shutting down and abandoning module UdpMessaging (236)
[2017.08.28-21.16.25:813][883]LogModuleManager: Shutting down and abandoning module TcpMessaging (234)
[2017.08.28-21.16.25:913][883]LogModuleManager: Shutting down and abandoning module GameplayTagsEditor (232)
[2017.08.28-21.16.25:913][883]LogModuleManager: Shutting down and abandoning module FacialAnimationEditor (230)
[2017.08.28-21.16.25:913][883]LogModuleManager: Shutting down and abandoning module FacialAnimation (228)
[2017.08.28-21.16.25:913][883]LogModuleManager: Shutting down and abandoning module AssetManagerEditor (226)
[2017.08.28-21.16.25:913][883]LogModuleManager: Shutting down and abandoning module GraphEditor (225)
[2017.08.28-21.16.25:913][883]LogModuleManager: Shutting down and abandoning module ContentBrowser (223)
[2017.08.28-21.16.25:914][883]LogModuleManager: Shutting down and abandoning module LightPropagationVolumeRuntime (220)
[2017.08.28-21.16.25:914][883]LogModuleManager: Shutting down and abandoning module Paper2D (218)
[2017.08.28-21.16.25:914][883]LogModuleManager: Shutting down and abandoning module WindowsMoviePlayer (216)
[2017.08.28-21.16.25:914][883]LogModuleManager: Shutting down and abandoning module WmfMedia (214)
[2017.08.28-21.16.25:915][883]LogModuleManager: Shutting down and abandoning module ClothingSystemEditor (212)
[2017.08.28-21.16.25:915][883]LogModuleManager: Shutting down and abandoning module ClothingSystemRuntime (210)
[2017.08.28-21.16.25:915][883]LogModuleManager: Shutting down and abandoning module MediaAssets (208)
[2017.08.28-21.16.25:915][883]LogModuleManager: Shutting down and abandoning module GameLiveStreaming (206)
[2017.08.28-21.16.25:916][883]LogModuleManager: Shutting down and abandoning module VREditor (204)
[2017.08.28-21.16.25:916][883]LogModuleManager: Shutting down and abandoning module StringTableEditor (202)
[2017.08.28-21.16.25:916][883]LogModuleManager: Shutting down and abandoning module GameplayTasksEditor (200)
[2017.08.28-21.16.25:916][883]LogModuleManager: Shutting down and abandoning module BehaviorTreeEditor (198)
[2017.08.28-21.16.25:916][883]LogModuleManager: Shutting down and abandoning module FunctionalTesting (196)
[2017.08.28-21.16.25:916][883]LogModuleManager: Shutting down and abandoning module CollisionAnalyzer (194)
[2017.08.28-21.16.25:916][883]LogModuleManager: Shutting down and abandoning module UMG (192)
[2017.08.28-21.16.25:916][883]LogModuleManager: Shutting down and abandoning module UMGEditor (191)
[2017.08.28-21.16.25:916][883]LogModuleManager: Shutting down and abandoning module Sequencer (190)
[2017.08.28-21.16.25:916][883]LogModuleManager: Shutting down and abandoning module AssetTools (188)
[2017.08.28-21.16.25:916][883]LogModuleManager: Shutting down and abandoning module MessageLog (187)
[2017.08.28-21.16.25:916][883]LogModuleManager: Shutting down and abandoning module WorkspaceMenuStructure (186)
[2017.08.28-21.16.25:916][883]LogModuleManager: Shutting down and abandoning module SlateReflector (180)
[2017.08.28-21.16.25:916][883]LogModuleManager: Shutting down and abandoning module Slate (178)
[2017.08.28-21.16.25:916][883]LogModuleManager: Shutting down and abandoning module EditorStyle (176)
[2017.08.28-21.16.25:918][883]LogModuleManager: Shutting down and abandoning module SourceCodeAccess (174)
[2017.08.28-21.16.25:918][883]LogModuleManager: Shutting down and abandoning module HeadMountedDisplay (172)
[2017.08.28-21.16.25:918][883]LogModuleManager: Shutting down and abandoning module XAudio2 (170)
[2017.08.28-21.16.25:918][883]LogModuleManager: Shutting down and abandoning module Networking (168)
[2017.08.28-21.16.25:918][883]LogModuleManager: Shutting down and abandoning module Core (164)
[2017.08.28-21.16.25:918][883]LogModuleManager: Shutting down and abandoning module AssetRegistry (162)
[2017.08.28-21.16.26:030][883]LogDirectoryWatcher: A directory notification for '../../../Engine/Content/' was aborted.
[2017.08.28-21.16.26:030][883]LogDirectoryWatcher: A directory notification for '../../../../../../Users/croch/Documents/Unreal Projects/SwordVR/Content/' was aborted.
[2017.08.28-21.16.26:030][883]LogDirectoryWatcher: A directory notification for '../../../Engine/Plugins/2D/Paper2D/Content/' was aborted.
[2017.08.28-21.16.26:030][883]LogDirectoryWatcher: A directory notification for '../../../Engine/Plugins/Runtime/GearVR/Content/' was aborted.
[2017.08.28-21.16.26:030][883]LogDirectoryWatcher: A directory notification for '../../../../../../Users/croch/Documents/Unreal Projects/SwordVR/Plugins/Marketplace/GestureTrackerVR/Content/' was aborted.
[2017.08.28-21.16.26:032][883]LogModuleManager: Shutting down and abandoning module DirectoryWatcher (161)
[2017.08.28-21.16.26:033][883]LogModuleManager: Shutting down and abandoning module KismetCompiler (158)
[2017.08.28-21.16.26:033][883]LogModuleManager: Shutting down and abandoning module LevelSequence (156)
[2017.08.28-21.16.26:033][883]LogModuleManager: Shutting down and abandoning module PhysXFormats (154)
[2017.08.28-21.16.26:033][883]LogModuleManager: Shutting down and abandoning module MeshUtilities (152)
[2017.08.28-21.16.26:033][883]LogModuleManager: Shutting down and abandoning module SimplygonSwarm (151)
[2017.08.28-21.16.26:033][883]LogModuleManager: Shutting down and abandoning module SimplygonMeshReduction (149)
[2017.08.28-21.16.26:033][883]LogModuleManager: Shutting down and abandoning module QuadricMeshReduction (147)
[2017.08.28-21.16.26:033][883]LogModuleManager: Shutting down and abandoning module DerivedDataCache (144)
[2017.08.28-21.16.26:044][883]LogDerivedDataCache: Shutdown
[2017.08.28-21.16.26:044][883]LogModuleManager: Shutting down and abandoning module TargetPlatform (142)
[2017.08.28-21.16.26:044][883]LogModuleManager: Shutting down and abandoning module VulkanShaderFormat (141)
[2017.08.28-21.16.26:044][883]LogModuleManager: Shutting down and abandoning module ShaderFormatVectorVM (139)
[2017.08.28-21.16.26:044][883]LogModuleManager: Shutting down and abandoning module ShaderFormatOpenGL (137)
[2017.08.28-21.16.26:044][883]LogModuleManager: Shutting down and abandoning module ShaderFormatD3D (135)
[2017.08.28-21.16.26:044][883]LogModuleManager: Shutting down and abandoning module MetalShaderFormat (133)
[2017.08.28-21.16.26:044][883]LogModuleManager: Shutting down and abandoning module TextureFormatUncompressed (131)
[2017.08.28-21.16.26:044][883]LogModuleManager: Shutting down and abandoning module TextureFormatPVR (129)
[2017.08.28-21.16.26:044][883]LogModuleManager: Shutting down and abandoning module TextureFormatDXT (127)
[2017.08.28-21.16.26:044][883]LogModuleManager: Shutting down and abandoning module TextureFormatIntelISPCTexComp (125)
[2017.08.28-21.16.26:044][883]LogModuleManager: Shutting down and abandoning module TextureFormatASTC (123)
[2017.08.28-21.16.26:044][883]LogModuleManager: Shutting down and abandoning module ImageWrapper (122)
[2017.08.28-21.16.26:044][883]LogModuleManager: Shutting down and abandoning module TextureFormatAndroid (119)
[2017.08.28-21.16.26:044][883]LogModuleManager: Shutting down and abandoning module AudioFormatOpus (117)
[2017.08.28-21.16.26:044][883]LogModuleManager: Shutting down and abandoning module AudioFormatOgg (115)
[2017.08.28-21.16.26:044][883]LogModuleManager: Shutting down and abandoning module AudioFormatADPCM (113)
[2017.08.28-21.16.26:044][883]LogModuleManager: Shutting down and abandoning module LinuxTargetPlatform (111)
[2017.08.28-21.16.26:044][883]LogModuleManager: Shutting down and abandoning module LinuxServerTargetPlatform (109)
[2017.08.28-21.16.26:044][883]LogModuleManager: Shutting down and abandoning module LinuxNoEditorTargetPlatform (107)
[2017.08.28-21.16.26:044][883]LogModuleManager: Shutting down and abandoning module LinuxClientTargetPlatform (105)
[2017.08.28-21.16.26:044][883]LogModuleManager: Shutting down and abandoning module TVOSTargetPlatform (103)
[2017.08.28-21.16.26:044][883]LogModuleManager: Shutting down and abandoning module Messaging (101)
[2017.08.28-21.16.26:044][883]LogModuleManager: Shutting down and abandoning module IOSTargetPlatform (99)
[2017.08.28-21.16.26:044][883]LogModuleManager: Shutting down and abandoning module HTML5TargetPlatform (97)
[2017.08.28-21.16.26:044][883]LogModuleManager: Shutting down and abandoning module Android_PVRTCTargetPlatform (95)
[2017.08.28-21.16.26:044][883]LogModuleManager: Shutting down and abandoning module Android_MultiTargetPlatform (93)
[2017.08.28-21.16.26:044][883]LogModuleManager: Shutting down and abandoning module Android_ETC2TargetPlatform (91)
[2017.08.28-21.16.26:044][883]LogModuleManager: Shutting down and abandoning module Android_ETC1TargetPlatform (89)
[2017.08.28-21.16.26:044][883]LogModuleManager: Shutting down and abandoning module Android_DXTTargetPlatform (87)
[2017.08.28-21.16.26:044][883]LogModuleManager: Shutting down and abandoning module Android_ATCTargetPlatform (85)
[2017.08.28-21.16.26:045][883]LogModuleManager: Shutting down and abandoning module Android_ASTCTargetPlatform (83)
[2017.08.28-21.16.26:045][883]LogModuleManager: Shutting down and abandoning module AndroidTargetPlatform (81)
[2017.08.28-21.16.26:045][883]LogModuleManager: Shutting down and abandoning module WindowsTargetPlatform (79)
[2017.08.28-21.16.26:045][883]LogModuleManager: Shutting down and abandoning module WindowsServerTargetPlatform (77)
[2017.08.28-21.16.26:045][883]LogModuleManager: Shutting down and abandoning module WindowsNoEditorTargetPlatform (75)
[2017.08.28-21.16.26:045][883]LogModuleManager: Shutting down and abandoning module WindowsClientTargetPlatform (73)
[2017.08.28-21.16.26:045][883]LogModuleManager: Shutting down and abandoning module MacTargetPlatform (71)
[2017.08.28-21.16.26:045][883]LogModuleManager: Shutting down and abandoning module MacServerTargetPlatform (69)
[2017.08.28-21.16.26:045][883]LogModuleManager: Shutting down and abandoning module MacNoEditorTargetPlatform (67)
[2017.08.28-21.16.26:045][883]LogModuleManager: Shutting down and abandoning module MacClientTargetPlatform (65)
[2017.08.28-21.16.26:045][883]LogModuleManager: Shutting down and abandoning module AllDesktopTargetPlatform (63)
[2017.08.28-21.16.26:045][883]LogModuleManager: Shutting down and abandoning module InputCore (60)
[2017.08.28-21.16.26:045][883]LogModuleManager: Shutting down and abandoning module Settings (58)
[2017.08.28-21.16.26:045][883]LogModuleManager: Shutting down and abandoning module OculusRift (56)
[2017.08.28-21.16.26:045][883]LogModuleManager: Shutting down and abandoning module GearVRController (54)
[2017.08.28-21.16.26:045][883]LogModuleManager: Shutting down and abandoning module GearVR (52)
[2017.08.28-21.16.26:045][883]LogModuleManager: Shutting down and abandoning module ExampleDeviceProfileSelector (50)
[2017.08.28-21.16.26:045][883]LogModuleManager: Shutting down and abandoning module OnlineBlueprintSupport (48)
[2017.08.28-21.16.26:045][883]LogModuleManager: Shutting down and abandoning module OnlineSubsystem (44)
[2017.08.28-21.16.26:045][883]LogOnline:Display: Unloading online subsystem: NULL
[2017.08.28-21.16.26:045][883]LogModuleManager: Shutting down and abandoning module XMPP (43)
[2017.08.28-21.16.26:045][883]LogModuleManager: Shutting down and abandoning module HTTP (41)
[2017.08.28-21.16.26:045][883]LogHttp:Display: Http module shutting down, but needs to wait on 1 outstanding Http requests:
[2017.08.28-21.16.26:045][883]LogHttp:Display: 	verb=[POST] url=[https://datarouter.ol.epicgames.com/datarouter/api/v1/public/data?SessionID=%7B269696FB-48A9-8E22-D524-E1AE6ECDF72B%7D&AppID=UEEditor.Rocket.Release&AppVersion=4.16.3-3561208%2B%2B%2BUE4%2BRelease-4.16&UserID=c19455da4e9942465a9434b53fdba419%7Cd8e1cdd51d1c479f8a85754926729c65%7C107367ae-b7ca-4457-9e4d-cb26e87773d6&AppEnvironment=datacollector-binary&UploadType=eteventstream] status=Processing
[2017.08.28-21.16.26:071][883]LogModuleManager: Shutting down and abandoning module SSL (40)
[2017.08.28-21.16.26:073][883]LogModuleManager: Shutting down and abandoning module HTTPChunkInstaller (36)
[2017.08.28-21.16.26:073][883]LogModuleManager: Shutting down and abandoning module AnimationModifiers (34)
[2017.08.28-21.16.26:073][883]LogModuleManager: Shutting down and abandoning module PropertyEditor (33)
[2017.08.28-21.16.26:073][883]LogModuleManager: Shutting down and abandoning module AudioEditor (30)
[2017.08.28-21.16.26:073][883]LogModuleManager: Shutting down and abandoning module TextureCompressor (28)
[2017.08.28-21.16.26:073][883]LogModuleManager: Shutting down and abandoning module ShaderCore (26)
[2017.08.28-21.16.26:073][883]LogModuleManager: Shutting down and abandoning module Landscape (24)
[2017.08.28-21.16.26:073][883]LogModuleManager: Shutting down and abandoning module SlateRHIRenderer (22)
[2017.08.28-21.16.26:073][883]LogModuleManager: Shutting down and abandoning module OpenGLDrv (20)
[2017.08.28-21.16.26:073][883]LogModuleManager: Shutting down and abandoning module D3D11RHI (18)
[2017.08.28-21.16.26:073][883]LogModuleManager: Shutting down and abandoning module AnimGraphRuntime (16)
[2017.08.28-21.16.26:073][883]LogModuleManager: Shutting down and abandoning module Renderer (14)
[2017.08.28-21.16.26:073][883]LogModuleManager: Shutting down and abandoning module Engine (12)
[2017.08.28-21.16.26:073][883]LogModuleManager: Shutting down and abandoning module CoreUObject (10)
[2017.08.28-21.16.26:073][883]LogModuleManager: Shutting down and abandoning module NetworkFile (8)
[2017.08.28-21.16.26:073][883]LogModuleManager: Shutting down and abandoning module StreamingFile (6)
[2017.08.28-21.16.26:074][883]LogModuleManager: Shutting down and abandoning module SandboxFile (4)
[2017.08.28-21.16.26:074][883]LogModuleManager: Shutting down and abandoning module PakFile (2)
[2017.08.28-21.16.26:075][883]LogExit: Exiting.
[2017.08.28-21.16.26:088][883]Log file closed, 08/28/17 17:16:26
