Log file open, 09/04/17 12:40:42
LogWindows: LoadLibraryWithSearchPaths failed for file aqProf.dll. GetLastError=0
LogWindows: LoadLibraryWithSearchPaths failed for file VSPerf140.dll. GetLastError=0
LogWindows: LoadLibraryWithSearchPaths failed for file VtuneApi.dll. GetLastError=0
LogWindows: LoadLibraryWithSearchPaths failed for file VtuneApi32e.dll. GetLastError=0
LogInit: Display: Running engine for game: SwordVR
LogPlatformFile: Not using cached read wrapper
LogInit: Display: RandInit(-126372477) SRandInit(-126372477).
LogTaskGraph: Started task graph with 5 named threads and 14 total threads with 3 sets of task threads.
LogStats: Stats thread started at 0.189243
LogD3D11RHI: Aftermath initialized
LogPluginManager: Mounting plugin Paper2D
LogPluginManager: Mounting plugin LightPropagationVolume
LogPluginManager: Mounting plugin CodeLiteSourceCodeAccess
LogPluginManager: Mounting plugin GitSourceControl
LogPluginManager: Mounting plugin KDevelopSourceCodeAccess
LogPluginManager: Mounting plugin NullSourceCodeAccess
LogPluginManager: Mounting plugin PerforceSourceControl
LogPluginManager: Mounting plugin SubversionSourceControl
LogPluginManager: Mounting plugin UObjectPlugin
LogPluginManager: Mounting plugin VisualStudioSourceCodeAccess
LogPluginManager: Mounting plugin XCodeSourceCodeAccess
LogPluginManager: Mounting plugin AssetManagerEditor
LogPluginManager: Mounting plugin AudioCapture
LogPluginManager: Mounting plugin FacialAnimation
LogPluginManager: Mounting plugin GameplayTagsEditor
LogPluginManager: Mounting plugin MobileLauncherProfileWizard
LogPluginManager: Mounting plugin PluginBrowser
LogPluginManager: Mounting plugin SpeedTreeImporter
LogPluginManager: Mounting plugin AlembicImporter
LogPluginManager: Mounting plugin CharacterAI
LogPluginManager: Mounting plugin HTML5Networking
LogPluginManager: Mounting plugin RunebergVRPlugin
LogPluginManager: Mounting plugin AndroidMedia
LogPluginManager: Mounting plugin AvfMedia
LogPluginManager: Mounting plugin MediaPlayerEditor
LogPluginManager: Mounting plugin WmfMedia
LogPluginManager: Mounting plugin TcpMessaging
LogPluginManager: Mounting plugin UdpMessaging
LogPluginManager: Mounting plugin LevelSequenceEditor
LogPluginManager: Mounting plugin MatineeToLevelSequence
LogPluginManager: Mounting plugin OnlineSubsystemGooglePlay
LogPluginManager: Mounting plugin OnlineSubsystemIOS
LogPluginManager: Mounting plugin OnlineSubsystem
LogPluginManager: Mounting plugin OnlineSubsystemNull
LogPluginManager: Mounting plugin OnlineSubsystemUtils
LogPluginManager: Mounting plugin AndroidDeviceProfileSelector
LogPluginManager: Mounting plugin AndroidMoviePlayer
LogPluginManager: Mounting plugin AndroidPermission
LogPluginManager: Mounting plugin AppleMoviePlayer
LogPluginManager: Mounting plugin ArchVisCharacter
LogPluginManager: Mounting plugin CableComponent
LogPluginManager: Mounting plugin CustomMeshComponent
LogPluginManager: Mounting plugin ExampleDeviceProfileSelector
LogPluginManager: Mounting plugin GoogleCloudMessaging
LogPluginManager: Mounting plugin ImmediatePhysics
LogPluginManager: Mounting plugin IOSDeviceProfileSelector
LogPluginManager: Mounting plugin LinuxDeviceProfileSelector
LogPluginManager: Mounting plugin LocationServicesBPLibrary
LogPluginManager: Mounting plugin MobilePatchingUtils
LogPluginManager: Mounting plugin OculusVR
LogPluginManager: Mounting plugin PhysXVehicles
LogPluginManager: Mounting plugin ProceduralMeshComponent
LogPluginManager: Mounting plugin RuntimePhysXCooking
LogPluginManager: Mounting plugin SoundVisualizations
LogPluginManager: Mounting plugin SteamVR
LogPluginManager: Mounting plugin WindowsMoviePlayer
LogInit: Using libcurl 7.47.1
LogInit:  - built for x86_64-pc-win32
LogInit:  - supports SSL with OpenSSL/1.0.2g
LogInit:  - supports HTTP deflate (compression) using libz 1.2.8
LogInit:  - other features:
LogInit:      CURL_VERSION_SSL
LogInit:      CURL_VERSION_LIBZ
LogInit:      CURL_VERSION_IPV6
LogInit:      CURL_VERSION_ASYNCHDNS
LogInit:      CURL_VERSION_LARGEFILE
LogInit:      CURL_VERSION_IDN
LogInit:  CurlRequestOptions (configurable via config and command line):
LogInit:  - bVerifyPeer = false  - Libcurl will NOT verify peer certificate
LogInit:  - bUseHttpProxy = false  - Libcurl will NOT use HTTP proxy
LogInit:  - bDontReuseConnections = false  - Libcurl will reuse connections
LogInit:  - CertBundlePath = nullptr  - Libcurl will use whatever was configured at build time.
LogInit: Build: ++UE4+Release-4.17-CL-3586342
LogInit: Engine Version: 4.17.1-3586342+++UE4+Release-4.17
LogInit: Compatible Engine Version: 4.17.0-3573198+++UE4+Release-4.17
LogInit: Net CL: 3573198
LogDevObjectVersion: Number of dev versions registered: 16
LogDevObjectVersion:   Dev-Blueprints (B0D832E4-1F89-4F0D-ACCF-7EB736FD4AA2): 10
LogDevObjectVersion:   Dev-Build (E1C64328-A22C-4D53-A36C-8E866417BD8C): 0
LogDevObjectVersion:   Dev-Core (375EC13C-06E4-48FB-B500-84F0262A717E): 2
LogDevObjectVersion:   Dev-Editor (E4B068ED-F494-42E9-A231-DA0B2E46BB41): 20
LogDevObjectVersion:   Dev-Framework (CFFC743F-43B0-4480-9391-14DF171D2073): 28
LogDevObjectVersion:   Dev-Mobile (B02B49B5-BB20-44E9-A304-32B752E40360): 0
LogDevObjectVersion:   Dev-Networking (A4E4105C-59A1-49B5-A7C5-40C4547EDFEE): 0
LogDevObjectVersion:   Dev-Online (39C831C9-5AE6-47DC-9A44-9C173E1C8E7C): 0
LogDevObjectVersion:   Dev-Physics (78F01B33-EBEA-4F98-B9B4-84EACCB95AA2): 0
LogDevObjectVersion:   Dev-Platform (6631380F-2D4D-43E0-8009-CF276956A95A): 0
LogDevObjectVersion:   Dev-Rendering (12F88B9F-8875-4AFC-A67C-D90C383ABD29): 19
LogDevObjectVersion:   Dev-Sequencer (7B5AE74C-D270-4C10-A958-57980B212A5A): 4
LogDevObjectVersion:   Dev-VR (D7296918-1DD6-4BDD-9DE2-64A83CC13884): 0
LogDevObjectVersion:   Dev-LoadTimes (C2A15278-BFE7-4AFE-6C17-90FF531DF755): 1
LogDevObjectVersion:   Private-Geometry (6EACA3D4-40EC-4CC1-B786-8BED09428FC5): 1
LogDevObjectVersion:   Dev-AnimPhys (29E575DD-E0A3-4627-9D10-D276232CDCEA): 7
LogInit: Compiled (64-bit): Aug 15 2017 02:05:26
LogInit: Compiled with Visual C++: 19.00.24215.01
LogInit: Build Configuration: Development
LogInit: Branch Name: ++UE4+Release-4.17
LogInit: Command line: -EpicPortal 
LogInit: Base directory: C:/Program Files/Epic Games/UE_4.17/Engine/Binaries/Win64/
LogInit: Installed Engine Build: 1
LogInit: Presizing for max 8388607 objects, including 0 objects not considered by GC, pre-allocating 0 bytes for permanent pool.
LogInit: Object subsystem initialized
[2017.09.04-16.40.43:494][  0]LogInit: Selected Device Profile: [Windows]
[2017.09.04-16.40.43:494][  0]LogInit: Applying CVar settings loaded from the selected device profile: [Windows]
[2017.09.04-16.40.43:513][  0]LogInit: Computer: DESKTOP-SIJTC7B
[2017.09.04-16.40.43:513][  0]LogInit: User: croch
[2017.09.04-16.40.43:513][  0]LogInit: CPU Page size=4096, Cores=4
[2017.09.04-16.40.43:513][  0]LogInit: High frequency timer resolution =2.533209 MHz
[2017.09.04-16.40.43:514][  0]LogMemory: Memory total: Physical=15.9GB (16GB approx)
[2017.09.04-16.40.43:514][  0]LogMemory: Platform Memory Stats for Windows
[2017.09.04-16.40.43:514][  0]LogMemory: Process Physical Memory: 277.52 MB used, 277.52 MB peak
[2017.09.04-16.40.43:514][  0]LogMemory: Process Virtual Memory: 274.47 MB used, 274.47 MB peak
[2017.09.04-16.40.43:514][  0]LogMemory: Physical Memory: 7978.02 MB used,  8329.00 MB free, 16307.03 MB total
[2017.09.04-16.40.43:514][  0]LogMemory: Virtual Memory: 707.16 MB used,  8329.00 MB free, 134217728.00 MB total
[2017.09.04-16.40.43:717][  0]LogInit: Using OS detected language (en-US).
[2017.09.04-16.40.43:717][  0]LogInit: Using OS detected locale (en-US).
[2017.09.04-16.40.43:720][  0]LogTextLocalizationManager: No specific localization for 'en-US' exists, so the 'en' localization will be used.
[2017.09.04-16.40.44:386][  0]LogD3D11RHI: D3D11 adapters:
[2017.09.04-16.40.45:003][  0]LogD3D11RHI:    0. 'NVIDIA GeForce GTX 970M' (Feature Level 11_0)
[2017.09.04-16.40.45:003][  0]LogD3D11RHI:       3040/0/8153 MB DedicatedVideo/DedicatedSystem/SharedSystem, Outputs:1, VendorId:0x10de
[2017.09.04-16.40.45:008][  0]LogD3D11RHI:    1. 'Intel(R) HD Graphics 4600' (Feature Level 11_0)
[2017.09.04-16.40.45:008][  0]LogD3D11RHI:       112/0/2048 MB DedicatedVideo/DedicatedSystem/SharedSystem, Outputs:0, VendorId:0x8086
[2017.09.04-16.40.45:010][  0]LogD3D11RHI:    2. 'Microsoft Basic Render Driver' (Feature Level 11_0)
[2017.09.04-16.40.45:010][  0]LogD3D11RHI:       0/0/8153 MB DedicatedVideo/DedicatedSystem/SharedSystem, Outputs:0, VendorId:0x1414
[2017.09.04-16.40.45:010][  0]LogD3D11RHI: Chosen D3D11 Adapter: 0
[2017.09.04-16.40.45:016][  0]LogD3D11RHI: Creating new Direct3DDevice
[2017.09.04-16.40.45:016][  0]LogD3D11RHI:     GPU DeviceId: 0x13d8 (for the marketing name, search the web for "GPU Device Id")
[2017.09.04-16.40.45:016][  0]LogWindows: EnumDisplayDevices:
[2017.09.04-16.40.45:016][  0]LogWindows:    0. 'Intel(R) HD Graphics 4600' (P:1 D:1)
[2017.09.04-16.40.45:017][  0]LogWindows:    1. 'Intel(R) HD Graphics 4600' (P:0 D:0)
[2017.09.04-16.40.45:017][  0]LogWindows:    2. 'Intel(R) HD Graphics 4600' (P:0 D:0)
[2017.09.04-16.40.45:018][  0]LogWindows: DebugString: GetVideoDriverDetailsInvalid PrimaryIsNotTheChoosenAdapter GetVideoDriverDetailsInvalid PrimaryIsNotTheChoosenAdapter GetVideoDriverDetailsInvalid PrimaryIsNotTheChoosenAdapter FoundDriverCount:0 
[2017.09.04-16.40.45:018][  0]LogD3D11RHI:     Adapter Name: NVIDIA GeForce GTX 970M
[2017.09.04-16.40.45:018][  0]LogD3D11RHI:   Driver Version: Unknown (internal:Unknown, unified:Unknown)
[2017.09.04-16.40.45:018][  0]LogD3D11RHI:      Driver Date: Unknown
[2017.09.04-16.40.45:018][  0]LogRHI: Texture pool is 1361 MB (70% of 1945 MB)
[2017.09.04-16.40.45:566][  0]LogD3D11RHI: Async texture creation enabled
[2017.09.04-16.40.45:597][  0]LogD3D11RHI: GPU Timing Frequency: 1000.000000 (Debug: 2 1)
[2017.09.04-16.40.45:598][  0]LogShaderCompilers: Guid format shader working directory is -17 characters bigger than the processId version (../../../../../../Users/croch/Documents/Unreal Projects/SwordVR/Intermediate/Shaders/WorkingDirectory/6524/).
[2017.09.04-16.40.45:598][  0]LogShaderCompilers: Cleaned the shader compiler working directory 'C:/Users/croch/AppData/Local/Temp/UnrealShaderWorkingDir/18F1C63940DEA1E5A645CAADD9F000F7/'.
[2017.09.04-16.40.45:598][  0]LogShaderCompilers: Display: Using Local Shader Compiler.
[2017.09.04-16.40.46:535][  0]LogTemp: Display: Loaded TP AllDesktopTargetPlatform
[2017.09.04-16.40.46:594][  0]LogTemp: Display: Loaded TP MacClientTargetPlatform
[2017.09.04-16.40.46:651][  0]LogTemp: Display: Loaded TP MacNoEditorTargetPlatform
[2017.09.04-16.40.46:707][  0]LogTemp: Display: Loaded TP MacServerTargetPlatform
[2017.09.04-16.40.46:763][  0]LogTemp: Display: Loaded TP MacTargetPlatform
[2017.09.04-16.40.46:820][  0]LogTemp: Display: Loaded TP WindowsClientTargetPlatform
[2017.09.04-16.40.46:875][  0]LogTemp: Display: Loaded TP WindowsNoEditorTargetPlatform
[2017.09.04-16.40.46:931][  0]LogTemp: Display: Loaded TP WindowsServerTargetPlatform
[2017.09.04-16.40.46:981][  0]LogTemp: Display: Loaded TP WindowsTargetPlatform
[2017.09.04-16.40.47:036][  0]LogTemp: Display: Loaded TP AndroidTargetPlatform
[2017.09.04-16.40.47:091][  0]LogTemp: Display: Loaded TP Android_ASTCTargetPlatform
[2017.09.04-16.40.47:148][  0]LogTemp: Display: Loaded TP Android_ATCTargetPlatform
[2017.09.04-16.40.47:203][  0]LogTemp: Display: Loaded TP Android_DXTTargetPlatform
[2017.09.04-16.40.47:258][  0]LogTemp: Display: Loaded TP Android_ETC1TargetPlatform
[2017.09.04-16.40.47:313][  0]LogTemp: Display: Loaded TP Android_ETC2TargetPlatform
[2017.09.04-16.40.47:427][  0]LogTemp: Display: Loaded TP Android_MultiTargetPlatform
[2017.09.04-16.40.47:427][  0]LogTemp: Display: Loaded TP Android_PVRTCTargetPlatform
[2017.09.04-16.40.47:471][  0]LogTemp: Display: Loaded TP HTML5TargetPlatform
[2017.09.04-16.40.47:573][  0]LogTemp: Display: Loaded TP IOSTargetPlatform
[2017.09.04-16.40.47:607][  0]LogTemp: Display: Loaded TP TVOSTargetPlatform
[2017.09.04-16.40.47:662][  0]LogTemp: Display: Loaded TP LinuxClientTargetPlatform
[2017.09.04-16.40.47:719][  0]LogTemp: Display: Loaded TP LinuxNoEditorTargetPlatform
[2017.09.04-16.40.47:778][  0]LogTemp: Display: Loaded TP LinuxServerTargetPlatform
[2017.09.04-16.40.47:837][  0]LogTemp: Display: Loaded TP LinuxTargetPlatform
[2017.09.04-16.40.47:837][  0]LogTargetPlatformManager: Display: Building Assets For Windows
[2017.09.04-16.40.48:375][  0]LogDerivedDataCache: Display: Max Cache Size: 512 MB
[2017.09.04-16.40.48:451][  0]LogDerivedDataCache: Loaded boot cache 0.08s 93MB C:/Users/croch/AppData/Local/UnrealEngine/4.17/DerivedDataCache/Boot.ddc.
[2017.09.04-16.40.48:451][  0]LogDerivedDataCache: Display: Loaded Boot cache: C:/Users/croch/AppData/Local/UnrealEngine/4.17/DerivedDataCache/Boot.ddc
[2017.09.04-16.40.48:451][  0]LogDerivedDataCache: FDerivedDataBackendGraph:  Pak pak cache file ../../../../../../Users/croch/Documents/Unreal Projects/SwordVR/DerivedDataCache/DDC.ddp not found, will not use a pak cache.
[2017.09.04-16.40.48:451][  0]LogDerivedDataCache: Unable to find inner node Pak for hierarchical cache Hierarchy.
[2017.09.04-16.40.48:451][  0]LogDerivedDataCache: FDerivedDataBackendGraph:  CompressedPak pak cache file ../../../../../../Users/croch/Documents/Unreal Projects/SwordVR/DerivedDataCache/Compressed.ddp not found, will not use a pak cache.
[2017.09.04-16.40.48:451][  0]LogDerivedDataCache: Unable to find inner node CompressedPak for hierarchical cache Hierarchy.
[2017.09.04-16.40.48:467][  0]LogDerivedDataCache: Display: Pak cache opened for reading ../../../Engine/DerivedDataCache/Compressed.ddp.
[2017.09.04-16.40.48:479][  0]LogDerivedDataCache: Using Local data cache path C:/Users/croch/AppData/Local/UnrealEngine/Common/DerivedDataCache: Writable
[2017.09.04-16.40.48:488][  0]LogMaterial: Verifying Global Shaders for PCD3D_SM5
[2017.09.04-16.40.48:489][  0]LogSlate: Using Freetype 2.6.0
[2017.09.04-16.40.48:489][  0]LogSlate: SlateFontCache - WITH_FREETYPE: 1, WITH_HARFBUZZ: 1
[2017.09.04-16.40.48:489][  0]LogSlate: SlateFontCache - WITH_FREETYPE: 1, WITH_HARFBUZZ: 1
[2017.09.04-16.40.48:742][  0]LogAssetRegistry: FAssetRegistry took 0.0260 seconds to start up
[2017.09.04-16.40.48:863][  0]LogInit: Selected Device Profile: [Windows]
[2017.09.04-16.40.48:983][  0]LogContentStreaming: Texture pool size is 0.00 MB
[2017.09.04-16.40.49:308][  0]LogSimplygon: Simplygon DLL not present - disabling.
[2017.09.04-16.40.49:354][  0]LogMeshReduction: Using SimplygonSwarm for distributed automatic mesh merging
[2017.09.04-16.40.49:354][  0]LogMeshReduction: Using QuadricMeshReduction for automatic static mesh reduction
[2017.09.04-16.40.49:354][  0]LogMeshReduction: No automatic skeletal mesh reduction module available
[2017.09.04-16.40.49:354][  0]LogMeshReduction: No automatic mesh merging module available
[2017.09.04-16.40.49:354][  0]LogMeshMerging: No automatic mesh merging module available
[2017.09.04-16.40.49:684][  0]LogNetVersion: SwordVR , NetCL: 3573198, EngineNetVer: 2, GameNetVer: 0 (Checksum: 2726716735)
[2017.09.04-16.40.49:911][  0]LogPackageLocalizationCache: Processed 6 localized package path(s) for 2 prioritized culture(s) in 0.061895 seconds
[2017.09.04-16.40.49:917][  0]LogUObjectArray: 35825 objects as part of root set at end of initial load.
[2017.09.04-16.40.49:917][  0]LogUObjectAllocator: 7529104 out of 0 bytes used by permanent object pool.
[2017.09.04-16.40.49:917][  0]LogUObjectArray: CloseDisregardForGC: 0/0 objects in disregard for GC pool
[2017.09.04-16.40.49:987][  0]LogInit: WinSock: version 1.1 (2.2), MaxSocks=32767, MaxUdp=65467
[2017.09.04-16.40.52:653][  0]LogTcpMessaging: Initializing TcpMessaging bridge
[2017.09.04-16.40.52:694][  0]LogUdpMessaging: Initializing bridge on interface 0.0.0.0:0 to multicast group 230.0.0.1:6666.
[2017.09.04-16.40.53:376][  0]LogMaterial: Uniform references updated for custom material expression Custom.
[2017.09.04-16.40.53:817][  0]SourceControl: Source control is disabled
[2017.09.04-16.40.53:817][  0]SourceControl: Source control is disabled
[2017.09.04-16.40.53:872][  0]SourceControl: Source control is disabled
[2017.09.04-16.40.53:924][  0]SourceControl: Source control is disabled
[2017.09.04-16.40.54:662][  0]LogAndroidPermission: UAndroidPermissionCallbackProxy::GetInstance
[2017.09.04-16.40.54:928][  0]LogOcInput: OculusInput pre-init called
[2017.09.04-16.40.55:261][  0]LogEngine: Initializing Engine...
[2017.09.04-16.40.55:263][  0]LogHMD: Failed to initialize OpenVR with code 110
[2017.09.04-16.40.55:452][  0]LogStats: UGameplayTagsManager::ConstructGameplayTagTree: Construct from data asset -  0.000 s
[2017.09.04-16.40.55:452][  0]LogStats: UGameplayTagsManager::ConstructGameplayTagTree: GameplayTagTreeChangedEvent.Broadcast -  0.000 s
[2017.09.04-16.40.55:600][  0]LogAIModule: Creating AISystem for world Untitled
[2017.09.04-16.40.55:605][  0]LogInit: XAudio2 using 'Speakers (High Definition Audio Device)' : 2 channels at 48 kHz using 16 bits per sample (channel mask 0x3)
[2017.09.04-16.40.55:616][  0]LogInit: FAudioDevice initialized.
[2017.09.04-16.40.55:840][  0]LogDerivedDataCache: Saved boot cache 0.22s 93MB C:/Users/croch/AppData/Local/UnrealEngine/4.17/DerivedDataCache/Boot.ddc.
[2017.09.04-16.40.55:852][  0]LogInit: Texture streaming: Enabled
[2017.09.04-16.40.55:980][  0]LogEngineSessionManager: EngineSessionManager initialized
[2017.09.04-16.40.56:230][  0]LogInit: Transaction tracking system initialized
[2017.09.04-16.40.56:581][  0]BlueprintLog: New page: Editor Load
[2017.09.04-16.40.57:666][  0]LocalizationService: Localization service is disabled
[2017.09.04-16.40.58:498][  0]LogConsoleResponse: Display: 
[2017.09.04-16.40.58:675][  0]LogCook: Display: Max memory allowance for cook 16384mb min free memory 0mb
[2017.09.04-16.40.58:675][  0]LogCook: Display: Mobile HDR setting 1
[2017.09.04-16.40.58:675][  0]LogGameplayTags: Display: UGameplayTagsManager::DoneAddingNativeTags. DelegateIsBound: 0
[2017.09.04-16.40.59:137][  0]LogFileCache: Scanning file cache for directory 'C:/Users/croch/Documents/Unreal Projects/SwordVR/Content/' took 0.02s
[2017.09.04-16.40.59:834][  0]SourceControl: Source control is disabled
[2017.09.04-16.40.59:835][  0]Cmd: MAP LOAD FILE="../../../Engine/Content/Maps/Templates/Template_Default.umap" TEMPLATE=1 SHOWPROGRESS=1 FEATURELEVEL=3
[2017.09.04-16.40.59:835][  0]LightingResults: New page: Lighting Build
[2017.09.04-16.40.59:881][  0]MapCheck: New page: Map Check
[2017.09.04-16.40.59:881][  0]LightingResults: New page: Lighting Build
[2017.09.04-16.41.00:082][  0]LogAIModule: Creating AISystem for world Untitled_1
[2017.09.04-16.41.00:088][  0]LogEditorServer: Finished looking for orphan Actors (0.000 secs)
[2017.09.04-16.41.00:102][  0]Cmd: MAP CHECKDEP NOCLEARLOG
[2017.09.04-16.41.00:165][  0]MapCheck: Map check complete: 0 Error(s), 0 Warning(s), took 63.676ms to complete.
[2017.09.04-16.41.00:165][  0]LogFileHelpers: Loading map 'Template_Default' took 0.331
[2017.09.04-16.41.00:437][  0]LogCollectionManager: Loaded 0 collections in 0.000962 seconds
[2017.09.04-16.41.00:568][  0]LogFileCache: Scanning file cache for directory 'C:/Users/croch/Documents/Unreal Projects/SwordVR/Saved/Collections/' took 0.01s
[2017.09.04-16.41.00:568][  0]LogFileCache: Scanning file cache for directory 'C:/Users/croch/Documents/Unreal Projects/SwordVR/Content/Developers/croch/Collections/' took 0.01s
[2017.09.04-16.41.00:569][  0]LogFileCache: Scanning file cache for directory 'C:/Users/croch/Documents/Unreal Projects/SwordVR/Content/Collections/' took 0.01s
[2017.09.04-16.41.00:569][  0]LogCollectionManager: Rebuilt the GUID cache for 0 collections in 0.000000 seconds
[2017.09.04-16.41.00:582][  0]LogContentBrowser: Native class hierarchy populated in 0.0116 seconds. Added 2398 classes and 506 folders.
[2017.09.04-16.41.00:679][  0]LogContentBrowser: Native class hierarchy updated for 'WidgetCarousel' in 0.0012 seconds. Added 0 classes and 0 folders.
[2017.09.04-16.41.01:252][  0]LogContentBrowser: Native class hierarchy updated for 'AddContentDialog' in 0.0007 seconds. Added 0 classes and 0 folders.
[2017.09.04-16.41.01:318][  0]LogContentBrowser: Native class hierarchy updated for 'SceneOutliner' in 0.0018 seconds. Added 1 classes and 2 folders.
[2017.09.04-16.41.01:384][  0]LogSlate: Took 0.000613 seconds to synchronously load lazily loaded font '../../../Engine/Content/Slate/Fonts/Roboto-Regular.ttf' (155K)
[2017.09.04-16.41.01:387][  0]LogSlate: Took 0.000214 seconds to synchronously load lazily loaded font '../../../Engine/Content/Slate/Fonts/Roboto-Bold.ttf' (160K)
[2017.09.04-16.41.01:406][  0]LogSlate: Took 0.011022 seconds to synchronously load lazily loaded font '../../../Engine/Content/Editor/Slate/Fonts/FontAwesome.ttf' (139K)
[2017.09.04-16.41.01:575][  0]LogRenderer: Reallocating scene render targets to support 804x340 Format 10 NumSamples 1 (Frame:1).
[2017.09.04-16.41.01:866][  0]LogContentBrowser: Native class hierarchy updated for 'HierarchicalLODOutliner' in 0.0013 seconds. Added 1 classes and 2 folders.
[2017.09.04-16.41.01:867][  0]LogLoad: (Engine Initialization) Total time: 21.38 seconds
[2017.09.04-16.41.01:867][  0]LogLoad: (Engine Initialization) Total Blueprint compile time: 0.00 seconds
[2017.09.04-16.41.01:867][  0]LogExternalProfiler: No external profilers were discovered.  External profiling features will not be available.
[2017.09.04-16.41.02:232][  0]LogContentStreaming: Texture pool size now 1000 MB
[2017.09.04-16.41.02:555][  1]LogAssetRegistry: Asset discovery search completed in 13.8351 seconds
[2017.09.04-16.41.02:557][  1]LogCollectionManager: Rebuilt the object cache for 0 collections in 0.000000 seconds (found 0 objects)
[2017.09.04-16.41.02:557][  1]LogCollectionManager: Fixed up redirectors for 0 collections in 0.000060 seconds (updated 0 objects)
[2017.09.04-16.41.06:562][ 13]LogSlate: Took 0.012568 seconds to synchronously load lazily loaded font '../../../Engine/Content/Slate/Fonts/Roboto-Light.ttf' (159K)
[2017.09.04-16.52.46:458][413]LogSlate: Took 0.000165 seconds to synchronously load lazily loaded font '../../../Engine/Content/Slate/Fonts/Roboto-Light.ttf' (159K)
[2017.09.04-16.52.46:914][413]LogContentBrowser: Native class hierarchy updated for 'BlueprintGraph' in 0.0011 seconds. Added 113 classes and 0 folders.
[2017.09.04-16.52.47:613][413]LogSlate: Took 0.000167 seconds to synchronously load lazily loaded font '../../../Engine/Content/Slate/Fonts/Roboto-Regular.ttf' (155K)
[2017.09.04-16.52.47:729][413]LogSlate: Took 0.005415 seconds to synchronously load lazily loaded font '../../../Engine/Content/Editor/Slate/Fonts/Roboto-BoldCondensed.ttf' (158K)
[2017.09.04-16.52.48:199][414]LogSlate: Took 0.003978 seconds to synchronously load lazily loaded font '../../../Engine/Content/Editor/Slate/Fonts/Roboto-Italic.ttf' (157K)
[2017.09.04-16.54.06:480][589]BlueprintLog: New page: Compile MyRunebergVR_Pawn
[2017.09.04-16.54.47:777][  3]LogRenderer: Reallocating scene render targets to support 804x408 Format 10 NumSamples 1 (Frame:1).
[2017.09.04-16.55.26:680][425]LogSlate: Took 0.000190 seconds to synchronously load lazily loaded font '../../../Engine/Content/Slate/Fonts/Roboto-Light.ttf' (159K)
[2017.09.04-16.55.35:730][452]LogFileHelpers: Editor autosave (incl. sublevels) for '/Temp/Untitled_1' took 0.020
[2017.09.04-16.55.35:733][452]OBJ SavePackage: Generating thumbnails for [0] asset(s) in package [/Game/MyRunebergVR_Pawn] ([1] browsable assets)...
[2017.09.04-16.55.35:733][452]OBJ SavePackage: Finished generating thumbnails for package [/Game/MyRunebergVR_Pawn]
[2017.09.04-16.55.35:853][452]LogSavePackage: Save=93.83ms
[2017.09.04-16.55.35:853][452]LogSavePackage: Moving '../../../../../../Users/croch/Documents/Unreal Projects/SwordVR/Saved/MyRunebergVR_Pawn_Auto13399234448948883C9196285CB4F536D.tmp' to '../../../../../../Users/croch/Documents/Unreal Projects/SwordVR/Saved/Autosaves/Game/MyRunebergVR_Pawn_Auto1.uasset'
[2017.09.04-16.55.35:856][452]LogSavePackage: Display: Finished SavePackage ../../../../../../Users/croch/Documents/Unreal Projects/SwordVR/Saved/Autosaves/Game/MyRunebergVR_Pawn_Auto1.uasset
[2017.09.04-16.55.35:856][452]LogFileHelpers: Auto-saving content packages took 0.125
[2017.09.04-17.30.40:844][616]LogFileHelpers: Editor autosave (incl. sublevels) for '/Temp/Untitled_1' took 0.019
[2017.09.04-17.30.40:846][616]OBJ SavePackage: Generating thumbnails for [0] asset(s) in package [/Game/MyRunebergVR_Pawn] ([1] browsable assets)...
[2017.09.04-17.30.40:846][616]OBJ SavePackage: Finished generating thumbnails for package [/Game/MyRunebergVR_Pawn]
[2017.09.04-17.30.40:961][616]LogSavePackage: Save=96.56ms
[2017.09.04-17.30.40:961][616]LogSavePackage: Moving '../../../../../../Users/croch/Documents/Unreal Projects/SwordVR/Saved/MyRunebergVR_Pawn_Auto2D4B23E774EE413A0A3EC8AA7AC564A5C.tmp' to '../../../../../../Users/croch/Documents/Unreal Projects/SwordVR/Saved/Autosaves/Game/MyRunebergVR_Pawn_Auto2.uasset'
[2017.09.04-17.30.40:965][616]LogSavePackage: Display: Finished SavePackage ../../../../../../Users/croch/Documents/Unreal Projects/SwordVR/Saved/Autosaves/Game/MyRunebergVR_Pawn_Auto2.uasset
[2017.09.04-17.30.40:965][616]LogFileHelpers: Auto-saving content packages took 0.120
[2017.09.04-18.15.57:951][390]LogFileHelpers: Editor autosave (incl. sublevels) for '/Temp/Untitled_1' took 0.042
[2017.09.04-18.15.57:953][390]OBJ SavePackage: Generating thumbnails for [0] asset(s) in package [/Game/MyRunebergVR_Pawn] ([1] browsable assets)...
[2017.09.04-18.15.57:953][390]OBJ SavePackage: Finished generating thumbnails for package [/Game/MyRunebergVR_Pawn]
[2017.09.04-18.15.58:074][390]LogSavePackage: Save=103.49ms
[2017.09.04-18.15.58:074][390]LogSavePackage: Moving '../../../../../../Users/croch/Documents/Unreal Projects/SwordVR/Saved/MyRunebergVR_Pawn_Auto345531B7B46A4A5F59D588B87255909C2.tmp' to '../../../../../../Users/croch/Documents/Unreal Projects/SwordVR/Saved/Autosaves/Game/MyRunebergVR_Pawn_Auto3.uasset'
[2017.09.04-18.15.58:077][390]LogSavePackage: Display: Finished SavePackage ../../../../../../Users/croch/Documents/Unreal Projects/SwordVR/Saved/Autosaves/Game/MyRunebergVR_Pawn_Auto3.uasset
[2017.09.04-18.15.58:077][390]LogFileHelpers: Auto-saving content packages took 0.125
[2017.09.04-20.58.28:314][900]LogFileHelpers: Editor autosave (incl. sublevels) for '/Temp/Untitled_1' took 0.041
[2017.09.04-20.58.28:316][900]OBJ SavePackage: Generating thumbnails for [0] asset(s) in package [/Game/MyRunebergVR_Pawn] ([1] browsable assets)...
[2017.09.04-20.58.28:316][900]OBJ SavePackage: Finished generating thumbnails for package [/Game/MyRunebergVR_Pawn]
[2017.09.04-20.58.28:447][900]LogSavePackage: Save=113.94ms
[2017.09.04-20.58.28:447][900]LogSavePackage: Moving '../../../../../../Users/croch/Documents/Unreal Projects/SwordVR/Saved/MyRunebergVR_Pawn_Auto4FE99D22D4E6918BF306F509841AEAA8A.tmp' to '../../../../../../Users/croch/Documents/Unreal Projects/SwordVR/Saved/Autosaves/Game/MyRunebergVR_Pawn_Auto4.uasset'
[2017.09.04-20.58.28:450][900]LogSavePackage: Display: Finished SavePackage ../../../../../../Users/croch/Documents/Unreal Projects/SwordVR/Saved/Autosaves/Game/MyRunebergVR_Pawn_Auto4.uasset
[2017.09.04-20.58.28:450][900]LogFileHelpers: Auto-saving content packages took 0.135
[2017.09.04-20.58.56:299][143]BlueprintLog: New page: Compile MyRunebergVR_Pawn
[2017.09.04-21.08.29:012][427]LogFileHelpers: Editor autosave (incl. sublevels) for '/Temp/Untitled_1' took 0.028
[2017.09.04-21.08.29:014][427]OBJ SavePackage: Generating thumbnails for [0] asset(s) in package [/Game/MyRunebergVR_Pawn] ([1] browsable assets)...
[2017.09.04-21.08.29:014][427]OBJ SavePackage: Finished generating thumbnails for package [/Game/MyRunebergVR_Pawn]
[2017.09.04-21.08.29:138][427]LogSavePackage: Save=101.21ms
[2017.09.04-21.08.29:138][427]LogSavePackage: Moving '../../../../../../Users/croch/Documents/Unreal Projects/SwordVR/Saved/MyRunebergVR_Pawn_Auto5CC95FCB840021CB869DDA89C585F9BF3.tmp' to '../../../../../../Users/croch/Documents/Unreal Projects/SwordVR/Saved/Autosaves/Game/MyRunebergVR_Pawn_Auto5.uasset'
[2017.09.04-21.08.29:140][427]LogSavePackage: Display: Finished SavePackage ../../../../../../Users/croch/Documents/Unreal Projects/SwordVR/Saved/Autosaves/Game/MyRunebergVR_Pawn_Auto5.uasset
[2017.09.04-21.08.29:141][427]LogFileHelpers: Auto-saving content packages took 0.127
[2017.09.04-21.18.29:752][ 91]LogFileHelpers: Editor autosave (incl. sublevels) for '/Temp/Untitled_1' took 0.019
[2017.09.04-21.18.29:754][ 91]OBJ SavePackage: Generating thumbnails for [0] asset(s) in package [/Game/MyRunebergVR_Pawn] ([1] browsable assets)...
[2017.09.04-21.18.29:754][ 91]OBJ SavePackage: Finished generating thumbnails for package [/Game/MyRunebergVR_Pawn]
[2017.09.04-21.18.29:874][ 91]LogSavePackage: Save=102.78ms
[2017.09.04-21.18.29:874][ 91]LogSavePackage: Moving '../../../../../../Users/croch/Documents/Unreal Projects/SwordVR/Saved/MyRunebergVR_Pawn_Auto60FFE954F453597F914889EADC4C796ED.tmp' to '../../../../../../Users/croch/Documents/Unreal Projects/SwordVR/Saved/Autosaves/Game/MyRunebergVR_Pawn_Auto6.uasset'
[2017.09.04-21.18.29:877][ 91]LogSavePackage: Display: Finished SavePackage ../../../../../../Users/croch/Documents/Unreal Projects/SwordVR/Saved/Autosaves/Game/MyRunebergVR_Pawn_Auto6.uasset
[2017.09.04-21.18.29:877][ 91]LogFileHelpers: Auto-saving content packages took 0.124
