Log file open, 08/29/17 12:47:52
LogInit:Display: Running engine for game: SwordVR
LogPlatformFile: Not using cached read wrapper
LogInit:Display: RandInit(-994744010) SRandInit(-994744010).
LogTaskGraph: Started task graph with 5 named threads and 8 total threads with 1 sets of task threads.
LogStats: Stats thread started at 0.091029
LogInit: Using libcurl 7.47.1
LogInit:  - built for x86_64-pc-win32
LogInit:  - supports SSL with OpenSSL/1.0.2g
LogInit:  - supports HTTP deflate (compression) using libz 1.2.8
LogInit:  - other features:
LogInit:      CURL_VERSION_SSL
LogInit:      CURL_VERSION_LIBZ
LogInit:      CURL_VERSION_IPV6
LogInit:      CURL_VERSION_ASYNCHDNS
LogInit:      CURL_VERSION_LARGEFILE
LogInit:      CURL_VERSION_IDN
LogInit:  CurlRequestOptions (configurable via config and command line):
LogInit:  - bVerifyPeer = false  - Libcurl will NOT verify peer certificate
LogInit:  - bUseHttpProxy = false  - Libcurl will NOT use HTTP proxy
LogInit:  - bDontReuseConnections = false  - Libcurl will reuse connections
LogInit:  - CertBundlePath = nullptr  - Libcurl will use whatever was configured at build time.
LogInit: Build: ++UE4+Release-4.16-CL-3561208
LogInit: Engine Version: 4.16.3-3561208+++UE4+Release-4.16
LogInit: Compatible Engine Version: 4.16.0-3452394+++UE4+Release-4.16
LogInit: Net CL: 3452394
LogDevObjectVersion: Number of dev versions registered: 16
LogDevObjectVersion:   Dev-Blueprints (B0D832E4-1F89-4F0D-ACCF-7EB736FD4AA2): 9
LogDevObjectVersion:   Dev-Build (E1C64328-A22C-4D53-A36C-8E866417BD8C): 0
LogDevObjectVersion:   Dev-Core (375EC13C-06E4-48FB-B500-84F0262A717E): 2
LogDevObjectVersion:   Dev-Editor (E4B068ED-F494-42E9-A231-DA0B2E46BB41): 17
LogDevObjectVersion:   Dev-Framework (CFFC743F-43B0-4480-9391-14DF171D2073): 23
LogDevObjectVersion:   Dev-Mobile (B02B49B5-BB20-44E9-A304-32B752E40360): 0
LogDevObjectVersion:   Dev-Networking (A4E4105C-59A1-49B5-A7C5-40C4547EDFEE): 0
LogDevObjectVersion:   Dev-Online (39C831C9-5AE6-47DC-9A44-9C173E1C8E7C): 0
LogDevObjectVersion:   Dev-Physics (78F01B33-EBEA-4F98-B9B4-84EACCB95AA2): 0
LogDevObjectVersion:   Dev-Platform (6631380F-2D4D-43E0-8009-CF276956A95A): 0
LogDevObjectVersion:   Dev-Rendering (12F88B9F-8875-4AFC-A67C-D90C383ABD29): 15
LogDevObjectVersion:   Dev-Sequencer (7B5AE74C-D270-4C10-A958-57980B212A5A): 4
LogDevObjectVersion:   Dev-VR (D7296918-1DD6-4BDD-9DE2-64A83CC13884): 0
LogDevObjectVersion:   Dev-LoadTimes (C2A15278-BFE7-4AFE-6C17-90FF531DF755): 1
LogDevObjectVersion:   Private-Geometry (6EACA3D4-40EC-4CC1-B786-8BED09428FC5): 1
LogDevObjectVersion:   Dev-AnimPhys (29E575DD-E0A3-4627-9D10-D276232CDCEA): 3
LogInit: Compiled (64-bit): Jul 28 2017 11:49:47
LogInit: Compiled with Visual C++: 19.00.24215.01
LogInit: Build Configuration: Development
LogInit: Branch Name: ++UE4+Release-4.16
LogInit: Command line: -EpicPortal 
LogInit: Base directory: F:/Unreal 4.16.2/UE_4.16/Engine/Binaries/Win64/
LogInit: Installed Engine Build: 1
LogInit: Presizing for max 8388607 objects, including 0 objects not considered by GC, pre-allocating 0 bytes for permanent pool.
LogInit: Object subsystem initialized
[2017.08.29-16.47.53:118][  0]LogInit: Selected Device Profile: [Windows]
[2017.08.29-16.47.53:118][  0]LogInit: Applying CVar settings loaded from the selected device profile: [Windows]
[2017.08.29-16.47.53:130][  0]LogInit: Computer: IST1022-14
[2017.08.29-16.47.53:130][  0]LogInit: User: croche2574
[2017.08.29-16.47.53:130][  0]LogInit: CPU Page size=4096, Cores=4
[2017.08.29-16.47.53:130][  0]LogInit: High frequency timer resolution =3.410068 MHz
[2017.08.29-16.47.53:130][  0]LogMemory: Memory total: Physical=31.9GB (32GB approx)
[2017.08.29-16.47.53:130][  0]LogMemory: Platform Memory Stats for Windows
[2017.08.29-16.47.53:130][  0]LogMemory: Process Physical Memory: 273.47 MB used, 273.47 MB peak
[2017.08.29-16.47.53:130][  0]LogMemory: Process Virtual Memory: 261.13 MB used, 261.13 MB peak
[2017.08.29-16.47.53:130][  0]LogMemory: Physical Memory: 7540.21 MB used,  25144.08 MB free, 32684.29 MB total
[2017.08.29-16.47.53:130][  0]LogMemory: Virtual Memory: 638.62 MB used,  25144.08 MB free, 134217728.00 MB total
[2017.08.29-16.47.53:201][  0]LogInit: Using OS detected language (en-US).
[2017.08.29-16.47.53:201][  0]LogInit: Using OS detected locale (en-US).
[2017.08.29-16.47.53:205][  0]LogTextLocalizationManager: No specific localization for 'en-US' exists, so the 'en' localization will be used.
[2017.08.29-16.47.54:160][  0]LogD3D11RHI: D3D11 adapters:
[2017.08.29-16.47.54:212][  0]LogD3D11RHI:    0. 'NVIDIA GeForce GTX 1080' (Feature Level 11_0)
[2017.08.29-16.47.54:212][  0]LogD3D11RHI:       8076/0/16342 MB DedicatedVideo/DedicatedSystem/SharedSystem, Outputs:2, VendorId:0x10de
[2017.08.29-16.47.54:214][  0]LogD3D11RHI:    1. 'Microsoft Basic Render Driver' (Feature Level 11_0)
[2017.08.29-16.47.54:214][  0]LogD3D11RHI:       0/0/16342 MB DedicatedVideo/DedicatedSystem/SharedSystem, Outputs:0, VendorId:0x1414
[2017.08.29-16.47.54:214][  0]LogD3D11RHI: Chosen D3D11 Adapter: 0
[2017.08.29-16.47.54:221][  0]LogD3D11RHI: Creating new Direct3DDevice
[2017.08.29-16.47.54:221][  0]LogD3D11RHI:     GPU DeviceId: 0x1b80 (for the marketing name, search the web for "GPU Device Id")
[2017.08.29-16.47.54:221][  0]LogWindows: EnumDisplayDevices:
[2017.08.29-16.47.54:221][  0]LogWindows:    0. 'NVIDIA GeForce GTX 1080' (P:1 D:1)
[2017.08.29-16.47.54:221][  0]LogWindows:    1. 'NVIDIA GeForce GTX 1080' (P:0 D:1)
[2017.08.29-16.47.54:222][  0]LogWindows:    2. 'NVIDIA GeForce GTX 1080' (P:0 D:0)
[2017.08.29-16.47.54:222][  0]LogWindows:    3. 'NVIDIA GeForce GTX 1080' (P:0 D:0)
[2017.08.29-16.47.54:222][  0]LogWindows: DebugString: FoundDriverCount:4 
[2017.08.29-16.47.54:222][  0]LogD3D11RHI:     Adapter Name: NVIDIA GeForce GTX 1080
[2017.08.29-16.47.54:222][  0]LogD3D11RHI:   Driver Version: 384.76 (internal:22.21.13.8476, unified:384.76)
[2017.08.29-16.47.54:222][  0]LogD3D11RHI:      Driver Date: 6-27-2017
[2017.08.29-16.47.54:222][  0]LogRHI: Texture pool is 1361 MB (70% of 1945 MB)
[2017.08.29-16.47.54:251][  0]LogD3D11RHI: Async texture creation enabled
[2017.08.29-16.47.54:264][  0]LogD3D11RHI: GPU Timing Frequency: 1000.000000 (Debug: 2 1)
[2017.08.29-16.47.54:310][  0]LogShaderCompilers: Guid format shader working directory is -2 characters bigger than the processId version (C:/Users/croche2574/Documents/Unreal Projects/SwordVR/Intermediate/Shaders/WorkingDirectory/2220/).
[2017.08.29-16.47.54:310][  0]LogShaderCompilers: Cleaned the shader compiler working directory 'C:/Users/croche2574/AppData/Local/Temp/UnrealShaderWorkingDir/1DD38E6A471B037B5F10018A34C00F84/'.
[2017.08.29-16.47.54:310][  0]LogShaderCompilers:Display: Using Local Shader Compiler.
[2017.08.29-16.47.55:525][  0]LogTemp:Display: Loaded TP AllDesktopTargetPlatform
[2017.08.29-16.47.55:569][  0]LogTemp:Display: Loaded TP MacClientTargetPlatform
[2017.08.29-16.47.55:610][  0]LogTemp:Display: Loaded TP MacNoEditorTargetPlatform
[2017.08.29-16.47.55:654][  0]LogTemp:Display: Loaded TP MacServerTargetPlatform
[2017.08.29-16.47.55:699][  0]LogTemp:Display: Loaded TP MacTargetPlatform
[2017.08.29-16.47.55:751][  0]LogTemp:Display: Loaded TP WindowsClientTargetPlatform
[2017.08.29-16.47.55:802][  0]LogTemp:Display: Loaded TP WindowsNoEditorTargetPlatform
[2017.08.29-16.47.55:865][  0]LogTemp:Display: Loaded TP WindowsServerTargetPlatform
[2017.08.29-16.47.55:924][  0]LogTemp:Display: Loaded TP WindowsTargetPlatform
[2017.08.29-16.47.55:980][  0]LogTemp:Display: Loaded TP AndroidTargetPlatform
[2017.08.29-16.47.56:024][  0]LogTemp:Display: Loaded TP Android_ASTCTargetPlatform
[2017.08.29-16.47.56:070][  0]LogTemp:Display: Loaded TP Android_ATCTargetPlatform
[2017.08.29-16.47.56:111][  0]LogTemp:Display: Loaded TP Android_DXTTargetPlatform
[2017.08.29-16.47.56:150][  0]LogTemp:Display: Loaded TP Android_ETC1TargetPlatform
[2017.08.29-16.47.56:189][  0]LogTemp:Display: Loaded TP Android_ETC2TargetPlatform
[2017.08.29-16.47.56:267][  0]LogTemp:Display: Loaded TP Android_MultiTargetPlatform
[2017.08.29-16.47.56:267][  0]LogTemp:Display: Loaded TP Android_PVRTCTargetPlatform
[2017.08.29-16.47.56:297][  0]LogTemp:Display: Loaded TP HTML5TargetPlatform
[2017.08.29-16.47.56:380][  0]LogTemp:Display: Loaded TP IOSTargetPlatform
[2017.08.29-16.47.56:416][  0]LogTemp:Display: Loaded TP TVOSTargetPlatform
[2017.08.29-16.47.56:466][  0]LogTemp:Display: Loaded TP LinuxClientTargetPlatform
[2017.08.29-16.47.56:515][  0]LogTemp:Display: Loaded TP LinuxNoEditorTargetPlatform
[2017.08.29-16.47.56:556][  0]LogTemp:Display: Loaded TP LinuxServerTargetPlatform
[2017.08.29-16.47.56:596][  0]LogTemp:Display: Loaded TP LinuxTargetPlatform
[2017.08.29-16.47.56:596][  0]LogTargetPlatformManager:Display: Building Assets For Windows
[2017.08.29-16.47.57:008][  0]LogDerivedDataCache:Display: Max Cache Size: 512 MB
[2017.08.29-16.47.57:153][  0]LogDerivedDataCache: Loaded boot cache 0.14s 90MB C:/Users/croche2574/AppData/Local/UnrealEngine/4.16/DerivedDataCache/Boot.ddc.
[2017.08.29-16.47.57:153][  0]LogDerivedDataCache:Display: Loaded Boot cache: C:/Users/croche2574/AppData/Local/UnrealEngine/4.16/DerivedDataCache/Boot.ddc
[2017.08.29-16.47.57:153][  0]LogDerivedDataCache: FDerivedDataBackendGraph:  Pak pak cache file C:/Users/croche2574/Documents/Unreal Projects/SwordVR/DerivedDataCache/DDC.ddp not found, will not use a pak cache.
[2017.08.29-16.47.57:153][  0]LogDerivedDataCache: Unable to find inner node Pak for hierarchical cache Hierarchy.
[2017.08.29-16.47.57:153][  0]LogDerivedDataCache: FDerivedDataBackendGraph:  CompressedPak pak cache file C:/Users/croche2574/Documents/Unreal Projects/SwordVR/DerivedDataCache/Compressed.ddp not found, will not use a pak cache.
[2017.08.29-16.47.57:153][  0]LogDerivedDataCache: Unable to find inner node CompressedPak for hierarchical cache Hierarchy.
[2017.08.29-16.47.57:183][  0]LogDerivedDataCache:Display: Pak cache opened for reading ../../../Engine/DerivedDataCache/Compressed.ddp.
[2017.08.29-16.47.57:196][  0]LogDerivedDataCache: Using Local data cache path C:/Users/croche2574/AppData/Local/UnrealEngine/Common/DerivedDataCache: Writable
[2017.08.29-16.47.57:215][  0]LogMaterial: Verifying Global Shaders for PCD3D_SM5
[2017.08.29-16.47.57:216][  0]LogSlate: Using Freetype 2.6.0
[2017.08.29-16.47.57:217][  0]LogSlate: SlateFontCache - WITH_FREETYPE: 1, WITH_HARFBUZZ: 1
[2017.08.29-16.47.57:217][  0]LogSlate: SlateFontCache - WITH_FREETYPE: 1, WITH_HARFBUZZ: 1
[2017.08.29-16.47.57:599][  0]LogInit: Selected Device Profile: [Windows]
[2017.08.29-16.47.57:692][  0]LogContentStreaming: Texture pool size is 0.00 MB
[2017.08.29-16.47.57:904][  0]LogMeshUtilities: Using QuadricMeshReduction for automatic static mesh reduction
[2017.08.29-16.47.57:948][  0]LogSimplygon: Simplygon DLL not present - disabling.
[2017.08.29-16.47.58:011][  0]LogMeshUtilities: Using SimplygonSwarm for distributed automatic mesh merging
[2017.08.29-16.47.58:011][  0]LogMeshUtilities: No automatic skeletal mesh reduction module available
[2017.08.29-16.47.58:011][  0]LogMeshUtilities: No automatic mesh merging module available
[2017.08.29-16.47.58:768][  0]LogNetVersion: SwordVR , NetCL: 3452394, EngineNetVer: 2, GameNetVer: 0 (Checksum: 1496206902)
[2017.08.29-16.47.58:827][  0]LogAssetRegistry: FAssetRegistry took 0.0256 seconds to start up
[2017.08.29-16.47.58:911][  0]LogPackageLocalizationCache: Processed 6 localized package path(s) for 2 prioritized culture(s) in 0.063899 seconds
[2017.08.29-16.47.58:918][  0]LogUObjectArray: 34194 objects as part of root set at end of initial load.
[2017.08.29-16.47.58:918][  0]LogUObjectAllocator: 7260424 out of 0 bytes used by permanent object pool.
[2017.08.29-16.47.58:918][  0]LogUObjectArray: CloseDisregardForGC: 0/0 objects in disregard for GC pool
[2017.08.29-16.47.58:970][  0]LogInit: WinSock: version 1.1 (2.2), MaxSocks=32767, MaxUdp=65467
[2017.08.29-16.48.01:351][  0]LogTcpMessaging: Initializing TcpMessaging bridge
[2017.08.29-16.48.01:392][  0]LogUdpMessaging: Initializing bridge on interface 0.0.0.0:0 to multicast group 230.0.0.1:6666.
[2017.08.29-16.48.01:871][  0]LogMaterial: Uniform references updated for custom material expression Custom.
[2017.08.29-16.48.02:228][  0]SourceControl: Info Source control is disabled
[2017.08.29-16.48.02:266][  0]SourceControl: Info Source control is disabled
[2017.08.29-16.48.02:305][  0]SourceControl: Info Source control is disabled
[2017.08.29-16.48.02:365][  0]SourceControl: Info Source control is disabled
[2017.08.29-16.48.03:074][  0]LogAndroidPermission: UAndroidPermissionCallbackProxy::GetInstance
[2017.08.29-16.48.03:599][  0]LogEngine: Initializing Engine...
[2017.08.29-16.48.04:152][  0]LogHMD: SteamVR initialized.  Driver: lighthouse  Display: LHR-3D9A73B8
[2017.08.29-16.48.04:389][  0]LogStats: UGameplayTagsManager::ConstructGameplayTagTree: Construct from data asset -  0.000 s
[2017.08.29-16.48.04:389][  0]LogStats: UGameplayTagsManager::ConstructGameplayTagTree: GameplayTagTreeChangedEvent.Broadcast -  0.000 s
[2017.08.29-16.48.04:488][  0]LogAIModule: Creating AISystem for world Untitled
[2017.08.29-16.48.04:509][  0]LogInit: XAudio2 using 'Speakers (7- HTC Vive)' : 2 channels at 44.1 kHz using 16 bits per sample (channel mask 0x3)
[2017.08.29-16.48.04:521][  0]LogInit: FAudioDevice initialized.
[2017.08.29-16.48.04:579][  0]LogDerivedDataCache: Saved boot cache 0.06s 90MB C:/Users/croche2574/AppData/Local/UnrealEngine/4.16/DerivedDataCache/Boot.ddc.
[2017.08.29-16.48.04:591][  0]LogInit: Texture streaming: Enabled
[2017.08.29-16.48.04:683][  0]LogEngineSessionManager: EngineSessionManager initialized
[2017.08.29-16.48.04:873][  0]LogInit: Transaction tracking system initialized
[2017.08.29-16.48.05:136][  0]BlueprintLog: New page: Editor Load
[2017.08.29-16.48.05:928][  0]LocalizationService: Info Localization service is disabled
[2017.08.29-16.48.06:481][  0]LogConsoleResponse:Display: 
[2017.08.29-16.48.06:609][  0]LogCook:Display: Max memory allowance for cook 16384mb min free memory 0mb
[2017.08.29-16.48.06:609][  0]LogCook:Display: Mobile HDR setting 1
[2017.08.29-16.48.07:452][  0]LogFileCache: Scanning file cache for directory 'C:/Users/croche2574/Documents/Unreal Projects/SwordVR/Content/' took 0.01s
[2017.08.29-16.48.07:452][  0]SourceControl: Info Source control is disabled
[2017.08.29-16.48.07:452][  0]Cmd: MAP LOAD FILE="../../../Engine/Content/Maps/Templates/Template_Default.umap" TEMPLATE=1 SHOWPROGRESS=1 FEATURELEVEL=3
[2017.08.29-16.48.07:452][  0]LightingResults: New page: Lighting Build
[2017.08.29-16.48.07:490][  0]MapCheck: New page: Map Check
[2017.08.29-16.48.07:490][  0]LightingResults: New page: Lighting Build
[2017.08.29-16.48.07:676][  0]LogAIModule: Creating AISystem for world Untitled_1
[2017.08.29-16.48.07:677][  0]LogActorComponent: RegisterComponentWithWorld: (/Temp/Untitled_1.Untitled_1:PersistentLevel.WorldSettings_1.StaticMeshComponent0) Trying to register component with IsPendingKill() == true. Aborting.
[2017.08.29-16.48.07:681][  0]LogEditorServer: Finished looking for orphan Actors (0.000 secs)
[2017.08.29-16.48.07:698][  0]Cmd: MAP CHECKDEP NOCLEARLOG
[2017.08.29-16.48.07:738][  0]MapCheck: Info Map check complete: 0 Error(s), 0 Warning(s), took 40.407ms to complete.
[2017.08.29-16.48.07:738][  0]LogFileHelpers: Loading map 'Template_Default' took 0.286
[2017.08.29-16.48.07:812][  0]LogWindowsTextInputMethodSystem:Display: IME system now deactivated.
[2017.08.29-16.48.07:906][  0]LogCollectionManager: Loaded 0 collections in 0.001146 seconds
[2017.08.29-16.48.07:981][  0]LogFileCache: Scanning file cache for directory 'C:/Users/croche2574/Documents/Unreal Projects/SwordVR/Saved/Collections/' took 0.01s
[2017.08.29-16.48.07:981][  0]LogFileCache: Scanning file cache for directory 'C:/Users/croche2574/Documents/Unreal Projects/SwordVR/Content/Developers/croche2574/Collections/' took 0.01s
[2017.08.29-16.48.07:981][  0]LogFileCache: Scanning file cache for directory 'C:/Users/croche2574/Documents/Unreal Projects/SwordVR/Content/Collections/' took 0.01s
[2017.08.29-16.48.07:981][  0]LogCollectionManager: Rebuilt the GUID cache for 0 collections in 0.000002 seconds
[2017.08.29-16.48.07:991][  0]LogContentBrowser: Native class hierarchy populated in 0.0104 seconds. Added 2342 classes and 497 folders.
[2017.08.29-16.48.08:048][  0]LogContentBrowser: Native class hierarchy updated for 'WidgetCarousel' in 0.0006 seconds. Added 0 classes and 0 folders.
[2017.08.29-16.48.08:082][  0]LogContentBrowser: Native class hierarchy updated for 'AddContentDialog' in 0.0006 seconds. Added 0 classes and 0 folders.
[2017.08.29-16.48.08:116][  0]LogContentBrowser: Native class hierarchy updated for 'SceneOutliner' in 0.0006 seconds. Added 1 classes and 2 folders.
[2017.08.29-16.48.08:150][  0]LogCrashTracker: Crashtracker disabled due to settings.
[2017.08.29-16.48.08:154][  0]LogSlate: Took 0.000236 seconds to synchronously load lazily loaded font '../../../Engine/Content/Slate/Fonts/Roboto-Regular.ttf' (155K)
[2017.08.29-16.48.08:157][  0]LogSlate: Took 0.000244 seconds to synchronously load lazily loaded font '../../../Engine/Content/Slate/Fonts/Roboto-Bold.ttf' (160K)
[2017.08.29-16.48.08:162][  0]LogSlate: Took 0.000248 seconds to synchronously load lazily loaded font '../../../Engine/Content/Editor/Slate/Fonts/FontAwesome.ttf' (139K)
[2017.08.29-16.48.08:247][  0]LogRenderer: Reallocating scene render targets to support 1616x916 NumSamples 1 (Frame:1).
[2017.08.29-16.48.08:464][  0]LogContentBrowser: Native class hierarchy updated for 'HierarchicalLODOutliner' in 0.0006 seconds. Added 1 classes and 2 folders.
[2017.08.29-16.48.08:464][  0]LogLoad: (Engine Initialization) Total time: 16.81 seconds
[2017.08.29-16.48.08:464][  0]LogLoad: (Engine Initialization) Total Blueprint compile time: 0.08 seconds
[2017.08.29-16.48.08:464][  0]LogExternalProfiler: Found external profiler: VSPerf
[2017.08.29-16.48.08:464][  0]LogExternalProfiler: Using external profiler: VSPerf
[2017.08.29-16.48.08:474][  0]LogOcInput: OculusInput pre-init called
[2017.08.29-16.48.08:474][  0]LogHMD: Starting GearVRController plugin
[2017.08.29-16.48.08:488][  0]LogAssetRegistry: Asset discovery search completed in 9.6836 seconds
[2017.08.29-16.48.08:490][  0]LogCollectionManager: Rebuilt the object cache for 0 collections in 0.000001 seconds (found 0 objects)
[2017.08.29-16.48.08:490][  0]LogCollectionManager: Fixed up redirectors for 0 collections in 0.000025 seconds (updated 0 objects)
[2017.08.29-16.48.08:492][  0]LogContentStreaming: Texture pool size now 1000 MB
[2017.08.29-16.48.11:579][349]LogSlate: Took 0.000157 seconds to synchronously load lazily loaded font '../../../Engine/Content/Slate/Fonts/Roboto-Light.ttf' (159K)
[2017.08.29-16.48.12:027][349]LogAIModule: Creating AISystem for world synth_Level
[2017.08.29-16.48.12:053][349]Cmd: MAP LOAD FILE="C:/Users/croche2574/Documents/Unreal Projects/SwordVR/Content/Maps/synth_Level.umap" TEMPLATE=0 SHOWPROGRESS=1 FEATURELEVEL=3
[2017.08.29-16.48.12:053][349]LightingResults: New page: Lighting Build
[2017.08.29-16.48.12:053][349]LoadErrors: New page: Loading map: synth_Level.umap
[2017.08.29-16.48.12:054][349]MapCheck: New page: Map Check
[2017.08.29-16.48.12:054][349]LightingResults: New page: Lighting Build
[2017.08.29-16.48.12:066][349]LogEditorServer: Finished looking for orphan Actors (0.000 secs)
[2017.08.29-16.48.12:097][349]Cmd: MAP CHECKDEP NOCLEARLOG
[2017.08.29-16.48.12:139][349]MapCheck: Info Map check complete: 0 Error(s), 0 Warning(s), took 42.546ms to complete.
[2017.08.29-16.48.12:140][349]LogFileHelpers: Loading map 'synth_Level' took 0.088
[2017.08.29-16.48.16:211][815]LogTemp: Repeting last play command: VR Preview
[2017.08.29-16.48.16:242][815]LogBlueprintUserMessages: Early PlayInEditor Detection: Level '/Game/Maps/synth_Level.synth_Level:PersistentLevel' has LevelScriptBlueprint '/Game/Maps/synth_Level.synth_Level:PersistentLevel.synth_Level' with GeneratedClass '/Game/Maps/synth_Level.synth_Level_C' with ClassGeneratedBy '/Game/Maps/synth_Level.synth_Level:PersistentLevel.synth_Level'
[2017.08.29-16.48.16:242][815]LogPlayLevel: PlayLevel: No blueprints needed recompiling
[2017.08.29-16.48.16:262][815]PIE: New page: PIE session: synth_Level (Aug 29, 2017, 8:48:16 AM)
[2017.08.29-16.48.16:262][815]LogPlayLevel: Creating play world package: /Game/Maps/UEDPIE_0_synth_Level
[2017.08.29-16.48.16:267][815]LogPlayLevel: PIE: StaticDuplicateObject took: (0.004428s)
[2017.08.29-16.48.16:267][815]LogAIModule: Creating AISystem for world synth_Level
[2017.08.29-16.48.16:267][815]LogPlayLevel: PIE: World Init took: (0.000643s)
[2017.08.29-16.48.16:268][815]LogPlayLevel: PIE: Created PIE world by copying editor world from /Game/Maps/synth_Level.synth_Level to /Game/Maps/UEDPIE_0_synth_Level.synth_Level (0.005283s)
[2017.08.29-16.48.16:288][815]LogInit: XAudio2 using 'Speakers (7- HTC Vive)' : 2 channels at 44.1 kHz using 16 bits per sample (channel mask 0x3)
[2017.08.29-16.48.16:295][815]LogInit: FAudioDevice initialized.
[2017.08.29-16.48.16:463][815]LogStaticMesh: Building static mesh bluelight_sword_Cube...
[2017.08.29-16.48.16:491][815]LogStaticMesh: Built static mesh [0.03s] /Game/Assets/bluelight_sword_Cube.bluelight_sword_Cube
[2017.08.29-16.48.16:532][815]LogMaterial: Missing cached shader map for material Material_003, compiling. 
[2017.08.29-16.48.16:565][815]LogMaterial: Missing cached shader map for material Material_001, compiling. 
[2017.08.29-16.48.16:582][815]LogMaterial: Missing cached shader map for material Material, compiling. 
[2017.08.29-16.48.16:596][815]LogLoad: Game class is 'VR_GameMode_C'
[2017.08.29-16.48.16:600][815]LogWorld: Bringing World /Game/Maps/UEDPIE_0_synth_Level.synth_Level up for play (max tick rate 0) at 2017.08.29-12.48.16
[2017.08.29-16.48.16:601][815]LogWorld: Bringing up level for play took: 0.001619
[2017.08.29-16.48.16:644][815]LogContentBrowser: Native class hierarchy updated for 'MovieSceneCapture' in 0.0009 seconds. Added 11 classes and 0 folders.
[2017.08.29-16.48.16:646][815]LogBlueprintUserMessages: [MyRunebergVR_Pawn_C_0] Actors Added
[2017.08.29-16.48.16:646][815]LogBlueprintUserMessages: [MyRunebergVR_Pawn_C_0] Actors Added
[2017.08.29-16.48.16:646][815]LogBlueprintUserMessages: [MyRunebergVR_Pawn_C_0] Actors Added
[2017.08.29-16.48.16:646][815]LogBlueprintUserMessages: [MyRunebergVR_Pawn_C_0] Actors Added
[2017.08.29-16.48.16:651][815]PIE: Info Play in editor start time for /Game/Maps/UEDPIE_0_synth_Level 0.199
[2017.08.29-16.48.16:652][815]LogBlueprintUserMessages: Late PlayInEditor Detection: Level '/Game/Maps/synth_Level.synth_Level:PersistentLevel' has LevelScriptBlueprint '/Game/Maps/synth_Level.synth_Level:PersistentLevel.synth_Level' with GeneratedClass '/Game/Maps/synth_Level.synth_Level_C' with ClassGeneratedBy '/Game/Maps/synth_Level.synth_Level:PersistentLevel.synth_Level'
[2017.08.29-16.48.16:687][816]LogRenderer: Reallocating scene render targets to support 3024x1680 NumSamples 1 (Frame:1).
[2017.08.29-16.48.51:258][894]LogSteamVRController: Controller role for device 3 is 0 (invalid=0, left=1, right=2).
[2017.08.29-16.48.51:258][894]LogSteamVRController:Warning: Controller device 3 has no role set.  There is no 'right' controller according to steamvr, so we are pickign that.
[2017.08.29-16.48.51:258][894]LogSteamVRController: Controller device 3 is being assigned unreal hand 1 (left=0, right=1).
[2017.08.29-16.48.51:873][948]LogSteamVRController: Controller role for device 4 is 0 (invalid=0, left=1, right=2).
[2017.08.29-16.48.51:873][948]LogSteamVRController: Putting controller 4 on the left hand because there is already a controller for the right.
[2017.08.29-16.48.51:873][948]LogSteamVRController: Controller device 4 is being assigned unreal hand 0 (left=0, right=1).
[2017.08.29-16.56.04:704][565]LogBlueprintUserMessages: Early EndPlayMap Detection: Level '/Game/Maps/synth_Level.synth_Level:PersistentLevel' has LevelScriptBlueprint '/Game/Maps/synth_Level.synth_Level:PersistentLevel.synth_Level' with GeneratedClass '/Game/Maps/synth_Level.synth_Level_C' with ClassGeneratedBy '/Game/Maps/synth_Level.synth_Level:PersistentLevel.synth_Level'
[2017.08.29-16.56.04:908][565]LogBlueprintUserMessages: Late EndPlayMap Detection: Level '/Game/Maps/synth_Level.synth_Level:PersistentLevel' has LevelScriptBlueprint '/Game/Maps/synth_Level.synth_Level:PersistentLevel.synth_Level' with GeneratedClass '/Game/Maps/synth_Level.synth_Level_C' with ClassGeneratedBy '/Game/Maps/synth_Level.synth_Level:PersistentLevel.synth_Level'
[2017.08.29-20.35.27:841][251]Cmd: QUIT_EDITOR
[2017.08.29-20.35.28:704][251]LogWindowsTextInputMethodSystem:Display: IME system now deactivated.
[2017.08.29-20.35.28:715][251]LogExit: Preparing to exit.
[2017.08.29-20.35.29:979][251]LogExit: Editor shut down
[2017.08.29-20.35.29:985][251]LogExit: Transaction tracking system shut down
[2017.08.29-20.35.30:071][251]LogObj: Freed 0b from 0 cluster array pools.
[2017.08.29-20.35.30:072][251]LogExit: Object subsystem successfully closed.
[2017.08.29-20.35.30:089][251]LogD3D11RHI: Shutdown
[2017.08.29-20.35.30:089][251]LogD3D11RHI: CleanupD3DDevice
[2017.08.29-20.35.30:090][251]LogD3D11RHI: ~FD3D11DynamicRHI
[2017.08.29-20.35.30:106][251]LogModuleManager: Shutting down and abandoning module MovieSceneCapture (530)
[2017.08.29-20.35.30:106][251]LogModuleManager: Shutting down and abandoning module HierarchicalLODOutliner (528)
[2017.08.29-20.35.30:106][251]LogModuleManager: Shutting down and abandoning module CrashTracker (526)
[2017.08.29-20.35.30:106][251]LogModuleManager: Shutting down and abandoning module SceneOutliner (524)
[2017.08.29-20.35.30:106][251]LogModuleManager: Shutting down and abandoning module AddContentDialog (522)
[2017.08.29-20.35.30:106][251]LogDirectoryWatcher: A directory notification for 'F:/Unreal 4.16.2/UE_4.16/FeaturePacks/' was aborted.
[2017.08.29-20.35.30:107][251]LogModuleManager: Shutting down and abandoning module WidgetCarousel (521)
[2017.08.29-20.35.30:107][251]LogModuleManager: Shutting down and abandoning module EditorWidgets (518)
[2017.08.29-20.35.30:107][251]LogModuleManager: Shutting down and abandoning module CollectionManager (516)
[2017.08.29-20.35.30:107][251]LogDirectoryWatcher: A directory notification for 'C:/Users/croche2574/Documents/Unreal Projects/SwordVR/Content/Collections/' was aborted.
[2017.08.29-20.35.30:107][251]LogDirectoryWatcher: A directory notification for 'C:/Users/croche2574/Documents/Unreal Projects/SwordVR/Content/Developers/croche2574/Collections/' was aborted.
[2017.08.29-20.35.30:107][251]LogDirectoryWatcher: A directory notification for 'C:/Users/croche2574/Documents/Unreal Projects/SwordVR/Saved/Collections/' was aborted.
[2017.08.29-20.35.30:107][251]LogModuleManager: Shutting down and abandoning module StatsViewer (514)
[2017.08.29-20.35.30:107][251]LogModuleManager: Shutting down and abandoning module FoliageEdit (512)
[2017.08.29-20.35.30:107][251]LogModuleManager: Shutting down and abandoning module LandscapeEditor (510)
[2017.08.29-20.35.30:107][251]LogModuleManager: Shutting down and abandoning module MeshPaintMode (508)
[2017.08.29-20.35.30:107][251]LogModuleManager: Shutting down and abandoning module SceneDepthPickerMode (506)
[2017.08.29-20.35.30:107][251]LogModuleManager: Shutting down and abandoning module ActorPickerMode (504)
[2017.08.29-20.35.30:107][251]LogModuleManager: Shutting down and abandoning module GeometryMode (502)
[2017.08.29-20.35.30:107][251]LogModuleManager: Shutting down and abandoning module TextureAlignMode (500)
[2017.08.29-20.35.30:107][251]LogModuleManager: Shutting down and abandoning module BspMode (498)
[2017.08.29-20.35.30:107][251]LogModuleManager: Shutting down and abandoning module HardwareSurvey (496)
[2017.08.29-20.35.30:108][251]LogModuleManager: Shutting down and abandoning module SequenceRecorderSections (494)
[2017.08.29-20.35.30:108][251]LogModuleManager: Shutting down and abandoning module AutomationWorker (492)
[2017.08.29-20.35.30:108][251]LogModuleManager: Shutting down and abandoning module MatineeToLevelSequence (490)
[2017.08.29-20.35.30:108][251]LogModuleManager: Shutting down and abandoning module LevelSequenceEditor (488)
[2017.08.29-20.35.30:108][251]LogModuleManager: Shutting down and abandoning module PlacementMode (487)
[2017.08.29-20.35.30:108][251]LogModuleManager: Shutting down and abandoning module WmfMediaFactory (484)
[2017.08.29-20.35.30:108][251]LogModuleManager: Shutting down and abandoning module WmfMediaEditor (482)
[2017.08.29-20.35.30:108][251]LogModuleManager: Shutting down and abandoning module AvfMediaFactory (480)
[2017.08.29-20.35.30:108][251]LogModuleManager: Shutting down and abandoning module AvfMediaEditor (478)
[2017.08.29-20.35.30:108][251]LogModuleManager: Shutting down and abandoning module AndroidMediaFactory (476)
[2017.08.29-20.35.30:108][251]LogModuleManager: Shutting down and abandoning module Media (475)
[2017.08.29-20.35.30:108][251]LogModuleManager: Shutting down and abandoning module AndroidMediaEditor (472)
[2017.08.29-20.35.30:108][251]LogModuleManager: Shutting down and abandoning module CharacterAI (470)
[2017.08.29-20.35.30:108][251]LogModuleManager: Shutting down and abandoning module AudioCapture (468)
[2017.08.29-20.35.30:108][251]LogModuleManager: Shutting down and abandoning module SequenceRecorder (467)
[2017.08.29-20.35.30:108][251]LogModuleManager: Shutting down and abandoning module SmartSnapping (464)
[2017.08.29-20.35.30:108][251]LogModuleManager: Shutting down and abandoning module SessionServices (462)
[2017.08.29-20.35.30:108][251]LogModuleManager: Shutting down and abandoning module ViewportSnapping (460)
[2017.08.29-20.35.30:108][251]LogModuleManager: Shutting down and abandoning module ViewportInteraction (458)
[2017.08.29-20.35.30:108][251]LogModuleManager: Shutting down and abandoning module ClothPainter (456)
[2017.08.29-20.35.30:108][251]LogModuleManager: Shutting down and abandoning module LogVisualizer (454)
[2017.08.29-20.35.30:108][251]LogModuleManager: Shutting down and abandoning module IntroTutorials (452)
[2017.08.29-20.35.30:108][251]LogModuleManager: Shutting down and abandoning module GameProjectGeneration (451)
[2017.08.29-20.35.30:108][251]LogModuleManager: Shutting down and abandoning module EditorLiveStreaming (448)
[2017.08.29-20.35.30:108][251]LogModuleManager: Shutting down and abandoning module IOSPlatformEditor (446)
[2017.08.29-20.35.30:108][251]LogModuleManager: Shutting down and abandoning module HTML5PlatformEditor (444)
[2017.08.29-20.35.30:108][251]LogModuleManager: Shutting down and abandoning module AndroidPlatformEditor (442)
[2017.08.29-20.35.30:108][251]LogModuleManager: Shutting down and abandoning module AndroidDeviceDetection (441)
[2017.08.29-20.35.30:301][251]LogModuleManager: Shutting down and abandoning module IOSRuntimeSettings (438)
[2017.08.29-20.35.30:301][251]LogModuleManager: Shutting down and abandoning module AndroidRuntimeSettings (436)
[2017.08.29-20.35.30:301][251]LogModuleManager: Shutting down and abandoning module InputBindingEditor (434)
[2017.08.29-20.35.30:301][251]LogModuleManager: Shutting down and abandoning module MergeActors (432)
[2017.08.29-20.35.30:301][251]LogModuleManager: Shutting down and abandoning module SizeMap (430)
[2017.08.29-20.35.30:301][251]LogModuleManager: Shutting down and abandoning module TreeMap (428)
[2017.08.29-20.35.30:301][251]LogModuleManager: Shutting down and abandoning module ReferenceViewer (426)
[2017.08.29-20.35.30:301][251]LogModuleManager: Shutting down and abandoning module LocalizationDashboard (424)
[2017.08.29-20.35.30:301][251]LogModuleManager: Shutting down and abandoning module LocalizationService (423)
[2017.08.29-20.35.30:301][251]LogModuleManager: Shutting down and abandoning module HardwareTargeting (420)
[2017.08.29-20.35.30:301][251]LogModuleManager: Shutting down and abandoning module DeviceProfileEditor (418)
[2017.08.29-20.35.30:301][251]LogModuleManager: Shutting down and abandoning module UndoHistory (416)
[2017.08.29-20.35.30:301][251]LogModuleManager: Shutting down and abandoning module UserFeedback (414)
[2017.08.29-20.35.30:301][251]LogModuleManager: Shutting down and abandoning module XmlParser (412)
[2017.08.29-20.35.30:301][251]LogModuleManager: Shutting down and abandoning module Blutility (410)
[2017.08.29-20.35.30:302][251]LogModuleManager: Shutting down and abandoning module ProjectSettingsViewer (408)
[2017.08.29-20.35.30:302][251]LogModuleManager: Shutting down and abandoning module ProjectTargetPlatformEditor (407)
[2017.08.29-20.35.30:302][251]LogModuleManager: Shutting down and abandoning module EditorSettingsViewer (404)
[2017.08.29-20.35.30:302][251]LogModuleManager: Shutting down and abandoning module SettingsEditor (402)
[2017.08.29-20.35.30:302][251]LogModuleManager: Shutting down and abandoning module ProjectLauncher (400)
[2017.08.29-20.35.30:302][251]LogModuleManager: Shutting down and abandoning module SessionFrontend (398)
[2017.08.29-20.35.30:302][251]LogModuleManager: Shutting down and abandoning module ProfilerClient (396)
[2017.08.29-20.35.30:302][251]LogModuleManager: Shutting down and abandoning module DeviceManager (394)
[2017.08.29-20.35.30:302][251]LogModuleManager: Shutting down and abandoning module TargetDeviceServices (393)
[2017.08.29-20.35.30:367][251]LogModuleManager: Shutting down and abandoning module AutomationController (390)
[2017.08.29-20.35.30:367][251]LogModuleManager: Shutting down and abandoning module AutomationWindow (388)
[2017.08.29-20.35.30:367][251]LogModuleManager: Shutting down and abandoning module Layers (386)
[2017.08.29-20.35.30:367][251]LogModuleManager: Shutting down and abandoning module ComponentVisualizers (384)
[2017.08.29-20.35.30:367][251]LogModuleManager: Shutting down and abandoning module DetailCustomizations (382)
[2017.08.29-20.35.30:367][251]LogModuleManager: Shutting down and abandoning module PackagesDialog (380)
[2017.08.29-20.35.30:367][251]LogModuleManager: Shutting down and abandoning module Persona (378)
[2017.08.29-20.35.30:367][251]LogModuleManager: Shutting down and abandoning module AdvancedPreviewScene (377)
[2017.08.29-20.35.30:367][251]LogModuleManager: Shutting down and abandoning module AnimGraph (375)
[2017.08.29-20.35.30:367][251]LogModuleManager: Shutting down and abandoning module Kismet (372)
[2017.08.29-20.35.30:368][251]LogModuleManager: Shutting down and abandoning module ClassViewer (370)
[2017.08.29-20.35.30:368][251]LogModuleManager: Shutting down and abandoning module Toolbox (368)
[2017.08.29-20.35.30:368][251]LogModuleManager: Shutting down and abandoning module ModuleUI (366)
[2017.08.29-20.35.30:368][251]LogModuleManager: Shutting down and abandoning module MovieSceneTools (364)
[2017.08.29-20.35.30:368][251]LogModuleManager: Shutting down and abandoning module OutputLog (362)
[2017.08.29-20.35.30:368][251]LogModuleManager: Shutting down and abandoning module GammaUI (360)
[2017.08.29-20.35.30:368][251]LogModuleManager: Shutting down and abandoning module Documentation (358)
[2017.08.29-20.35.30:368][251]LogModuleManager: Shutting down and abandoning module MovieSceneTracks (356)
[2017.08.29-20.35.30:368][251]LogModuleManager: Shutting down and abandoning module MovieScene (354)
[2017.08.29-20.35.30:368][251]LogModuleManager: Shutting down and abandoning module Niagara (352)
[2017.08.29-20.35.30:368][251]LogModuleManager: Shutting down and abandoning module NiagaraEditor (351)
[2017.08.29-20.35.30:369][251]LogModuleManager: Shutting down and abandoning module StreamingPauseRendering (348)
[2017.08.29-20.35.30:369][251]LogModuleManager: Shutting down and abandoning module AnalyticsET (346)
[2017.08.29-20.35.30:369][251]LogModuleManager: Shutting down and abandoning module PortalServices (344)
[2017.08.29-20.35.30:369][251]LogModuleManager: Shutting down and abandoning module PortalRpc (342)
[2017.08.29-20.35.30:369][251]LogModuleManager: Shutting down and abandoning module MessagingRpc (340)
[2017.08.29-20.35.30:369][251]LogModuleManager: Shutting down and abandoning module AIModule (338)
[2017.08.29-20.35.30:369][251]LogModuleManager: Shutting down and abandoning module GameplayDebugger (337)
[2017.08.29-20.35.30:369][251]LogModuleManager: Shutting down and abandoning module AITestSuite (335)
[2017.08.29-20.35.30:369][251]LogModuleManager: Shutting down and abandoning module ProfilerService (332)
[2017.08.29-20.35.30:442][251]LogModuleManager: Shutting down and abandoning module TaskGraph (330)
[2017.08.29-20.35.30:442][251]LogModuleManager: Shutting down and abandoning module SteamVRController (328)
[2017.08.29-20.35.30:442][251]LogModuleManager: Shutting down and abandoning module SteamVR (326)
[2017.08.29-20.35.30:442][251]LogModuleManager: Shutting down and abandoning module ProceduralMeshComponentEditor (324)
[2017.08.29-20.35.30:442][251]LogModuleManager: Shutting down and abandoning module ProceduralMeshComponent (322)
[2017.08.29-20.35.30:442][251]LogModuleManager: Shutting down and abandoning module OculusLibrary (320)
[2017.08.29-20.35.30:442][251]LogModuleManager: Shutting down and abandoning module OculusInput (318)
[2017.08.29-20.35.30:443][251]LogModuleManager: Shutting down and abandoning module MobilePatchingUtils (316)
[2017.08.29-20.35.30:443][251]LogModuleManager: Shutting down and abandoning module CustomMeshComponent (314)
[2017.08.29-20.35.30:443][251]LogModuleManager: Shutting down and abandoning module CableComponent (312)
[2017.08.29-20.35.30:443][251]LogModuleManager: Shutting down and abandoning module ArchVisCharacter (310)
[2017.08.29-20.35.30:443][251]LogModuleManager: Shutting down and abandoning module AndroidPermission (308)
[2017.08.29-20.35.30:443][251]LogModuleManager: Shutting down and abandoning module MediaPlayerEditor (304)
[2017.08.29-20.35.30:443][251]LogModuleManager: Shutting down and abandoning module RunebergVRPlugin (302)
[2017.08.29-20.35.30:443][251]LogModuleManager: Shutting down and abandoning module GestureTrackerVR (300)
[2017.08.29-20.35.30:443][251]LogModuleManager: Shutting down and abandoning module HTML5Networking (298)
[2017.08.29-20.35.30:443][251]LogModuleManager: Shutting down and abandoning module AlembicImporter (296)
[2017.08.29-20.35.30:443][251]LogModuleManager: Shutting down and abandoning module AlembicLibrary (295)
[2017.08.29-20.35.30:443][251]LogModuleManager: Shutting down and abandoning module GeometryCache (294)
[2017.08.29-20.35.30:443][251]LogModuleManager: Shutting down and abandoning module GeometryCacheEd (293)
[2017.08.29-20.35.30:443][251]LogModuleManager: Shutting down and abandoning module SuperSearchEditor (288)
[2017.08.29-20.35.30:443][251]LogModuleManager: Shutting down and abandoning module SuperSearch (287)
[2017.08.29-20.35.30:443][251]LogModuleManager: Shutting down and abandoning module SpeedTreeImporter (284)
[2017.08.29-20.35.30:443][251]LogModuleManager: Shutting down and abandoning module PluginBrowser (282)
[2017.08.29-20.35.30:443][251]LogModuleManager: Shutting down and abandoning module MobileLauncherProfileWizard (280)
[2017.08.29-20.35.30:443][251]LogModuleManager: Shutting down and abandoning module VisualStudioSourceCodeAccess (278)
[2017.08.29-20.35.30:443][251]LogModuleManager: Shutting down and abandoning module DesktopPlatform (277)
[2017.08.29-20.35.30:443][251]LogModuleManager: Shutting down and abandoning module UObjectPlugin (274)
[2017.08.29-20.35.30:443][251]LogModuleManager: Shutting down and abandoning module SubversionSourceControl (272)
[2017.08.29-20.35.30:443][251]LogModuleManager: Shutting down and abandoning module PerforceSourceControl (270)
[2017.08.29-20.35.30:443][251]LogModuleManager: Shutting down and abandoning module GitSourceControl (268)
[2017.08.29-20.35.30:443][251]LogModuleManager: Shutting down and abandoning module SourceControl (267)
[2017.08.29-20.35.30:443][251]LogModuleManager: Shutting down and abandoning module LightPropagationVolumeEditor (264)
[2017.08.29-20.35.30:443][251]LogModuleManager: Shutting down and abandoning module PaperTiledImporter (262)
[2017.08.29-20.35.30:443][251]LogModuleManager: Shutting down and abandoning module PaperSpriteSheetImporter (260)
[2017.08.29-20.35.30:443][251]LogModuleManager: Shutting down and abandoning module Paper2DEditor (258)
[2017.08.29-20.35.30:443][251]LogModuleManager: Shutting down and abandoning module MeshPaint (257)
[2017.08.29-20.35.30:443][251]LogModuleManager: Shutting down and abandoning module LevelEditor (255)
[2017.08.29-20.35.30:444][251]LogModuleManager: Shutting down and abandoning module PixelInspectorModule (254)
[2017.08.29-20.35.30:444][251]LogModuleManager: Shutting down and abandoning module MainFrame (252)
[2017.08.29-20.35.30:444][251]LogModuleManager: Shutting down and abandoning module HotReload (251)
[2017.08.29-20.35.30:444][251]LogDirectoryWatcher: A directory notification for 'C:/Users/croche2574/Documents/Unreal Projects/SwordVR/Plugins/Marketplace/GestureTrackerVR/Binaries/Win64' was aborted.
[2017.08.29-20.35.30:445][251]LogDirectoryWatcher: A directory notification for 'C:/Users/croche2574/Documents/Unreal Projects/SwordVR/Plugins/Marketplace/RunebergVRPlugin/Binaries/Win64' was aborted.
[2017.08.29-20.35.30:445][251]LogModuleManager: Shutting down and abandoning module PhysXVehiclesEditor (246)
[2017.08.29-20.35.30:445][251]LogModuleManager: Shutting down and abandoning module PhysXVehicles (244)
[2017.08.29-20.35.30:445][251]LogModuleManager: Shutting down and abandoning module LocationServicesBPLibrary (242)
[2017.08.29-20.35.30:445][251]LogModuleManager: Shutting down and abandoning module ImmediatePhysicsEditor (240)
[2017.08.29-20.35.30:445][251]LogModuleManager: Shutting down and abandoning module ImmediatePhysics (238)
[2017.08.29-20.35.30:445][251]LogModuleManager: Shutting down and abandoning module UdpMessaging (236)
[2017.08.29-20.35.30:546][251]LogModuleManager: Shutting down and abandoning module TcpMessaging (234)
[2017.08.29-20.35.30:646][251]LogModuleManager: Shutting down and abandoning module GameplayTagsEditor (232)
[2017.08.29-20.35.30:646][251]LogModuleManager: Shutting down and abandoning module FacialAnimationEditor (230)
[2017.08.29-20.35.30:646][251]LogModuleManager: Shutting down and abandoning module FacialAnimation (228)
[2017.08.29-20.35.30:646][251]LogModuleManager: Shutting down and abandoning module AssetManagerEditor (226)
[2017.08.29-20.35.30:646][251]LogModuleManager: Shutting down and abandoning module GraphEditor (225)
[2017.08.29-20.35.30:647][251]LogModuleManager: Shutting down and abandoning module ContentBrowser (223)
[2017.08.29-20.35.30:648][251]LogModuleManager: Shutting down and abandoning module LightPropagationVolumeRuntime (220)
[2017.08.29-20.35.30:648][251]LogModuleManager: Shutting down and abandoning module Paper2D (218)
[2017.08.29-20.35.30:648][251]LogModuleManager: Shutting down and abandoning module WindowsMoviePlayer (216)
[2017.08.29-20.35.30:648][251]LogModuleManager: Shutting down and abandoning module WmfMedia (214)
[2017.08.29-20.35.30:648][251]LogModuleManager: Shutting down and abandoning module ClothingSystemEditor (212)
[2017.08.29-20.35.30:648][251]LogModuleManager: Shutting down and abandoning module ClothingSystemRuntime (210)
[2017.08.29-20.35.30:648][251]LogModuleManager: Shutting down and abandoning module MediaAssets (208)
[2017.08.29-20.35.30:648][251]LogModuleManager: Shutting down and abandoning module GameLiveStreaming (206)
[2017.08.29-20.35.30:648][251]LogModuleManager: Shutting down and abandoning module VREditor (204)
[2017.08.29-20.35.30:648][251]LogModuleManager: Shutting down and abandoning module StringTableEditor (202)
[2017.08.29-20.35.30:649][251]LogModuleManager: Shutting down and abandoning module GameplayTasksEditor (200)
[2017.08.29-20.35.30:649][251]LogModuleManager: Shutting down and abandoning module BehaviorTreeEditor (198)
[2017.08.29-20.35.30:649][251]LogModuleManager: Shutting down and abandoning module FunctionalTesting (196)
[2017.08.29-20.35.30:649][251]LogModuleManager: Shutting down and abandoning module CollisionAnalyzer (194)
[2017.08.29-20.35.30:649][251]LogModuleManager: Shutting down and abandoning module UMG (192)
[2017.08.29-20.35.30:649][251]LogModuleManager: Shutting down and abandoning module UMGEditor (191)
[2017.08.29-20.35.30:649][251]LogModuleManager: Shutting down and abandoning module Sequencer (190)
[2017.08.29-20.35.30:649][251]LogModuleManager: Shutting down and abandoning module AssetTools (188)
[2017.08.29-20.35.30:649][251]LogModuleManager: Shutting down and abandoning module MessageLog (187)
[2017.08.29-20.35.30:649][251]LogModuleManager: Shutting down and abandoning module WorkspaceMenuStructure (186)
[2017.08.29-20.35.30:649][251]LogModuleManager: Shutting down and abandoning module SlateReflector (180)
[2017.08.29-20.35.30:649][251]LogModuleManager: Shutting down and abandoning module Slate (178)
[2017.08.29-20.35.30:649][251]LogModuleManager: Shutting down and abandoning module EditorStyle (176)
[2017.08.29-20.35.30:652][251]LogModuleManager: Shutting down and abandoning module SourceCodeAccess (174)
[2017.08.29-20.35.30:652][251]LogModuleManager: Shutting down and abandoning module HeadMountedDisplay (172)
[2017.08.29-20.35.30:652][251]LogModuleManager: Shutting down and abandoning module XAudio2 (170)
[2017.08.29-20.35.30:652][251]LogModuleManager: Shutting down and abandoning module Networking (168)
[2017.08.29-20.35.30:652][251]LogModuleManager: Shutting down and abandoning module Core (164)
[2017.08.29-20.35.30:652][251]LogModuleManager: Shutting down and abandoning module AssetRegistry (162)
[2017.08.29-20.35.30:867][251]LogDirectoryWatcher: A directory notification for '../../../Engine/Content/' was aborted.
[2017.08.29-20.35.30:867][251]LogDirectoryWatcher: A directory notification for 'C:/Users/croche2574/Documents/Unreal Projects/SwordVR/Content/' was aborted.
[2017.08.29-20.35.30:867][251]LogDirectoryWatcher: A directory notification for '../../../Engine/Plugins/2D/Paper2D/Content/' was aborted.
[2017.08.29-20.35.30:867][251]LogDirectoryWatcher: A directory notification for 'C:/Users/croche2574/Documents/Unreal Projects/SwordVR/Plugins/Marketplace/GestureTrackerVR/Content/' was aborted.
[2017.08.29-20.35.30:867][251]LogDirectoryWatcher: A directory notification for '../../../Engine/Plugins/Runtime/GearVR/Content/' was aborted.
[2017.08.29-20.35.30:869][251]LogModuleManager: Shutting down and abandoning module DirectoryWatcher (161)
[2017.08.29-20.35.30:870][251]LogModuleManager: Shutting down and abandoning module KismetCompiler (158)
[2017.08.29-20.35.30:870][251]LogModuleManager: Shutting down and abandoning module LevelSequence (156)
[2017.08.29-20.35.30:870][251]LogModuleManager: Shutting down and abandoning module PhysXFormats (154)
[2017.08.29-20.35.30:870][251]LogModuleManager: Shutting down and abandoning module MeshUtilities (152)
[2017.08.29-20.35.30:870][251]LogModuleManager: Shutting down and abandoning module SimplygonSwarm (151)
[2017.08.29-20.35.30:870][251]LogModuleManager: Shutting down and abandoning module SimplygonMeshReduction (149)
[2017.08.29-20.35.30:870][251]LogModuleManager: Shutting down and abandoning module QuadricMeshReduction (147)
[2017.08.29-20.35.30:870][251]LogModuleManager: Shutting down and abandoning module DerivedDataCache (144)
[2017.08.29-20.35.30:872][251]LogDerivedDataCache: Shutdown
[2017.08.29-20.35.30:872][251]LogModuleManager: Shutting down and abandoning module TargetPlatform (142)
[2017.08.29-20.35.30:872][251]LogModuleManager: Shutting down and abandoning module VulkanShaderFormat (141)
[2017.08.29-20.35.30:872][251]LogModuleManager: Shutting down and abandoning module ShaderFormatVectorVM (139)
[2017.08.29-20.35.30:872][251]LogModuleManager: Shutting down and abandoning module ShaderFormatOpenGL (137)
[2017.08.29-20.35.30:872][251]LogModuleManager: Shutting down and abandoning module ShaderFormatD3D (135)
[2017.08.29-20.35.30:872][251]LogModuleManager: Shutting down and abandoning module MetalShaderFormat (133)
[2017.08.29-20.35.30:872][251]LogModuleManager: Shutting down and abandoning module TextureFormatUncompressed (131)
[2017.08.29-20.35.30:872][251]LogModuleManager: Shutting down and abandoning module TextureFormatPVR (129)
[2017.08.29-20.35.30:872][251]LogModuleManager: Shutting down and abandoning module TextureFormatDXT (127)
[2017.08.29-20.35.30:872][251]LogModuleManager: Shutting down and abandoning module TextureFormatIntelISPCTexComp (125)
[2017.08.29-20.35.30:872][251]LogModuleManager: Shutting down and abandoning module TextureFormatASTC (123)
[2017.08.29-20.35.30:872][251]LogModuleManager: Shutting down and abandoning module ImageWrapper (122)
[2017.08.29-20.35.30:872][251]LogModuleManager: Shutting down and abandoning module TextureFormatAndroid (119)
[2017.08.29-20.35.30:872][251]LogModuleManager: Shutting down and abandoning module AudioFormatOpus (117)
[2017.08.29-20.35.30:872][251]LogModuleManager: Shutting down and abandoning module AudioFormatOgg (115)
[2017.08.29-20.35.30:872][251]LogModuleManager: Shutting down and abandoning module AudioFormatADPCM (113)
[2017.08.29-20.35.30:872][251]LogModuleManager: Shutting down and abandoning module LinuxTargetPlatform (111)
[2017.08.29-20.35.30:872][251]LogModuleManager: Shutting down and abandoning module LinuxServerTargetPlatform (109)
[2017.08.29-20.35.30:872][251]LogModuleManager: Shutting down and abandoning module LinuxNoEditorTargetPlatform (107)
[2017.08.29-20.35.30:872][251]LogModuleManager: Shutting down and abandoning module LinuxClientTargetPlatform (105)
[2017.08.29-20.35.30:872][251]LogModuleManager: Shutting down and abandoning module TVOSTargetPlatform (103)
[2017.08.29-20.35.30:872][251]LogModuleManager: Shutting down and abandoning module Messaging (101)
[2017.08.29-20.35.30:872][251]LogModuleManager: Shutting down and abandoning module IOSTargetPlatform (99)
[2017.08.29-20.35.30:872][251]LogModuleManager: Shutting down and abandoning module HTML5TargetPlatform (97)
[2017.08.29-20.35.30:872][251]LogModuleManager: Shutting down and abandoning module Android_PVRTCTargetPlatform (95)
[2017.08.29-20.35.30:872][251]LogModuleManager: Shutting down and abandoning module Android_MultiTargetPlatform (93)
[2017.08.29-20.35.30:872][251]LogModuleManager: Shutting down and abandoning module Android_ETC2TargetPlatform (91)
[2017.08.29-20.35.30:872][251]LogModuleManager: Shutting down and abandoning module Android_ETC1TargetPlatform (89)
[2017.08.29-20.35.30:873][251]LogModuleManager: Shutting down and abandoning module Android_DXTTargetPlatform (87)
[2017.08.29-20.35.30:873][251]LogModuleManager: Shutting down and abandoning module Android_ATCTargetPlatform (85)
[2017.08.29-20.35.30:873][251]LogModuleManager: Shutting down and abandoning module Android_ASTCTargetPlatform (83)
[2017.08.29-20.35.30:873][251]LogModuleManager: Shutting down and abandoning module AndroidTargetPlatform (81)
[2017.08.29-20.35.30:873][251]LogModuleManager: Shutting down and abandoning module WindowsTargetPlatform (79)
[2017.08.29-20.35.30:873][251]LogModuleManager: Shutting down and abandoning module WindowsServerTargetPlatform (77)
[2017.08.29-20.35.30:873][251]LogModuleManager: Shutting down and abandoning module WindowsNoEditorTargetPlatform (75)
[2017.08.29-20.35.30:873][251]LogModuleManager: Shutting down and abandoning module WindowsClientTargetPlatform (73)
[2017.08.29-20.35.30:873][251]LogModuleManager: Shutting down and abandoning module MacTargetPlatform (71)
[2017.08.29-20.35.30:873][251]LogModuleManager: Shutting down and abandoning module MacServerTargetPlatform (69)
[2017.08.29-20.35.30:873][251]LogModuleManager: Shutting down and abandoning module MacNoEditorTargetPlatform (67)
[2017.08.29-20.35.30:873][251]LogModuleManager: Shutting down and abandoning module MacClientTargetPlatform (65)
[2017.08.29-20.35.30:873][251]LogModuleManager: Shutting down and abandoning module AllDesktopTargetPlatform (63)
[2017.08.29-20.35.30:873][251]LogModuleManager: Shutting down and abandoning module InputCore (60)
[2017.08.29-20.35.30:873][251]LogModuleManager: Shutting down and abandoning module Settings (58)
[2017.08.29-20.35.30:873][251]LogModuleManager: Shutting down and abandoning module OculusRift (56)
[2017.08.29-20.35.30:873][251]LogModuleManager: Shutting down and abandoning module GearVRController (54)
[2017.08.29-20.35.30:873][251]LogModuleManager: Shutting down and abandoning module GearVR (52)
[2017.08.29-20.35.30:873][251]LogModuleManager: Shutting down and abandoning module ExampleDeviceProfileSelector (50)
[2017.08.29-20.35.30:873][251]LogModuleManager: Shutting down and abandoning module OnlineBlueprintSupport (48)
[2017.08.29-20.35.30:873][251]LogModuleManager: Shutting down and abandoning module OnlineSubsystem (44)
[2017.08.29-20.35.30:873][251]LogOnline:Display: Unloading online subsystem: NULL
[2017.08.29-20.35.30:873][251]LogModuleManager: Shutting down and abandoning module XMPP (43)
[2017.08.29-20.35.30:873][251]LogModuleManager: Shutting down and abandoning module HTTP (41)
[2017.08.29-20.35.30:873][251]LogHttp:Display: Http module shutting down, but needs to wait on 1 outstanding Http requests:
[2017.08.29-20.35.30:873][251]LogHttp:Display: 	verb=[POST] url=[https://datarouter.ol.epicgames.com/datarouter/api/v1/public/data?SessionID=%7B08C0A8FE-42AE-E5D9-4A52-BFAF89686DC9%7D&AppID=UEEditor.Rocket.Release&AppVersion=4.16.3-3561208%2B%2B%2BUE4%2BRelease-4.16&UserID=51f770dc4789ec184ca99ab8a14492d1%7Cd8e1cdd51d1c479f8a85754926729c65%7C12586e77-4266-4c82-b3f1-2966cd209827&AppEnvironment=datacollector-binary&UploadType=eteventstream] status=Processing
[2017.08.29-20.35.30:886][251]LogModuleManager: Shutting down and abandoning module SSL (40)
[2017.08.29-20.35.30:887][251]LogModuleManager: Shutting down and abandoning module HTTPChunkInstaller (36)
[2017.08.29-20.35.30:887][251]LogModuleManager: Shutting down and abandoning module AnimationModifiers (34)
[2017.08.29-20.35.30:887][251]LogModuleManager: Shutting down and abandoning module PropertyEditor (33)
[2017.08.29-20.35.30:887][251]LogModuleManager: Shutting down and abandoning module AudioEditor (30)
[2017.08.29-20.35.30:887][251]LogModuleManager: Shutting down and abandoning module TextureCompressor (28)
[2017.08.29-20.35.30:887][251]LogModuleManager: Shutting down and abandoning module ShaderCore (26)
[2017.08.29-20.35.30:887][251]LogModuleManager: Shutting down and abandoning module Landscape (24)
[2017.08.29-20.35.30:887][251]LogModuleManager: Shutting down and abandoning module SlateRHIRenderer (22)
[2017.08.29-20.35.30:888][251]LogModuleManager: Shutting down and abandoning module OpenGLDrv (20)
[2017.08.29-20.35.30:888][251]LogModuleManager: Shutting down and abandoning module D3D11RHI (18)
[2017.08.29-20.35.30:888][251]LogModuleManager: Shutting down and abandoning module AnimGraphRuntime (16)
[2017.08.29-20.35.30:888][251]LogModuleManager: Shutting down and abandoning module Renderer (14)
[2017.08.29-20.35.30:888][251]LogModuleManager: Shutting down and abandoning module Engine (12)
[2017.08.29-20.35.30:888][251]LogModuleManager: Shutting down and abandoning module CoreUObject (10)
[2017.08.29-20.35.30:888][251]LogModuleManager: Shutting down and abandoning module NetworkFile (8)
[2017.08.29-20.35.30:888][251]LogModuleManager: Shutting down and abandoning module StreamingFile (6)
[2017.08.29-20.35.30:888][251]LogModuleManager: Shutting down and abandoning module SandboxFile (4)
[2017.08.29-20.35.30:888][251]LogModuleManager: Shutting down and abandoning module PakFile (2)
[2017.08.29-20.35.30:892][251]LogExit: Exiting.
[2017.08.29-20.35.30:910][251]Log file closed, 08/29/17 16:35:30
