Log file open, 08/27/17 09:44:27
LogInit:Display: Running engine for game: SwordVR
LogPlatformFile: Not using cached read wrapper
LogInit:Display: RandInit(-667411444) SRandInit(-667411444).
LogTaskGraph: Started task graph with 5 named threads and 8 total threads with 1 sets of task threads.
LogStats: Stats thread started at 0.102773
LogInit: Using libcurl 7.47.1
LogInit:  - built for x86_64-pc-win32
LogInit:  - supports SSL with OpenSSL/1.0.2g
LogInit:  - supports HTTP deflate (compression) using libz 1.2.8
LogInit:  - other features:
LogInit:      CURL_VERSION_SSL
LogInit:      CURL_VERSION_LIBZ
LogInit:      CURL_VERSION_IPV6
LogInit:      CURL_VERSION_ASYNCHDNS
LogInit:      CURL_VERSION_LARGEFILE
LogInit:      CURL_VERSION_IDN
LogInit:  CurlRequestOptions (configurable via config and command line):
LogInit:  - bVerifyPeer = false  - Libcurl will NOT verify peer certificate
LogInit:  - bUseHttpProxy = false  - Libcurl will NOT use HTTP proxy
LogInit:  - bDontReuseConnections = false  - Libcurl will reuse connections
LogInit:  - CertBundlePath = nullptr  - Libcurl will use whatever was configured at build time.
LogInit: Build: ++UE4+Release-4.16-CL-3561208
LogInit: Engine Version: 4.16.3-3561208+++UE4+Release-4.16
LogInit: Compatible Engine Version: 4.16.0-3452394+++UE4+Release-4.16
LogInit: Net CL: 3452394
LogDevObjectVersion: Number of dev versions registered: 16
LogDevObjectVersion:   Dev-Blueprints (B0D832E4-1F89-4F0D-ACCF-7EB736FD4AA2): 9
LogDevObjectVersion:   Dev-Build (E1C64328-A22C-4D53-A36C-8E866417BD8C): 0
LogDevObjectVersion:   Dev-Core (375EC13C-06E4-48FB-B500-84F0262A717E): 2
LogDevObjectVersion:   Dev-Editor (E4B068ED-F494-42E9-A231-DA0B2E46BB41): 17
LogDevObjectVersion:   Dev-Framework (CFFC743F-43B0-4480-9391-14DF171D2073): 23
LogDevObjectVersion:   Dev-Mobile (B02B49B5-BB20-44E9-A304-32B752E40360): 0
LogDevObjectVersion:   Dev-Networking (A4E4105C-59A1-49B5-A7C5-40C4547EDFEE): 0
LogDevObjectVersion:   Dev-Online (39C831C9-5AE6-47DC-9A44-9C173E1C8E7C): 0
LogDevObjectVersion:   Dev-Physics (78F01B33-EBEA-4F98-B9B4-84EACCB95AA2): 0
LogDevObjectVersion:   Dev-Platform (6631380F-2D4D-43E0-8009-CF276956A95A): 0
LogDevObjectVersion:   Dev-Rendering (12F88B9F-8875-4AFC-A67C-D90C383ABD29): 15
LogDevObjectVersion:   Dev-Sequencer (7B5AE74C-D270-4C10-A958-57980B212A5A): 4
LogDevObjectVersion:   Dev-VR (D7296918-1DD6-4BDD-9DE2-64A83CC13884): 0
LogDevObjectVersion:   Dev-LoadTimes (C2A15278-BFE7-4AFE-6C17-90FF531DF755): 1
LogDevObjectVersion:   Private-Geometry (6EACA3D4-40EC-4CC1-B786-8BED09428FC5): 1
LogDevObjectVersion:   Dev-AnimPhys (29E575DD-E0A3-4627-9D10-D276232CDCEA): 3
LogInit: Compiled (64-bit): Jul 28 2017 11:49:47
LogInit: Compiled with Visual C++: 19.00.24215.01
LogInit: Build Configuration: Development
LogInit: Branch Name: ++UE4+Release-4.16
LogInit: Command line: -EpicPortal 
LogInit: Base directory: C:/Program Files/Epic Games/UE_4.16/Engine/Binaries/Win64/
LogInit: Installed Engine Build: 1
LogInit: Presizing for max 8388607 objects, including 0 objects not considered by GC, pre-allocating 0 bytes for permanent pool.
LogInit: Object subsystem initialized
[2017.08.27-13.44.28:489][  0]LogInit: Selected Device Profile: [Windows]
[2017.08.27-13.44.28:489][  0]LogInit: Applying CVar settings loaded from the selected device profile: [Windows]
[2017.08.27-13.44.28:501][  0]LogInit: Computer: DESKTOP-SIJTC7B
[2017.08.27-13.44.28:501][  0]LogInit: User: croch
[2017.08.27-13.44.28:501][  0]LogInit: CPU Page size=4096, Cores=4
[2017.08.27-13.44.28:501][  0]LogInit: High frequency timer resolution =2.533208 MHz
[2017.08.27-13.44.28:502][  0]LogMemory: Memory total: Physical=15.9GB (16GB approx)
[2017.08.27-13.44.28:502][  0]LogMemory: Platform Memory Stats for Windows
[2017.08.27-13.44.28:502][  0]LogMemory: Process Physical Memory: 273.62 MB used, 273.62 MB peak
[2017.08.27-13.44.28:502][  0]LogMemory: Process Virtual Memory: 261.05 MB used, 261.05 MB peak
[2017.08.27-13.44.28:502][  0]LogMemory: Physical Memory: 8340.74 MB used,  7966.29 MB free, 16307.03 MB total
[2017.08.27-13.44.28:502][  0]LogMemory: Virtual Memory: 676.52 MB used,  7966.29 MB free, 134217728.00 MB total
[2017.08.27-13.44.28:587][  0]LogInit: Using OS detected language (en-US).
[2017.08.27-13.44.28:587][  0]LogInit: Using OS detected locale (en-US).
[2017.08.27-13.44.28:589][  0]LogTextLocalizationManager: No specific localization for 'en-US' exists, so the 'en' localization will be used.
[2017.08.27-13.44.29:481][  0]LogD3D11RHI: D3D11 adapters:
[2017.08.27-13.44.30:086][  0]LogD3D11RHI:    0. 'NVIDIA GeForce GTX 970M' (Feature Level 11_0)
[2017.08.27-13.44.30:086][  0]LogD3D11RHI:       3040/0/8153 MB DedicatedVideo/DedicatedSystem/SharedSystem, Outputs:1, VendorId:0x10de
[2017.08.27-13.44.30:091][  0]LogD3D11RHI:    1. 'Intel(R) HD Graphics 4600' (Feature Level 11_0)
[2017.08.27-13.44.30:091][  0]LogD3D11RHI:       112/0/2048 MB DedicatedVideo/DedicatedSystem/SharedSystem, Outputs:0, VendorId:0x8086
[2017.08.27-13.44.30:092][  0]LogD3D11RHI:    2. 'Microsoft Basic Render Driver' (Feature Level 11_0)
[2017.08.27-13.44.30:092][  0]LogD3D11RHI:       0/0/8153 MB DedicatedVideo/DedicatedSystem/SharedSystem, Outputs:0, VendorId:0x1414
[2017.08.27-13.44.30:092][  0]LogD3D11RHI: Chosen D3D11 Adapter: 0
[2017.08.27-13.44.30:098][  0]LogD3D11RHI: Creating new Direct3DDevice
[2017.08.27-13.44.30:099][  0]LogD3D11RHI:     GPU DeviceId: 0x13d8 (for the marketing name, search the web for "GPU Device Id")
[2017.08.27-13.44.30:099][  0]LogWindows: EnumDisplayDevices:
[2017.08.27-13.44.30:099][  0]LogWindows:    0. 'Intel(R) HD Graphics 4600' (P:1 D:1)
[2017.08.27-13.44.30:099][  0]LogWindows:    1. 'Intel(R) HD Graphics 4600' (P:0 D:0)
[2017.08.27-13.44.30:099][  0]LogWindows:    2. 'Intel(R) HD Graphics 4600' (P:0 D:0)
[2017.08.27-13.44.30:099][  0]LogWindows: DebugString: GetVideoDriverDetailsInvalid PrimaryIsNotTheChoosenAdapter GetVideoDriverDetailsInvalid PrimaryIsNotTheChoosenAdapter GetVideoDriverDetailsInvalid PrimaryIsNotTheChoosenAdapter FoundDriverCount:0 
[2017.08.27-13.44.30:099][  0]LogD3D11RHI:     Adapter Name: NVIDIA GeForce GTX 970M
[2017.08.27-13.44.30:099][  0]LogD3D11RHI:   Driver Version: Unknown (internal:Unknown, unified:Unknown)
[2017.08.27-13.44.30:099][  0]LogD3D11RHI:      Driver Date: Unknown
[2017.08.27-13.44.30:099][  0]LogRHI: Texture pool is 1361 MB (70% of 1945 MB)
[2017.08.27-13.44.30:729][  0]LogD3D11RHI: Async texture creation enabled
[2017.08.27-13.44.30:765][  0]LogD3D11RHI: GPU Timing Frequency: 1000.000000 (Debug: 2 1)
[2017.08.27-13.44.30:765][  0]LogShaderCompilers: Guid format shader working directory is -18 characters bigger than the processId version (../../../../../../Users/croch/Documents/Unreal Projects/SwordVR/Intermediate/Shaders/WorkingDirectory/19028/).
[2017.08.27-13.44.30:765][  0]LogShaderCompilers: Cleaned the shader compiler working directory 'C:/Users/croch/AppData/Local/Temp/UnrealShaderWorkingDir/825884DE48F11F4FD8221187242F15A2/'.
[2017.08.27-13.44.30:765][  0]LogShaderCompilers:Display: Using Local Shader Compiler.
[2017.08.27-13.44.31:815][  0]LogTemp:Display: Loaded TP AllDesktopTargetPlatform
[2017.08.27-13.44.31:870][  0]LogTemp:Display: Loaded TP MacClientTargetPlatform
[2017.08.27-13.44.31:923][  0]LogTemp:Display: Loaded TP MacNoEditorTargetPlatform
[2017.08.27-13.44.31:976][  0]LogTemp:Display: Loaded TP MacServerTargetPlatform
[2017.08.27-13.44.32:031][  0]LogTemp:Display: Loaded TP MacTargetPlatform
[2017.08.27-13.44.32:085][  0]LogTemp:Display: Loaded TP WindowsClientTargetPlatform
[2017.08.27-13.44.32:139][  0]LogTemp:Display: Loaded TP WindowsNoEditorTargetPlatform
[2017.08.27-13.44.32:193][  0]LogTemp:Display: Loaded TP WindowsServerTargetPlatform
[2017.08.27-13.44.32:242][  0]LogTemp:Display: Loaded TP WindowsTargetPlatform
[2017.08.27-13.44.32:295][  0]LogTemp:Display: Loaded TP AndroidTargetPlatform
[2017.08.27-13.44.32:349][  0]LogTemp:Display: Loaded TP Android_ASTCTargetPlatform
[2017.08.27-13.44.32:403][  0]LogTemp:Display: Loaded TP Android_ATCTargetPlatform
[2017.08.27-13.44.32:455][  0]LogTemp:Display: Loaded TP Android_DXTTargetPlatform
[2017.08.27-13.44.32:508][  0]LogTemp:Display: Loaded TP Android_ETC1TargetPlatform
[2017.08.27-13.44.32:562][  0]LogTemp:Display: Loaded TP Android_ETC2TargetPlatform
[2017.08.27-13.44.32:669][  0]LogTemp:Display: Loaded TP Android_MultiTargetPlatform
[2017.08.27-13.44.32:669][  0]LogTemp:Display: Loaded TP Android_PVRTCTargetPlatform
[2017.08.27-13.44.32:714][  0]LogTemp:Display: Loaded TP HTML5TargetPlatform
[2017.08.27-13.44.32:814][  0]LogTemp:Display: Loaded TP IOSTargetPlatform
[2017.08.27-13.44.32:846][  0]LogTemp:Display: Loaded TP TVOSTargetPlatform
[2017.08.27-13.44.32:899][  0]LogTemp:Display: Loaded TP LinuxClientTargetPlatform
[2017.08.27-13.44.32:952][  0]LogTemp:Display: Loaded TP LinuxNoEditorTargetPlatform
[2017.08.27-13.44.33:006][  0]LogTemp:Display: Loaded TP LinuxServerTargetPlatform
[2017.08.27-13.44.33:059][  0]LogTemp:Display: Loaded TP LinuxTargetPlatform
[2017.08.27-13.44.33:059][  0]LogTargetPlatformManager:Display: Building Assets For Windows
[2017.08.27-13.44.33:600][  0]LogDerivedDataCache:Display: Max Cache Size: 512 MB
[2017.08.27-13.44.33:674][  0]LogDerivedDataCache: Loaded boot cache 0.07s 94MB C:/Users/croch/AppData/Local/UnrealEngine/4.16/DerivedDataCache/Boot.ddc.
[2017.08.27-13.44.33:674][  0]LogDerivedDataCache:Display: Loaded Boot cache: C:/Users/croch/AppData/Local/UnrealEngine/4.16/DerivedDataCache/Boot.ddc
[2017.08.27-13.44.33:674][  0]LogDerivedDataCache: FDerivedDataBackendGraph:  Pak pak cache file ../../../../../../Users/croch/Documents/Unreal Projects/SwordVR/DerivedDataCache/DDC.ddp not found, will not use a pak cache.
[2017.08.27-13.44.33:674][  0]LogDerivedDataCache: Unable to find inner node Pak for hierarchical cache Hierarchy.
[2017.08.27-13.44.33:674][  0]LogDerivedDataCache: FDerivedDataBackendGraph:  CompressedPak pak cache file ../../../../../../Users/croch/Documents/Unreal Projects/SwordVR/DerivedDataCache/Compressed.ddp not found, will not use a pak cache.
[2017.08.27-13.44.33:674][  0]LogDerivedDataCache: Unable to find inner node CompressedPak for hierarchical cache Hierarchy.
[2017.08.27-13.44.33:690][  0]LogDerivedDataCache:Display: Pak cache opened for reading ../../../Engine/DerivedDataCache/Compressed.ddp.
[2017.08.27-13.44.33:702][  0]LogDerivedDataCache: Using Local data cache path C:/Users/croch/AppData/Local/UnrealEngine/Common/DerivedDataCache: Writable
[2017.08.27-13.44.33:712][  0]LogMaterial: Verifying Global Shaders for PCD3D_SM5
[2017.08.27-13.44.33:712][  0]LogSlate: Using Freetype 2.6.0
[2017.08.27-13.44.33:712][  0]LogSlate: SlateFontCache - WITH_FREETYPE: 1, WITH_HARFBUZZ: 1
[2017.08.27-13.44.33:712][  0]LogSlate: SlateFontCache - WITH_FREETYPE: 1, WITH_HARFBUZZ: 1
[2017.08.27-13.44.34:026][  0]LogInit: Selected Device Profile: [Windows]
[2017.08.27-13.44.34:087][  0]LogContentStreaming: Texture pool size is 0.00 MB
[2017.08.27-13.44.34:251][  0]LogMeshUtilities: Using QuadricMeshReduction for automatic static mesh reduction
[2017.08.27-13.44.34:299][  0]LogSimplygon: Simplygon DLL not present - disabling.
[2017.08.27-13.44.34:352][  0]LogMeshUtilities: Using SimplygonSwarm for distributed automatic mesh merging
[2017.08.27-13.44.34:352][  0]LogMeshUtilities: No automatic skeletal mesh reduction module available
[2017.08.27-13.44.34:352][  0]LogMeshUtilities: No automatic mesh merging module available
[2017.08.27-13.44.34:903][  0]LogNetVersion: SwordVR , NetCL: 3452394, EngineNetVer: 2, GameNetVer: 0 (Checksum: 1496206902)
[2017.08.27-13.44.34:966][  0]LogAssetRegistry: FAssetRegistry took 0.0253 seconds to start up
[2017.08.27-13.44.35:049][  0]LogPackageLocalizationCache: Processed 6 localized package path(s) for 2 prioritized culture(s) in 0.054299 seconds
[2017.08.27-13.44.35:054][  0]LogUObjectArray: 34194 objects as part of root set at end of initial load.
[2017.08.27-13.44.35:054][  0]LogUObjectAllocator: 7260416 out of 0 bytes used by permanent object pool.
[2017.08.27-13.44.35:054][  0]LogUObjectArray: CloseDisregardForGC: 0/0 objects in disregard for GC pool
[2017.08.27-13.44.35:126][  0]LogInit: WinSock: version 1.1 (2.2), MaxSocks=32767, MaxUdp=65467
[2017.08.27-13.44.37:686][  0]LogTcpMessaging: Initializing TcpMessaging bridge
[2017.08.27-13.44.37:731][  0]LogUdpMessaging: Initializing bridge on interface 0.0.0.0:0 to multicast group 230.0.0.1:6666.
[2017.08.27-13.44.38:303][  0]LogMaterial: Uniform references updated for custom material expression Custom.
[2017.08.27-13.44.38:747][  0]SourceControl: Info Source control is disabled
[2017.08.27-13.44.38:788][  0]SourceControl: Info Source control is disabled
[2017.08.27-13.44.38:844][  0]SourceControl: Info Source control is disabled
[2017.08.27-13.44.38:898][  0]SourceControl: Info Source control is disabled
[2017.08.27-13.44.39:676][  0]LogAndroidPermission: UAndroidPermissionCallbackProxy::GetInstance
[2017.08.27-13.44.40:295][  0]LogMaterial: Missing cached shader map for material TrackBaseMaterial, compiling. 
[2017.08.27-13.44.40:371][  0]LogStaticMesh: Building static mesh TrackMesh...
[2017.08.27-13.44.40:372][  0]LogStaticMesh: Built static mesh [0.00s] /GestureTrackerVR/TrackMesh.TrackMesh
[2017.08.27-13.44.40:380][  0]LogMaterial: Missing cached shader map for material PredictBaseMaterial, compiling. 
[2017.08.27-13.44.40:427][  0]LogStaticMesh: Building static mesh PredictMesh...
[2017.08.27-13.44.40:428][  0]LogStaticMesh: Built static mesh [0.00s] /GestureTrackerVR/PredictMesh.PredictMesh
[2017.08.27-13.44.40:433][  0]LogMaterial: Missing cached shader map for material PredictSuccessMaterial, compiling. 
[2017.08.27-13.44.40:734][  0]LogEngine: Initializing Engine...
[2017.08.27-13.44.40:734][  0]LogHMD: Failed to initialize OpenVR with code 110
[2017.08.27-13.44.41:047][  0]LogStats: UGameplayTagsManager::ConstructGameplayTagTree: Construct from data asset -  0.000 s
[2017.08.27-13.44.41:047][  0]LogStats: UGameplayTagsManager::ConstructGameplayTagTree: GameplayTagTreeChangedEvent.Broadcast -  0.000 s
[2017.08.27-13.44.41:338][  0]LogAIModule: Creating AISystem for world Untitled
[2017.08.27-13.44.41:346][  0]LogInit: XAudio2 using 'Speakers (High Definition Audio Device)' : 2 channels at 48 kHz using 16 bits per sample (channel mask 0x3)
[2017.08.27-13.44.41:364][  0]LogInit: FAudioDevice initialized.
[2017.08.27-13.44.41:435][  0]LogDerivedDataCache: Saved boot cache 0.07s 94MB C:/Users/croch/AppData/Local/UnrealEngine/4.16/DerivedDataCache/Boot.ddc.
[2017.08.27-13.44.41:450][  0]LogInit: Texture streaming: Enabled
[2017.08.27-13.44.41:665][  0]LogEngineSessionManager: EngineSessionManager initialized
[2017.08.27-13.44.42:144][  0]LogInit: Transaction tracking system initialized
[2017.08.27-13.44.42:854][  0]BlueprintLog: New page: Editor Load
[2017.08.27-13.44.44:898][  0]LocalizationService: Info Localization service is disabled
[2017.08.27-13.44.46:378][  0]LogConsoleResponse:Display: 
[2017.08.27-13.44.46:643][  0]LogCook:Display: Max memory allowance for cook 16384mb min free memory 0mb
[2017.08.27-13.44.46:643][  0]LogCook:Display: Mobile HDR setting 1
[2017.08.27-13.44.47:245][  0]LogFileCache: Scanning file cache for directory 'C:/Users/croch/Documents/Unreal Projects/SwordVR/Content/' took 0.01s
[2017.08.27-13.44.48:979][  0]SourceControl: Info Source control is disabled
[2017.08.27-13.44.49:093][  0]LogSlate: Took 0.000356 seconds to synchronously load lazily loaded font '../../../Engine/Content/Slate/Fonts/Roboto-Regular.ttf' (155K)
[2017.08.27-13.45.13:612][  0]LogWindowsTextInputMethodSystem:Display: IME system now deactivated.
[2017.08.27-13.45.13:612][  0]LogWindowsTextInputMethodSystem:Display: IME system now deactivated.
[2017.08.27-13.45.13:664][  0]LogWindowsTextInputMethodSystem:Display: IME system now deactivated.
[2017.08.27-13.45.13:664][  0]LogWindowsTextInputMethodSystem:Display: IME system now deactivated.
[2017.08.27-13.45.13:665][  0]Cmd: MAP LOAD FILE="../../../Engine/Content/Maps/Templates/Template_Default.umap" TEMPLATE=1 SHOWPROGRESS=1 FEATURELEVEL=3
[2017.08.27-13.45.13:666][  0]LightingResults: New page: Lighting Build
[2017.08.27-13.45.13:748][  0]MapCheck: New page: Map Check
[2017.08.27-13.45.13:748][  0]LightingResults: New page: Lighting Build
[2017.08.27-13.45.14:022][  0]LogAIModule: Creating AISystem for world Untitled_1
[2017.08.27-13.45.14:101][  0]LogActorComponent: RegisterComponentWithWorld: (/Temp/Untitled_1.Untitled_1:PersistentLevel.WorldSettings_1.StaticMeshComponent0) Trying to register component with IsPendingKill() == true. Aborting.
[2017.08.27-13.45.14:115][  0]LogEditorServer: Finished looking for orphan Actors (0.000 secs)
[2017.08.27-13.45.14:141][  0]Cmd: MAP CHECKDEP NOCLEARLOG
[2017.08.27-13.45.14:227][  0]MapCheck: Info Map check complete: 0 Error(s), 0 Warning(s), took 85.509ms to complete.
[2017.08.27-13.45.14:227][  0]LogFileHelpers: Loading map 'Template_Default' took 0.561
[2017.08.27-13.45.14:357][  0]LogStats:Warning: MetaData mismatch. Did you assign a stat to two groups? New //STATGROUP_Threads//SplashScreenThread///Thread_31d0_0///####STATCAT_Advanced#### old //STATGROUP_Threads//SplashScreenThread///Thread_4098_0///####STATCAT_Advanced####
[2017.08.27-13.45.14:358][  0]LogCollectionManager: Loaded 0 collections in 0.001137 seconds
[2017.08.27-13.45.14:454][  0]LogFileCache: Scanning file cache for directory 'C:/Users/croch/Documents/Unreal Projects/SwordVR/Saved/Collections/' took 0.01s
[2017.08.27-13.45.14:454][  0]LogFileCache: Scanning file cache for directory 'C:/Users/croch/Documents/Unreal Projects/SwordVR/Content/Developers/croch/Collections/' took 0.01s
[2017.08.27-13.45.14:454][  0]LogFileCache: Scanning file cache for directory 'C:/Users/croch/Documents/Unreal Projects/SwordVR/Content/Collections/' took 0.01s
[2017.08.27-13.45.14:454][  0]LogCollectionManager: Rebuilt the GUID cache for 0 collections in 0.000002 seconds
[2017.08.27-13.45.14:465][  0]LogContentBrowser: Native class hierarchy populated in 0.0096 seconds. Added 2342 classes and 497 folders.
[2017.08.27-13.45.14:543][  0]LogContentBrowser: Native class hierarchy updated for 'WidgetCarousel' in 0.0005 seconds. Added 0 classes and 0 folders.
[2017.08.27-13.45.14:894][  0]LogContentBrowser: Native class hierarchy updated for 'AddContentDialog' in 0.0005 seconds. Added 0 classes and 0 folders.
[2017.08.27-13.45.14:948][  0]LogContentBrowser: Native class hierarchy updated for 'SceneOutliner' in 0.0006 seconds. Added 1 classes and 2 folders.
[2017.08.27-13.45.15:012][  0]LogCrashTracker: Crashtracker disabled due to settings.
[2017.08.27-13.45.15:022][  0]LogSlate: Took 0.000223 seconds to synchronously load lazily loaded font '../../../Engine/Content/Slate/Fonts/Roboto-Bold.ttf' (160K)
[2017.08.27-13.45.15:035][  0]LogSlate: Took 0.005301 seconds to synchronously load lazily loaded font '../../../Engine/Content/Editor/Slate/Fonts/FontAwesome.ttf' (139K)
[2017.08.27-13.45.15:172][  0]LogRenderer: Reallocating scene render targets to support 804x340 NumSamples 1 (Frame:1).
[2017.08.27-13.45.15:312][  0]LogUObjectGlobals:Warning: Failed to find object 'Class None.'
[2017.08.27-13.45.15:383][  0]LogContentBrowser: Native class hierarchy updated for 'HierarchicalLODOutliner' in 0.0006 seconds. Added 1 classes and 2 folders.
[2017.08.27-13.45.15:383][  0]LogLoad: (Engine Initialization) Total time: 48.82 seconds
[2017.08.27-13.45.15:383][  0]LogLoad: (Engine Initialization) Total Blueprint compile time: 0.11 seconds
[2017.08.27-13.45.15:383][  0]LogExternalProfiler: No external profilers were discovered.  External profiling features will not be available.
[2017.08.27-13.45.15:402][  0]LogOcInput: OculusInput pre-init called
[2017.08.27-13.45.15:402][  0]LogHMD: Starting GearVRController plugin
[2017.08.27-13.45.15:421][  0]LogContentStreaming: Texture pool size now 1000 MB
[2017.08.27-13.45.15:448][  0]LogSlate: Took 0.005441 seconds to synchronously load lazily loaded font '../../../Engine/Content/Slate/Fonts/Roboto-Light.ttf' (159K)
[2017.08.27-13.45.15:473][  1]LogAssetRegistry: Asset discovery search completed in 40.5286 seconds
[2017.08.27-13.45.15:475][  1]LogCollectionManager: Rebuilt the object cache for 0 collections in 0.000001 seconds (found 0 objects)
[2017.08.27-13.45.15:475][  1]LogCollectionManager: Fixed up redirectors for 0 collections in 0.000029 seconds (updated 0 objects)
[2017.08.27-13.45.24:857][561]LogSlate: Took 0.000206 seconds to synchronously load lazily loaded font '../../../Engine/Content/Slate/Fonts/Roboto-Light.ttf' (159K)
[2017.08.27-13.45.24:966][561]LogStaticMesh: Building static mesh bluelight_sword_Cube...
[2017.08.27-13.45.24:979][561]LogStaticMesh: Built static mesh [0.01s] /Game/Assets/bluelight_sword_Cube.bluelight_sword_Cube
[2017.08.27-13.45.24:987][561]LogMaterial: Missing cached shader map for material Material_003, compiling. 
[2017.08.27-13.45.25:011][561]LogMaterial: Missing cached shader map for material Material_001, compiling. 
[2017.08.27-13.45.25:050][561]LogMaterial: Missing cached shader map for material Material, compiling. 
[2017.08.27-13.45.25:080][561]LogTexture:Display: Building textures: HQ_Lightmap0_1 (AutoDXT, 256X256)
[2017.08.27-13.45.25:085][561]LogTexture:Display: Building textures: HQ_Lightmap0_2 (AutoDXT, 64X64)
[2017.08.27-13.45.25:086][561]LogTexture:Display: Building textures: LQ_Lightmap_0_1 (DXT1, 256X256)
[2017.08.27-13.45.25:089][561]LogTexture:Display: Building textures: LQ_Lightmap_0_2 (DXT1, 64X64)
[2017.08.27-13.45.25:089][561]LogTexture:Display: Building textures: ShadowMapTexture2D_4 (G8, 256X64)
[2017.08.27-13.45.25:090][561]LogTexture:Display: Building textures: ShadowMapTexture2D_5 (G8, 32X32)
[2017.08.27-13.45.25:091][561]LogAIModule: Creating AISystem for world NewMap
[2017.08.27-13.45.25:124][561]Cmd: MAP LOAD FILE="../../../../../../Users/croch/Documents/Unreal Projects/SwordVR/Content/NewMap.umap" TEMPLATE=0 SHOWPROGRESS=1 FEATURELEVEL=3
[2017.08.27-13.45.25:124][561]LightingResults: New page: Lighting Build
[2017.08.27-13.45.25:125][561]LoadErrors: New page: Loading map: NewMap.umap
[2017.08.27-13.45.25:125][561]MapCheck: New page: Map Check
[2017.08.27-13.45.25:125][561]LightingResults: New page: Lighting Build
[2017.08.27-13.45.25:143][561]LogEditorServer: Finished looking for orphan Actors (0.000 secs)
[2017.08.27-13.45.25:193][561]Cmd: MAP CHECKDEP NOCLEARLOG
[2017.08.27-13.45.25:273][561]MapCheck: Info Map check complete: 0 Error(s), 0 Warning(s), took 79.795ms to complete.
[2017.08.27-13.45.25:273][561]LogFileHelpers: Loading map 'NewMap' took 0.150
[2017.08.27-13.48.47:309][726]Cmd: OBJ SAVEPACKAGE PACKAGE="/Game/Levels/NewMap" FILE="../../../../../../Users/croch/Documents/Unreal Projects/SwordVR/Content/Levels/NewMap.umap" SILENT=true AUTOSAVING=false KEEPDIRTY=false
[2017.08.27-13.48.47:349][726]LogSavePackage: Save=27.36ms
[2017.08.27-13.48.47:349][726]LogSavePackage: Moving '../../../../../../Users/croch/Documents/Unreal Projects/SwordVR/Saved/NewMap6B0F28244057A2CFF868BFA9D6A34F3C.tmp' to '../../../../../../Users/croch/Documents/Unreal Projects/SwordVR/Content/Levels/NewMap.umap'
[2017.08.27-13.48.47:360][726]LogSavePackage:Display: Finished SavePackage ../../../../../../Users/croch/Documents/Unreal Projects/SwordVR/Content/Levels/NewMap.umap
[2017.08.27-13.48.47:396][726]LogFileHelpers: Saving map 'NewMap' took 0.157
[2017.08.27-13.48.47:401][726]Cmd: OBJ SAVEPACKAGE PACKAGE="/Game/Levels/NewMap_BuiltData" FILE="../../../../../../Users/croch/Documents/Unreal Projects/SwordVR/Content/Levels/NewMap_BuiltData.uasset" SILENT=true
[2017.08.27-13.48.47:415][726]LogSavePackage: Save=11.53ms
[2017.08.27-13.48.47:415][726]LogSavePackage: Moving '../../../../../../Users/croch/Documents/Unreal Projects/SwordVR/Saved/NewMap_BuiltData8F225C434FD1B3708728AC85BB4A78F3.tmp' to '../../../../../../Users/croch/Documents/Unreal Projects/SwordVR/Content/Levels/NewMap_BuiltData.uasset'
[2017.08.27-13.48.47:419][726]LogSavePackage:Display: Finished SavePackage ../../../../../../Users/croch/Documents/Unreal Projects/SwordVR/Content/Levels/NewMap_BuiltData.uasset
[2017.08.27-13.58.47:295][199]LogSlate: Took 0.001830 seconds to synchronously load lazily loaded font '../../../Engine/Content/Slate/Fonts/Roboto-Light.ttf' (159K)
[2017.08.27-13.58.47:329][199]LogFileHelpers: Editor autosave (incl. sublevels) for '/Game/Levels/NewMap' took 0.011
[2017.08.27-13.58.47:333][199]OBJ SavePackage: Generating thumbnails for [0] asset(s) in package [/Game/Levels/NewMap_BuiltData] ([1] browsable assets)...
[2017.08.27-13.58.47:333][199]OBJ SavePackage: Finished generating thumbnails for package [/Game/Levels/NewMap_BuiltData]
[2017.08.27-13.58.47:343][199]Error: Cannot save asset '../../../../../../Users/croch/Documents/Unreal Projects/SwordVR/Saved/Autosaves/Game/Levels/NewMap./Game/Levels/NewMap_BuiltData_Auto1.uasset' as conversion of long package name failed. Reason: 'FilenameToLongPackageName failed to convert '../../../../../../Users/croch/Documents/Unreal Projects/SwordVR/Saved/Autosaves/Game/Levels/NewMap./Game/Levels/NewMap_BuiltData_Auto1.uasset'. Attempt result was '/Temp/Autosaves/Game/Levels/NewMap./Game/Levels/NewMap_BuiltData_Auto1', but the path contains illegal characters '.''.
[2017.08.27-13.58.47:343][199]Warning: Asset '../../../../../../Users/croch/Documents/Unreal Projects/SwordVR/Saved/Autosaves/Game/Levels/NewMap./Game/Levels/NewMap_BuiltData_Auto1.uasset' is not allowed to save (see log for reason)
[2017.08.27-14.09.05:374][ 49]LogFileHelpers: Editor autosave (incl. sublevels) for '/Game/Levels/NewMap' took 0.119
[2017.08.27-14.09.05:376][ 49]OBJ SavePackage: Generating thumbnails for [0] asset(s) in package [/Game/Levels/NewMap_BuiltData] ([1] browsable assets)...
[2017.08.27-14.09.05:376][ 49]OBJ SavePackage: Finished generating thumbnails for package [/Game/Levels/NewMap_BuiltData]
[2017.08.27-14.09.05:483][ 49]Error: Cannot save asset '../../../../../../Users/croch/Documents/Unreal Projects/SwordVR/Saved/Autosaves/Game/Levels/NewMap./Game/Levels/NewMap_BuiltData_Auto1.uasset' as conversion of long package name failed. Reason: 'FilenameToLongPackageName failed to convert '../../../../../../Users/croch/Documents/Unreal Projects/SwordVR/Saved/Autosaves/Game/Levels/NewMap./Game/Levels/NewMap_BuiltData_Auto1.uasset'. Attempt result was '/Temp/Autosaves/Game/Levels/NewMap./Game/Levels/NewMap_BuiltData_Auto1', but the path contains illegal characters '.''.
[2017.08.27-14.09.05:483][ 49]Warning: Asset '../../../../../../Users/croch/Documents/Unreal Projects/SwordVR/Saved/Autosaves/Game/Levels/NewMap./Game/Levels/NewMap_BuiltData_Auto1.uasset' is not allowed to save (see log for reason)
[2017.08.27-14.19.11:387][903]LogFileHelpers: Editor autosave (incl. sublevels) for '/Game/Levels/NewMap' took 0.010
[2017.08.27-14.19.11:391][903]OBJ SavePackage: Generating thumbnails for [0] asset(s) in package [/Game/Levels/NewMap_BuiltData] ([1] browsable assets)...
[2017.08.27-14.19.11:391][903]OBJ SavePackage: Finished generating thumbnails for package [/Game/Levels/NewMap_BuiltData]
[2017.08.27-14.19.11:403][903]Error: Cannot save asset '../../../../../../Users/croch/Documents/Unreal Projects/SwordVR/Saved/Autosaves/Game/Levels/NewMap./Game/Levels/NewMap_BuiltData_Auto1.uasset' as conversion of long package name failed. Reason: 'FilenameToLongPackageName failed to convert '../../../../../../Users/croch/Documents/Unreal Projects/SwordVR/Saved/Autosaves/Game/Levels/NewMap./Game/Levels/NewMap_BuiltData_Auto1.uasset'. Attempt result was '/Temp/Autosaves/Game/Levels/NewMap./Game/Levels/NewMap_BuiltData_Auto1', but the path contains illegal characters '.''.
[2017.08.27-14.19.11:403][903]Warning: Asset '../../../../../../Users/croch/Documents/Unreal Projects/SwordVR/Saved/Autosaves/Game/Levels/NewMap./Game/Levels/NewMap_BuiltData_Auto1.uasset' is not allowed to save (see log for reason)
[2017.08.27-14.29.24:943][678]LogFileHelpers: Editor autosave (incl. sublevels) for '/Game/Levels/NewMap' took 0.011
[2017.08.27-14.29.24:945][678]OBJ SavePackage: Generating thumbnails for [0] asset(s) in package [/Game/Levels/NewMap_BuiltData] ([1] browsable assets)...
[2017.08.27-14.29.24:945][678]OBJ SavePackage: Finished generating thumbnails for package [/Game/Levels/NewMap_BuiltData]
[2017.08.27-14.29.24:957][678]Error: Cannot save asset '../../../../../../Users/croch/Documents/Unreal Projects/SwordVR/Saved/Autosaves/Game/Levels/NewMap./Game/Levels/NewMap_BuiltData_Auto1.uasset' as conversion of long package name failed. Reason: 'FilenameToLongPackageName failed to convert '../../../../../../Users/croch/Documents/Unreal Projects/SwordVR/Saved/Autosaves/Game/Levels/NewMap./Game/Levels/NewMap_BuiltData_Auto1.uasset'. Attempt result was '/Temp/Autosaves/Game/Levels/NewMap./Game/Levels/NewMap_BuiltData_Auto1', but the path contains illegal characters '.''.
[2017.08.27-14.29.24:957][678]Warning: Asset '../../../../../../Users/croch/Documents/Unreal Projects/SwordVR/Saved/Autosaves/Game/Levels/NewMap./Game/Levels/NewMap_BuiltData_Auto1.uasset' is not allowed to save (see log for reason)
[2017.08.27-14.31.43:914][298]LogFactory: FactoryCreateFile: StaticMesh with FbxFactory (0 0 ../../../../../../Users/croch/Documents/Terrains/synth.obj)
[2017.08.27-14.31.44:003][298]LogFbx: Loading FBX Scene from ../../../../../../Users/croch/Documents/Terrains/synth.obj
[2017.08.27-14.31.46:806][298]LogFbx: FBX Scene Loaded Succesfully
[2017.08.27-14.31.46:813][298]LogSlate: Took 0.000186 seconds to synchronously load lazily loaded font '../../../Engine/Content/Slate/Fonts/Roboto-Regular.ttf' (155K)
[2017.08.27-14.31.54:797][298]LogFbx: Loading FBX Scene from ../../../../../../Users/croch/Documents/Terrains/synth.obj
[2017.08.27-14.31.57:593][298]LogFbx: FBX Scene Loaded Succesfully
[2017.08.27-14.31.57:626][298]LogLinker: Can't find file '/Game/Levels/TerrainMeshMat'
[2017.08.27-14.31.57:626][298]LogLinker: Can't find file '/Game/Levels/TerrainMeshMat'
[2017.08.27-14.31.57:633][298]LogMaterial: Missing cached shader map for material TerrainMeshMat, compiling. 
[2017.08.27-14.31.58:122][298]LogStaticMesh: Building static mesh synth...
[2017.08.27-14.31.59:931][298]LogMeshUtilities: Invalid vertex normals found for mesh. Forcing recomputation of vertex normals for MikkTSpace. Fix mesh or disable "Use MikkTSpace Tangent Space" to avoid forced recomputation of normals.
