Log file open, 09/05/17 10:59:58
LogWindows: LoadLibraryWithSearchPaths failed for file aqProf.dll. GetLastError=0
LogWindows: LoadLibraryWithSearchPaths failed for file VSPerf140.dll. GetLastError=0
LogWindows: LoadLibraryWithSearchPaths failed for file VtuneApi.dll. GetLastError=0
LogWindows: LoadLibraryWithSearchPaths failed for file VtuneApi32e.dll. GetLastError=0
LogInit: Display: Running engine for game: SwordVR
LogPlatformFile: Not using cached read wrapper
LogInit: Display: RandInit(328320492) SRandInit(328320492).
LogTaskGraph: Started task graph with 5 named threads and 14 total threads with 3 sets of task threads.
LogStats: Stats thread started at 0.169124
LogD3D11RHI: Aftermath initialized
LogPluginManager: Mounting plugin Paper2D
LogPluginManager: Mounting plugin LightPropagationVolume
LogPluginManager: Mounting plugin CodeLiteSourceCodeAccess
LogPluginManager: Mounting plugin GitSourceControl
LogPluginManager: Mounting plugin KDevelopSourceCodeAccess
LogPluginManager: Mounting plugin NullSourceCodeAccess
LogPluginManager: Mounting plugin PerforceSourceControl
LogPluginManager: Mounting plugin SubversionSourceControl
LogPluginManager: Mounting plugin UObjectPlugin
LogPluginManager: Mounting plugin VisualStudioSourceCodeAccess
LogPluginManager: Mounting plugin XCodeSourceCodeAccess
LogPluginManager: Mounting plugin AssetManagerEditor
LogPluginManager: Mounting plugin AudioCapture
LogPluginManager: Mounting plugin FacialAnimation
LogPluginManager: Mounting plugin GameplayTagsEditor
LogPluginManager: Mounting plugin MobileLauncherProfileWizard
LogPluginManager: Mounting plugin PluginBrowser
LogPluginManager: Mounting plugin SpeedTreeImporter
LogPluginManager: Mounting plugin AlembicImporter
LogPluginManager: Mounting plugin CharacterAI
LogPluginManager: Mounting plugin HTML5Networking
LogPluginManager: Mounting plugin RunebergVRPlugin
LogPluginManager: Mounting plugin AndroidMedia
LogPluginManager: Mounting plugin AvfMedia
LogPluginManager: Mounting plugin MediaPlayerEditor
LogPluginManager: Mounting plugin WmfMedia
LogPluginManager: Mounting plugin TcpMessaging
LogPluginManager: Mounting plugin UdpMessaging
LogPluginManager: Mounting plugin LevelSequenceEditor
LogPluginManager: Mounting plugin MatineeToLevelSequence
LogPluginManager: Mounting plugin OnlineSubsystemGooglePlay
LogPluginManager: Mounting plugin OnlineSubsystemIOS
LogPluginManager: Mounting plugin OnlineSubsystem
LogPluginManager: Mounting plugin OnlineSubsystemNull
LogPluginManager: Mounting plugin OnlineSubsystemUtils
LogPluginManager: Mounting plugin AndroidDeviceProfileSelector
LogPluginManager: Mounting plugin AndroidMoviePlayer
LogPluginManager: Mounting plugin AndroidPermission
LogPluginManager: Mounting plugin AppleMoviePlayer
LogPluginManager: Mounting plugin ArchVisCharacter
LogPluginManager: Mounting plugin CableComponent
LogPluginManager: Mounting plugin CustomMeshComponent
LogPluginManager: Mounting plugin ExampleDeviceProfileSelector
LogPluginManager: Mounting plugin GoogleCloudMessaging
LogPluginManager: Mounting plugin ImmediatePhysics
LogPluginManager: Mounting plugin IOSDeviceProfileSelector
LogPluginManager: Mounting plugin LinuxDeviceProfileSelector
LogPluginManager: Mounting plugin LocationServicesBPLibrary
LogPluginManager: Mounting plugin MobilePatchingUtils
LogPluginManager: Mounting plugin OculusVR
LogPluginManager: Mounting plugin PhysXVehicles
LogPluginManager: Mounting plugin ProceduralMeshComponent
LogPluginManager: Mounting plugin RuntimePhysXCooking
LogPluginManager: Mounting plugin SoundVisualizations
LogPluginManager: Mounting plugin SteamVR
LogPluginManager: Mounting plugin WindowsMoviePlayer
LogInit: Using libcurl 7.47.1
LogInit:  - built for x86_64-pc-win32
LogInit:  - supports SSL with OpenSSL/1.0.2g
LogInit:  - supports HTTP deflate (compression) using libz 1.2.8
LogInit:  - other features:
LogInit:      CURL_VERSION_SSL
LogInit:      CURL_VERSION_LIBZ
LogInit:      CURL_VERSION_IPV6
LogInit:      CURL_VERSION_ASYNCHDNS
LogInit:      CURL_VERSION_LARGEFILE
LogInit:      CURL_VERSION_IDN
LogInit:  CurlRequestOptions (configurable via config and command line):
LogInit:  - bVerifyPeer = false  - Libcurl will NOT verify peer certificate
LogInit:  - bUseHttpProxy = false  - Libcurl will NOT use HTTP proxy
LogInit:  - bDontReuseConnections = false  - Libcurl will reuse connections
LogInit:  - CertBundlePath = nullptr  - Libcurl will use whatever was configured at build time.
LogInit: Build: ++UE4+Release-4.17-CL-3586342
LogInit: Engine Version: 4.17.1-3586342+++UE4+Release-4.17
LogInit: Compatible Engine Version: 4.17.0-3573198+++UE4+Release-4.17
LogInit: Net CL: 3573198
LogDevObjectVersion: Number of dev versions registered: 16
LogDevObjectVersion:   Dev-Blueprints (B0D832E4-1F89-4F0D-ACCF-7EB736FD4AA2): 10
LogDevObjectVersion:   Dev-Build (E1C64328-A22C-4D53-A36C-8E866417BD8C): 0
LogDevObjectVersion:   Dev-Core (375EC13C-06E4-48FB-B500-84F0262A717E): 2
LogDevObjectVersion:   Dev-Editor (E4B068ED-F494-42E9-A231-DA0B2E46BB41): 20
LogDevObjectVersion:   Dev-Framework (CFFC743F-43B0-4480-9391-14DF171D2073): 28
LogDevObjectVersion:   Dev-Mobile (B02B49B5-BB20-44E9-A304-32B752E40360): 0
LogDevObjectVersion:   Dev-Networking (A4E4105C-59A1-49B5-A7C5-40C4547EDFEE): 0
LogDevObjectVersion:   Dev-Online (39C831C9-5AE6-47DC-9A44-9C173E1C8E7C): 0
LogDevObjectVersion:   Dev-Physics (78F01B33-EBEA-4F98-B9B4-84EACCB95AA2): 0
LogDevObjectVersion:   Dev-Platform (6631380F-2D4D-43E0-8009-CF276956A95A): 0
LogDevObjectVersion:   Dev-Rendering (12F88B9F-8875-4AFC-A67C-D90C383ABD29): 19
LogDevObjectVersion:   Dev-Sequencer (7B5AE74C-D270-4C10-A958-57980B212A5A): 4
LogDevObjectVersion:   Dev-VR (D7296918-1DD6-4BDD-9DE2-64A83CC13884): 0
LogDevObjectVersion:   Dev-LoadTimes (C2A15278-BFE7-4AFE-6C17-90FF531DF755): 1
LogDevObjectVersion:   Private-Geometry (6EACA3D4-40EC-4CC1-B786-8BED09428FC5): 1
LogDevObjectVersion:   Dev-AnimPhys (29E575DD-E0A3-4627-9D10-D276232CDCEA): 7
LogInit: Compiled (64-bit): Aug 15 2017 02:05:26
LogInit: Compiled with Visual C++: 19.00.24215.01
LogInit: Build Configuration: Development
LogInit: Branch Name: ++UE4+Release-4.17
LogInit: Command line: -EpicPortal 
LogInit: Base directory: C:/Program Files/Epic Games/UE_4.17/Engine/Binaries/Win64/
LogInit: Installed Engine Build: 1
LogInit: Presizing for max 8388607 objects, including 0 objects not considered by GC, pre-allocating 0 bytes for permanent pool.
LogInit: Object subsystem initialized
[2017.09.05-14.59.58:635][  0]LogInit: Selected Device Profile: [Windows]
[2017.09.05-14.59.58:635][  0]LogInit: Applying CVar settings loaded from the selected device profile: [Windows]
[2017.09.05-14.59.58:650][  0]LogInit: Computer: DESKTOP-SIJTC7B
[2017.09.05-14.59.58:650][  0]LogInit: User: croch
[2017.09.05-14.59.58:650][  0]LogInit: CPU Page size=4096, Cores=4
[2017.09.05-14.59.58:650][  0]LogInit: High frequency timer resolution =2.533208 MHz
[2017.09.05-14.59.58:650][  0]LogMemory: Memory total: Physical=15.9GB (16GB approx)
[2017.09.05-14.59.58:650][  0]LogMemory: Platform Memory Stats for Windows
[2017.09.05-14.59.58:650][  0]LogMemory: Process Physical Memory: 277.92 MB used, 277.92 MB peak
[2017.09.05-14.59.58:650][  0]LogMemory: Process Virtual Memory: 274.35 MB used, 274.35 MB peak
[2017.09.05-14.59.58:650][  0]LogMemory: Physical Memory: 7186.34 MB used,  9120.69 MB free, 16307.03 MB total
[2017.09.05-14.59.58:650][  0]LogMemory: Virtual Memory: 707.16 MB used,  9120.69 MB free, 134217728.00 MB total
[2017.09.05-14.59.58:864][  0]LogInit: Using OS detected language (en-US).
[2017.09.05-14.59.58:864][  0]LogInit: Using OS detected locale (en-US).
[2017.09.05-14.59.58:868][  0]LogTextLocalizationManager: No specific localization for 'en-US' exists, so the 'en' localization will be used.
[2017.09.05-14.59.59:904][  0]LogD3D11RHI: D3D11 adapters:
[2017.09.05-15.00.00:607][  0]LogD3D11RHI:    0. 'NVIDIA GeForce GTX 970M' (Feature Level 11_0)
[2017.09.05-15.00.00:607][  0]LogD3D11RHI:       3040/0/8153 MB DedicatedVideo/DedicatedSystem/SharedSystem, Outputs:1, VendorId:0x10de
[2017.09.05-15.00.00:612][  0]LogD3D11RHI:    1. 'Intel(R) HD Graphics 4600' (Feature Level 11_0)
[2017.09.05-15.00.00:612][  0]LogD3D11RHI:       112/0/2048 MB DedicatedVideo/DedicatedSystem/SharedSystem, Outputs:0, VendorId:0x8086
[2017.09.05-15.00.00:614][  0]LogD3D11RHI:    2. 'Microsoft Basic Render Driver' (Feature Level 11_0)
[2017.09.05-15.00.00:614][  0]LogD3D11RHI:       0/0/8153 MB DedicatedVideo/DedicatedSystem/SharedSystem, Outputs:0, VendorId:0x1414
[2017.09.05-15.00.00:614][  0]LogD3D11RHI: Chosen D3D11 Adapter: 0
[2017.09.05-15.00.00:621][  0]LogD3D11RHI: Creating new Direct3DDevice
[2017.09.05-15.00.00:621][  0]LogD3D11RHI:     GPU DeviceId: 0x13d8 (for the marketing name, search the web for "GPU Device Id")
[2017.09.05-15.00.00:621][  0]LogWindows: EnumDisplayDevices:
[2017.09.05-15.00.00:621][  0]LogWindows:    0. 'Intel(R) HD Graphics 4600' (P:1 D:1)
[2017.09.05-15.00.00:621][  0]LogWindows:    1. 'Intel(R) HD Graphics 4600' (P:0 D:0)
[2017.09.05-15.00.00:621][  0]LogWindows:    2. 'Intel(R) HD Graphics 4600' (P:0 D:0)
[2017.09.05-15.00.00:621][  0]LogWindows: DebugString: GetVideoDriverDetailsInvalid PrimaryIsNotTheChoosenAdapter GetVideoDriverDetailsInvalid PrimaryIsNotTheChoosenAdapter GetVideoDriverDetailsInvalid PrimaryIsNotTheChoosenAdapter FoundDriverCount:0 
[2017.09.05-15.00.00:621][  0]LogD3D11RHI:     Adapter Name: NVIDIA GeForce GTX 970M
[2017.09.05-15.00.00:621][  0]LogD3D11RHI:   Driver Version: Unknown (internal:Unknown, unified:Unknown)
[2017.09.05-15.00.00:621][  0]LogD3D11RHI:      Driver Date: Unknown
[2017.09.05-15.00.00:621][  0]LogRHI: Texture pool is 1361 MB (70% of 1945 MB)
[2017.09.05-15.00.01:462][  0]LogD3D11RHI: Async texture creation enabled
[2017.09.05-15.00.01:520][  0]LogD3D11RHI: GPU Timing Frequency: 1000.000000 (Debug: 2 1)
[2017.09.05-15.00.01:521][  0]LogShaderCompilers: Guid format shader working directory is -17 characters bigger than the processId version (../../../../../../Users/croch/Documents/Unreal Projects/SwordVR/Intermediate/Shaders/WorkingDirectory/7840/).
[2017.09.05-15.00.01:521][  0]LogShaderCompilers: Cleaned the shader compiler working directory 'C:/Users/croch/AppData/Local/Temp/UnrealShaderWorkingDir/B806E4E9478037E5F18479A29B4CD465/'.
[2017.09.05-15.00.01:521][  0]LogShaderCompilers: Display: Using Local Shader Compiler.
[2017.09.05-15.00.02:630][  0]LogTemp: Display: Loaded TP AllDesktopTargetPlatform
[2017.09.05-15.00.02:681][  0]LogTemp: Display: Loaded TP MacClientTargetPlatform
[2017.09.05-15.00.02:732][  0]LogTemp: Display: Loaded TP MacNoEditorTargetPlatform
[2017.09.05-15.00.02:784][  0]LogTemp: Display: Loaded TP MacServerTargetPlatform
[2017.09.05-15.00.02:837][  0]LogTemp: Display: Loaded TP MacTargetPlatform
[2017.09.05-15.00.02:886][  0]LogTemp: Display: Loaded TP WindowsClientTargetPlatform
[2017.09.05-15.00.02:937][  0]LogTemp: Display: Loaded TP WindowsNoEditorTargetPlatform
[2017.09.05-15.00.02:987][  0]LogTemp: Display: Loaded TP WindowsServerTargetPlatform
[2017.09.05-15.00.03:030][  0]LogTemp: Display: Loaded TP WindowsTargetPlatform
[2017.09.05-15.00.03:083][  0]LogTemp: Display: Loaded TP AndroidTargetPlatform
[2017.09.05-15.00.03:131][  0]LogTemp: Display: Loaded TP Android_ASTCTargetPlatform
[2017.09.05-15.00.03:180][  0]LogTemp: Display: Loaded TP Android_ATCTargetPlatform
[2017.09.05-15.00.03:232][  0]LogTemp: Display: Loaded TP Android_DXTTargetPlatform
[2017.09.05-15.00.03:287][  0]LogTemp: Display: Loaded TP Android_ETC1TargetPlatform
[2017.09.05-15.00.03:337][  0]LogTemp: Display: Loaded TP Android_ETC2TargetPlatform
[2017.09.05-15.00.03:442][  0]LogTemp: Display: Loaded TP Android_MultiTargetPlatform
[2017.09.05-15.00.03:442][  0]LogTemp: Display: Loaded TP Android_PVRTCTargetPlatform
[2017.09.05-15.00.03:487][  0]LogTemp: Display: Loaded TP HTML5TargetPlatform
[2017.09.05-15.00.03:585][  0]LogTemp: Display: Loaded TP IOSTargetPlatform
[2017.09.05-15.00.03:615][  0]LogTemp: Display: Loaded TP TVOSTargetPlatform
[2017.09.05-15.00.03:665][  0]LogTemp: Display: Loaded TP LinuxClientTargetPlatform
[2017.09.05-15.00.03:715][  0]LogTemp: Display: Loaded TP LinuxNoEditorTargetPlatform
[2017.09.05-15.00.03:768][  0]LogTemp: Display: Loaded TP LinuxServerTargetPlatform
[2017.09.05-15.00.03:820][  0]LogTemp: Display: Loaded TP LinuxTargetPlatform
[2017.09.05-15.00.03:820][  0]LogTargetPlatformManager: Display: Building Assets For Windows
[2017.09.05-15.00.04:294][  0]LogDerivedDataCache: Display: Max Cache Size: 512 MB
[2017.09.05-15.00.04:369][  0]LogDerivedDataCache: Loaded boot cache 0.07s 93MB C:/Users/croch/AppData/Local/UnrealEngine/4.17/DerivedDataCache/Boot.ddc.
[2017.09.05-15.00.04:369][  0]LogDerivedDataCache: Display: Loaded Boot cache: C:/Users/croch/AppData/Local/UnrealEngine/4.17/DerivedDataCache/Boot.ddc
[2017.09.05-15.00.04:369][  0]LogDerivedDataCache: FDerivedDataBackendGraph:  Pak pak cache file ../../../../../../Users/croch/Documents/Unreal Projects/SwordVR/DerivedDataCache/DDC.ddp not found, will not use a pak cache.
[2017.09.05-15.00.04:369][  0]LogDerivedDataCache: Unable to find inner node Pak for hierarchical cache Hierarchy.
[2017.09.05-15.00.04:369][  0]LogDerivedDataCache: FDerivedDataBackendGraph:  CompressedPak pak cache file ../../../../../../Users/croch/Documents/Unreal Projects/SwordVR/DerivedDataCache/Compressed.ddp not found, will not use a pak cache.
[2017.09.05-15.00.04:369][  0]LogDerivedDataCache: Unable to find inner node CompressedPak for hierarchical cache Hierarchy.
[2017.09.05-15.00.04:384][  0]LogDerivedDataCache: Display: Pak cache opened for reading ../../../Engine/DerivedDataCache/Compressed.ddp.
[2017.09.05-15.00.04:397][  0]LogDerivedDataCache: Using Local data cache path C:/Users/croch/AppData/Local/UnrealEngine/Common/DerivedDataCache: Writable
[2017.09.05-15.00.04:407][  0]LogMaterial: Verifying Global Shaders for PCD3D_SM5
[2017.09.05-15.00.04:407][  0]LogSlate: Using Freetype 2.6.0
[2017.09.05-15.00.04:407][  0]LogSlate: SlateFontCache - WITH_FREETYPE: 1, WITH_HARFBUZZ: 1
[2017.09.05-15.00.04:408][  0]LogSlate: SlateFontCache - WITH_FREETYPE: 1, WITH_HARFBUZZ: 1
[2017.09.05-15.00.04:666][  0]LogAssetRegistry: FAssetRegistry took 0.0256 seconds to start up
[2017.09.05-15.00.04:785][  0]LogInit: Selected Device Profile: [Windows]
[2017.09.05-15.00.04:906][  0]LogContentStreaming: Texture pool size is 0.00 MB
[2017.09.05-15.00.05:214][  0]LogSimplygon: Simplygon DLL not present - disabling.
[2017.09.05-15.00.05:255][  0]LogMeshReduction: Using SimplygonSwarm for distributed automatic mesh merging
[2017.09.05-15.00.05:255][  0]LogMeshReduction: Using QuadricMeshReduction for automatic static mesh reduction
[2017.09.05-15.00.05:255][  0]LogMeshReduction: No automatic skeletal mesh reduction module available
[2017.09.05-15.00.05:255][  0]LogMeshReduction: No automatic mesh merging module available
[2017.09.05-15.00.05:255][  0]LogMeshMerging: No automatic mesh merging module available
[2017.09.05-15.00.05:574][  0]LogNetVersion: SwordVR , NetCL: 3573198, EngineNetVer: 2, GameNetVer: 0 (Checksum: 2726716735)
[2017.09.05-15.00.05:788][  0]LogPackageLocalizationCache: Processed 6 localized package path(s) for 2 prioritized culture(s) in 0.063990 seconds
[2017.09.05-15.00.05:793][  0]LogUObjectArray: 35825 objects as part of root set at end of initial load.
[2017.09.05-15.00.05:794][  0]LogUObjectAllocator: 7529112 out of 0 bytes used by permanent object pool.
[2017.09.05-15.00.05:794][  0]LogUObjectArray: CloseDisregardForGC: 0/0 objects in disregard for GC pool
[2017.09.05-15.00.05:854][  0]LogInit: WinSock: version 1.1 (2.2), MaxSocks=32767, MaxUdp=65467
[2017.09.05-15.00.08:312][  0]LogTcpMessaging: Initializing TcpMessaging bridge
[2017.09.05-15.00.08:349][  0]LogUdpMessaging: Initializing bridge on interface 0.0.0.0:0 to multicast group 230.0.0.1:6666.
[2017.09.05-15.00.08:962][  0]LogMaterial: Uniform references updated for custom material expression Custom.
[2017.09.05-15.00.09:349][  0]SourceControl: Source control is disabled
[2017.09.05-15.00.09:349][  0]SourceControl: Source control is disabled
[2017.09.05-15.00.09:394][  0]SourceControl: Source control is disabled
[2017.09.05-15.00.09:441][  0]SourceControl: Source control is disabled
[2017.09.05-15.00.10:071][  0]LogAndroidPermission: UAndroidPermissionCallbackProxy::GetInstance
[2017.09.05-15.00.10:388][  0]LogOcInput: OculusInput pre-init called
[2017.09.05-15.00.10:768][  0]LogEngine: Initializing Engine...
[2017.09.05-15.00.10:769][  0]LogHMD: Failed to initialize OpenVR with code 110
[2017.09.05-15.00.11:025][  0]LogStats: UGameplayTagsManager::ConstructGameplayTagTree: Construct from data asset -  0.000 s
[2017.09.05-15.00.11:025][  0]LogStats: UGameplayTagsManager::ConstructGameplayTagTree: GameplayTagTreeChangedEvent.Broadcast -  0.000 s
[2017.09.05-15.00.11:201][  0]LogAIModule: Creating AISystem for world Untitled
[2017.09.05-15.00.11:205][  0]LogInit: XAudio2 using 'Speakers (High Definition Audio Device)' : 2 channels at 48 kHz using 16 bits per sample (channel mask 0x3)
[2017.09.05-15.00.11:218][  0]LogInit: FAudioDevice initialized.
[2017.09.05-15.00.11:411][  0]LogDerivedDataCache: Saved boot cache 0.19s 93MB C:/Users/croch/AppData/Local/UnrealEngine/4.17/DerivedDataCache/Boot.ddc.
[2017.09.05-15.00.11:420][  0]LogInit: Texture streaming: Enabled
[2017.09.05-15.00.11:535][  0]LogEngineSessionManager: EngineSessionManager initialized
[2017.09.05-15.00.11:765][  0]LogInit: Transaction tracking system initialized
[2017.09.05-15.00.12:077][  0]BlueprintLog: New page: Editor Load
[2017.09.05-15.00.12:948][  0]LocalizationService: Localization service is disabled
[2017.09.05-15.00.13:631][  0]LogConsoleResponse: Display: 
[2017.09.05-15.00.13:804][  0]LogCook: Display: Max memory allowance for cook 16384mb min free memory 0mb
[2017.09.05-15.00.13:804][  0]LogCook: Display: Mobile HDR setting 1
[2017.09.05-15.00.13:804][  0]LogGameplayTags: Display: UGameplayTagsManager::DoneAddingNativeTags. DelegateIsBound: 0
[2017.09.05-15.00.13:949][  0]LogFileCache: Scanning file cache for directory 'C:/Users/croch/Documents/Unreal Projects/SwordVR/Content/' took 0.02s
[2017.09.05-15.00.14:832][  0]SourceControl: Source control is disabled
[2017.09.05-15.00.14:890][  0]LogWindowsTextInputMethodSystem: Display: IME system now deactivated.
[2017.09.05-15.00.14:891][  0]LogWindowsTextInputMethodSystem: Display: IME system now deactivated.
[2017.09.05-15.00.14:933][  0]LogSlate: Took 0.000377 seconds to synchronously load lazily loaded font '../../../Engine/Content/Slate/Fonts/Roboto-Regular.ttf' (155K)
[2017.09.05-15.00.19:027][  0]LogWindowsTextInputMethodSystem: Display: IME system now deactivated.
[2017.09.05-15.00.19:027][  0]LogWindowsTextInputMethodSystem: Display: IME system now deactivated.
[2017.09.05-15.00.19:030][  0]LogWindowsTextInputMethodSystem: Display: IME system now deactivated.
[2017.09.05-15.00.19:030][  0]LogWindowsTextInputMethodSystem: Display: IME system now deactivated.
[2017.09.05-15.00.21:809][  0]LogWindowsTextInputMethodSystem: Display: IME system now deactivated.
[2017.09.05-15.00.21:810][  0]LogWindowsTextInputMethodSystem: Display: IME system now deactivated.
[2017.09.05-15.00.21:812][  0]LogWindowsTextInputMethodSystem: Display: IME system now deactivated.
[2017.09.05-15.00.21:812][  0]LogWindowsTextInputMethodSystem: Display: IME system now deactivated.
[2017.09.05-15.00.21:856][  0]Cmd: MAP LOAD FILE="../../../Engine/Content/Maps/Templates/Template_Default.umap" TEMPLATE=1 SHOWPROGRESS=1 FEATURELEVEL=3
[2017.09.05-15.00.21:857][  0]LightingResults: New page: Lighting Build
[2017.09.05-15.00.21:925][  0]MapCheck: New page: Map Check
[2017.09.05-15.00.21:925][  0]LightingResults: New page: Lighting Build
[2017.09.05-15.00.22:128][  0]LogAIModule: Creating AISystem for world Untitled_1
[2017.09.05-15.00.22:136][  0]LogEditorServer: Finished looking for orphan Actors (0.000 secs)
[2017.09.05-15.00.22:162][  0]Cmd: MAP CHECKDEP NOCLEARLOG
[2017.09.05-15.00.22:241][  0]MapCheck: Map check complete: 0 Error(s), 0 Warning(s), took 78.804ms to complete.
[2017.09.05-15.00.22:241][  0]LogFileHelpers: Loading map 'Template_Default' took 0.386
[2017.09.05-15.00.22:394][  0]LogStats: Warning: MetaData mismatch. Did you assign a stat to two groups? New //STATGROUP_Threads//SplashScreenThread///Thread_4a74_0///####STATCAT_Advanced#### old //STATGROUP_Threads//SplashScreenThread///Thread_3e14_0///####STATCAT_Advanced####
[2017.09.05-15.00.22:394][  0]LogCollectionManager: Loaded 0 collections in 0.000917 seconds
[2017.09.05-15.00.22:481][  0]LogFileCache: Scanning file cache for directory 'C:/Users/croch/Documents/Unreal Projects/SwordVR/Saved/Collections/' took 0.01s
[2017.09.05-15.00.22:481][  0]LogFileCache: Scanning file cache for directory 'C:/Users/croch/Documents/Unreal Projects/SwordVR/Content/Developers/croch/Collections/' took 0.01s
[2017.09.05-15.00.22:481][  0]LogFileCache: Scanning file cache for directory 'C:/Users/croch/Documents/Unreal Projects/SwordVR/Content/Collections/' took 0.01s
[2017.09.05-15.00.22:481][  0]LogCollectionManager: Rebuilt the GUID cache for 0 collections in 0.000000 seconds
[2017.09.05-15.00.22:491][  0]LogContentBrowser: Native class hierarchy populated in 0.0085 seconds. Added 2398 classes and 506 folders.
[2017.09.05-15.00.22:558][  0]LogContentBrowser: Native class hierarchy updated for 'WidgetCarousel' in 0.0008 seconds. Added 0 classes and 0 folders.
[2017.09.05-15.00.22:993][  0]LogContentBrowser: Native class hierarchy updated for 'AddContentDialog' in 0.0006 seconds. Added 0 classes and 0 folders.
[2017.09.05-15.00.23:043][  0]LogContentBrowser: Native class hierarchy updated for 'SceneOutliner' in 0.0006 seconds. Added 1 classes and 2 folders.
[2017.09.05-15.00.23:092][  0]LogSlate: Took 0.000164 seconds to synchronously load lazily loaded font '../../../Engine/Content/Slate/Fonts/Roboto-Bold.ttf' (160K)
[2017.09.05-15.00.23:102][  0]LogSlate: Took 0.005309 seconds to synchronously load lazily loaded font '../../../Engine/Content/Editor/Slate/Fonts/FontAwesome.ttf' (139K)
[2017.09.05-15.00.23:264][  0]LogRenderer: Reallocating scene render targets to support 804x340 Format 10 NumSamples 1 (Frame:1).
[2017.09.05-15.00.23:428][  0]LogContentBrowser: Native class hierarchy updated for 'HierarchicalLODOutliner' in 0.0007 seconds. Added 1 classes and 2 folders.
[2017.09.05-15.00.23:428][  0]LogLoad: (Engine Initialization) Total time: 26.76 seconds
[2017.09.05-15.00.23:428][  0]LogLoad: (Engine Initialization) Total Blueprint compile time: 0.00 seconds
[2017.09.05-15.00.23:428][  0]LogExternalProfiler: No external profilers were discovered.  External profiling features will not be available.
[2017.09.05-15.00.23:466][  0]LogContentStreaming: Texture pool size now 1000 MB
[2017.09.05-15.00.23:510][  0]LogSlate: Took 0.004844 seconds to synchronously load lazily loaded font '../../../Engine/Content/Slate/Fonts/Roboto-Light.ttf' (159K)
[2017.09.05-15.00.23:534][  1]LogAssetRegistry: Asset discovery search completed in 18.8893 seconds
[2017.09.05-15.00.23:535][  1]LogCollectionManager: Rebuilt the object cache for 0 collections in 0.000001 seconds (found 0 objects)
[2017.09.05-15.00.23:535][  1]LogCollectionManager: Fixed up redirectors for 0 collections in 0.000037 seconds (updated 0 objects)
[2017.09.05-15.00.30:382][410]LogSlate: Took 0.000135 seconds to synchronously load lazily loaded font '../../../Engine/Content/Slate/Fonts/Roboto-Light.ttf' (159K)
[2017.09.05-15.00.30:793][410]LogContentBrowser: Native class hierarchy updated for 'BlueprintGraph' in 0.0010 seconds. Added 113 classes and 0 folders.
[2017.09.05-15.00.31:458][410]LogSlate: Took 0.000154 seconds to synchronously load lazily loaded font '../../../Engine/Content/Slate/Fonts/Roboto-Regular.ttf' (155K)
[2017.09.05-15.00.31:574][410]LogSlate: Took 0.004284 seconds to synchronously load lazily loaded font '../../../Engine/Content/Editor/Slate/Fonts/Roboto-BoldCondensed.ttf' (158K)
[2017.09.05-15.00.31:765][411]LogSlate: Took 0.004185 seconds to synchronously load lazily loaded font '../../../Engine/Content/Editor/Slate/Fonts/Roboto-Italic.ttf' (157K)
[2017.09.05-15.02.07:018][ 18]LogSlate: Took 0.000177 seconds to synchronously load lazily loaded font '../../../Engine/Content/Slate/Fonts/Roboto-Light.ttf' (159K)
[2017.09.05-15.02.22:480][937]BlueprintLog: New page: Compile Weapon_BP
[2017.09.05-15.02.30:460][403]Cmd: OBJ SAVEPACKAGE PACKAGE="/Game/Weapons/Weapon_BP" FILE="../../../../../../Users/croch/Documents/Unreal Projects/SwordVR/Content/Weapons/Weapon_BP.uasset" SILENT=true
[2017.09.05-15.02.30:525][403]LogSavePackage: Save=35.63ms
[2017.09.05-15.02.30:525][403]LogSavePackage: Moving '../../../../../../Users/croch/Documents/Unreal Projects/SwordVR/Saved/Weapon_BP783F744E49E720EC5672E38CEBA3F00B.tmp' to '../../../../../../Users/croch/Documents/Unreal Projects/SwordVR/Content/Weapons/Weapon_BP.uasset'
[2017.09.05-15.02.30:531][403]LogSavePackage: Display: Finished SavePackage ../../../../../../Users/croch/Documents/Unreal Projects/SwordVR/Content/Weapons/Weapon_BP.uasset
[2017.09.05-15.02.47:339][383]LogStaticMesh: Building static mesh Head...
[2017.09.05-15.02.47:354][383]LogStaticMesh: Built static mesh [0.02s] /Game/Meshes/Head.Head
[2017.09.05-15.02.47:590][383]Cmd: OBJ SAVEPACKAGE PACKAGE="/Game/Assets/Meshes/Head" FILE="../../../../../../Users/croch/Documents/Unreal Projects/SwordVR/Content/Assets/Meshes/Head.uasset" SILENT=true
[2017.09.05-15.02.47:608][383]LogSavePackage: Save=15.70ms
[2017.09.05-15.02.47:608][383]LogSavePackage: Moving '../../../../../../Users/croch/Documents/Unreal Projects/SwordVR/Saved/HeadB138E3C8455ECC53421672BEB2FC635B.tmp' to '../../../../../../Users/croch/Documents/Unreal Projects/SwordVR/Content/Assets/Meshes/Head.uasset'
[2017.09.05-15.02.47:611][383]LogSavePackage: Display: Finished SavePackage ../../../../../../Users/croch/Documents/Unreal Projects/SwordVR/Content/Assets/Meshes/Head.uasset
[2017.09.05-15.02.47:647][383]Cmd: OBJ SAVEPACKAGE PACKAGE="/Game/Assets/Meshes/LeftEye" FILE="../../../../../../Users/croch/Documents/Unreal Projects/SwordVR/Content/Assets/Meshes/LeftEye.uasset" SILENT=true
[2017.09.05-15.02.47:662][383]LogSavePackage: Save=12.89ms
[2017.09.05-15.02.47:662][383]LogSavePackage: Moving '../../../../../../Users/croch/Documents/Unreal Projects/SwordVR/Saved/LeftEye73B16184435F5F5A9E9E7B9EE7DD3C45.tmp' to '../../../../../../Users/croch/Documents/Unreal Projects/SwordVR/Content/Assets/Meshes/LeftEye.uasset'
[2017.09.05-15.02.47:665][383]LogSavePackage: Display: Finished SavePackage ../../../../../../Users/croch/Documents/Unreal Projects/SwordVR/Content/Assets/Meshes/LeftEye.uasset
[2017.09.05-15.02.47:698][383]Cmd: OBJ SAVEPACKAGE PACKAGE="/Game/Assets/Meshes/RightEye" FILE="../../../../../../Users/croch/Documents/Unreal Projects/SwordVR/Content/Assets/Meshes/RightEye.uasset" SILENT=true
[2017.09.05-15.02.47:713][383]LogSavePackage: Save=12.72ms
[2017.09.05-15.02.47:713][383]LogSavePackage: Moving '../../../../../../Users/croch/Documents/Unreal Projects/SwordVR/Saved/RightEye306C77304A92C1FCDFF3CBB00A99A469.tmp' to '../../../../../../Users/croch/Documents/Unreal Projects/SwordVR/Content/Assets/Meshes/RightEye.uasset'
[2017.09.05-15.02.47:716][383]LogSavePackage: Display: Finished SavePackage ../../../../../../Users/croch/Documents/Unreal Projects/SwordVR/Content/Assets/Meshes/RightEye.uasset
[2017.09.05-15.02.48:048][383]Cmd: OBJ SAVEPACKAGE PACKAGE="/Game/SynthHeadBoss" FILE="../../../../../../Users/croch/Documents/Unreal Projects/SwordVR/Content/SynthHeadBoss.uasset" SILENT=true
[2017.09.05-15.02.48:101][383]LogSavePackage: Save=36.50ms
[2017.09.05-15.02.48:101][383]LogSavePackage: Moving '../../../../../../Users/croch/Documents/Unreal Projects/SwordVR/Saved/SynthHeadBossF9839D6D401C63EC4BC75581AE9695F0.tmp' to '../../../../../../Users/croch/Documents/Unreal Projects/SwordVR/Content/SynthHeadBoss.uasset'
[2017.09.05-15.02.48:104][383]LogSavePackage: Display: Finished SavePackage ../../../../../../Users/croch/Documents/Unreal Projects/SwordVR/Content/SynthHeadBoss.uasset
[2017.09.05-15.02.48:107][383]Cmd: OBJ SAVEPACKAGE PACKAGE="/Game/SynthHeadBoss" FILE="../../../../../../Users/croch/Documents/Unreal Projects/SwordVR/Content/SynthHeadBoss.uasset" SILENT=true
[2017.09.05-15.02.48:138][383]LogSavePackage: Save=24.83ms
[2017.09.05-15.02.48:138][383]LogSavePackage: Moving '../../../../../../Users/croch/Documents/Unreal Projects/SwordVR/Saved/SynthHeadBoss0928EAE5417E46BB93A5DEA61F1E1BB3.tmp' to '../../../../../../Users/croch/Documents/Unreal Projects/SwordVR/Content/SynthHeadBoss.uasset'
[2017.09.05-15.02.48:140][383]LogSavePackage: Display: Finished SavePackage ../../../../../../Users/croch/Documents/Unreal Projects/SwordVR/Content/SynthHeadBoss.uasset
[2017.09.05-15.03.02:411][810]LogFactory: FactoryCreateFile: StaticMesh with FbxFactory (0 0 ../../../../../../Users/croch/Downloads/Sword.fbx)
[2017.09.05-15.03.02:436][810]LogFbx: ItemName: GlobalSettings, ItemCount : 1
[2017.09.05-15.03.02:436][810]LogFbx: ItemName: Material, ItemCount : 1
[2017.09.05-15.03.02:436][810]LogFbx: ItemName: Geometry, ItemCount : 5
[2017.09.05-15.03.02:436][810]LogFbx: ItemName: Model, ItemCount : 6
[2017.09.05-15.03.02:436][810]LogFbx: ItemName: NodeAttribute, ItemCount : 1
[2017.09.05-15.03.02:444][810]LogFbx: Loading FBX Scene from ../../../../../../Users/croch/Downloads/Sword.fbx
[2017.09.05-15.03.02:461][810]LogFbx: FBX Scene Loaded Succesfully
[2017.09.05-15.03.10:185][810]LogFbx: Loading FBX Scene from ../../../../../../Users/croch/Downloads/Sword.fbx
[2017.09.05-15.03.10:202][810]LogFbx: FBX Scene Loaded Succesfully
[2017.09.05-15.03.10:204][810]LogLinker: Can't find file '/Game/Assets/Meshes/Steel_-_Satin'
[2017.09.05-15.03.10:205][810]LogLinker: Can't find file '/Game/Assets/Meshes/Steel_-_Satin'
[2017.09.05-15.03.10:210][810]LogMaterial: Missing cached shader map for material Steel_-_Satin, compiling. 
[2017.09.05-15.03.10:251][810]LogStaticMesh: Building static mesh Sword_Body8...
[2017.09.05-15.03.10:296][810]LogStaticMesh: Built static mesh [0.05s] /Game/Assets/Meshes/Sword_Body8.Sword_Body8
[2017.09.05-15.03.10:350][810]LogStaticMesh: Building static mesh Sword_Body9...
[2017.09.05-15.03.10:387][810]LogStaticMesh: Built static mesh [0.04s] /Game/Assets/Meshes/Sword_Body9.Sword_Body9
[2017.09.05-15.03.10:414][810]LogStaticMesh: Building static mesh Sword_Body10...
[2017.09.05-15.03.10:454][810]LogStaticMesh: Built static mesh [0.04s] /Game/Assets/Meshes/Sword_Body10.Sword_Body10
[2017.09.05-15.03.10:478][810]LogStaticMesh: Building static mesh Sword_Body11...
[2017.09.05-15.03.10:518][810]LogStaticMesh: Built static mesh [0.04s] /Game/Assets/Meshes/Sword_Body11.Sword_Body11
[2017.09.05-15.03.10:540][810]LogStaticMesh: Building static mesh Sword_Body12...
[2017.09.05-15.03.10:560][810]LogStaticMesh: Built static mesh [0.02s] /Game/Assets/Meshes/Sword_Body12.Sword_Body12
[2017.09.05-15.03.10:576][810]FBXImport: Warning: No smoothing group information was found in this FBX scene.  Please make sure to enable the 'Export Smoothing Groups' option in the FBX Exporter plug-in before exporting the file.  Even for tools that don't support smoothing groups, the FBX Exporter will generate appropriate smoothing data at export-time so that correct vertex normals can be inferred while importing. 
[2017.09.05-16.19.15:886][821]LogHttp: Warning: 00000278AD056380: request failed, libcurl error: 6 (Couldn't resolve host name)
[2017.09.05-16.19.15:886][821]LogHttp: Warning: 00000278AD056380: libcurl info message cache 0 (Connection 1 seems to be dead!)
[2017.09.05-16.19.15:886][821]LogHttp: Warning: 00000278AD056380: libcurl info message cache 1 (Closing connection 1)
[2017.09.05-16.19.15:886][821]LogHttp: Warning: 00000278AD056380: libcurl info message cache 2 (Could not resolve host: datarouter.ol.epicgames.com)
[2017.09.05-16.19.15:886][821]LogHttp: Warning: 00000278AD056380: libcurl info message cache 3 (Closing connection 2)
[2017.09.05-16.19.25:412][208]LogFileHelpers: Editor autosave (incl. sublevels) for '/Temp/Untitled_1' took 0.022
[2017.09.05-16.19.25:414][208]OBJ SavePackage: Generating thumbnails for [1] asset(s) in package [/Game/Assets/Meshes/Sword_Body8] ([1] browsable assets)...
[2017.09.05-16.19.25:430][208]OBJ SavePackage:     Rendered thumbnail for [StaticMesh /Game/Assets/Meshes/Sword_Body8.Sword_Body8]
[2017.09.05-16.19.25:430][208]OBJ SavePackage: Finished generating thumbnails for package [/Game/Assets/Meshes/Sword_Body8]
[2017.09.05-16.19.25:458][208]LogSavePackage: Save=22.19ms
[2017.09.05-16.19.25:459][208]LogSavePackage: Moving '../../../../../../Users/croch/Documents/Unreal Projects/SwordVR/Saved/Sword_Body8_Auto1CA92FD5E4A69A90FF077B8A0A06B19B5.tmp' to '../../../../../../Users/croch/Documents/Unreal Projects/SwordVR/Saved/Autosaves/Game/Assets/Meshes/Sword_Body8_Auto1.uasset'
[2017.09.05-16.19.25:460][208]LogSavePackage: Display: Finished SavePackage ../../../../../../Users/croch/Documents/Unreal Projects/SwordVR/Saved/Autosaves/Game/Assets/Meshes/Sword_Body8_Auto1.uasset
[2017.09.05-16.19.25:461][208]OBJ SavePackage: Generating thumbnails for [1] asset(s) in package [/Game/Assets/Meshes/Steel_-_Satin] ([1] browsable assets)...
[2017.09.05-16.19.25:480][208]OBJ SavePackage:     Rendered thumbnail for [Material /Game/Assets/Meshes/Steel_-_Satin.Steel_-_Satin]
[2017.09.05-16.19.25:480][208]OBJ SavePackage: Finished generating thumbnails for package [/Game/Assets/Meshes/Steel_-_Satin]
[2017.09.05-16.19.25:510][208]LogSavePackage: Save=26.11ms
[2017.09.05-16.19.25:510][208]LogSavePackage: Moving '../../../../../../Users/croch/Documents/Unreal Projects/SwordVR/Saved/Steel_-_Satin_Auto12A4FDD1049AB16110010B4B374E6114D.tmp' to '../../../../../../Users/croch/Documents/Unreal Projects/SwordVR/Saved/Autosaves/Game/Assets/Meshes/Steel_-_Satin_Auto1.uasset'
[2017.09.05-16.19.25:512][208]LogSavePackage: Display: Finished SavePackage ../../../../../../Users/croch/Documents/Unreal Projects/SwordVR/Saved/Autosaves/Game/Assets/Meshes/Steel_-_Satin_Auto1.uasset
[2017.09.05-16.19.25:512][208]OBJ SavePackage: Generating thumbnails for [1] asset(s) in package [/Game/Assets/Meshes/Sword_Body9] ([1] browsable assets)...
[2017.09.05-16.19.25:529][208]OBJ SavePackage:     Rendered thumbnail for [StaticMesh /Game/Assets/Meshes/Sword_Body9.Sword_Body9]
[2017.09.05-16.19.25:529][208]OBJ SavePackage: Finished generating thumbnails for package [/Game/Assets/Meshes/Sword_Body9]
[2017.09.05-16.19.25:549][208]LogSavePackage: Save=17.83ms
[2017.09.05-16.19.25:549][208]LogSavePackage: Moving '../../../../../../Users/croch/Documents/Unreal Projects/SwordVR/Saved/Sword_Body9_Auto1DFDDD4BE48CBFD822607CEABF9AA29BA.tmp' to '../../../../../../Users/croch/Documents/Unreal Projects/SwordVR/Saved/Autosaves/Game/Assets/Meshes/Sword_Body9_Auto1.uasset'
[2017.09.05-16.19.25:551][208]LogSavePackage: Display: Finished SavePackage ../../../../../../Users/croch/Documents/Unreal Projects/SwordVR/Saved/Autosaves/Game/Assets/Meshes/Sword_Body9_Auto1.uasset
[2017.09.05-16.19.25:552][208]OBJ SavePackage: Generating thumbnails for [1] asset(s) in package [/Game/Assets/Meshes/Sword_Body10] ([1] browsable assets)...
[2017.09.05-16.19.25:566][208]OBJ SavePackage:     Rendered thumbnail for [StaticMesh /Game/Assets/Meshes/Sword_Body10.Sword_Body10]
[2017.09.05-16.19.25:566][208]OBJ SavePackage: Finished generating thumbnails for package [/Game/Assets/Meshes/Sword_Body10]
[2017.09.05-16.19.25:583][208]LogSavePackage: Save=14.84ms
[2017.09.05-16.19.25:583][208]LogSavePackage: Moving '../../../../../../Users/croch/Documents/Unreal Projects/SwordVR/Saved/Sword_Body10_Auto12A8752A645983337673D278B8FD5618B.tmp' to '../../../../../../Users/croch/Documents/Unreal Projects/SwordVR/Saved/Autosaves/Game/Assets/Meshes/Sword_Body10_Auto1.uasset'
[2017.09.05-16.19.25:584][208]LogSavePackage: Display: Finished SavePackage ../../../../../../Users/croch/Documents/Unreal Projects/SwordVR/Saved/Autosaves/Game/Assets/Meshes/Sword_Body10_Auto1.uasset
[2017.09.05-16.19.25:585][208]OBJ SavePackage: Generating thumbnails for [1] asset(s) in package [/Game/Assets/Meshes/Sword_Body11] ([1] browsable assets)...
[2017.09.05-16.19.25:599][208]OBJ SavePackage:     Rendered thumbnail for [StaticMesh /Game/Assets/Meshes/Sword_Body11.Sword_Body11]
[2017.09.05-16.19.25:599][208]OBJ SavePackage: Finished generating thumbnails for package [/Game/Assets/Meshes/Sword_Body11]
[2017.09.05-16.19.25:618][208]LogSavePackage: Save=16.16ms
[2017.09.05-16.19.25:618][208]LogSavePackage: Moving '../../../../../../Users/croch/Documents/Unreal Projects/SwordVR/Saved/Sword_Body11_Auto18DB27A76420C6B517EC7EABAB23A89C9.tmp' to '../../../../../../Users/croch/Documents/Unreal Projects/SwordVR/Saved/Autosaves/Game/Assets/Meshes/Sword_Body11_Auto1.uasset'
[2017.09.05-16.19.25:619][208]LogSavePackage: Display: Finished SavePackage ../../../../../../Users/croch/Documents/Unreal Projects/SwordVR/Saved/Autosaves/Game/Assets/Meshes/Sword_Body11_Auto1.uasset
[2017.09.05-16.19.25:620][208]OBJ SavePackage: Generating thumbnails for [1] asset(s) in package [/Game/Assets/Meshes/Sword_Body12] ([1] browsable assets)...
[2017.09.05-16.19.25:633][208]OBJ SavePackage:     Rendered thumbnail for [StaticMesh /Game/Assets/Meshes/Sword_Body12.Sword_Body12]
[2017.09.05-16.19.25:634][208]OBJ SavePackage: Finished generating thumbnails for package [/Game/Assets/Meshes/Sword_Body12]
[2017.09.05-16.19.25:651][208]LogSavePackage: Save=15.87ms
[2017.09.05-16.19.25:651][208]LogSavePackage: Moving '../../../../../../Users/croch/Documents/Unreal Projects/SwordVR/Saved/Sword_Body12_Auto159D0703645E42242F235089C710A6256.tmp' to '../../../../../../Users/croch/Documents/Unreal Projects/SwordVR/Saved/Autosaves/Game/Assets/Meshes/Sword_Body12_Auto1.uasset'
[2017.09.05-16.19.25:654][208]LogSavePackage: Display: Finished SavePackage ../../../../../../Users/croch/Documents/Unreal Projects/SwordVR/Saved/Autosaves/Game/Assets/Meshes/Sword_Body12_Auto1.uasset
[2017.09.05-16.19.25:654][208]LogFileHelpers: Auto-saving content packages took 0.241
[2017.09.05-16.50.27:903][760]LogFactory: FactoryCreateFile: StaticMesh with FbxFactory (0 0 ../../../../../../Users/croch/Downloads/Sword.fbx)
[2017.09.05-16.50.27:915][760]LogFbx: ItemName: GlobalSettings, ItemCount : 1
[2017.09.05-16.50.27:915][760]LogFbx: ItemName: Material, ItemCount : 1
[2017.09.05-16.50.27:915][760]LogFbx: ItemName: Geometry, ItemCount : 5
[2017.09.05-16.50.27:915][760]LogFbx: ItemName: Model, ItemCount : 6
[2017.09.05-16.50.27:915][760]LogFbx: ItemName: NodeAttribute, ItemCount : 1
[2017.09.05-16.50.27:920][760]LogFbx: Loading FBX Scene from ../../../../../../Users/croch/Downloads/Sword.fbx
[2017.09.05-16.50.27:935][760]LogFbx: FBX Scene Loaded Succesfully
[2017.09.05-17.10.05:820][240]LogWindowsTextInputMethodSystem: Display: IME system now deactivated.
[2017.09.05-17.10.05:820][240]LogWindowsTextInputMethodSystem: Display: IME system now deactivated.
[2017.09.05-17.10.06:040][241]Cmd: QUIT_EDITOR
[2017.09.05-17.10.06:071][241]LogExit: Preparing to exit.
[2017.09.05-17.10.06:877][241]LogDirectoryWatcher: A directory notification for 'C:/Users/croch/Documents/Unreal Projects/SwordVR/Content/' was aborted.
[2017.09.05-17.10.06:909][241]LogExit: Editor shut down
[2017.09.05-17.10.06:916][241]LogExit: Transaction tracking system shut down
[2017.09.05-17.10.07:119][241]LogDirectoryWatcher: A directory notification for '../../../Engine/Content/' was aborted.
[2017.09.05-17.10.07:119][241]LogDirectoryWatcher: A directory notification for '../../../../../../Users/croch/Documents/Unreal Projects/SwordVR/Content/' was aborted.
[2017.09.05-17.10.07:119][241]LogDirectoryWatcher: A directory notification for '../../../Engine/Plugins/2D/Paper2D/Content/' was aborted.
[2017.09.05-17.10.07:119][241]LogDirectoryWatcher: A directory notification for '../../../Engine/Plugins/Runtime/Oculus/OculusVR/Content/' was aborted.
[2017.09.05-17.10.07:119][241]LogDirectoryWatcher: A directory notification for '../../../Engine/Plugins/Runtime/Steam/SteamVR/Content/' was aborted.
[2017.09.05-17.10.07:196][241]LogExit: Object subsystem successfully closed.
[2017.09.05-17.10.07:209][241]LogD3D11RHI: Shutdown
[2017.09.05-17.10.07:209][241]LogD3D11RHI: CleanupD3DDevice
[2017.09.05-17.10.07:274][241]LogD3D11RHI: ~FD3D11DynamicRHI
[2017.09.05-17.10.07:292][241]LogModuleManager: Shutting down and abandoning module BlueprintGraph (538)
[2017.09.05-17.10.07:292][241]LogModuleManager: Shutting down and abandoning module BlueprintProfiler (536)
[2017.09.05-17.10.07:293][241]LogModuleManager: Shutting down and abandoning module HierarchicalLODOutliner (534)
[2017.09.05-17.10.07:293][241]LogModuleManager: Shutting down and abandoning module SceneOutliner (532)
[2017.09.05-17.10.07:293][241]LogModuleManager: Shutting down and abandoning module AddContentDialog (530)
[2017.09.05-17.10.07:293][241]LogDirectoryWatcher: A directory notification for 'C:/Program Files/Epic Games/UE_4.17/FeaturePacks/' was aborted.
[2017.09.05-17.10.07:294][241]LogModuleManager: Shutting down and abandoning module WidgetCarousel (529)
[2017.09.05-17.10.07:294][241]LogModuleManager: Shutting down and abandoning module EditorWidgets (526)
[2017.09.05-17.10.07:294][241]LogModuleManager: Shutting down and abandoning module CollectionManager (524)
[2017.09.05-17.10.07:294][241]LogDirectoryWatcher: A directory notification for 'C:/Users/croch/Documents/Unreal Projects/SwordVR/Content/Collections/' was aborted.
[2017.09.05-17.10.07:294][241]LogDirectoryWatcher: A directory notification for 'C:/Users/croch/Documents/Unreal Projects/SwordVR/Content/Developers/croch/Collections/' was aborted.
[2017.09.05-17.10.07:294][241]LogDirectoryWatcher: A directory notification for 'C:/Users/croch/Documents/Unreal Projects/SwordVR/Saved/Collections/' was aborted.
[2017.09.05-17.10.07:294][241]LogModuleManager: Shutting down and abandoning module StatsViewer (522)
[2017.09.05-17.10.07:294][241]LogModuleManager: Shutting down and abandoning module FoliageEdit (520)
[2017.09.05-17.10.07:294][241]LogModuleManager: Shutting down and abandoning module LandscapeEditor (518)
[2017.09.05-17.10.07:294][241]LogModuleManager: Shutting down and abandoning module MeshPaintMode (516)
[2017.09.05-17.10.07:294][241]LogModuleManager: Shutting down and abandoning module SceneDepthPickerMode (514)
[2017.09.05-17.10.07:294][241]LogModuleManager: Shutting down and abandoning module ActorPickerMode (512)
[2017.09.05-17.10.07:294][241]LogModuleManager: Shutting down and abandoning module GeometryMode (510)
[2017.09.05-17.10.07:294][241]LogModuleManager: Shutting down and abandoning module TextureAlignMode (508)
[2017.09.05-17.10.07:294][241]LogModuleManager: Shutting down and abandoning module BspMode (506)
[2017.09.05-17.10.07:294][241]LogModuleManager: Shutting down and abandoning module PIEPreviewDeviceProfileSelector (504)
[2017.09.05-17.10.07:294][241]LogModuleManager: Shutting down and abandoning module HardwareSurvey (502)
[2017.09.05-17.10.07:294][241]LogModuleManager: Shutting down and abandoning module SequenceRecorderSections (500)
[2017.09.05-17.10.07:294][241]LogModuleManager: Shutting down and abandoning module AutomationWorker (498)
[2017.09.05-17.10.07:294][241]LogModuleManager: Shutting down and abandoning module MatineeToLevelSequence (496)
[2017.09.05-17.10.07:294][241]LogModuleManager: Shutting down and abandoning module LevelSequenceEditor (494)
[2017.09.05-17.10.07:295][241]LogModuleManager: Shutting down and abandoning module PlacementMode (493)
[2017.09.05-17.10.07:295][241]LogModuleManager: Shutting down and abandoning module WmfMediaFactory (490)
[2017.09.05-17.10.07:295][241]LogModuleManager: Shutting down and abandoning module WmfMediaEditor (488)
[2017.09.05-17.10.07:295][241]LogModuleManager: Shutting down and abandoning module AvfMediaFactory (486)
[2017.09.05-17.10.07:295][241]LogModuleManager: Shutting down and abandoning module AvfMediaEditor (484)
[2017.09.05-17.10.07:295][241]LogModuleManager: Shutting down and abandoning module AndroidMediaFactory (482)
[2017.09.05-17.10.07:295][241]LogModuleManager: Shutting down and abandoning module Media (481)
[2017.09.05-17.10.07:295][241]LogModuleManager: Shutting down and abandoning module AndroidMediaEditor (478)
[2017.09.05-17.10.07:295][241]LogModuleManager: Shutting down and abandoning module CharacterAI (476)
[2017.09.05-17.10.07:295][241]LogModuleManager: Shutting down and abandoning module AudioCapture (474)
[2017.09.05-17.10.07:295][241]LogModuleManager: Shutting down and abandoning module SequenceRecorder (473)
[2017.09.05-17.10.07:295][241]LogModuleManager: Shutting down and abandoning module SmartSnapping (470)
[2017.09.05-17.10.07:295][241]LogModuleManager: Shutting down and abandoning module SessionServices (468)
[2017.09.05-17.10.07:295][241]LogModuleManager: Shutting down and abandoning module ViewportSnapping (466)
[2017.09.05-17.10.07:295][241]LogModuleManager: Shutting down and abandoning module ViewportInteraction (464)
[2017.09.05-17.10.07:295][241]LogModuleManager: Shutting down and abandoning module ClothPainter (462)
[2017.09.05-17.10.07:295][241]LogModuleManager: Shutting down and abandoning module LogVisualizer (460)
[2017.09.05-17.10.07:295][241]LogModuleManager: Shutting down and abandoning module IntroTutorials (458)
[2017.09.05-17.10.07:295][241]LogModuleManager: Shutting down and abandoning module GameProjectGeneration (457)
[2017.09.05-17.10.07:295][241]LogModuleManager: Shutting down and abandoning module IOSPlatformEditor (454)
[2017.09.05-17.10.07:295][241]LogModuleManager: Shutting down and abandoning module HTML5PlatformEditor (452)
[2017.09.05-17.10.07:295][241]LogModuleManager: Shutting down and abandoning module AndroidPlatformEditor (450)
[2017.09.05-17.10.07:295][241]LogModuleManager: Shutting down and abandoning module AndroidDeviceDetection (449)
[2017.09.05-17.10.07:735][241]LogModuleManager: Shutting down and abandoning module WindowsPlatformEditor (446)
[2017.09.05-17.10.07:735][241]LogModuleManager: Shutting down and abandoning module IOSRuntimeSettings (444)
[2017.09.05-17.10.07:735][241]LogModuleManager: Shutting down and abandoning module AndroidRuntimeSettings (442)
[2017.09.05-17.10.07:735][241]LogModuleManager: Shutting down and abandoning module InputBindingEditor (440)
[2017.09.05-17.10.07:735][241]LogModuleManager: Shutting down and abandoning module MergeActors (438)
[2017.09.05-17.10.07:735][241]LogModuleManager: Shutting down and abandoning module SizeMap (436)
[2017.09.05-17.10.07:735][241]LogModuleManager: Shutting down and abandoning module TreeMap (434)
[2017.09.05-17.10.07:735][241]LogModuleManager: Shutting down and abandoning module ReferenceViewer (432)
[2017.09.05-17.10.07:735][241]LogModuleManager: Shutting down and abandoning module LocalizationDashboard (430)
[2017.09.05-17.10.07:735][241]LogModuleManager: Shutting down and abandoning module LocalizationService (429)
[2017.09.05-17.10.07:735][241]LogModuleManager: Shutting down and abandoning module HardwareTargeting (426)
[2017.09.05-17.10.07:735][241]LogModuleManager: Shutting down and abandoning module DeviceProfileEditor (424)
[2017.09.05-17.10.07:735][241]LogModuleManager: Shutting down and abandoning module UndoHistory (422)
[2017.09.05-17.10.07:735][241]LogModuleManager: Shutting down and abandoning module XmlParser (420)
[2017.09.05-17.10.07:735][241]LogModuleManager: Shutting down and abandoning module Blutility (418)
[2017.09.05-17.10.07:735][241]LogModuleManager: Shutting down and abandoning module ProjectSettingsViewer (416)
[2017.09.05-17.10.07:736][241]LogModuleManager: Shutting down and abandoning module ProjectTargetPlatformEditor (415)
[2017.09.05-17.10.07:736][241]LogModuleManager: Shutting down and abandoning module EditorSettingsViewer (412)
[2017.09.05-17.10.07:736][241]LogModuleManager: Shutting down and abandoning module SettingsEditor (410)
[2017.09.05-17.10.07:736][241]LogModuleManager: Shutting down and abandoning module ProjectLauncher (408)
[2017.09.05-17.10.07:736][241]LogModuleManager: Shutting down and abandoning module SessionFrontend (406)
[2017.09.05-17.10.07:736][241]LogModuleManager: Shutting down and abandoning module ProfilerClient (404)
[2017.09.05-17.10.07:736][241]LogModuleManager: Shutting down and abandoning module DeviceManager (402)
[2017.09.05-17.10.07:736][241]LogModuleManager: Shutting down and abandoning module TargetDeviceServices (401)
[2017.09.05-17.10.07:792][241]LogModuleManager: Shutting down and abandoning module AutomationController (398)
[2017.09.05-17.10.07:792][241]LogModuleManager: Shutting down and abandoning module AutomationWindow (396)
[2017.09.05-17.10.07:792][241]LogModuleManager: Shutting down and abandoning module Layers (394)
[2017.09.05-17.10.07:792][241]LogModuleManager: Shutting down and abandoning module ComponentVisualizers (392)
[2017.09.05-17.10.07:792][241]LogModuleManager: Shutting down and abandoning module DetailCustomizations (390)
[2017.09.05-17.10.07:792][241]LogModuleManager: Shutting down and abandoning module PackagesDialog (388)
[2017.09.05-17.10.07:792][241]LogModuleManager: Shutting down and abandoning module Persona (386)
[2017.09.05-17.10.07:792][241]LogModuleManager: Shutting down and abandoning module AdvancedPreviewScene (385)
[2017.09.05-17.10.07:792][241]LogModuleManager: Shutting down and abandoning module AnimGraph (383)
[2017.09.05-17.10.07:792][241]LogModuleManager: Shutting down and abandoning module Kismet (380)
[2017.09.05-17.10.07:798][241]LogModuleManager: Shutting down and abandoning module ClassViewer (378)
[2017.09.05-17.10.07:798][241]LogModuleManager: Shutting down and abandoning module Toolbox (376)
[2017.09.05-17.10.07:798][241]LogModuleManager: Shutting down and abandoning module ModuleUI (374)
[2017.09.05-17.10.07:798][241]LogModuleManager: Shutting down and abandoning module MovieSceneTools (372)
[2017.09.05-17.10.07:798][241]LogModuleManager: Shutting down and abandoning module OutputLog (370)
[2017.09.05-17.10.07:798][241]LogModuleManager: Shutting down and abandoning module GammaUI (368)
[2017.09.05-17.10.07:798][241]LogModuleManager: Shutting down and abandoning module Documentation (366)
[2017.09.05-17.10.07:798][241]LogModuleManager: Shutting down and abandoning module MovieSceneTracks (364)
[2017.09.05-17.10.07:798][241]LogModuleManager: Shutting down and abandoning module MovieScene (362)
[2017.09.05-17.10.07:798][241]LogModuleManager: Shutting down and abandoning module Niagara (360)
[2017.09.05-17.10.07:798][241]LogModuleManager: Shutting down and abandoning module NiagaraEditor (359)
[2017.09.05-17.10.07:798][241]LogModuleManager: Shutting down and abandoning module StreamingPauseRendering (356)
[2017.09.05-17.10.07:798][241]LogModuleManager: Shutting down and abandoning module LauncherPlatform (354)
[2017.09.05-17.10.07:798][241]LogModuleManager: Shutting down and abandoning module AnalyticsET (352)
[2017.09.05-17.10.07:798][241]LogModuleManager: Shutting down and abandoning module PortalServices (350)
[2017.09.05-17.10.07:798][241]LogModuleManager: Shutting down and abandoning module PortalRpc (348)
[2017.09.05-17.10.07:798][241]LogModuleManager: Shutting down and abandoning module MessagingRpc (346)
[2017.09.05-17.10.07:798][241]LogModuleManager: Shutting down and abandoning module AIModule (344)
[2017.09.05-17.10.07:798][241]LogModuleManager: Shutting down and abandoning module GameplayDebugger (343)
[2017.09.05-17.10.07:799][241]LogModuleManager: Shutting down and abandoning module AITestSuite (341)
[2017.09.05-17.10.07:799][241]LogModuleManager: Shutting down and abandoning module ProfilerService (338)
[2017.09.05-17.10.08:031][241]LogModuleManager: Shutting down and abandoning module TaskGraph (336)
[2017.09.05-17.10.08:031][241]LogModuleManager: Shutting down and abandoning module SteamVRController (334)
[2017.09.05-17.10.08:031][241]LogModuleManager: Shutting down and abandoning module SoundVisualizations (332)
[2017.09.05-17.10.08:031][241]LogModuleManager: Shutting down and abandoning module ProceduralMeshComponentEditor (330)
[2017.09.05-17.10.08:031][241]LogModuleManager: Shutting down and abandoning module ProceduralMeshComponent (328)
[2017.09.05-17.10.08:031][241]LogModuleManager: Shutting down and abandoning module OculusInput (326)
[2017.09.05-17.10.08:031][241]LogModuleManager: Shutting down and abandoning module MobilePatchingUtils (324)
[2017.09.05-17.10.08:031][241]LogModuleManager: Shutting down and abandoning module CustomMeshComponent (322)
[2017.09.05-17.10.08:031][241]LogModuleManager: Shutting down and abandoning module CableComponent (320)
[2017.09.05-17.10.08:031][241]LogModuleManager: Shutting down and abandoning module ArchVisCharacter (318)
[2017.09.05-17.10.08:031][241]LogModuleManager: Shutting down and abandoning module AndroidPermission (316)
[2017.09.05-17.10.08:031][241]LogModuleManager: Shutting down and abandoning module MediaPlayerEditor (312)
[2017.09.05-17.10.08:031][241]LogModuleManager: Shutting down and abandoning module RunebergVRPlugin (310)
[2017.09.05-17.10.08:031][241]LogModuleManager: Shutting down and abandoning module HTML5Networking (308)
[2017.09.05-17.10.08:032][241]LogModuleManager: Shutting down and abandoning module AlembicImporter (306)
[2017.09.05-17.10.08:032][241]LogModuleManager: Shutting down and abandoning module AlembicLibrary (305)
[2017.09.05-17.10.08:032][241]LogModuleManager: Shutting down and abandoning module GeometryCache (304)
[2017.09.05-17.10.08:032][241]LogModuleManager: Shutting down and abandoning module GeometryCacheEd (303)
[2017.09.05-17.10.08:032][241]LogModuleManager: Shutting down and abandoning module SpeedTreeImporter (298)
[2017.09.05-17.10.08:032][241]LogModuleManager: Shutting down and abandoning module PluginBrowser (296)
[2017.09.05-17.10.08:032][241]LogModuleManager: Shutting down and abandoning module MobileLauncherProfileWizard (294)
[2017.09.05-17.10.08:032][241]LogModuleManager: Shutting down and abandoning module VisualStudioSourceCodeAccess (292)
[2017.09.05-17.10.08:032][241]LogModuleManager: Shutting down and abandoning module DesktopPlatform (291)
[2017.09.05-17.10.08:032][241]LogModuleManager: Shutting down and abandoning module UObjectPlugin (288)
[2017.09.05-17.10.08:032][241]LogModuleManager: Shutting down and abandoning module SubversionSourceControl (286)
[2017.09.05-17.10.08:032][241]LogModuleManager: Shutting down and abandoning module PerforceSourceControl (284)
[2017.09.05-17.10.08:032][241]LogModuleManager: Shutting down and abandoning module GitSourceControl (282)
[2017.09.05-17.10.08:032][241]LogModuleManager: Shutting down and abandoning module SourceControl (281)
[2017.09.05-17.10.08:032][241]LogModuleManager: Shutting down and abandoning module LightPropagationVolumeEditor (278)
[2017.09.05-17.10.08:032][241]LogModuleManager: Shutting down and abandoning module PaperTiledImporter (276)
[2017.09.05-17.10.08:032][241]LogModuleManager: Shutting down and abandoning module PaperSpriteSheetImporter (274)
[2017.09.05-17.10.08:032][241]LogModuleManager: Shutting down and abandoning module Paper2DEditor (272)
[2017.09.05-17.10.08:032][241]LogModuleManager: Shutting down and abandoning module MeshPaint (271)
[2017.09.05-17.10.08:032][241]LogModuleManager: Shutting down and abandoning module LevelEditor (269)
[2017.09.05-17.10.08:033][241]LogModuleManager: Shutting down and abandoning module PixelInspectorModule (268)
[2017.09.05-17.10.08:033][241]LogModuleManager: Shutting down and abandoning module MainFrame (266)
[2017.09.05-17.10.08:033][241]LogModuleManager: Shutting down and abandoning module HotReload (265)
[2017.09.05-17.10.08:033][241]LogDirectoryWatcher: A directory notification for 'C:/Users/croch/Documents/Unreal Projects/SwordVR/Plugins/Marketplace/RunebergVRPlugin-master/Plugins/RunebergVRPlugin/Binaries/Win64' was aborted.
[2017.09.05-17.10.08:033][241]LogModuleManager: Shutting down and abandoning module RuntimePhysXCooking (260)
[2017.09.05-17.10.08:033][241]LogModuleManager: Shutting down and abandoning module PhysXVehiclesEditor (258)
[2017.09.05-17.10.08:033][241]LogModuleManager: Shutting down and abandoning module PhysXVehicles (256)
[2017.09.05-17.10.08:033][241]LogModuleManager: Shutting down and abandoning module OculusEditor (254)
[2017.09.05-17.10.08:033][241]LogModuleManager: Shutting down and abandoning module LocationServicesBPLibrary (252)
[2017.09.05-17.10.08:033][241]LogModuleManager: Shutting down and abandoning module ImmediatePhysicsEditor (250)
[2017.09.05-17.10.08:033][241]LogModuleManager: Shutting down and abandoning module ImmediatePhysics (248)
[2017.09.05-17.10.08:033][241]LogModuleManager: Shutting down and abandoning module UdpMessaging (246)
[2017.09.05-17.10.08:134][241]LogModuleManager: Shutting down and abandoning module TcpMessaging (244)
[2017.09.05-17.10.08:234][241]LogModuleManager: Shutting down and abandoning module GameplayTagsEditor (242)
[2017.09.05-17.10.08:234][241]LogModuleManager: Shutting down and abandoning module FacialAnimationEditor (240)
[2017.09.05-17.10.08:234][241]LogModuleManager: Shutting down and abandoning module FacialAnimation (238)
[2017.09.05-17.10.08:234][241]LogModuleManager: Shutting down and abandoning module AssetManagerEditor (236)
[2017.09.05-17.10.08:234][241]LogModuleManager: Shutting down and abandoning module GraphEditor (235)
[2017.09.05-17.10.08:234][241]LogModuleManager: Shutting down and abandoning module ContentBrowser (233)
[2017.09.05-17.10.08:235][241]LogModuleManager: Shutting down and abandoning module LightPropagationVolumeRuntime (230)
[2017.09.05-17.10.08:235][241]LogModuleManager: Shutting down and abandoning module Paper2D (228)
[2017.09.05-17.10.08:235][241]LogModuleManager: Shutting down and abandoning module WindowsMoviePlayer (226)
[2017.09.05-17.10.08:235][241]LogModuleManager: Shutting down and abandoning module WmfMedia (224)
[2017.09.05-17.10.08:237][241]LogModuleManager: Shutting down and abandoning module PacketHandler (222)
[2017.09.05-17.10.08:237][241]LogModuleManager: Shutting down and abandoning module ClothingSystemEditor (220)
[2017.09.05-17.10.08:237][241]LogModuleManager: Shutting down and abandoning module ClothingSystemRuntime (218)
[2017.09.05-17.10.08:237][241]LogModuleManager: Shutting down and abandoning module Overlay (216)
[2017.09.05-17.10.08:237][241]LogModuleManager: Shutting down and abandoning module OverlayEditor (215)
[2017.09.05-17.10.08:237][241]LogModuleManager: Shutting down and abandoning module MediaAssets (212)
[2017.09.05-17.10.08:238][241]LogModuleManager: Shutting down and abandoning module VREditor (210)
[2017.09.05-17.10.08:238][241]LogModuleManager: Shutting down and abandoning module StringTableEditor (208)
[2017.09.05-17.10.08:238][241]LogModuleManager: Shutting down and abandoning module GameplayTasksEditor (206)
[2017.09.05-17.10.08:238][241]LogModuleManager: Shutting down and abandoning module BehaviorTreeEditor (204)
[2017.09.05-17.10.08:238][241]LogModuleManager: Shutting down and abandoning module FunctionalTesting (202)
[2017.09.05-17.10.08:238][241]LogModuleManager: Shutting down and abandoning module CollisionAnalyzer (200)
[2017.09.05-17.10.08:238][241]LogModuleManager: Shutting down and abandoning module WorkspaceMenuStructure (199)
[2017.09.05-17.10.08:238][241]LogModuleManager: Shutting down and abandoning module UMG (196)
[2017.09.05-17.10.08:238][241]LogModuleManager: Shutting down and abandoning module UMGEditor (195)
[2017.09.05-17.10.08:238][241]LogModuleManager: Shutting down and abandoning module Sequencer (194)
[2017.09.05-17.10.08:238][241]LogModuleManager: Shutting down and abandoning module MessageLog (191)
[2017.09.05-17.10.08:238][241]LogModuleManager: Shutting down and abandoning module SlateReflector (186)
[2017.09.05-17.10.08:238][241]LogModuleManager: Shutting down and abandoning module Slate (184)
[2017.09.05-17.10.08:238][241]LogModuleManager: Shutting down and abandoning module EditorStyle (182)
[2017.09.05-17.10.08:240][241]LogModuleManager: Shutting down and abandoning module MRMesh (180)
[2017.09.05-17.10.08:240][241]LogModuleManager: Shutting down and abandoning module SourceCodeAccess (178)
[2017.09.05-17.10.08:240][241]LogModuleManager: Shutting down and abandoning module HeadMountedDisplay (176)
[2017.09.05-17.10.08:240][241]LogModuleManager: Shutting down and abandoning module XAudio2 (174)
[2017.09.05-17.10.08:240][241]LogModuleManager: Shutting down and abandoning module Networking (172)
[2017.09.05-17.10.08:240][241]LogModuleManager: Shutting down and abandoning module Core (168)
[2017.09.05-17.10.08:240][241]LogModuleManager: Shutting down and abandoning module KismetCompiler (164)
[2017.09.05-17.10.08:240][241]LogModuleManager: Shutting down and abandoning module LevelSequence (162)
[2017.09.05-17.10.08:240][241]LogModuleManager: Shutting down and abandoning module MeshUtilities (160)
[2017.09.05-17.10.08:240][241]LogModuleManager: Shutting down and abandoning module MeshMergeUtilities (159)
[2017.09.05-17.10.08:240][241]LogModuleManager: Shutting down and abandoning module MeshReductionInterface (158)
[2017.09.05-17.10.08:240][241]LogModuleManager: Shutting down and abandoning module SimplygonSwarm (157)
[2017.09.05-17.10.08:240][241]LogModuleManager: Shutting down and abandoning module SimplygonMeshReduction (155)
[2017.09.05-17.10.08:240][241]LogModuleManager: Shutting down and abandoning module QuadricMeshReduction (153)
[2017.09.05-17.10.08:240][241]LogModuleManager: Shutting down and abandoning module MaterialBaking (149)
[2017.09.05-17.10.08:240][241]LogModuleManager: Shutting down and abandoning module DirectoryWatcher (146)
[2017.09.05-17.10.08:242][241]LogModuleManager: Shutting down and abandoning module DerivedDataCache (144)
[2017.09.05-17.10.08:319][241]LogDerivedDataCache: Shutdown
[2017.09.05-17.10.08:319][241]LogModuleManager: Shutting down and abandoning module TargetPlatform (142)
[2017.09.05-17.10.08:319][241]LogModuleManager: Shutting down and abandoning module VulkanShaderFormat (141)
[2017.09.05-17.10.08:319][241]LogModuleManager: Shutting down and abandoning module ShaderFormatVectorVM (139)
[2017.09.05-17.10.08:319][241]LogModuleManager: Shutting down and abandoning module ShaderFormatOpenGL (137)
[2017.09.05-17.10.08:319][241]LogModuleManager: Shutting down and abandoning module ShaderFormatD3D (135)
[2017.09.05-17.10.08:319][241]LogModuleManager: Shutting down and abandoning module MetalShaderFormat (133)
[2017.09.05-17.10.08:319][241]LogModuleManager: Shutting down and abandoning module TextureFormatUncompressed (131)
[2017.09.05-17.10.08:319][241]LogModuleManager: Shutting down and abandoning module TextureFormatPVR (129)
[2017.09.05-17.10.08:319][241]LogModuleManager: Shutting down and abandoning module TextureFormatDXT (127)
[2017.09.05-17.10.08:319][241]LogModuleManager: Shutting down and abandoning module TextureFormatIntelISPCTexComp (125)
[2017.09.05-17.10.08:319][241]LogModuleManager: Shutting down and abandoning module TextureFormatASTC (123)
[2017.09.05-17.10.08:319][241]LogModuleManager: Shutting down and abandoning module ImageWrapper (122)
[2017.09.05-17.10.08:319][241]LogModuleManager: Shutting down and abandoning module TextureFormatAndroid (119)
[2017.09.05-17.10.08:319][241]LogModuleManager: Shutting down and abandoning module AudioFormatOpus (117)
[2017.09.05-17.10.08:319][241]LogModuleManager: Shutting down and abandoning module AudioFormatOgg (115)
[2017.09.05-17.10.08:319][241]LogModuleManager: Shutting down and abandoning module AudioFormatADPCM (113)
[2017.09.05-17.10.08:319][241]LogModuleManager: Shutting down and abandoning module LinuxTargetPlatform (111)
[2017.09.05-17.10.08:319][241]LogModuleManager: Shutting down and abandoning module LinuxServerTargetPlatform (109)
[2017.09.05-17.10.08:319][241]LogModuleManager: Shutting down and abandoning module LinuxNoEditorTargetPlatform (107)
[2017.09.05-17.10.08:319][241]LogModuleManager: Shutting down and abandoning module LinuxClientTargetPlatform (105)
[2017.09.05-17.10.08:319][241]LogModuleManager: Shutting down and abandoning module TVOSTargetPlatform (103)
[2017.09.05-17.10.08:319][241]LogModuleManager: Shutting down and abandoning module Messaging (101)
[2017.09.05-17.10.08:320][241]LogModuleManager: Shutting down and abandoning module IOSTargetPlatform (99)
[2017.09.05-17.10.08:320][241]LogModuleManager: Shutting down and abandoning module HTML5TargetPlatform (97)
[2017.09.05-17.10.08:320][241]LogModuleManager: Shutting down and abandoning module Android_PVRTCTargetPlatform (95)
[2017.09.05-17.10.08:320][241]LogModuleManager: Shutting down and abandoning module Android_MultiTargetPlatform (93)
[2017.09.05-17.10.08:320][241]LogModuleManager: Shutting down and abandoning module Android_ETC2TargetPlatform (91)
[2017.09.05-17.10.08:320][241]LogModuleManager: Shutting down and abandoning module Android_ETC1TargetPlatform (89)
[2017.09.05-17.10.08:320][241]LogModuleManager: Shutting down and abandoning module Android_DXTTargetPlatform (87)
[2017.09.05-17.10.08:320][241]LogModuleManager: Shutting down and abandoning module Android_ATCTargetPlatform (85)
[2017.09.05-17.10.08:320][241]LogModuleManager: Shutting down and abandoning module Android_ASTCTargetPlatform (83)
[2017.09.05-17.10.08:320][241]LogModuleManager: Shutting down and abandoning module AndroidTargetPlatform (81)
[2017.09.05-17.10.08:320][241]LogModuleManager: Shutting down and abandoning module WindowsTargetPlatform (79)
[2017.09.05-17.10.08:320][241]LogModuleManager: Shutting down and abandoning module WindowsServerTargetPlatform (77)
[2017.09.05-17.10.08:320][241]LogModuleManager: Shutting down and abandoning module WindowsNoEditorTargetPlatform (75)
[2017.09.05-17.10.08:320][241]LogModuleManager: Shutting down and abandoning module WindowsClientTargetPlatform (73)
[2017.09.05-17.10.08:320][241]LogModuleManager: Shutting down and abandoning module MacTargetPlatform (71)
[2017.09.05-17.10.08:320][241]LogModuleManager: Shutting down and abandoning module MacServerTargetPlatform (69)
[2017.09.05-17.10.08:320][241]LogModuleManager: Shutting down and abandoning module MacNoEditorTargetPlatform (67)
[2017.09.05-17.10.08:320][241]LogModuleManager: Shutting down and abandoning module MacClientTargetPlatform (65)
[2017.09.05-17.10.08:320][241]LogModuleManager: Shutting down and abandoning module AllDesktopTargetPlatform (63)
[2017.09.05-17.10.08:320][241]LogModuleManager: Shutting down and abandoning module InputCore (60)
[2017.09.05-17.10.08:320][241]LogModuleManager: Shutting down and abandoning module Settings (58)
[2017.09.05-17.10.08:320][241]LogModuleManager: Shutting down and abandoning module PhysXCooking (56)
[2017.09.05-17.10.08:320][241]LogModuleManager: Shutting down and abandoning module SteamVR (54)
[2017.09.05-17.10.08:320][241]LogModuleManager: Shutting down and abandoning module OculusHMD (52)
[2017.09.05-17.10.08:320][241]LogModuleManager: Shutting down and abandoning module ExampleDeviceProfileSelector (50)
[2017.09.05-17.10.08:320][241]LogModuleManager: Shutting down and abandoning module OnlineBlueprintSupport (48)
[2017.09.05-17.10.08:320][241]LogModuleManager: Shutting down and abandoning module OnlineSubsystem (44)
[2017.09.05-17.10.08:320][241]LogOnline: Display: Unloading online subsystem: NULL
[2017.09.05-17.10.08:320][241]LogModuleManager: Shutting down and abandoning module XMPP (43)
[2017.09.05-17.10.08:320][241]LogModuleManager: Shutting down and abandoning module HTTP (41)
[2017.09.05-17.10.08:320][241]LogHttp: Display: Http module shutting down, but needs to wait on 1 outstanding Http requests:
[2017.09.05-17.10.08:320][241]LogHttp: Display: 	verb=[POST] url=[https://datarouter.ol.epicgames.com/datarouter/api/v1/public/data?SessionID=%7B9978D929-4938-14C3-41EB-D2BDBDAF2F15%7D&AppID=UEEditor.Rocket.Release&AppVersion=4.17.1-3586342%2B%2B%2BUE4%2BRelease-4.17&UserID=c19455da4e9942465a9434b53fdba419%7Cd8e1cdd51d1c479f8a85754926729c65%7C107367ae-b7ca-4457-9e4d-cb26e87773d6&AppEnvironment=datacollector-binary&UploadType=eteventstream] status=Processing
[2017.09.05-17.10.08:345][241]LogModuleManager: Shutting down and abandoning module SSL (40)
[2017.09.05-17.10.08:346][241]LogModuleManager: Shutting down and abandoning module AnimationModifiers (36)
[2017.09.05-17.10.08:346][241]LogModuleManager: Shutting down and abandoning module PropertyEditor (35)
[2017.09.05-17.10.08:346][241]LogModuleManager: Shutting down and abandoning module AudioEditor (32)
[2017.09.05-17.10.08:346][241]LogModuleManager: Shutting down and abandoning module TextureCompressor (30)
[2017.09.05-17.10.08:346][241]LogModuleManager: Shutting down and abandoning module ShaderCore (28)
[2017.09.05-17.10.08:346][241]LogModuleManager: Shutting down and abandoning module Landscape (26)
[2017.09.05-17.10.08:347][241]LogModuleManager: Shutting down and abandoning module SlateRHIRenderer (24)
[2017.09.05-17.10.08:348][241]LogModuleManager: Shutting down and abandoning module OpenGLDrv (22)
[2017.09.05-17.10.08:348][241]LogModuleManager: Shutting down and abandoning module D3D11RHI (20)
[2017.09.05-17.10.08:348][241]LogModuleManager: Shutting down and abandoning module AnimGraphRuntime (18)
[2017.09.05-17.10.08:348][241]LogModuleManager: Shutting down and abandoning module Renderer (16)
[2017.09.05-17.10.08:348][241]LogModuleManager: Shutting down and abandoning module Engine (14)
[2017.09.05-17.10.08:348][241]LogModuleManager: Shutting down and abandoning module CoreUObject (12)
[2017.09.05-17.10.08:348][241]LogModuleManager: Shutting down and abandoning module NetworkFile (10)
[2017.09.05-17.10.08:348][241]LogModuleManager: Shutting down and abandoning module CookedIterativeFile (8)
[2017.09.05-17.10.08:348][241]LogModuleManager: Shutting down and abandoning module StreamingFile (6)
[2017.09.05-17.10.08:348][241]LogModuleManager: Shutting down and abandoning module SandboxFile (4)
[2017.09.05-17.10.08:348][241]LogModuleManager: Shutting down and abandoning module PakFile (2)
[2017.09.05-17.10.08:351][241]LogExit: Exiting.
[2017.09.05-17.10.08:364][241]Log file closed, 09/05/17 13:10:08
