Log file open, 09/04/17 19:49:48
LogWindows: LoadLibraryWithSearchPaths failed for file aqProf.dll. GetLastError=0
LogWindows: LoadLibraryWithSearchPaths failed for file VSPerf140.dll. GetLastError=0
LogWindows: LoadLibraryWithSearchPaths failed for file VtuneApi.dll. GetLastError=0
LogWindows: LoadLibraryWithSearchPaths failed for file VtuneApi32e.dll. GetLastError=0
LogInit: Display: Running engine for game: SwordVR
LogPlatformFile: Not using cached read wrapper
LogInit: Display: RandInit(426753253) SRandInit(426753253).
LogTaskGraph: Started task graph with 5 named threads and 14 total threads with 3 sets of task threads.
LogStats: Stats thread started at 0.162059
LogD3D11RHI: Aftermath initialized
LogPluginManager: Mounting plugin Paper2D
LogPluginManager: Mounting plugin LightPropagationVolume
LogPluginManager: Mounting plugin CodeLiteSourceCodeAccess
LogPluginManager: Mounting plugin GitSourceControl
LogPluginManager: Mounting plugin KDevelopSourceCodeAccess
LogPluginManager: Mounting plugin NullSourceCodeAccess
LogPluginManager: Mounting plugin PerforceSourceControl
LogPluginManager: Mounting plugin SubversionSourceControl
LogPluginManager: Mounting plugin UObjectPlugin
LogPluginManager: Mounting plugin VisualStudioSourceCodeAccess
LogPluginManager: Mounting plugin XCodeSourceCodeAccess
LogPluginManager: Mounting plugin AssetManagerEditor
LogPluginManager: Mounting plugin AudioCapture
LogPluginManager: Mounting plugin FacialAnimation
LogPluginManager: Mounting plugin GameplayTagsEditor
LogPluginManager: Mounting plugin MobileLauncherProfileWizard
LogPluginManager: Mounting plugin PluginBrowser
LogPluginManager: Mounting plugin SpeedTreeImporter
LogPluginManager: Mounting plugin AlembicImporter
LogPluginManager: Mounting plugin CharacterAI
LogPluginManager: Mounting plugin HTML5Networking
LogPluginManager: Mounting plugin RunebergVRPlugin
LogPluginManager: Mounting plugin AndroidMedia
LogPluginManager: Mounting plugin AvfMedia
LogPluginManager: Mounting plugin MediaPlayerEditor
LogPluginManager: Mounting plugin WmfMedia
LogPluginManager: Mounting plugin TcpMessaging
LogPluginManager: Mounting plugin UdpMessaging
LogPluginManager: Mounting plugin LevelSequenceEditor
LogPluginManager: Mounting plugin MatineeToLevelSequence
LogPluginManager: Mounting plugin OnlineSubsystemGooglePlay
LogPluginManager: Mounting plugin OnlineSubsystemIOS
LogPluginManager: Mounting plugin OnlineSubsystem
LogPluginManager: Mounting plugin OnlineSubsystemNull
LogPluginManager: Mounting plugin OnlineSubsystemUtils
LogPluginManager: Mounting plugin AndroidDeviceProfileSelector
LogPluginManager: Mounting plugin AndroidMoviePlayer
LogPluginManager: Mounting plugin AndroidPermission
LogPluginManager: Mounting plugin AppleMoviePlayer
LogPluginManager: Mounting plugin ArchVisCharacter
LogPluginManager: Mounting plugin CableComponent
LogPluginManager: Mounting plugin CustomMeshComponent
LogPluginManager: Mounting plugin ExampleDeviceProfileSelector
LogPluginManager: Mounting plugin GoogleCloudMessaging
LogPluginManager: Mounting plugin ImmediatePhysics
LogPluginManager: Mounting plugin IOSDeviceProfileSelector
LogPluginManager: Mounting plugin LinuxDeviceProfileSelector
LogPluginManager: Mounting plugin LocationServicesBPLibrary
LogPluginManager: Mounting plugin MobilePatchingUtils
LogPluginManager: Mounting plugin OculusVR
LogPluginManager: Mounting plugin PhysXVehicles
LogPluginManager: Mounting plugin ProceduralMeshComponent
LogPluginManager: Mounting plugin RuntimePhysXCooking
LogPluginManager: Mounting plugin SoundVisualizations
LogPluginManager: Mounting plugin SteamVR
LogPluginManager: Mounting plugin WindowsMoviePlayer
LogInit: Using libcurl 7.47.1
LogInit:  - built for x86_64-pc-win32
LogInit:  - supports SSL with OpenSSL/1.0.2g
LogInit:  - supports HTTP deflate (compression) using libz 1.2.8
LogInit:  - other features:
LogInit:      CURL_VERSION_SSL
LogInit:      CURL_VERSION_LIBZ
LogInit:      CURL_VERSION_IPV6
LogInit:      CURL_VERSION_ASYNCHDNS
LogInit:      CURL_VERSION_LARGEFILE
LogInit:      CURL_VERSION_IDN
LogInit:  CurlRequestOptions (configurable via config and command line):
LogInit:  - bVerifyPeer = false  - Libcurl will NOT verify peer certificate
LogInit:  - bUseHttpProxy = false  - Libcurl will NOT use HTTP proxy
LogInit:  - bDontReuseConnections = false  - Libcurl will reuse connections
LogInit:  - CertBundlePath = nullptr  - Libcurl will use whatever was configured at build time.
LogInit: Build: ++UE4+Release-4.17-CL-3586342
LogInit: Engine Version: 4.17.1-3586342+++UE4+Release-4.17
LogInit: Compatible Engine Version: 4.17.0-3573198+++UE4+Release-4.17
LogInit: Net CL: 3573198
LogDevObjectVersion: Number of dev versions registered: 16
LogDevObjectVersion:   Dev-Blueprints (B0D832E4-1F89-4F0D-ACCF-7EB736FD4AA2): 10
LogDevObjectVersion:   Dev-Build (E1C64328-A22C-4D53-A36C-8E866417BD8C): 0
LogDevObjectVersion:   Dev-Core (375EC13C-06E4-48FB-B500-84F0262A717E): 2
LogDevObjectVersion:   Dev-Editor (E4B068ED-F494-42E9-A231-DA0B2E46BB41): 20
LogDevObjectVersion:   Dev-Framework (CFFC743F-43B0-4480-9391-14DF171D2073): 28
LogDevObjectVersion:   Dev-Mobile (B02B49B5-BB20-44E9-A304-32B752E40360): 0
LogDevObjectVersion:   Dev-Networking (A4E4105C-59A1-49B5-A7C5-40C4547EDFEE): 0
LogDevObjectVersion:   Dev-Online (39C831C9-5AE6-47DC-9A44-9C173E1C8E7C): 0
LogDevObjectVersion:   Dev-Physics (78F01B33-EBEA-4F98-B9B4-84EACCB95AA2): 0
LogDevObjectVersion:   Dev-Platform (6631380F-2D4D-43E0-8009-CF276956A95A): 0
LogDevObjectVersion:   Dev-Rendering (12F88B9F-8875-4AFC-A67C-D90C383ABD29): 19
LogDevObjectVersion:   Dev-Sequencer (7B5AE74C-D270-4C10-A958-57980B212A5A): 4
LogDevObjectVersion:   Dev-VR (D7296918-1DD6-4BDD-9DE2-64A83CC13884): 0
LogDevObjectVersion:   Dev-LoadTimes (C2A15278-BFE7-4AFE-6C17-90FF531DF755): 1
LogDevObjectVersion:   Private-Geometry (6EACA3D4-40EC-4CC1-B786-8BED09428FC5): 1
LogDevObjectVersion:   Dev-AnimPhys (29E575DD-E0A3-4627-9D10-D276232CDCEA): 7
LogInit: Compiled (64-bit): Aug 15 2017 02:05:26
LogInit: Compiled with Visual C++: 19.00.24215.01
LogInit: Build Configuration: Development
LogInit: Branch Name: ++UE4+Release-4.17
LogInit: Command line: -EpicPortal 
LogInit: Base directory: C:/Program Files/Epic Games/UE_4.17/Engine/Binaries/Win64/
LogInit: Installed Engine Build: 1
LogInit: Presizing for max 8388607 objects, including 0 objects not considered by GC, pre-allocating 0 bytes for permanent pool.
LogInit: Object subsystem initialized
[2017.09.04-23.49.49:402][  0]LogInit: Selected Device Profile: [Windows]
[2017.09.04-23.49.49:402][  0]LogInit: Applying CVar settings loaded from the selected device profile: [Windows]
[2017.09.04-23.49.49:419][  0]LogInit: Computer: DESKTOP-SIJTC7B
[2017.09.04-23.49.49:419][  0]LogInit: User: croch
[2017.09.04-23.49.49:419][  0]LogInit: CPU Page size=4096, Cores=4
[2017.09.04-23.49.49:419][  0]LogInit: High frequency timer resolution =2.533207 MHz
[2017.09.04-23.49.49:419][  0]LogMemory: Memory total: Physical=15.9GB (16GB approx)
[2017.09.04-23.49.49:419][  0]LogMemory: Platform Memory Stats for Windows
[2017.09.04-23.49.49:419][  0]LogMemory: Process Physical Memory: 279.23 MB used, 279.23 MB peak
[2017.09.04-23.49.49:419][  0]LogMemory: Process Virtual Memory: 282.29 MB used, 282.29 MB peak
[2017.09.04-23.49.49:419][  0]LogMemory: Physical Memory: 5860.88 MB used,  10446.15 MB free, 16307.03 MB total
[2017.09.04-23.49.49:419][  0]LogMemory: Virtual Memory: 715.16 MB used,  10446.15 MB free, 134217728.00 MB total
[2017.09.04-23.49.49:605][  0]LogInit: Using OS detected language (en-US).
[2017.09.04-23.49.49:605][  0]LogInit: Using OS detected locale (en-US).
[2017.09.04-23.49.49:608][  0]LogTextLocalizationManager: No specific localization for 'en-US' exists, so the 'en' localization will be used.
[2017.09.04-23.49.50:241][  0]LogD3D11RHI: D3D11 adapters:
[2017.09.04-23.49.50:822][  0]LogD3D11RHI:    0. 'NVIDIA GeForce GTX 970M' (Feature Level 11_0)
[2017.09.04-23.49.50:822][  0]LogD3D11RHI:       3040/0/8153 MB DedicatedVideo/DedicatedSystem/SharedSystem, Outputs:1, VendorId:0x10de
[2017.09.04-23.49.50:827][  0]LogD3D11RHI:    1. 'Intel(R) HD Graphics 4600' (Feature Level 11_0)
[2017.09.04-23.49.50:827][  0]LogD3D11RHI:       112/0/2048 MB DedicatedVideo/DedicatedSystem/SharedSystem, Outputs:0, VendorId:0x8086
[2017.09.04-23.49.50:829][  0]LogD3D11RHI:    2. 'Microsoft Basic Render Driver' (Feature Level 11_0)
[2017.09.04-23.49.50:829][  0]LogD3D11RHI:       0/0/8153 MB DedicatedVideo/DedicatedSystem/SharedSystem, Outputs:0, VendorId:0x1414
[2017.09.04-23.49.50:829][  0]LogD3D11RHI: Chosen D3D11 Adapter: 0
[2017.09.04-23.49.50:835][  0]LogD3D11RHI: Creating new Direct3DDevice
[2017.09.04-23.49.50:835][  0]LogD3D11RHI:     GPU DeviceId: 0x13d8 (for the marketing name, search the web for "GPU Device Id")
[2017.09.04-23.49.50:835][  0]LogWindows: EnumDisplayDevices:
[2017.09.04-23.49.50:835][  0]LogWindows:    0. 'Intel(R) HD Graphics 4600' (P:1 D:1)
[2017.09.04-23.49.50:835][  0]LogWindows:    1. 'Intel(R) HD Graphics 4600' (P:0 D:0)
[2017.09.04-23.49.50:835][  0]LogWindows:    2. 'Intel(R) HD Graphics 4600' (P:0 D:0)
[2017.09.04-23.49.50:835][  0]LogWindows: DebugString: GetVideoDriverDetailsInvalid PrimaryIsNotTheChoosenAdapter GetVideoDriverDetailsInvalid PrimaryIsNotTheChoosenAdapter GetVideoDriverDetailsInvalid PrimaryIsNotTheChoosenAdapter FoundDriverCount:0 
[2017.09.04-23.49.50:835][  0]LogD3D11RHI:     Adapter Name: NVIDIA GeForce GTX 970M
[2017.09.04-23.49.50:835][  0]LogD3D11RHI:   Driver Version: Unknown (internal:Unknown, unified:Unknown)
[2017.09.04-23.49.50:835][  0]LogD3D11RHI:      Driver Date: Unknown
[2017.09.04-23.49.50:835][  0]LogRHI: Texture pool is 1361 MB (70% of 1945 MB)
[2017.09.04-23.49.51:383][  0]LogD3D11RHI: Async texture creation enabled
[2017.09.04-23.49.51:429][  0]LogD3D11RHI: GPU Timing Frequency: 1000.000000 (Debug: 2 1)
[2017.09.04-23.49.51:430][  0]LogShaderCompilers: Guid format shader working directory is -18 characters bigger than the processId version (../../../../../../Users/croch/Documents/Unreal Projects/SwordVR/Intermediate/Shaders/WorkingDirectory/11936/).
[2017.09.04-23.49.51:430][  0]LogShaderCompilers: Cleaned the shader compiler working directory 'C:/Users/croch/AppData/Local/Temp/UnrealShaderWorkingDir/76D2DFA24DC17C180B112DBD08A78372/'.
[2017.09.04-23.49.51:430][  0]LogShaderCompilers: Display: Using Local Shader Compiler.
[2017.09.04-23.49.52:512][  0]LogTemp: Display: Loaded TP AllDesktopTargetPlatform
[2017.09.04-23.49.52:564][  0]LogTemp: Display: Loaded TP MacClientTargetPlatform
[2017.09.04-23.49.52:619][  0]LogTemp: Display: Loaded TP MacNoEditorTargetPlatform
[2017.09.04-23.49.52:670][  0]LogTemp: Display: Loaded TP MacServerTargetPlatform
[2017.09.04-23.49.52:723][  0]LogTemp: Display: Loaded TP MacTargetPlatform
[2017.09.04-23.49.52:775][  0]LogTemp: Display: Loaded TP WindowsClientTargetPlatform
[2017.09.04-23.49.52:826][  0]LogTemp: Display: Loaded TP WindowsNoEditorTargetPlatform
[2017.09.04-23.49.52:876][  0]LogTemp: Display: Loaded TP WindowsServerTargetPlatform
[2017.09.04-23.49.52:921][  0]LogTemp: Display: Loaded TP WindowsTargetPlatform
[2017.09.04-23.49.52:973][  0]LogTemp: Display: Loaded TP AndroidTargetPlatform
[2017.09.04-23.49.53:024][  0]LogTemp: Display: Loaded TP Android_ASTCTargetPlatform
[2017.09.04-23.49.53:074][  0]LogTemp: Display: Loaded TP Android_ATCTargetPlatform
[2017.09.04-23.49.53:125][  0]LogTemp: Display: Loaded TP Android_DXTTargetPlatform
[2017.09.04-23.49.53:176][  0]LogTemp: Display: Loaded TP Android_ETC1TargetPlatform
[2017.09.04-23.49.53:227][  0]LogTemp: Display: Loaded TP Android_ETC2TargetPlatform
[2017.09.04-23.49.53:329][  0]LogTemp: Display: Loaded TP Android_MultiTargetPlatform
[2017.09.04-23.49.53:329][  0]LogTemp: Display: Loaded TP Android_PVRTCTargetPlatform
[2017.09.04-23.49.53:370][  0]LogTemp: Display: Loaded TP HTML5TargetPlatform
[2017.09.04-23.49.53:467][  0]LogTemp: Display: Loaded TP IOSTargetPlatform
[2017.09.04-23.49.53:497][  0]LogTemp: Display: Loaded TP TVOSTargetPlatform
[2017.09.04-23.49.53:547][  0]LogTemp: Display: Loaded TP LinuxClientTargetPlatform
[2017.09.04-23.49.53:600][  0]LogTemp: Display: Loaded TP LinuxNoEditorTargetPlatform
[2017.09.04-23.49.53:651][  0]LogTemp: Display: Loaded TP LinuxServerTargetPlatform
[2017.09.04-23.49.53:702][  0]LogTemp: Display: Loaded TP LinuxTargetPlatform
[2017.09.04-23.49.53:702][  0]LogTargetPlatformManager: Display: Building Assets For Windows
[2017.09.04-23.49.54:184][  0]LogDerivedDataCache: Display: Max Cache Size: 512 MB
[2017.09.04-23.49.54:258][  0]LogDerivedDataCache: Loaded boot cache 0.07s 93MB C:/Users/croch/AppData/Local/UnrealEngine/4.17/DerivedDataCache/Boot.ddc.
[2017.09.04-23.49.54:258][  0]LogDerivedDataCache: Display: Loaded Boot cache: C:/Users/croch/AppData/Local/UnrealEngine/4.17/DerivedDataCache/Boot.ddc
[2017.09.04-23.49.54:258][  0]LogDerivedDataCache: FDerivedDataBackendGraph:  Pak pak cache file ../../../../../../Users/croch/Documents/Unreal Projects/SwordVR/DerivedDataCache/DDC.ddp not found, will not use a pak cache.
[2017.09.04-23.49.54:258][  0]LogDerivedDataCache: Unable to find inner node Pak for hierarchical cache Hierarchy.
[2017.09.04-23.49.54:259][  0]LogDerivedDataCache: FDerivedDataBackendGraph:  CompressedPak pak cache file ../../../../../../Users/croch/Documents/Unreal Projects/SwordVR/DerivedDataCache/Compressed.ddp not found, will not use a pak cache.
[2017.09.04-23.49.54:259][  0]LogDerivedDataCache: Unable to find inner node CompressedPak for hierarchical cache Hierarchy.
[2017.09.04-23.49.54:274][  0]LogDerivedDataCache: Display: Pak cache opened for reading ../../../Engine/DerivedDataCache/Compressed.ddp.
[2017.09.04-23.49.54:286][  0]LogDerivedDataCache: Using Local data cache path C:/Users/croch/AppData/Local/UnrealEngine/Common/DerivedDataCache: Writable
[2017.09.04-23.49.54:296][  0]LogMaterial: Verifying Global Shaders for PCD3D_SM5
[2017.09.04-23.49.54:296][  0]LogSlate: Using Freetype 2.6.0
[2017.09.04-23.49.54:297][  0]LogSlate: SlateFontCache - WITH_FREETYPE: 1, WITH_HARFBUZZ: 1
[2017.09.04-23.49.54:297][  0]LogSlate: SlateFontCache - WITH_FREETYPE: 1, WITH_HARFBUZZ: 1
[2017.09.04-23.49.54:545][  0]LogAssetRegistry: FAssetRegistry took 0.0260 seconds to start up
[2017.09.04-23.49.54:658][  0]LogInit: Selected Device Profile: [Windows]
[2017.09.04-23.49.54:775][  0]LogContentStreaming: Texture pool size is 0.00 MB
[2017.09.04-23.49.55:074][  0]LogSimplygon: Simplygon DLL not present - disabling.
[2017.09.04-23.49.55:115][  0]LogMeshReduction: Using SimplygonSwarm for distributed automatic mesh merging
[2017.09.04-23.49.55:115][  0]LogMeshReduction: Using QuadricMeshReduction for automatic static mesh reduction
[2017.09.04-23.49.55:115][  0]LogMeshReduction: No automatic skeletal mesh reduction module available
[2017.09.04-23.49.55:116][  0]LogMeshReduction: No automatic mesh merging module available
[2017.09.04-23.49.55:116][  0]LogMeshMerging: No automatic mesh merging module available
[2017.09.04-23.49.55:436][  0]LogNetVersion: SwordVR , NetCL: 3573198, EngineNetVer: 2, GameNetVer: 0 (Checksum: 2726716735)
[2017.09.04-23.49.55:653][  0]LogPackageLocalizationCache: Processed 6 localized package path(s) for 2 prioritized culture(s) in 0.064906 seconds
[2017.09.04-23.49.55:661][  0]LogUObjectArray: 35825 objects as part of root set at end of initial load.
[2017.09.04-23.49.55:661][  0]LogUObjectAllocator: 7529104 out of 0 bytes used by permanent object pool.
[2017.09.04-23.49.55:661][  0]LogUObjectArray: CloseDisregardForGC: 0/0 objects in disregard for GC pool
[2017.09.04-23.49.55:724][  0]LogInit: WinSock: version 1.1 (2.2), MaxSocks=32767, MaxUdp=65467
[2017.09.04-23.49.58:194][  0]LogTcpMessaging: Initializing TcpMessaging bridge
[2017.09.04-23.49.58:232][  0]LogUdpMessaging: Initializing bridge on interface 0.0.0.0:0 to multicast group 230.0.0.1:6666.
[2017.09.04-23.49.58:857][  0]LogMaterial: Uniform references updated for custom material expression Custom.
[2017.09.04-23.49.59:245][  0]SourceControl: Source control is disabled
[2017.09.04-23.49.59:245][  0]SourceControl: Source control is disabled
[2017.09.04-23.49.59:292][  0]SourceControl: Source control is disabled
[2017.09.04-23.49.59:339][  0]SourceControl: Source control is disabled
[2017.09.04-23.49.59:957][  0]LogAndroidPermission: UAndroidPermissionCallbackProxy::GetInstance
[2017.09.04-23.50.00:198][  0]LogOcInput: OculusInput pre-init called
[2017.09.04-23.50.00:514][  0]LogEngine: Initializing Engine...
[2017.09.04-23.50.00:516][  0]LogHMD: Failed to initialize OpenVR with code 110
[2017.09.04-23.50.00:718][  0]LogStats: UGameplayTagsManager::ConstructGameplayTagTree: Construct from data asset -  0.000 s
[2017.09.04-23.50.00:718][  0]LogStats: UGameplayTagsManager::ConstructGameplayTagTree: GameplayTagTreeChangedEvent.Broadcast -  0.000 s
[2017.09.04-23.50.00:896][  0]LogAIModule: Creating AISystem for world Untitled
[2017.09.04-23.50.00:906][  0]LogInit: XAudio2 using 'Speakers (High Definition Audio Device)' : 2 channels at 48 kHz using 16 bits per sample (channel mask 0x3)
[2017.09.04-23.50.00:927][  0]LogInit: FAudioDevice initialized.
[2017.09.04-23.50.01:073][  0]LogDerivedDataCache: Saved boot cache 0.14s 93MB C:/Users/croch/AppData/Local/UnrealEngine/4.17/DerivedDataCache/Boot.ddc.
[2017.09.04-23.50.01:092][  0]LogInit: Texture streaming: Enabled
[2017.09.04-23.50.01:231][  0]LogEngineSessionManager: EngineSessionManager initialized
[2017.09.04-23.50.01:499][  0]LogInit: Transaction tracking system initialized
[2017.09.04-23.50.01:871][  0]BlueprintLog: New page: Editor Load
[2017.09.04-23.50.02:780][  0]LocalizationService: Localization service is disabled
[2017.09.04-23.50.03:472][  0]LogConsoleResponse: Display: 
[2017.09.04-23.50.03:639][  0]LogCook: Display: Max memory allowance for cook 16384mb min free memory 0mb
[2017.09.04-23.50.03:639][  0]LogCook: Display: Mobile HDR setting 1
[2017.09.04-23.50.03:639][  0]LogGameplayTags: Display: UGameplayTagsManager::DoneAddingNativeTags. DelegateIsBound: 0
[2017.09.04-23.50.03:782][  0]LogFileCache: Scanning file cache for directory 'C:/Users/croch/Documents/Unreal Projects/SwordVR/Content/' took 0.02s
[2017.09.04-23.50.04:656][  0]SourceControl: Source control is disabled
[2017.09.04-23.50.04:752][  0]LogSlate: Took 0.000174 seconds to synchronously load lazily loaded font '../../../Engine/Content/Slate/Fonts/Roboto-Regular.ttf' (155K)
[2017.09.04-23.50.12:962][  0]LogWindowsTextInputMethodSystem: Display: IME system now deactivated.
[2017.09.04-23.50.12:962][  0]LogWindowsTextInputMethodSystem: Display: IME system now deactivated.
[2017.09.04-23.50.12:974][  0]LogWindowsTextInputMethodSystem: Display: IME system now deactivated.
[2017.09.04-23.50.12:974][  0]LogWindowsTextInputMethodSystem: Display: IME system now deactivated.
[2017.09.04-23.50.15:394][  0]LogWindowsTextInputMethodSystem: Display: IME system now deactivated.
[2017.09.04-23.50.15:394][  0]LogWindowsTextInputMethodSystem: Display: IME system now deactivated.
[2017.09.04-23.50.15:419][  0]LogWindowsTextInputMethodSystem: Display: IME system now deactivated.
[2017.09.04-23.50.15:420][  0]LogWindowsTextInputMethodSystem: Display: IME system now deactivated.
[2017.09.04-23.50.15:421][  0]Cmd: MAP LOAD FILE="../../../Engine/Content/Maps/Templates/Template_Default.umap" TEMPLATE=1 SHOWPROGRESS=1 FEATURELEVEL=3
[2017.09.04-23.50.15:421][  0]LightingResults: New page: Lighting Build
[2017.09.04-23.50.15:477][  0]MapCheck: New page: Map Check
[2017.09.04-23.50.15:477][  0]LightingResults: New page: Lighting Build
[2017.09.04-23.50.15:674][  0]LogAIModule: Creating AISystem for world Untitled_1
[2017.09.04-23.50.15:686][  0]LogEditorServer: Finished looking for orphan Actors (0.000 secs)
[2017.09.04-23.50.15:704][  0]Cmd: MAP CHECKDEP NOCLEARLOG
[2017.09.04-23.50.15:766][  0]MapCheck: Map check complete: 0 Error(s), 0 Warning(s), took 61.641ms to complete.
[2017.09.04-23.50.15:766][  0]LogFileHelpers: Loading map 'Template_Default' took 0.345
[2017.09.04-23.50.15:909][  0]LogStats: Warning: MetaData mismatch. Did you assign a stat to two groups? New //STATGROUP_Threads//SplashScreenThread///Thread_1724_0///####STATCAT_Advanced#### old //STATGROUP_Threads//SplashScreenThread///Thread_1a9c_0///####STATCAT_Advanced####
[2017.09.04-23.50.15:909][  0]LogCollectionManager: Loaded 0 collections in 0.000885 seconds
[2017.09.04-23.50.15:998][  0]LogFileCache: Scanning file cache for directory 'C:/Users/croch/Documents/Unreal Projects/SwordVR/Saved/Collections/' took 0.01s
[2017.09.04-23.50.15:998][  0]LogFileCache: Scanning file cache for directory 'C:/Users/croch/Documents/Unreal Projects/SwordVR/Content/Developers/croch/Collections/' took 0.01s
[2017.09.04-23.50.15:998][  0]LogFileCache: Scanning file cache for directory 'C:/Users/croch/Documents/Unreal Projects/SwordVR/Content/Collections/' took 0.01s
[2017.09.04-23.50.15:998][  0]LogCollectionManager: Rebuilt the GUID cache for 0 collections in 0.000000 seconds
[2017.09.04-23.50.16:008][  0]LogContentBrowser: Native class hierarchy populated in 0.0085 seconds. Added 2398 classes and 506 folders.
[2017.09.04-23.50.16:076][  0]LogContentBrowser: Native class hierarchy updated for 'WidgetCarousel' in 0.0008 seconds. Added 0 classes and 0 folders.
[2017.09.04-23.50.16:408][  0]LogContentBrowser: Native class hierarchy updated for 'AddContentDialog' in 0.0006 seconds. Added 0 classes and 0 folders.
[2017.09.04-23.50.16:458][  0]LogContentBrowser: Native class hierarchy updated for 'SceneOutliner' in 0.0006 seconds. Added 1 classes and 2 folders.
[2017.09.04-23.50.16:505][  0]LogSlate: Took 0.000195 seconds to synchronously load lazily loaded font '../../../Engine/Content/Slate/Fonts/Roboto-Bold.ttf' (160K)
[2017.09.04-23.50.16:516][  0]LogSlate: Took 0.005745 seconds to synchronously load lazily loaded font '../../../Engine/Content/Editor/Slate/Fonts/FontAwesome.ttf' (139K)
[2017.09.04-23.50.16:673][  0]LogRenderer: Reallocating scene render targets to support 804x340 Format 10 NumSamples 1 (Frame:1).
[2017.09.04-23.50.16:852][  0]LogContentBrowser: Native class hierarchy updated for 'HierarchicalLODOutliner' in 0.0009 seconds. Added 1 classes and 2 folders.
[2017.09.04-23.50.16:853][  0]LogLoad: (Engine Initialization) Total time: 30.32 seconds
[2017.09.04-23.50.16:853][  0]LogLoad: (Engine Initialization) Total Blueprint compile time: 0.00 seconds
[2017.09.04-23.50.16:853][  0]LogExternalProfiler: No external profilers were discovered.  External profiling features will not be available.
[2017.09.04-23.50.16:883][  0]LogContentStreaming: Texture pool size now 1000 MB
[2017.09.04-23.50.16:925][  0]LogSlate: Took 0.004615 seconds to synchronously load lazily loaded font '../../../Engine/Content/Slate/Fonts/Roboto-Light.ttf' (159K)
[2017.09.04-23.50.16:954][  1]LogAssetRegistry: Asset discovery search completed in 22.4297 seconds
[2017.09.04-23.50.16:956][  1]LogCollectionManager: Rebuilt the object cache for 0 collections in 0.000000 seconds (found 0 objects)
[2017.09.04-23.50.16:956][  1]LogCollectionManager: Fixed up redirectors for 0 collections in 0.000042 seconds (updated 0 objects)
[2017.09.04-23.50.17:887][ 90]LogSlate: Took 0.000193 seconds to synchronously load lazily loaded font '../../../Engine/Content/Slate/Fonts/Roboto-Light.ttf' (159K)
[2017.09.04-23.50.21:260][463]LogSlate: Took 0.000154 seconds to synchronously load lazily loaded font '../../../Engine/Content/Slate/Fonts/Roboto-Light.ttf' (159K)
[2017.09.04-23.50.21:672][463]LogContentBrowser: Native class hierarchy updated for 'BlueprintGraph' in 0.0010 seconds. Added 113 classes and 0 folders.
[2017.09.04-23.50.22:441][463]LogSlate: Took 0.005017 seconds to synchronously load lazily loaded font '../../../Engine/Content/Editor/Slate/Fonts/Roboto-BoldCondensed.ttf' (158K)
[2017.09.04-23.54.13:619][841]BlueprintLog: New page: Compile MyRunebergVR_Pawn
[2017.09.05-00.00.17:493][301]LogFileHelpers: Editor autosave (incl. sublevels) for '/Temp/Untitled_1' took 0.018
[2017.09.05-00.00.17:496][301]OBJ SavePackage: Generating thumbnails for [0] asset(s) in package [/Game/MyRunebergVR_Pawn] ([1] browsable assets)...
[2017.09.05-00.00.17:496][301]OBJ SavePackage: Finished generating thumbnails for package [/Game/MyRunebergVR_Pawn]
[2017.09.05-00.00.17:613][301]LogSavePackage: Save=89.88ms
[2017.09.05-00.00.17:613][301]LogSavePackage: Moving '../../../../../../Users/croch/Documents/Unreal Projects/SwordVR/Saved/MyRunebergVR_Pawn_Auto1973FECF849319524319BA5B2602678E6.tmp' to '../../../../../../Users/croch/Documents/Unreal Projects/SwordVR/Saved/Autosaves/Game/MyRunebergVR_Pawn_Auto1.uasset'
[2017.09.05-00.00.17:615][301]LogSavePackage: Display: Finished SavePackage ../../../../../../Users/croch/Documents/Unreal Projects/SwordVR/Saved/Autosaves/Game/MyRunebergVR_Pawn_Auto1.uasset
[2017.09.05-00.00.17:615][301]LogFileHelpers: Auto-saving content packages took 0.121
[2017.09.05-00.12.03:821][598]LogSlate: Took 0.005413 seconds to synchronously load lazily loaded font '../../../Engine/Content/Editor/Slate/Fonts/Roboto-Italic.ttf' (157K)
[2017.09.05-00.13.45:106][593]BlueprintLog: New page: Compile MyRunebergVR_Pawn
[2017.09.05-00.17.29:707][955]BlueprintLog: New page: Compile MyRunebergVR_Pawn
[2017.09.05-00.17.58:415][255]LogFileHelpers: Editor autosave (incl. sublevels) for '/Temp/Untitled_1' took 0.018
[2017.09.05-00.17.58:417][255]OBJ SavePackage: Generating thumbnails for [0] asset(s) in package [/Game/MyRunebergVR_Pawn] ([1] browsable assets)...
[2017.09.05-00.17.58:417][255]OBJ SavePackage: Finished generating thumbnails for package [/Game/MyRunebergVR_Pawn]
[2017.09.05-00.17.58:537][255]LogSavePackage: Save=102.83ms
[2017.09.05-00.17.58:537][255]LogSavePackage: Moving '../../../../../../Users/croch/Documents/Unreal Projects/SwordVR/Saved/MyRunebergVR_Pawn_Auto2FCA681D843969230A6D92BB53431658C.tmp' to '../../../../../../Users/croch/Documents/Unreal Projects/SwordVR/Saved/Autosaves/Game/MyRunebergVR_Pawn_Auto2.uasset'
[2017.09.05-00.17.58:539][255]LogSavePackage: Display: Finished SavePackage ../../../../../../Users/croch/Documents/Unreal Projects/SwordVR/Saved/Autosaves/Game/MyRunebergVR_Pawn_Auto2.uasset
[2017.09.05-00.17.58:539][255]LogFileHelpers: Auto-saving content packages took 0.124
[2017.09.05-00.32.35:856][566]BlueprintLog: New page: Compile MyRunebergVR_Pawn
[2017.09.05-00.32.43:465][  7]Cmd: OBJ SAVEPACKAGE PACKAGE="/Game/MyRunebergVR_Pawn" FILE="../../../../../../Users/croch/Documents/Unreal Projects/SwordVR/Content/MyRunebergVR_Pawn.uasset" SILENT=true
[2017.09.05-00.32.43:567][  7]LogSavePackage: Save=85.72ms
[2017.09.05-00.32.43:567][  7]LogSavePackage: Moving '../../../../../../Users/croch/Documents/Unreal Projects/SwordVR/Saved/MyRunebergVR_PawnFE0C37CA4410732CD60123A9363334C2.tmp' to '../../../../../../Users/croch/Documents/Unreal Projects/SwordVR/Content/MyRunebergVR_Pawn.uasset'
[2017.09.05-00.32.43:574][  7]LogSavePackage: Display: Finished SavePackage ../../../../../../Users/croch/Documents/Unreal Projects/SwordVR/Content/MyRunebergVR_Pawn.uasset
[2017.09.05-00.33.26:207][349]BlueprintLog: New page: Compile Weapon_BP
[2017.09.05-00.33.26:896][379]Cmd: OBJ SAVEPACKAGE PACKAGE="/Game/Weapons/Weapon_BP" FILE="../../../../../../Users/croch/Documents/Unreal Projects/SwordVR/Content/Weapons/Weapon_BP.uasset" SILENT=true
[2017.09.05-00.33.26:925][379]LogSavePackage: Save=14.98ms
[2017.09.05-00.33.26:925][379]LogSavePackage: Moving '../../../../../../Users/croch/Documents/Unreal Projects/SwordVR/Saved/Weapon_BPB63EB337476813E44F5C70AB31EA0206.tmp' to '../../../../../../Users/croch/Documents/Unreal Projects/SwordVR/Content/Weapons/Weapon_BP.uasset'
[2017.09.05-00.33.26:928][379]LogSavePackage: Display: Finished SavePackage ../../../../../../Users/croch/Documents/Unreal Projects/SwordVR/Content/Weapons/Weapon_BP.uasset
[2017.09.05-00.34.32:605][173]LogFileHelpers: Editor autosave (incl. sublevels) for '/Temp/Untitled_1' took 0.018
[2017.09.05-00.34.32:607][173]OBJ SavePackage: Generating thumbnails for [0] asset(s) in package [/Game/Weapons/Weapon_BP] ([1] browsable assets)...
[2017.09.05-00.34.32:607][173]OBJ SavePackage: Finished generating thumbnails for package [/Game/Weapons/Weapon_BP]
[2017.09.05-00.34.32:630][173]LogSavePackage: Save=13.14ms
[2017.09.05-00.34.32:630][173]LogSavePackage: Moving '../../../../../../Users/croch/Documents/Unreal Projects/SwordVR/Saved/Weapon_BP_Auto30F6E01E14CA8B7F1F07332BEE17FF706.tmp' to '../../../../../../Users/croch/Documents/Unreal Projects/SwordVR/Saved/Autosaves/Game/Weapons/Weapon_BP_Auto3.uasset'
[2017.09.05-00.34.32:633][173]LogSavePackage: Display: Finished SavePackage ../../../../../../Users/croch/Documents/Unreal Projects/SwordVR/Saved/Autosaves/Game/Weapons/Weapon_BP_Auto3.uasset
[2017.09.05-00.34.32:633][173]OBJ SavePackage: Generating thumbnails for [0] asset(s) in package [/Game/Weapons/GunSworrd] ([1] browsable assets)...
[2017.09.05-00.34.32:634][173]OBJ SavePackage: Finished generating thumbnails for package [/Game/Weapons/GunSworrd]
[2017.09.05-00.34.32:651][173]LogSavePackage: Save=15.82ms
[2017.09.05-00.34.32:651][173]LogSavePackage: Moving '../../../../../../Users/croch/Documents/Unreal Projects/SwordVR/Saved/GunSworrd_Auto3C158314E45BA6347DF5B07AAA011ED84.tmp' to '../../../../../../Users/croch/Documents/Unreal Projects/SwordVR/Saved/Autosaves/Game/Weapons/GunSworrd_Auto3.uasset'
[2017.09.05-00.34.32:652][173]LogSavePackage: Display: Finished SavePackage ../../../../../../Users/croch/Documents/Unreal Projects/SwordVR/Saved/Autosaves/Game/Weapons/GunSworrd_Auto3.uasset
[2017.09.05-00.34.32:652][173]LogFileHelpers: Auto-saving content packages took 0.046
[2017.09.05-00.37.12:233][748]BlueprintLog: New page: Compile Weapon_BP
[2017.09.05-00.37.12:765][769]Cmd: OBJ SAVEPACKAGE PACKAGE="/Game/Weapons/Weapon_BP" FILE="../../../../../../Users/croch/Documents/Unreal Projects/SwordVR/Content/Weapons/Weapon_BP.uasset" SILENT=true
[2017.09.05-00.37.12:789][769]LogSavePackage: Save=14.18ms
[2017.09.05-00.37.12:789][769]LogSavePackage: Moving '../../../../../../Users/croch/Documents/Unreal Projects/SwordVR/Saved/Weapon_BPE50EC05C4C06DEC1019B539637706F0F.tmp' to '../../../../../../Users/croch/Documents/Unreal Projects/SwordVR/Content/Weapons/Weapon_BP.uasset'
[2017.09.05-00.37.12:796][769]LogSavePackage: Display: Finished SavePackage ../../../../../../Users/croch/Documents/Unreal Projects/SwordVR/Content/Weapons/Weapon_BP.uasset
[2017.09.05-00.42.34:978][539]BlueprintLog: New page: Compile Weapon_BP
[2017.09.05-00.43.04:298][282]LogSlate: Took 0.005251 seconds to synchronously load lazily loaded font '../../../Engine/Content/Editor/Slate/Fonts/Roboto-BoldCondensedItalic.ttf' (160K)
[2017.09.05-00.43.22:865][394]BlueprintLog: New page: Compile Weapon_BP
[2017.09.05-00.45.04:981][558]LogFileHelpers: Editor autosave (incl. sublevels) for '/Temp/Untitled_1' took 0.017
[2017.09.05-00.45.04:982][558]OBJ SavePackage: Generating thumbnails for [0] asset(s) in package [/Game/Weapons/Weapon_BP] ([1] browsable assets)...
[2017.09.05-00.45.04:982][558]OBJ SavePackage: Finished generating thumbnails for package [/Game/Weapons/Weapon_BP]
[2017.09.05-00.45.05:012][558]LogSavePackage: Save=15.34ms
[2017.09.05-00.45.05:012][558]LogSavePackage: Moving '../../../../../../Users/croch/Documents/Unreal Projects/SwordVR/Saved/Weapon_BP_Auto4A864B82644B662812C8505A517D82EB2.tmp' to '../../../../../../Users/croch/Documents/Unreal Projects/SwordVR/Saved/Autosaves/Game/Weapons/Weapon_BP_Auto4.uasset'
[2017.09.05-00.45.05:013][558]LogSavePackage: Display: Finished SavePackage ../../../../../../Users/croch/Documents/Unreal Projects/SwordVR/Saved/Autosaves/Game/Weapons/Weapon_BP_Auto4.uasset
[2017.09.05-00.45.05:014][558]OBJ SavePackage: Generating thumbnails for [0] asset(s) in package [/Game/Weapons/GunSworrd] ([1] browsable assets)...
[2017.09.05-00.45.05:014][558]OBJ SavePackage: Finished generating thumbnails for package [/Game/Weapons/GunSworrd]
[2017.09.05-00.45.05:032][558]LogSavePackage: Save=16.23ms
[2017.09.05-00.45.05:032][558]LogSavePackage: Moving '../../../../../../Users/croch/Documents/Unreal Projects/SwordVR/Saved/GunSworrd_Auto49EEF17E3418F53D0A7E7DF94FD87B211.tmp' to '../../../../../../Users/croch/Documents/Unreal Projects/SwordVR/Saved/Autosaves/Game/Weapons/GunSworrd_Auto4.uasset'
[2017.09.05-00.45.05:033][558]LogSavePackage: Display: Finished SavePackage ../../../../../../Users/croch/Documents/Unreal Projects/SwordVR/Saved/Autosaves/Game/Weapons/GunSworrd_Auto4.uasset
[2017.09.05-00.45.05:033][558]LogFileHelpers: Auto-saving content packages took 0.051
[2017.09.05-00.54.25:642][243]BlueprintLog: New page: Compile Weapon_BP
[2017.09.05-00.54.31:160][823]LogRenderer: Reallocating scene render targets to support 804x408 Format 10 NumSamples 1 (Frame:1).
[2017.09.05-00.54.39:406][645]BlueprintLog: New page: Compile GunSworrd
[2017.09.05-00.55.40:229][ 77]BlueprintLog: New page: Compile Weapon_BP
[2017.09.05-00.56.23:565][935]LogFileHelpers: Editor autosave (incl. sublevels) for '/Temp/Untitled_1' took 0.018
[2017.09.05-00.56.23:568][935]OBJ SavePackage: Generating thumbnails for [0] asset(s) in package [/Game/Weapons/Weapon_BP] ([1] browsable assets)...
[2017.09.05-00.56.23:568][935]OBJ SavePackage: Finished generating thumbnails for package [/Game/Weapons/Weapon_BP]
[2017.09.05-00.56.23:601][935]LogSavePackage: Save=17.66ms
[2017.09.05-00.56.23:601][935]LogSavePackage: Moving '../../../../../../Users/croch/Documents/Unreal Projects/SwordVR/Saved/Weapon_BP_Auto55DB0B2DA444F0D22089F9A8DB31D1400.tmp' to '../../../../../../Users/croch/Documents/Unreal Projects/SwordVR/Saved/Autosaves/Game/Weapons/Weapon_BP_Auto5.uasset'
[2017.09.05-00.56.23:604][935]LogSavePackage: Display: Finished SavePackage ../../../../../../Users/croch/Documents/Unreal Projects/SwordVR/Saved/Autosaves/Game/Weapons/Weapon_BP_Auto5.uasset
[2017.09.05-00.56.23:604][935]OBJ SavePackage: Generating thumbnails for [0] asset(s) in package [/Game/Weapons/GunSworrd] ([1] browsable assets)...
[2017.09.05-00.56.23:604][935]OBJ SavePackage: Finished generating thumbnails for package [/Game/Weapons/GunSworrd]
[2017.09.05-00.56.23:624][935]LogSavePackage: Save=17.46ms
[2017.09.05-00.56.23:624][935]LogSavePackage: Moving '../../../../../../Users/croch/Documents/Unreal Projects/SwordVR/Saved/GunSworrd_Auto5946428C94EB9369461DCE7B452B6A649.tmp' to '../../../../../../Users/croch/Documents/Unreal Projects/SwordVR/Saved/Autosaves/Game/Weapons/GunSworrd_Auto5.uasset'
[2017.09.05-00.56.23:625][935]LogSavePackage: Display: Finished SavePackage ../../../../../../Users/croch/Documents/Unreal Projects/SwordVR/Saved/Autosaves/Game/Weapons/GunSworrd_Auto5.uasset
[2017.09.05-00.56.23:625][935]LogFileHelpers: Auto-saving content packages took 0.058
[2017.09.05-01.06.24:358][507]LogFileHelpers: Editor autosave (incl. sublevels) for '/Temp/Untitled_1' took 0.018
[2017.09.05-01.06.24:359][507]OBJ SavePackage: Generating thumbnails for [0] asset(s) in package [/Game/Weapons/Weapon_BP] ([1] browsable assets)...
[2017.09.05-01.06.24:359][507]OBJ SavePackage: Finished generating thumbnails for package [/Game/Weapons/Weapon_BP]
[2017.09.05-01.06.24:394][507]LogSavePackage: Save=18.99ms
[2017.09.05-01.06.24:394][507]LogSavePackage: Moving '../../../../../../Users/croch/Documents/Unreal Projects/SwordVR/Saved/Weapon_BP_Auto63E5CDAD443511F28BC10D88CF5EE904A.tmp' to '../../../../../../Users/croch/Documents/Unreal Projects/SwordVR/Saved/Autosaves/Game/Weapons/Weapon_BP_Auto6.uasset'
[2017.09.05-01.06.24:396][507]LogSavePackage: Display: Finished SavePackage ../../../../../../Users/croch/Documents/Unreal Projects/SwordVR/Saved/Autosaves/Game/Weapons/Weapon_BP_Auto6.uasset
[2017.09.05-01.06.24:396][507]OBJ SavePackage: Generating thumbnails for [0] asset(s) in package [/Game/Weapons/GunSworrd] ([1] browsable assets)...
[2017.09.05-01.06.24:396][507]OBJ SavePackage: Finished generating thumbnails for package [/Game/Weapons/GunSworrd]
[2017.09.05-01.06.24:420][507]LogSavePackage: Save=21.02ms
[2017.09.05-01.06.24:420][507]LogSavePackage: Moving '../../../../../../Users/croch/Documents/Unreal Projects/SwordVR/Saved/GunSworrd_Auto6E738863D40746E41E63F44AF52D550A0.tmp' to '../../../../../../Users/croch/Documents/Unreal Projects/SwordVR/Saved/Autosaves/Game/Weapons/GunSworrd_Auto6.uasset'
[2017.09.05-01.06.24:421][507]LogSavePackage: Display: Finished SavePackage ../../../../../../Users/croch/Documents/Unreal Projects/SwordVR/Saved/Autosaves/Game/Weapons/GunSworrd_Auto6.uasset
[2017.09.05-01.06.24:421][507]LogFileHelpers: Auto-saving content packages took 0.062
[2017.09.05-01.08.24:650][105]Cmd: OBJ SAVEPACKAGE PACKAGE="/Game/Weapons/GunSworrd" FILE="../../../../../../Users/croch/Documents/Unreal Projects/SwordVR/Content/Weapons/GunSworrd.uasset" SILENT=true
[2017.09.05-01.08.24:672][105]LogSavePackage: Save=19.26ms
[2017.09.05-01.08.24:672][105]LogSavePackage: Moving '../../../../../../Users/croch/Documents/Unreal Projects/SwordVR/Saved/GunSworrd7C6343684C84CEF133989693D9D58371.tmp' to '../../../../../../Users/croch/Documents/Unreal Projects/SwordVR/Content/Weapons/GunSworrd.uasset'
[2017.09.05-01.08.24:680][105]LogSavePackage: Display: Finished SavePackage ../../../../../../Users/croch/Documents/Unreal Projects/SwordVR/Content/Weapons/GunSworrd.uasset
[2017.09.05-01.08.24:682][105]Cmd: OBJ SAVEPACKAGE PACKAGE="/Game/Weapons/Weapon_BP" FILE="../../../../../../Users/croch/Documents/Unreal Projects/SwordVR/Content/Weapons/Weapon_BP.uasset" SILENT=true
[2017.09.05-01.08.24:712][105]LogSavePackage: Save=18.90ms
[2017.09.05-01.08.24:712][105]LogSavePackage: Moving '../../../../../../Users/croch/Documents/Unreal Projects/SwordVR/Saved/Weapon_BPB8CF8C31415DE1DDBA0B57BA472885C1.tmp' to '../../../../../../Users/croch/Documents/Unreal Projects/SwordVR/Content/Weapons/Weapon_BP.uasset'
[2017.09.05-01.08.24:716][105]LogSavePackage: Display: Finished SavePackage ../../../../../../Users/croch/Documents/Unreal Projects/SwordVR/Content/Weapons/Weapon_BP.uasset
[2017.09.05-01.08.24:830][105]LogWindowsTextInputMethodSystem: Display: IME system now deactivated.
[2017.09.05-01.08.24:831][105]LogWindowsTextInputMethodSystem: Display: IME system now deactivated.
[2017.09.05-01.08.25:066][106]Cmd: QUIT_EDITOR
[2017.09.05-01.08.25:116][106]LogExit: Preparing to exit.
[2017.09.05-01.08.26:027][106]LogDirectoryWatcher: A directory notification failed for 'C:/Users/croch/Documents/Unreal Projects/SwordVR/Content/', and we were unable to create a new request.
[2017.09.05-01.08.26:167][106]LogExit: Editor shut down
[2017.09.05-01.08.26:202][106]LogExit: Transaction tracking system shut down
[2017.09.05-01.08.26:332][106]LogDirectoryWatcher: A directory notification for '../../../Engine/Content/' was aborted.
[2017.09.05-01.08.26:332][106]LogDirectoryWatcher: A directory notification for '../../../../../../Users/croch/Documents/Unreal Projects/SwordVR/Content/' was aborted.
[2017.09.05-01.08.26:332][106]LogDirectoryWatcher: A directory notification for '../../../Engine/Plugins/2D/Paper2D/Content/' was aborted.
[2017.09.05-01.08.26:332][106]LogDirectoryWatcher: A directory notification for '../../../Engine/Plugins/Runtime/Oculus/OculusVR/Content/' was aborted.
[2017.09.05-01.08.26:332][106]LogDirectoryWatcher: A directory notification for '../../../Engine/Plugins/Runtime/Steam/SteamVR/Content/' was aborted.
[2017.09.05-01.08.26:470][106]LogExit: Object subsystem successfully closed.
[2017.09.05-01.08.26:495][106]LogD3D11RHI: Shutdown
[2017.09.05-01.08.26:495][106]LogD3D11RHI: CleanupD3DDevice
[2017.09.05-01.08.26:567][106]LogD3D11RHI: ~FD3D11DynamicRHI
[2017.09.05-01.08.26:590][106]LogModuleManager: Shutting down and abandoning module BlueprintGraph (538)
[2017.09.05-01.08.26:590][106]LogModuleManager: Shutting down and abandoning module BlueprintProfiler (536)
[2017.09.05-01.08.26:590][106]LogModuleManager: Shutting down and abandoning module HierarchicalLODOutliner (534)
[2017.09.05-01.08.26:590][106]LogModuleManager: Shutting down and abandoning module SceneOutliner (532)
[2017.09.05-01.08.26:590][106]LogModuleManager: Shutting down and abandoning module AddContentDialog (530)
[2017.09.05-01.08.26:590][106]LogDirectoryWatcher: A directory notification for 'C:/Program Files/Epic Games/UE_4.17/FeaturePacks/' was aborted.
[2017.09.05-01.08.26:596][106]LogModuleManager: Shutting down and abandoning module WidgetCarousel (529)
[2017.09.05-01.08.26:596][106]LogModuleManager: Shutting down and abandoning module EditorWidgets (526)
[2017.09.05-01.08.26:596][106]LogModuleManager: Shutting down and abandoning module CollectionManager (524)
[2017.09.05-01.08.26:596][106]LogDirectoryWatcher: A directory notification for 'C:/Users/croch/Documents/Unreal Projects/SwordVR/Content/Collections/' was aborted.
[2017.09.05-01.08.26:596][106]LogDirectoryWatcher: A directory notification for 'C:/Users/croch/Documents/Unreal Projects/SwordVR/Content/Developers/croch/Collections/' was aborted.
[2017.09.05-01.08.26:596][106]LogDirectoryWatcher: A directory notification for 'C:/Users/croch/Documents/Unreal Projects/SwordVR/Saved/Collections/' was aborted.
[2017.09.05-01.08.26:596][106]LogModuleManager: Shutting down and abandoning module StatsViewer (522)
[2017.09.05-01.08.26:596][106]LogModuleManager: Shutting down and abandoning module FoliageEdit (520)
[2017.09.05-01.08.26:596][106]LogModuleManager: Shutting down and abandoning module LandscapeEditor (518)
[2017.09.05-01.08.26:596][106]LogModuleManager: Shutting down and abandoning module MeshPaintMode (516)
[2017.09.05-01.08.26:596][106]LogModuleManager: Shutting down and abandoning module SceneDepthPickerMode (514)
[2017.09.05-01.08.26:596][106]LogModuleManager: Shutting down and abandoning module ActorPickerMode (512)
[2017.09.05-01.08.26:596][106]LogModuleManager: Shutting down and abandoning module GeometryMode (510)
[2017.09.05-01.08.26:596][106]LogModuleManager: Shutting down and abandoning module TextureAlignMode (508)
[2017.09.05-01.08.26:596][106]LogModuleManager: Shutting down and abandoning module BspMode (506)
[2017.09.05-01.08.26:596][106]LogModuleManager: Shutting down and abandoning module PIEPreviewDeviceProfileSelector (504)
[2017.09.05-01.08.26:596][106]LogModuleManager: Shutting down and abandoning module HardwareSurvey (502)
[2017.09.05-01.08.26:596][106]LogModuleManager: Shutting down and abandoning module SequenceRecorderSections (500)
[2017.09.05-01.08.26:596][106]LogModuleManager: Shutting down and abandoning module AutomationWorker (498)
[2017.09.05-01.08.26:596][106]LogModuleManager: Shutting down and abandoning module MatineeToLevelSequence (496)
[2017.09.05-01.08.26:596][106]LogModuleManager: Shutting down and abandoning module LevelSequenceEditor (494)
[2017.09.05-01.08.26:597][106]LogModuleManager: Shutting down and abandoning module PlacementMode (493)
[2017.09.05-01.08.26:597][106]LogModuleManager: Shutting down and abandoning module WmfMediaFactory (490)
[2017.09.05-01.08.26:597][106]LogModuleManager: Shutting down and abandoning module WmfMediaEditor (488)
[2017.09.05-01.08.26:597][106]LogModuleManager: Shutting down and abandoning module AvfMediaFactory (486)
[2017.09.05-01.08.26:597][106]LogModuleManager: Shutting down and abandoning module AvfMediaEditor (484)
[2017.09.05-01.08.26:597][106]LogModuleManager: Shutting down and abandoning module AndroidMediaFactory (482)
[2017.09.05-01.08.26:597][106]LogModuleManager: Shutting down and abandoning module Media (481)
[2017.09.05-01.08.26:597][106]LogModuleManager: Shutting down and abandoning module AndroidMediaEditor (478)
[2017.09.05-01.08.26:597][106]LogModuleManager: Shutting down and abandoning module CharacterAI (476)
[2017.09.05-01.08.26:597][106]LogModuleManager: Shutting down and abandoning module AudioCapture (474)
[2017.09.05-01.08.26:597][106]LogModuleManager: Shutting down and abandoning module SequenceRecorder (473)
[2017.09.05-01.08.26:597][106]LogModuleManager: Shutting down and abandoning module SmartSnapping (470)
[2017.09.05-01.08.26:597][106]LogModuleManager: Shutting down and abandoning module SessionServices (468)
[2017.09.05-01.08.26:597][106]LogModuleManager: Shutting down and abandoning module ViewportSnapping (466)
[2017.09.05-01.08.26:597][106]LogModuleManager: Shutting down and abandoning module ViewportInteraction (464)
[2017.09.05-01.08.26:597][106]LogModuleManager: Shutting down and abandoning module ClothPainter (462)
[2017.09.05-01.08.26:597][106]LogModuleManager: Shutting down and abandoning module LogVisualizer (460)
[2017.09.05-01.08.26:597][106]LogModuleManager: Shutting down and abandoning module IntroTutorials (458)
[2017.09.05-01.08.26:597][106]LogModuleManager: Shutting down and abandoning module GameProjectGeneration (457)
[2017.09.05-01.08.26:597][106]LogModuleManager: Shutting down and abandoning module IOSPlatformEditor (454)
[2017.09.05-01.08.26:597][106]LogModuleManager: Shutting down and abandoning module HTML5PlatformEditor (452)
[2017.09.05-01.08.26:597][106]LogModuleManager: Shutting down and abandoning module AndroidPlatformEditor (450)
[2017.09.05-01.08.26:597][106]LogModuleManager: Shutting down and abandoning module AndroidDeviceDetection (449)
[2017.09.05-01.08.26:767][106]LogModuleManager: Shutting down and abandoning module WindowsPlatformEditor (446)
[2017.09.05-01.08.26:767][106]LogModuleManager: Shutting down and abandoning module IOSRuntimeSettings (444)
[2017.09.05-01.08.26:767][106]LogModuleManager: Shutting down and abandoning module AndroidRuntimeSettings (442)
[2017.09.05-01.08.26:767][106]LogModuleManager: Shutting down and abandoning module InputBindingEditor (440)
[2017.09.05-01.08.26:767][106]LogModuleManager: Shutting down and abandoning module MergeActors (438)
[2017.09.05-01.08.26:767][106]LogModuleManager: Shutting down and abandoning module SizeMap (436)
[2017.09.05-01.08.26:767][106]LogModuleManager: Shutting down and abandoning module TreeMap (434)
[2017.09.05-01.08.26:767][106]LogModuleManager: Shutting down and abandoning module ReferenceViewer (432)
[2017.09.05-01.08.26:767][106]LogModuleManager: Shutting down and abandoning module LocalizationDashboard (430)
[2017.09.05-01.08.26:768][106]LogModuleManager: Shutting down and abandoning module LocalizationService (429)
[2017.09.05-01.08.26:768][106]LogModuleManager: Shutting down and abandoning module HardwareTargeting (426)
[2017.09.05-01.08.26:768][106]LogModuleManager: Shutting down and abandoning module DeviceProfileEditor (424)
[2017.09.05-01.08.26:768][106]LogModuleManager: Shutting down and abandoning module UndoHistory (422)
[2017.09.05-01.08.26:768][106]LogModuleManager: Shutting down and abandoning module XmlParser (420)
[2017.09.05-01.08.26:768][106]LogModuleManager: Shutting down and abandoning module Blutility (418)
[2017.09.05-01.08.26:768][106]LogModuleManager: Shutting down and abandoning module ProjectSettingsViewer (416)
[2017.09.05-01.08.26:768][106]LogModuleManager: Shutting down and abandoning module ProjectTargetPlatformEditor (415)
[2017.09.05-01.08.26:768][106]LogModuleManager: Shutting down and abandoning module EditorSettingsViewer (412)
[2017.09.05-01.08.26:768][106]LogModuleManager: Shutting down and abandoning module SettingsEditor (410)
[2017.09.05-01.08.26:768][106]LogModuleManager: Shutting down and abandoning module ProjectLauncher (408)
[2017.09.05-01.08.26:768][106]LogModuleManager: Shutting down and abandoning module SessionFrontend (406)
[2017.09.05-01.08.26:768][106]LogModuleManager: Shutting down and abandoning module ProfilerClient (404)
[2017.09.05-01.08.26:768][106]LogModuleManager: Shutting down and abandoning module DeviceManager (402)
[2017.09.05-01.08.26:768][106]LogModuleManager: Shutting down and abandoning module TargetDeviceServices (401)
[2017.09.05-01.08.26:823][106]LogModuleManager: Shutting down and abandoning module AutomationController (398)
[2017.09.05-01.08.26:823][106]LogModuleManager: Shutting down and abandoning module AutomationWindow (396)
[2017.09.05-01.08.26:823][106]LogModuleManager: Shutting down and abandoning module Layers (394)
[2017.09.05-01.08.26:823][106]LogModuleManager: Shutting down and abandoning module ComponentVisualizers (392)
[2017.09.05-01.08.26:823][106]LogModuleManager: Shutting down and abandoning module DetailCustomizations (390)
[2017.09.05-01.08.26:823][106]LogModuleManager: Shutting down and abandoning module PackagesDialog (388)
[2017.09.05-01.08.26:823][106]LogModuleManager: Shutting down and abandoning module Persona (386)
[2017.09.05-01.08.26:823][106]LogModuleManager: Shutting down and abandoning module AdvancedPreviewScene (385)
[2017.09.05-01.08.26:823][106]LogModuleManager: Shutting down and abandoning module AnimGraph (383)
[2017.09.05-01.08.26:823][106]LogModuleManager: Shutting down and abandoning module Kismet (380)
[2017.09.05-01.08.26:835][106]LogModuleManager: Shutting down and abandoning module ClassViewer (378)
[2017.09.05-01.08.26:835][106]LogModuleManager: Shutting down and abandoning module Toolbox (376)
[2017.09.05-01.08.26:835][106]LogModuleManager: Shutting down and abandoning module ModuleUI (374)
[2017.09.05-01.08.26:835][106]LogModuleManager: Shutting down and abandoning module MovieSceneTools (372)
[2017.09.05-01.08.26:835][106]LogModuleManager: Shutting down and abandoning module OutputLog (370)
[2017.09.05-01.08.26:835][106]LogModuleManager: Shutting down and abandoning module GammaUI (368)
[2017.09.05-01.08.26:835][106]LogModuleManager: Shutting down and abandoning module Documentation (366)
[2017.09.05-01.08.26:837][106]LogModuleManager: Shutting down and abandoning module MovieSceneTracks (364)
[2017.09.05-01.08.26:837][106]LogModuleManager: Shutting down and abandoning module MovieScene (362)
[2017.09.05-01.08.26:837][106]LogModuleManager: Shutting down and abandoning module Niagara (360)
[2017.09.05-01.08.26:837][106]LogModuleManager: Shutting down and abandoning module NiagaraEditor (359)
[2017.09.05-01.08.26:837][106]LogModuleManager: Shutting down and abandoning module StreamingPauseRendering (356)
[2017.09.05-01.08.26:837][106]LogModuleManager: Shutting down and abandoning module LauncherPlatform (354)
[2017.09.05-01.08.26:837][106]LogModuleManager: Shutting down and abandoning module AnalyticsET (352)
[2017.09.05-01.08.26:837][106]LogModuleManager: Shutting down and abandoning module PortalServices (350)
[2017.09.05-01.08.26:837][106]LogModuleManager: Shutting down and abandoning module PortalRpc (348)
[2017.09.05-01.08.26:837][106]LogModuleManager: Shutting down and abandoning module MessagingRpc (346)
[2017.09.05-01.08.26:837][106]LogModuleManager: Shutting down and abandoning module AIModule (344)
[2017.09.05-01.08.26:837][106]LogModuleManager: Shutting down and abandoning module GameplayDebugger (343)
[2017.09.05-01.08.26:837][106]LogModuleManager: Shutting down and abandoning module AITestSuite (341)
[2017.09.05-01.08.26:837][106]LogModuleManager: Shutting down and abandoning module ProfilerService (338)
[2017.09.05-01.08.26:922][106]LogModuleManager: Shutting down and abandoning module TaskGraph (336)
[2017.09.05-01.08.26:922][106]LogModuleManager: Shutting down and abandoning module SteamVRController (334)
[2017.09.05-01.08.26:922][106]LogModuleManager: Shutting down and abandoning module SoundVisualizations (332)
[2017.09.05-01.08.26:922][106]LogModuleManager: Shutting down and abandoning module ProceduralMeshComponentEditor (330)
[2017.09.05-01.08.26:922][106]LogModuleManager: Shutting down and abandoning module ProceduralMeshComponent (328)
[2017.09.05-01.08.26:923][106]LogModuleManager: Shutting down and abandoning module OculusInput (326)
[2017.09.05-01.08.26:923][106]LogModuleManager: Shutting down and abandoning module MobilePatchingUtils (324)
[2017.09.05-01.08.26:923][106]LogModuleManager: Shutting down and abandoning module CustomMeshComponent (322)
[2017.09.05-01.08.26:923][106]LogModuleManager: Shutting down and abandoning module CableComponent (320)
[2017.09.05-01.08.26:923][106]LogModuleManager: Shutting down and abandoning module ArchVisCharacter (318)
[2017.09.05-01.08.26:923][106]LogModuleManager: Shutting down and abandoning module AndroidPermission (316)
[2017.09.05-01.08.26:923][106]LogModuleManager: Shutting down and abandoning module MediaPlayerEditor (312)
[2017.09.05-01.08.26:923][106]LogModuleManager: Shutting down and abandoning module RunebergVRPlugin (310)
[2017.09.05-01.08.26:923][106]LogModuleManager: Shutting down and abandoning module HTML5Networking (308)
[2017.09.05-01.08.26:923][106]LogModuleManager: Shutting down and abandoning module AlembicImporter (306)
[2017.09.05-01.08.26:923][106]LogModuleManager: Shutting down and abandoning module AlembicLibrary (305)
[2017.09.05-01.08.26:923][106]LogModuleManager: Shutting down and abandoning module GeometryCache (304)
[2017.09.05-01.08.26:923][106]LogModuleManager: Shutting down and abandoning module GeometryCacheEd (303)
[2017.09.05-01.08.26:923][106]LogModuleManager: Shutting down and abandoning module SpeedTreeImporter (298)
[2017.09.05-01.08.26:923][106]LogModuleManager: Shutting down and abandoning module PluginBrowser (296)
[2017.09.05-01.08.26:923][106]LogModuleManager: Shutting down and abandoning module MobileLauncherProfileWizard (294)
[2017.09.05-01.08.26:923][106]LogModuleManager: Shutting down and abandoning module VisualStudioSourceCodeAccess (292)
[2017.09.05-01.08.26:923][106]LogModuleManager: Shutting down and abandoning module DesktopPlatform (291)
[2017.09.05-01.08.26:923][106]LogModuleManager: Shutting down and abandoning module UObjectPlugin (288)
[2017.09.05-01.08.26:923][106]LogModuleManager: Shutting down and abandoning module SubversionSourceControl (286)
[2017.09.05-01.08.26:923][106]LogModuleManager: Shutting down and abandoning module PerforceSourceControl (284)
[2017.09.05-01.08.26:923][106]LogModuleManager: Shutting down and abandoning module GitSourceControl (282)
[2017.09.05-01.08.26:923][106]LogModuleManager: Shutting down and abandoning module SourceControl (281)
[2017.09.05-01.08.26:924][106]LogModuleManager: Shutting down and abandoning module LightPropagationVolumeEditor (278)
[2017.09.05-01.08.26:924][106]LogModuleManager: Shutting down and abandoning module PaperTiledImporter (276)
[2017.09.05-01.08.26:924][106]LogModuleManager: Shutting down and abandoning module PaperSpriteSheetImporter (274)
[2017.09.05-01.08.26:924][106]LogModuleManager: Shutting down and abandoning module Paper2DEditor (272)
[2017.09.05-01.08.26:924][106]LogModuleManager: Shutting down and abandoning module MeshPaint (271)
[2017.09.05-01.08.26:924][106]LogModuleManager: Shutting down and abandoning module LevelEditor (269)
[2017.09.05-01.08.26:925][106]LogModuleManager: Shutting down and abandoning module PixelInspectorModule (268)
[2017.09.05-01.08.26:925][106]LogModuleManager: Shutting down and abandoning module MainFrame (266)
[2017.09.05-01.08.26:925][106]LogModuleManager: Shutting down and abandoning module HotReload (265)
[2017.09.05-01.08.26:925][106]LogDirectoryWatcher: A directory notification for 'C:/Users/croch/Documents/Unreal Projects/SwordVR/Plugins/Marketplace/RunebergVRPlugin-master/Plugins/RunebergVRPlugin/Binaries/Win64' was aborted.
[2017.09.05-01.08.26:926][106]LogModuleManager: Shutting down and abandoning module RuntimePhysXCooking (260)
[2017.09.05-01.08.26:926][106]LogModuleManager: Shutting down and abandoning module PhysXVehiclesEditor (258)
[2017.09.05-01.08.26:926][106]LogModuleManager: Shutting down and abandoning module PhysXVehicles (256)
[2017.09.05-01.08.26:926][106]LogModuleManager: Shutting down and abandoning module OculusEditor (254)
[2017.09.05-01.08.26:926][106]LogModuleManager: Shutting down and abandoning module LocationServicesBPLibrary (252)
[2017.09.05-01.08.26:926][106]LogModuleManager: Shutting down and abandoning module ImmediatePhysicsEditor (250)
[2017.09.05-01.08.26:926][106]LogModuleManager: Shutting down and abandoning module ImmediatePhysics (248)
[2017.09.05-01.08.26:926][106]LogModuleManager: Shutting down and abandoning module UdpMessaging (246)
[2017.09.05-01.08.27:028][106]LogModuleManager: Shutting down and abandoning module TcpMessaging (244)
[2017.09.05-01.08.27:128][106]LogModuleManager: Shutting down and abandoning module GameplayTagsEditor (242)
[2017.09.05-01.08.27:128][106]LogModuleManager: Shutting down and abandoning module FacialAnimationEditor (240)
[2017.09.05-01.08.27:128][106]LogModuleManager: Shutting down and abandoning module FacialAnimation (238)
[2017.09.05-01.08.27:128][106]LogModuleManager: Shutting down and abandoning module AssetManagerEditor (236)
[2017.09.05-01.08.27:128][106]LogModuleManager: Shutting down and abandoning module GraphEditor (235)
[2017.09.05-01.08.27:128][106]LogModuleManager: Shutting down and abandoning module ContentBrowser (233)
[2017.09.05-01.08.27:133][106]LogModuleManager: Shutting down and abandoning module LightPropagationVolumeRuntime (230)
[2017.09.05-01.08.27:133][106]LogModuleManager: Shutting down and abandoning module Paper2D (228)
[2017.09.05-01.08.27:133][106]LogModuleManager: Shutting down and abandoning module WindowsMoviePlayer (226)
[2017.09.05-01.08.27:134][106]LogModuleManager: Shutting down and abandoning module WmfMedia (224)
[2017.09.05-01.08.27:140][106]LogModuleManager: Shutting down and abandoning module PacketHandler (222)
[2017.09.05-01.08.27:141][106]LogModuleManager: Shutting down and abandoning module ClothingSystemEditor (220)
[2017.09.05-01.08.27:141][106]LogModuleManager: Shutting down and abandoning module ClothingSystemRuntime (218)
[2017.09.05-01.08.27:141][106]LogModuleManager: Shutting down and abandoning module Overlay (216)
[2017.09.05-01.08.27:141][106]LogModuleManager: Shutting down and abandoning module OverlayEditor (215)
[2017.09.05-01.08.27:141][106]LogModuleManager: Shutting down and abandoning module MediaAssets (212)
[2017.09.05-01.08.27:141][106]LogModuleManager: Shutting down and abandoning module VREditor (210)
[2017.09.05-01.08.27:142][106]LogModuleManager: Shutting down and abandoning module StringTableEditor (208)
[2017.09.05-01.08.27:142][106]LogModuleManager: Shutting down and abandoning module GameplayTasksEditor (206)
[2017.09.05-01.08.27:142][106]LogModuleManager: Shutting down and abandoning module BehaviorTreeEditor (204)
[2017.09.05-01.08.27:142][106]LogModuleManager: Shutting down and abandoning module FunctionalTesting (202)
[2017.09.05-01.08.27:142][106]LogModuleManager: Shutting down and abandoning module CollisionAnalyzer (200)
[2017.09.05-01.08.27:142][106]LogModuleManager: Shutting down and abandoning module WorkspaceMenuStructure (199)
[2017.09.05-01.08.27:142][106]LogModuleManager: Shutting down and abandoning module UMG (196)
[2017.09.05-01.08.27:142][106]LogModuleManager: Shutting down and abandoning module UMGEditor (195)
[2017.09.05-01.08.27:142][106]LogModuleManager: Shutting down and abandoning module Sequencer (194)
[2017.09.05-01.08.27:142][106]LogModuleManager: Shutting down and abandoning module MessageLog (191)
[2017.09.05-01.08.27:142][106]LogModuleManager: Shutting down and abandoning module SlateReflector (186)
[2017.09.05-01.08.27:142][106]LogModuleManager: Shutting down and abandoning module Slate (184)
[2017.09.05-01.08.27:142][106]LogModuleManager: Shutting down and abandoning module EditorStyle (182)
[2017.09.05-01.08.27:147][106]LogModuleManager: Shutting down and abandoning module MRMesh (180)
[2017.09.05-01.08.27:147][106]LogModuleManager: Shutting down and abandoning module SourceCodeAccess (178)
[2017.09.05-01.08.27:147][106]LogModuleManager: Shutting down and abandoning module HeadMountedDisplay (176)
[2017.09.05-01.08.27:147][106]LogModuleManager: Shutting down and abandoning module XAudio2 (174)
[2017.09.05-01.08.27:147][106]LogModuleManager: Shutting down and abandoning module Networking (172)
[2017.09.05-01.08.27:148][106]LogModuleManager: Shutting down and abandoning module Core (168)
[2017.09.05-01.08.27:148][106]LogModuleManager: Shutting down and abandoning module KismetCompiler (164)
[2017.09.05-01.08.27:148][106]LogModuleManager: Shutting down and abandoning module LevelSequence (162)
[2017.09.05-01.08.27:148][106]LogModuleManager: Shutting down and abandoning module MeshUtilities (160)
[2017.09.05-01.08.27:148][106]LogModuleManager: Shutting down and abandoning module MeshMergeUtilities (159)
[2017.09.05-01.08.27:148][106]LogModuleManager: Shutting down and abandoning module MeshReductionInterface (158)
[2017.09.05-01.08.27:148][106]LogModuleManager: Shutting down and abandoning module SimplygonSwarm (157)
[2017.09.05-01.08.27:148][106]LogModuleManager: Shutting down and abandoning module SimplygonMeshReduction (155)
[2017.09.05-01.08.27:148][106]LogModuleManager: Shutting down and abandoning module QuadricMeshReduction (153)
[2017.09.05-01.08.27:148][106]LogModuleManager: Shutting down and abandoning module MaterialBaking (149)
[2017.09.05-01.08.27:148][106]LogModuleManager: Shutting down and abandoning module DirectoryWatcher (146)
[2017.09.05-01.08.27:155][106]LogModuleManager: Shutting down and abandoning module DerivedDataCache (144)
[2017.09.05-01.08.27:178][106]LogDerivedDataCache: Shutdown
[2017.09.05-01.08.27:179][106]LogModuleManager: Shutting down and abandoning module TargetPlatform (142)
[2017.09.05-01.08.27:179][106]LogModuleManager: Shutting down and abandoning module VulkanShaderFormat (141)
[2017.09.05-01.08.27:179][106]LogModuleManager: Shutting down and abandoning module ShaderFormatVectorVM (139)
[2017.09.05-01.08.27:179][106]LogModuleManager: Shutting down and abandoning module ShaderFormatOpenGL (137)
[2017.09.05-01.08.27:179][106]LogModuleManager: Shutting down and abandoning module ShaderFormatD3D (135)
[2017.09.05-01.08.27:179][106]LogModuleManager: Shutting down and abandoning module MetalShaderFormat (133)
[2017.09.05-01.08.27:179][106]LogModuleManager: Shutting down and abandoning module TextureFormatUncompressed (131)
[2017.09.05-01.08.27:179][106]LogModuleManager: Shutting down and abandoning module TextureFormatPVR (129)
[2017.09.05-01.08.27:179][106]LogModuleManager: Shutting down and abandoning module TextureFormatDXT (127)
[2017.09.05-01.08.27:179][106]LogModuleManager: Shutting down and abandoning module TextureFormatIntelISPCTexComp (125)
[2017.09.05-01.08.27:180][106]LogModuleManager: Shutting down and abandoning module TextureFormatASTC (123)
[2017.09.05-01.08.27:180][106]LogModuleManager: Shutting down and abandoning module ImageWrapper (122)
[2017.09.05-01.08.27:180][106]LogModuleManager: Shutting down and abandoning module TextureFormatAndroid (119)
[2017.09.05-01.08.27:180][106]LogModuleManager: Shutting down and abandoning module AudioFormatOpus (117)
[2017.09.05-01.08.27:180][106]LogModuleManager: Shutting down and abandoning module AudioFormatOgg (115)
[2017.09.05-01.08.27:180][106]LogModuleManager: Shutting down and abandoning module AudioFormatADPCM (113)
[2017.09.05-01.08.27:180][106]LogModuleManager: Shutting down and abandoning module LinuxTargetPlatform (111)
[2017.09.05-01.08.27:180][106]LogModuleManager: Shutting down and abandoning module LinuxServerTargetPlatform (109)
[2017.09.05-01.08.27:180][106]LogModuleManager: Shutting down and abandoning module LinuxNoEditorTargetPlatform (107)
[2017.09.05-01.08.27:180][106]LogModuleManager: Shutting down and abandoning module LinuxClientTargetPlatform (105)
[2017.09.05-01.08.27:180][106]LogModuleManager: Shutting down and abandoning module TVOSTargetPlatform (103)
[2017.09.05-01.08.27:180][106]LogModuleManager: Shutting down and abandoning module Messaging (101)
[2017.09.05-01.08.27:180][106]LogModuleManager: Shutting down and abandoning module IOSTargetPlatform (99)
[2017.09.05-01.08.27:180][106]LogModuleManager: Shutting down and abandoning module HTML5TargetPlatform (97)
[2017.09.05-01.08.27:180][106]LogModuleManager: Shutting down and abandoning module Android_PVRTCTargetPlatform (95)
[2017.09.05-01.08.27:180][106]LogModuleManager: Shutting down and abandoning module Android_MultiTargetPlatform (93)
[2017.09.05-01.08.27:180][106]LogModuleManager: Shutting down and abandoning module Android_ETC2TargetPlatform (91)
[2017.09.05-01.08.27:180][106]LogModuleManager: Shutting down and abandoning module Android_ETC1TargetPlatform (89)
[2017.09.05-01.08.27:180][106]LogModuleManager: Shutting down and abandoning module Android_DXTTargetPlatform (87)
[2017.09.05-01.08.27:180][106]LogModuleManager: Shutting down and abandoning module Android_ATCTargetPlatform (85)
[2017.09.05-01.08.27:180][106]LogModuleManager: Shutting down and abandoning module Android_ASTCTargetPlatform (83)
[2017.09.05-01.08.27:180][106]LogModuleManager: Shutting down and abandoning module AndroidTargetPlatform (81)
[2017.09.05-01.08.27:180][106]LogModuleManager: Shutting down and abandoning module WindowsTargetPlatform (79)
[2017.09.05-01.08.27:180][106]LogModuleManager: Shutting down and abandoning module WindowsServerTargetPlatform (77)
[2017.09.05-01.08.27:180][106]LogModuleManager: Shutting down and abandoning module WindowsNoEditorTargetPlatform (75)
[2017.09.05-01.08.27:180][106]LogModuleManager: Shutting down and abandoning module WindowsClientTargetPlatform (73)
[2017.09.05-01.08.27:180][106]LogModuleManager: Shutting down and abandoning module MacTargetPlatform (71)
[2017.09.05-01.08.27:180][106]LogModuleManager: Shutting down and abandoning module MacServerTargetPlatform (69)
[2017.09.05-01.08.27:180][106]LogModuleManager: Shutting down and abandoning module MacNoEditorTargetPlatform (67)
[2017.09.05-01.08.27:181][106]LogModuleManager: Shutting down and abandoning module MacClientTargetPlatform (65)
[2017.09.05-01.08.27:181][106]LogModuleManager: Shutting down and abandoning module AllDesktopTargetPlatform (63)
[2017.09.05-01.08.27:181][106]LogModuleManager: Shutting down and abandoning module InputCore (60)
[2017.09.05-01.08.27:181][106]LogModuleManager: Shutting down and abandoning module Settings (58)
[2017.09.05-01.08.27:181][106]LogModuleManager: Shutting down and abandoning module PhysXCooking (56)
[2017.09.05-01.08.27:181][106]LogModuleManager: Shutting down and abandoning module SteamVR (54)
[2017.09.05-01.08.27:181][106]LogModuleManager: Shutting down and abandoning module OculusHMD (52)
[2017.09.05-01.08.27:181][106]LogModuleManager: Shutting down and abandoning module ExampleDeviceProfileSelector (50)
[2017.09.05-01.08.27:181][106]LogModuleManager: Shutting down and abandoning module OnlineBlueprintSupport (48)
[2017.09.05-01.08.27:181][106]LogModuleManager: Shutting down and abandoning module OnlineSubsystem (44)
[2017.09.05-01.08.27:181][106]LogOnline: Display: Unloading online subsystem: NULL
[2017.09.05-01.08.27:181][106]LogModuleManager: Shutting down and abandoning module XMPP (43)
[2017.09.05-01.08.27:181][106]LogModuleManager: Shutting down and abandoning module HTTP (41)
[2017.09.05-01.08.27:181][106]LogHttp: Display: Http module shutting down, but needs to wait on 1 outstanding Http requests:
[2017.09.05-01.08.27:181][106]LogHttp: Display: 	verb=[POST] url=[https://datarouter.ol.epicgames.com/datarouter/api/v1/public/data?SessionID=%7B55AD6D6F-475C-7AC2-B214-5780349B1B57%7D&AppID=UEEditor.Rocket.Release&AppVersion=4.17.1-3586342%2B%2B%2BUE4%2BRelease-4.17&UserID=c19455da4e9942465a9434b53fdba419%7Cd8e1cdd51d1c479f8a85754926729c65%7C107367ae-b7ca-4457-9e4d-cb26e87773d6&AppEnvironment=datacollector-binary&UploadType=eteventstream] status=Processing
[2017.09.05-01.08.27:220][106]LogModuleManager: Shutting down and abandoning module SSL (40)
[2017.09.05-01.08.27:222][106]LogModuleManager: Shutting down and abandoning module AnimationModifiers (36)
[2017.09.05-01.08.27:222][106]LogModuleManager: Shutting down and abandoning module PropertyEditor (35)
[2017.09.05-01.08.27:223][106]LogModuleManager: Shutting down and abandoning module AudioEditor (32)
[2017.09.05-01.08.27:223][106]LogModuleManager: Shutting down and abandoning module TextureCompressor (30)
[2017.09.05-01.08.27:223][106]LogModuleManager: Shutting down and abandoning module ShaderCore (28)
[2017.09.05-01.08.27:223][106]LogModuleManager: Shutting down and abandoning module Landscape (26)
[2017.09.05-01.08.27:223][106]LogModuleManager: Shutting down and abandoning module SlateRHIRenderer (24)
[2017.09.05-01.08.27:229][106]LogModuleManager: Shutting down and abandoning module OpenGLDrv (22)
[2017.09.05-01.08.27:229][106]LogModuleManager: Shutting down and abandoning module D3D11RHI (20)
[2017.09.05-01.08.27:229][106]LogModuleManager: Shutting down and abandoning module AnimGraphRuntime (18)
[2017.09.05-01.08.27:229][106]LogModuleManager: Shutting down and abandoning module Renderer (16)
[2017.09.05-01.08.27:229][106]LogModuleManager: Shutting down and abandoning module Engine (14)
[2017.09.05-01.08.27:229][106]LogModuleManager: Shutting down and abandoning module CoreUObject (12)
[2017.09.05-01.08.27:229][106]LogModuleManager: Shutting down and abandoning module NetworkFile (10)
[2017.09.05-01.08.27:229][106]LogModuleManager: Shutting down and abandoning module CookedIterativeFile (8)
[2017.09.05-01.08.27:229][106]LogModuleManager: Shutting down and abandoning module StreamingFile (6)
[2017.09.05-01.08.27:229][106]LogModuleManager: Shutting down and abandoning module SandboxFile (4)
[2017.09.05-01.08.27:229][106]LogModuleManager: Shutting down and abandoning module PakFile (2)
[2017.09.05-01.08.27:239][106]LogExit: Exiting.
[2017.09.05-01.08.27:272][106]Log file closed, 09/04/17 21:08:27
