Log file open, 08/27/17 17:06:11
LogInit:Display: Running engine for game: SwordVR
LogPlatformFile: Not using cached read wrapper
LogInit:Display: RandInit(2044997207) SRandInit(2044997207).
LogTaskGraph: Started task graph with 5 named threads and 8 total threads with 1 sets of task threads.
LogStats: Stats thread started at 0.105176
LogInit: Using libcurl 7.47.1
LogInit:  - built for x86_64-pc-win32
LogInit:  - supports SSL with OpenSSL/1.0.2g
LogInit:  - supports HTTP deflate (compression) using libz 1.2.8
LogInit:  - other features:
LogInit:      CURL_VERSION_SSL
LogInit:      CURL_VERSION_LIBZ
LogInit:      CURL_VERSION_IPV6
LogInit:      CURL_VERSION_ASYNCHDNS
LogInit:      CURL_VERSION_LARGEFILE
LogInit:      CURL_VERSION_IDN
LogInit:  CurlRequestOptions (configurable via config and command line):
LogInit:  - bVerifyPeer = false  - Libcurl will NOT verify peer certificate
LogInit:  - bUseHttpProxy = false  - Libcurl will NOT use HTTP proxy
LogInit:  - bDontReuseConnections = false  - Libcurl will reuse connections
LogInit:  - CertBundlePath = nullptr  - Libcurl will use whatever was configured at build time.
LogInit: Build: ++UE4+Release-4.16-CL-3561208
LogInit: Engine Version: 4.16.3-3561208+++UE4+Release-4.16
LogInit: Compatible Engine Version: 4.16.0-3452394+++UE4+Release-4.16
LogInit: Net CL: 3452394
LogDevObjectVersion: Number of dev versions registered: 16
LogDevObjectVersion:   Dev-Blueprints (B0D832E4-1F89-4F0D-ACCF-7EB736FD4AA2): 9
LogDevObjectVersion:   Dev-Build (E1C64328-A22C-4D53-A36C-8E866417BD8C): 0
LogDevObjectVersion:   Dev-Core (375EC13C-06E4-48FB-B500-84F0262A717E): 2
LogDevObjectVersion:   Dev-Editor (E4B068ED-F494-42E9-A231-DA0B2E46BB41): 17
LogDevObjectVersion:   Dev-Framework (CFFC743F-43B0-4480-9391-14DF171D2073): 23
LogDevObjectVersion:   Dev-Mobile (B02B49B5-BB20-44E9-A304-32B752E40360): 0
LogDevObjectVersion:   Dev-Networking (A4E4105C-59A1-49B5-A7C5-40C4547EDFEE): 0
LogDevObjectVersion:   Dev-Online (39C831C9-5AE6-47DC-9A44-9C173E1C8E7C): 0
LogDevObjectVersion:   Dev-Physics (78F01B33-EBEA-4F98-B9B4-84EACCB95AA2): 0
LogDevObjectVersion:   Dev-Platform (6631380F-2D4D-43E0-8009-CF276956A95A): 0
LogDevObjectVersion:   Dev-Rendering (12F88B9F-8875-4AFC-A67C-D90C383ABD29): 15
LogDevObjectVersion:   Dev-Sequencer (7B5AE74C-D270-4C10-A958-57980B212A5A): 4
LogDevObjectVersion:   Dev-VR (D7296918-1DD6-4BDD-9DE2-64A83CC13884): 0
LogDevObjectVersion:   Dev-LoadTimes (C2A15278-BFE7-4AFE-6C17-90FF531DF755): 1
LogDevObjectVersion:   Private-Geometry (6EACA3D4-40EC-4CC1-B786-8BED09428FC5): 1
LogDevObjectVersion:   Dev-AnimPhys (29E575DD-E0A3-4627-9D10-D276232CDCEA): 3
LogInit: Compiled (64-bit): Jul 28 2017 11:49:47
LogInit: Compiled with Visual C++: 19.00.24215.01
LogInit: Build Configuration: Development
LogInit: Branch Name: ++UE4+Release-4.16
LogInit: Command line: -EpicPortal
LogInit: Base directory: C:/Program Files/Epic Games/UE_4.16/Engine/Binaries/Win64/
LogInit: Installed Engine Build: 1
LogInit: Presizing for max 8388607 objects, including 0 objects not considered by GC, pre-allocating 0 bytes for permanent pool.
LogInit: Object subsystem initialized
[2017.08.27-21.06.11:523][  0]LogInit: Selected Device Profile: [Windows]
[2017.08.27-21.06.11:523][  0]LogInit: Applying CVar settings loaded from the selected device profile: [Windows]
[2017.08.27-21.06.11:548][  0]LogInit: Computer: DESKTOP-SIJTC7B
[2017.08.27-21.06.11:548][  0]LogInit: User: croch
[2017.08.27-21.06.11:548][  0]LogInit: CPU Page size=4096, Cores=4
[2017.08.27-21.06.11:548][  0]LogInit: High frequency timer resolution =2.533208 MHz
[2017.08.27-21.06.11:548][  0]LogMemory: Memory total: Physical=15.9GB (16GB approx)
[2017.08.27-21.06.11:548][  0]LogMemory: Platform Memory Stats for Windows
[2017.08.27-21.06.11:548][  0]LogMemory: Process Physical Memory: 273.77 MB used, 273.77 MB peak
[2017.08.27-21.06.11:548][  0]LogMemory: Process Virtual Memory: 261.29 MB used, 261.29 MB peak
[2017.08.27-21.06.11:548][  0]LogMemory: Physical Memory: 6927.64 MB used,  9379.39 MB free, 16307.03 MB total
[2017.08.27-21.06.11:548][  0]LogMemory: Virtual Memory: 676.52 MB used,  9379.39 MB free, 134217728.00 MB total
[2017.08.27-21.06.11:636][  0]LogInit: Using OS detected language (en-US).
[2017.08.27-21.06.11:636][  0]LogInit: Using OS detected locale (en-US).
[2017.08.27-21.06.11:639][  0]LogTextLocalizationManager: No specific localization for 'en-US' exists, so the 'en' localization will be used.
[2017.08.27-21.06.14:726][  0]LogD3D11RHI: D3D11 adapters:
[2017.08.27-21.06.15:337][  0]LogD3D11RHI:    0. 'NVIDIA GeForce GTX 970M' (Feature Level 11_0)
[2017.08.27-21.06.15:337][  0]LogD3D11RHI:       3040/0/8153 MB DedicatedVideo/DedicatedSystem/SharedSystem, Outputs:1, VendorId:0x10de
[2017.08.27-21.06.15:342][  0]LogD3D11RHI:    1. 'Intel(R) HD Graphics 4600' (Feature Level 11_0)
[2017.08.27-21.06.15:342][  0]LogD3D11RHI:       112/0/2048 MB DedicatedVideo/DedicatedSystem/SharedSystem, Outputs:0, VendorId:0x8086
[2017.08.27-21.06.15:344][  0]LogD3D11RHI:    2. 'Microsoft Basic Render Driver' (Feature Level 11_0)
[2017.08.27-21.06.15:344][  0]LogD3D11RHI:       0/0/8153 MB DedicatedVideo/DedicatedSystem/SharedSystem, Outputs:0, VendorId:0x1414
[2017.08.27-21.06.15:344][  0]LogD3D11RHI: Chosen D3D11 Adapter: 0
[2017.08.27-21.06.15:352][  0]LogD3D11RHI: Creating new Direct3DDevice
[2017.08.27-21.06.15:352][  0]LogD3D11RHI:     GPU DeviceId: 0x13d8 (for the marketing name, search the web for "GPU Device Id")
[2017.08.27-21.06.15:352][  0]LogWindows: EnumDisplayDevices:
[2017.08.27-21.06.15:352][  0]LogWindows:    0. 'Intel(R) HD Graphics 4600' (P:1 D:1)
[2017.08.27-21.06.15:352][  0]LogWindows:    1. 'Intel(R) HD Graphics 4600' (P:0 D:0)
[2017.08.27-21.06.15:352][  0]LogWindows:    2. 'Intel(R) HD Graphics 4600' (P:0 D:0)
[2017.08.27-21.06.15:352][  0]LogWindows: DebugString: GetVideoDriverDetailsInvalid PrimaryIsNotTheChoosenAdapter GetVideoDriverDetailsInvalid PrimaryIsNotTheChoosenAdapter GetVideoDriverDetailsInvalid PrimaryIsNotTheChoosenAdapter FoundDriverCount:0 
[2017.08.27-21.06.15:352][  0]LogD3D11RHI:     Adapter Name: NVIDIA GeForce GTX 970M
[2017.08.27-21.06.15:352][  0]LogD3D11RHI:   Driver Version: Unknown (internal:Unknown, unified:Unknown)
[2017.08.27-21.06.15:352][  0]LogD3D11RHI:      Driver Date: Unknown
[2017.08.27-21.06.15:352][  0]LogRHI: Texture pool is 1361 MB (70% of 1945 MB)
[2017.08.27-21.06.15:933][  0]LogD3D11RHI: Async texture creation enabled
[2017.08.27-21.06.15:974][  0]LogD3D11RHI: GPU Timing Frequency: 1000.000000 (Debug: 2 1)
[2017.08.27-21.06.15:975][  0]LogShaderCompilers: Guid format shader working directory is -18 characters bigger than the processId version (../../../../../../Users/croch/Documents/Unreal Projects/SwordVR/Intermediate/Shaders/WorkingDirectory/27604/).
[2017.08.27-21.06.15:975][  0]LogShaderCompilers: Cleaned the shader compiler working directory 'C:/Users/croch/AppData/Local/Temp/UnrealShaderWorkingDir/76CD6A764E9B66E71E9945BE33C78B99/'.
[2017.08.27-21.06.15:975][  0]LogShaderCompilers:Display: Using Local Shader Compiler.
[2017.08.27-21.06.17:143][  0]LogTemp:Display: Loaded TP AllDesktopTargetPlatform
[2017.08.27-21.06.17:203][  0]LogTemp:Display: Loaded TP MacClientTargetPlatform
[2017.08.27-21.06.17:262][  0]LogTemp:Display: Loaded TP MacNoEditorTargetPlatform
[2017.08.27-21.06.17:320][  0]LogTemp:Display: Loaded TP MacServerTargetPlatform
[2017.08.27-21.06.17:386][  0]LogTemp:Display: Loaded TP MacTargetPlatform
[2017.08.27-21.06.17:444][  0]LogTemp:Display: Loaded TP WindowsClientTargetPlatform
[2017.08.27-21.06.17:502][  0]LogTemp:Display: Loaded TP WindowsNoEditorTargetPlatform
[2017.08.27-21.06.17:562][  0]LogTemp:Display: Loaded TP WindowsServerTargetPlatform
[2017.08.27-21.06.17:611][  0]LogTemp:Display: Loaded TP WindowsTargetPlatform
[2017.08.27-21.06.17:667][  0]LogTemp:Display: Loaded TP AndroidTargetPlatform
[2017.08.27-21.06.17:720][  0]LogTemp:Display: Loaded TP Android_ASTCTargetPlatform
[2017.08.27-21.06.17:773][  0]LogTemp:Display: Loaded TP Android_ATCTargetPlatform
[2017.08.27-21.06.17:827][  0]LogTemp:Display: Loaded TP Android_DXTTargetPlatform
[2017.08.27-21.06.17:879][  0]LogTemp:Display: Loaded TP Android_ETC1TargetPlatform
[2017.08.27-21.06.17:932][  0]LogTemp:Display: Loaded TP Android_ETC2TargetPlatform
[2017.08.27-21.06.18:038][  0]LogTemp:Display: Loaded TP Android_MultiTargetPlatform
[2017.08.27-21.06.18:038][  0]LogTemp:Display: Loaded TP Android_PVRTCTargetPlatform
[2017.08.27-21.06.18:085][  0]LogTemp:Display: Loaded TP HTML5TargetPlatform
[2017.08.27-21.06.18:188][  0]LogTemp:Display: Loaded TP IOSTargetPlatform
[2017.08.27-21.06.18:221][  0]LogTemp:Display: Loaded TP TVOSTargetPlatform
[2017.08.27-21.06.18:273][  0]LogTemp:Display: Loaded TP LinuxClientTargetPlatform
[2017.08.27-21.06.18:326][  0]LogTemp:Display: Loaded TP LinuxNoEditorTargetPlatform
[2017.08.27-21.06.18:381][  0]LogTemp:Display: Loaded TP LinuxServerTargetPlatform
[2017.08.27-21.06.18:438][  0]LogTemp:Display: Loaded TP LinuxTargetPlatform
[2017.08.27-21.06.18:438][  0]LogTargetPlatformManager:Display: Building Assets For Windows
[2017.08.27-21.06.18:977][  0]LogDerivedDataCache:Display: Max Cache Size: 512 MB
[2017.08.27-21.06.19:054][  0]LogDerivedDataCache: Loaded boot cache 0.08s 90MB C:/Users/croch/AppData/Local/UnrealEngine/4.16/DerivedDataCache/Boot.ddc.
[2017.08.27-21.06.19:054][  0]LogDerivedDataCache:Display: Loaded Boot cache: C:/Users/croch/AppData/Local/UnrealEngine/4.16/DerivedDataCache/Boot.ddc
[2017.08.27-21.06.19:054][  0]LogDerivedDataCache: FDerivedDataBackendGraph:  Pak pak cache file ../../../../../../Users/croch/Documents/Unreal Projects/SwordVR/DerivedDataCache/DDC.ddp not found, will not use a pak cache.
[2017.08.27-21.06.19:054][  0]LogDerivedDataCache: Unable to find inner node Pak for hierarchical cache Hierarchy.
[2017.08.27-21.06.19:054][  0]LogDerivedDataCache: FDerivedDataBackendGraph:  CompressedPak pak cache file ../../../../../../Users/croch/Documents/Unreal Projects/SwordVR/DerivedDataCache/Compressed.ddp not found, will not use a pak cache.
[2017.08.27-21.06.19:054][  0]LogDerivedDataCache: Unable to find inner node CompressedPak for hierarchical cache Hierarchy.
[2017.08.27-21.06.19:076][  0]LogDerivedDataCache:Display: Pak cache opened for reading ../../../Engine/DerivedDataCache/Compressed.ddp.
[2017.08.27-21.06.19:088][  0]LogDerivedDataCache: Using Local data cache path C:/Users/croch/AppData/Local/UnrealEngine/Common/DerivedDataCache: Writable
[2017.08.27-21.06.19:097][  0]LogMaterial: Verifying Global Shaders for PCD3D_SM5
[2017.08.27-21.06.19:098][  0]LogSlate: Using Freetype 2.6.0
[2017.08.27-21.06.19:098][  0]LogSlate: SlateFontCache - WITH_FREETYPE: 1, WITH_HARFBUZZ: 1
[2017.08.27-21.06.19:098][  0]LogSlate: SlateFontCache - WITH_FREETYPE: 1, WITH_HARFBUZZ: 1
[2017.08.27-21.06.19:419][  0]LogInit: Selected Device Profile: [Windows]
[2017.08.27-21.06.19:484][  0]LogContentStreaming: Texture pool size is 0.00 MB
[2017.08.27-21.06.19:652][  0]LogMeshUtilities: Using QuadricMeshReduction for automatic static mesh reduction
[2017.08.27-21.06.19:700][  0]LogSimplygon: Simplygon DLL not present - disabling.
[2017.08.27-21.06.19:751][  0]LogMeshUtilities: Using SimplygonSwarm for distributed automatic mesh merging
[2017.08.27-21.06.19:751][  0]LogMeshUtilities: No automatic skeletal mesh reduction module available
[2017.08.27-21.06.19:751][  0]LogMeshUtilities: No automatic mesh merging module available
[2017.08.27-21.06.20:325][  0]LogNetVersion: SwordVR , NetCL: 3452394, EngineNetVer: 2, GameNetVer: 0 (Checksum: 1496206902)
[2017.08.27-21.06.20:391][  0]LogAssetRegistry: FAssetRegistry took 0.0257 seconds to start up
[2017.08.27-21.06.20:484][  0]LogPackageLocalizationCache: Processed 6 localized package path(s) for 2 prioritized culture(s) in 0.068101 seconds
[2017.08.27-21.06.20:490][  0]LogUObjectArray: 34194 objects as part of root set at end of initial load.
[2017.08.27-21.06.20:490][  0]LogUObjectAllocator: 7260424 out of 0 bytes used by permanent object pool.
[2017.08.27-21.06.20:490][  0]LogUObjectArray: CloseDisregardForGC: 0/0 objects in disregard for GC pool
[2017.08.27-21.06.20:560][  0]LogInit: WinSock: version 1.1 (2.2), MaxSocks=32767, MaxUdp=65467
[2017.08.27-21.06.24:584][  0]LogTcpMessaging: Initializing TcpMessaging bridge
[2017.08.27-21.06.24:627][  0]LogUdpMessaging: Initializing bridge on interface 0.0.0.0:0 to multicast group 230.0.0.1:6666.
[2017.08.27-21.06.25:223][  0]LogMaterial: Uniform references updated for custom material expression Custom.
[2017.08.27-21.06.25:644][  0]SourceControl: Info Source control is disabled
[2017.08.27-21.06.25:708][  0]SourceControl: Info Source control is disabled
[2017.08.27-21.06.25:768][  0]SourceControl: Info Source control is disabled
[2017.08.27-21.06.25:819][  0]SourceControl: Info Source control is disabled
[2017.08.27-21.06.26:583][  0]LogAndroidPermission: UAndroidPermissionCallbackProxy::GetInstance
[2017.08.27-21.06.27:358][  0]LogEngine: Initializing Engine...
[2017.08.27-21.06.27:359][  0]LogHMD: Failed to initialize OpenVR with code 110
[2017.08.27-21.06.27:534][  0]LogStats: UGameplayTagsManager::ConstructGameplayTagTree: Construct from data asset -  0.000 s
[2017.08.27-21.06.27:535][  0]LogStats: UGameplayTagsManager::ConstructGameplayTagTree: GameplayTagTreeChangedEvent.Broadcast -  0.000 s
[2017.08.27-21.06.27:674][  0]LogAIModule: Creating AISystem for world Untitled
[2017.08.27-21.06.27:679][  0]LogInit: XAudio2 using 'Speakers (High Definition Audio Device)' : 2 channels at 48 kHz using 16 bits per sample (channel mask 0x3)
[2017.08.27-21.06.27:691][  0]LogInit: FAudioDevice initialized.
[2017.08.27-21.06.27:733][  0]LogDerivedDataCache: Saved boot cache 0.04s 90MB C:/Users/croch/AppData/Local/UnrealEngine/4.16/DerivedDataCache/Boot.ddc.
[2017.08.27-21.06.27:744][  0]LogInit: Texture streaming: Enabled
[2017.08.27-21.06.27:852][  0]LogEngineSessionManager: EngineSessionManager initialized
[2017.08.27-21.06.27:852][  0]LogEngineSessionManager: EngineSessionManager sent abnormal shutdown report. Type=Crashed, SessionId={87A2B7D8-4770-5669-9C6B-85B0B2B6E4D1}
[2017.08.27-21.06.28:097][  0]LogInit: Transaction tracking system initialized
[2017.08.27-21.06.28:433][  0]BlueprintLog: New page: Editor Load
[2017.08.27-21.06.29:459][  0]LocalizationService: Info Localization service is disabled
[2017.08.27-21.06.30:199][  0]LogConsoleResponse:Display: 
[2017.08.27-21.06.30:347][  0]LogCook:Display: Max memory allowance for cook 16384mb min free memory 0mb
[2017.08.27-21.06.30:347][  0]LogCook:Display: Mobile HDR setting 1
[2017.08.27-21.06.31:444][  0]LogFileCache: Scanning file cache for directory 'C:/Users/croch/Documents/Unreal Projects/SwordVR/Content/' took 0.02s
[2017.08.27-21.06.31:495][  0]SourceControl: Info Source control is disabled
[2017.08.27-21.06.31:495][  0]Cmd: MAP LOAD FILE="../../../Engine/Content/Maps/Templates/Template_Default.umap" TEMPLATE=1 SHOWPROGRESS=1 FEATURELEVEL=3
[2017.08.27-21.06.31:499][  0]LightingResults: New page: Lighting Build
[2017.08.27-21.06.31:543][  0]MapCheck: New page: Map Check
[2017.08.27-21.06.31:543][  0]LightingResults: New page: Lighting Build
[2017.08.27-21.06.31:728][  0]LogAIModule: Creating AISystem for world Untitled_1
[2017.08.27-21.06.31:729][  0]LogActorComponent: RegisterComponentWithWorld: (/Temp/Untitled_1.Untitled_1:PersistentLevel.WorldSettings_1.StaticMeshComponent0) Trying to register component with IsPendingKill() == true. Aborting.
[2017.08.27-21.06.31:733][  0]LogEditorServer: Finished looking for orphan Actors (0.000 secs)
[2017.08.27-21.06.31:746][  0]Cmd: MAP CHECKDEP NOCLEARLOG
[2017.08.27-21.06.31:797][  0]MapCheck: Info Map check complete: 0 Error(s), 0 Warning(s), took 51.088ms to complete.
[2017.08.27-21.06.31:797][  0]LogFileHelpers: Loading map 'Template_Default' took 0.302
[2017.08.27-21.06.31:867][  0]LogWindowsTextInputMethodSystem:Display: IME system now deactivated.
[2017.08.27-21.06.31:867][  0]LogWindowsTextInputMethodSystem:Display: IME system now deactivated.
[2017.08.27-21.06.32:004][  0]LogCollectionManager: Loaded 0 collections in 0.001226 seconds
[2017.08.27-21.06.32:088][  0]LogFileCache: Scanning file cache for directory 'C:/Users/croch/Documents/Unreal Projects/SwordVR/Saved/Collections/' took 0.01s
[2017.08.27-21.06.32:088][  0]LogFileCache: Scanning file cache for directory 'C:/Users/croch/Documents/Unreal Projects/SwordVR/Content/Developers/croch/Collections/' took 0.01s
[2017.08.27-21.06.32:088][  0]LogFileCache: Scanning file cache for directory 'C:/Users/croch/Documents/Unreal Projects/SwordVR/Content/Collections/' took 0.01s
[2017.08.27-21.06.32:088][  0]LogCollectionManager: Rebuilt the GUID cache for 0 collections in 0.000002 seconds
[2017.08.27-21.06.32:098][  0]LogContentBrowser: Native class hierarchy populated in 0.0100 seconds. Added 2342 classes and 497 folders.
[2017.08.27-21.06.32:170][  0]LogContentBrowser: Native class hierarchy updated for 'WidgetCarousel' in 0.0006 seconds. Added 0 classes and 0 folders.
[2017.08.27-21.06.32:468][  0]LogContentBrowser: Native class hierarchy updated for 'AddContentDialog' in 0.0005 seconds. Added 0 classes and 0 folders.
[2017.08.27-21.06.32:514][  0]LogContentBrowser: Native class hierarchy updated for 'SceneOutliner' in 0.0006 seconds. Added 1 classes and 2 folders.
[2017.08.27-21.06.32:555][  0]LogCrashTracker: Crashtracker disabled due to settings.
[2017.08.27-21.06.32:561][  0]LogSlate: Took 0.000329 seconds to synchronously load lazily loaded font '../../../Engine/Content/Slate/Fonts/Roboto-Regular.ttf' (155K)
[2017.08.27-21.06.32:564][  0]LogSlate: Took 0.000287 seconds to synchronously load lazily loaded font '../../../Engine/Content/Slate/Fonts/Roboto-Bold.ttf' (160K)
[2017.08.27-21.06.32:573][  0]LogSlate: Took 0.004330 seconds to synchronously load lazily loaded font '../../../Engine/Content/Editor/Slate/Fonts/FontAwesome.ttf' (139K)
[2017.08.27-21.06.32:676][  0]LogRenderer: Reallocating scene render targets to support 804x340 NumSamples 1 (Frame:1).
[2017.08.27-21.06.32:786][  0]LogUObjectGlobals:Warning: Failed to find object 'Class None.'
[2017.08.27-21.06.32:862][  0]LogContentBrowser: Native class hierarchy updated for 'HierarchicalLODOutliner' in 0.0010 seconds. Added 1 classes and 2 folders.
[2017.08.27-21.06.32:862][  0]LogLoad: (Engine Initialization) Total time: 23.59 seconds
[2017.08.27-21.06.32:862][  0]LogLoad: (Engine Initialization) Total Blueprint compile time: 0.10 seconds
[2017.08.27-21.06.32:862][  0]LogExternalProfiler: No external profilers were discovered.  External profiling features will not be available.
[2017.08.27-21.06.32:881][  0]LogOcInput: OculusInput pre-init called
[2017.08.27-21.06.32:881][  0]LogHMD: Starting GearVRController plugin
[2017.08.27-21.06.32:897][  0]LogAssetRegistry: Asset discovery search completed in 12.5277 seconds
[2017.08.27-21.06.32:899][  0]LogCollectionManager: Rebuilt the object cache for 0 collections in 0.000000 seconds (found 0 objects)
[2017.08.27-21.06.32:899][  0]LogCollectionManager: Fixed up redirectors for 0 collections in 0.000029 seconds (updated 0 objects)
[2017.08.27-21.06.32:901][  0]LogContentStreaming: Texture pool size now 1000 MB
[2017.08.27-21.06.32:948][  0]LogSlate: Took 0.003443 seconds to synchronously load lazily loaded font '../../../Engine/Content/Slate/Fonts/Roboto-Light.ttf' (159K)
[2017.08.27-21.06.33:897][ 55]LogSlate: Took 0.000381 seconds to synchronously load lazily loaded font '../../../Engine/Content/Slate/Fonts/Roboto-Light.ttf' (159K)
[2017.08.27-21.06.39:054][363]LogLinker:Warning: Can't find file '/Game/HUD'
[2017.08.27-21.06.39:054][363]LogLinker:Warning: Can't find file for asset '/Game/HUD' while loading ../../../../../../Users/croch/Documents/Unreal Projects/SwordVR/Content/MyRunebergVR_Pawn.uasset.
[2017.08.27-21.06.39:054][363]LoadErrors:Error: Error /Game/MyRunebergVR_Pawn : Can't find file for asset. /Game/HUD
[2017.08.27-21.06.39:055][363]LogLinker:Warning: Can't find file '/Game/HUD'
[2017.08.27-21.06.39:055][363]LogLinker:Warning: Can't find file for asset '/Game/HUD' while loading ../../../../../../Users/croch/Documents/Unreal Projects/SwordVR/Content/MyRunebergVR_Pawn.uasset.
[2017.08.27-21.06.39:057][363]LogLinker:Warning: Can't find file '/Game/HUD'
[2017.08.27-21.06.39:057][363]LogLinker:Warning: Can't find file for asset '/Game/HUD' while loading NULL.
[2017.08.27-21.06.39:057][363]LogLinker:Warning: Can't find file '/Game/HUD'
[2017.08.27-21.06.39:057][363]LogLinker:Warning: Can't find file for asset '/Game/HUD' while loading NULL.
[2017.08.27-21.06.39:057][363]LogLinker:Warning: Can't find file '/Game/HUD'
[2017.08.27-21.06.39:057][363]LogLinker:Warning: Can't find file for asset '/Game/HUD' while loading NULL.
[2017.08.27-21.06.39:058][363]LogLinker:Warning: Can't find file '/Game/HUD'
[2017.08.27-21.06.39:058][363]LoadErrors: Info Failed to load /Game/HUD.HUD_C Referenced by MyRunebergVR_Pawn
[2017.08.27-21.06.39:058][363]LogLinker:Warning: Can't find file for asset '/Game/HUD' while loading NULL.
[2017.08.27-21.06.39:059][363]LogLinker:Warning: Can't find file '/Game/HUD'
[2017.08.27-21.06.39:059][363]LoadErrors: Info Failed to load /Game/HUD.HUD_C Referenced by K2Node_CreateWidget_0
[2017.08.27-21.06.39:059][363]LogLinker:Warning: Can't find file for asset '/Game/HUD' while loading NULL.
[2017.08.27-21.06.39:059][363]LogLinker:Warning: Can't find file '/Game/HUD'
[2017.08.27-21.06.39:060][363]LogLinker:Warning: Can't find file for asset '/Game/HUD' while loading NULL.
[2017.08.27-21.06.39:060][363]LogLinker:Warning: Can't find file '/Game/HUD'
[2017.08.27-21.06.39:060][363]LoadErrors: Info Failed to load /Game/HUD.HUD_C Referenced by K2Node_VariableSet_42
[2017.08.27-21.06.39:060][363]LogLinker:Warning: Can't find file for asset '/Game/HUD' while loading NULL.
[2017.08.27-21.06.39:060][363]LogLinker:Warning: Can't find file '/Game/HUD'
[2017.08.27-21.06.39:060][363]LogLinker:Warning: Can't find file for asset '/Game/HUD' while loading NULL.
[2017.08.27-21.06.39:064][363]LogBlueprint:Error: [Compiler MyRunebergVR_Pawn] Error Spawn node  Create Widget  must have a class specified.
[2017.08.27-21.06.39:069][363]LogBlueprint:Warning: [Compiler MyRunebergVR_Pawn] Warning [0029.80] Compile of MyRunebergVR_Pawn failed. 1 Fatal Issue(s) 0 Warning(s) [in 5 ms] (/Game/MyRunebergVR_Pawn.MyRunebergVR_Pawn)
[2017.08.27-21.06.39:069][363]LogBlueprint:Warning: [Compiler MyRunebergVR_Pawn] Warning [0029.80] Compile of MyRunebergVR_Pawn failed. 1 Fatal Issue(s) 1 Warning(s) [in 0 ms] (/Game/MyRunebergVR_Pawn.MyRunebergVR_Pawn)
[2017.08.27-21.06.39:069][363]LogBlueprint:Warning: [Compiler MyRunebergVR_Pawn] Warning [0029.80] Compile of MyRunebergVR_Pawn failed. 1 Fatal Issue(s) 2 Warning(s) [in 0 ms] (/Game/MyRunebergVR_Pawn.MyRunebergVR_Pawn)
[2017.08.27-21.06.39:071][363]LogBlueprint:Error: [Compiler MyRunebergVR_Pawn] Error Spawn node  Create Widget  must have a class specified.
[2017.08.27-21.06.39:076][363]LogBlueprint:Warning: [Compiler MyRunebergVR_Pawn] Warning [0029.80] Compile of MyRunebergVR_Pawn failed. 1 Fatal Issue(s) 0 Warning(s) [in 5 ms] (/Game/MyRunebergVR_Pawn.MyRunebergVR_Pawn)
[2017.08.27-21.06.39:076][363]LogBlueprint:Warning: [Compiler MyRunebergVR_Pawn] Warning [0029.80] Compile of MyRunebergVR_Pawn failed. 1 Fatal Issue(s) 1 Warning(s) [in 0 ms] (/Game/MyRunebergVR_Pawn.MyRunebergVR_Pawn)
[2017.08.27-21.06.39:076][363]LogBlueprint:Warning: [Compiler MyRunebergVR_Pawn] Warning [0029.81] Compile of MyRunebergVR_Pawn failed. 1 Fatal Issue(s) 2 Warning(s) [in 0 ms] (/Game/MyRunebergVR_Pawn.MyRunebergVR_Pawn)
[2017.08.27-21.06.39:144][363]LogSlate: Took 0.000270 seconds to synchronously load lazily loaded font '../../../Engine/Content/Slate/Fonts/Roboto-Light.ttf' (159K)
[2017.08.27-21.06.39:517][363]LogContentBrowser: Native class hierarchy updated for 'BlueprintGraph' in 0.0009 seconds. Added 112 classes and 0 folders.
[2017.08.27-21.06.40:065][363]LogSlate: Took 0.000176 seconds to synchronously load lazily loaded font '../../../Engine/Content/Slate/Fonts/Roboto-Regular.ttf' (155K)
[2017.08.27-21.06.40:129][363]LogSlate: Took 0.004604 seconds to synchronously load lazily loaded font '../../../Engine/Content/Editor/Slate/Fonts/Roboto-BoldCondensed.ttf' (158K)
[2017.08.27-21.06.40:249][364]LogSlate: Took 0.005858 seconds to synchronously load lazily loaded font '../../../Engine/Content/Editor/Slate/Fonts/Roboto-Italic.ttf' (157K)
[2017.08.27-21.07.27:038][156]BlueprintLog: New page: Compile MyRunebergVR_Pawn
[2017.08.27-21.07.27:048][156]LogBlueprint:Error: [Compiler MyRunebergVR_Pawn] Error Spawn node  Create Widget  must have a class specified.
[2017.08.27-21.07.27:212][156]BlueprintEditorCompileResults:Error: Error Spawn node  Create Widget  must have a class specified.
[2017.08.27-21.07.27:213][156]LogBlueprint:Warning: [Compiler MyRunebergVR_Pawn] Warning [0077.94] Compile of MyRunebergVR_Pawn failed. 1 Fatal Issue(s) 0 Warning(s) [in 174 ms] (/Game/MyRunebergVR_Pawn.MyRunebergVR_Pawn)
[2017.08.27-21.07.45:266][230]BlueprintLog: New page: Compile MyRunebergVR_Pawn
[2017.08.27-21.16.33:531][953]LogFileHelpers: Editor autosave (incl. sublevels) for '/Temp/Untitled_1' took 0.017
[2017.08.27-21.16.33:532][953]OBJ SavePackage: Generating thumbnails for [1] asset(s) in package [/Game/MyRunebergVR_Pawn] ([1] browsable assets)...
[2017.08.27-21.16.33:564][953]OBJ SavePackage:     Rendered thumbnail for [Blueprint /Game/MyRunebergVR_Pawn.MyRunebergVR_Pawn]
[2017.08.27-21.16.33:564][953]OBJ SavePackage: Finished generating thumbnails for package [/Game/MyRunebergVR_Pawn]
[2017.08.27-21.16.33:626][953]LogSavePackage: Save=50.32ms
[2017.08.27-21.16.33:626][953]LogSavePackage: Moving '../../../../../../Users/croch/Documents/Unreal Projects/SwordVR/Saved/MyRunebergVR_Pawn_Auto15B55AA59475E94A5A37F0FBBD1B80124.tmp' to '../../../../../../Users/croch/Documents/Unreal Projects/SwordVR/Saved/Autosaves/Game/MyRunebergVR_Pawn_Auto1.uasset'
[2017.08.27-21.16.33:628][953]LogSavePackage:Display: Finished SavePackage ../../../../../../Users/croch/Documents/Unreal Projects/SwordVR/Saved/Autosaves/Game/MyRunebergVR_Pawn_Auto1.uasset
[2017.08.27-21.16.33:628][953]LogFileHelpers: Auto-saving content packages took 0.096
[2017.08.27-22.17.58:985][168]LogFileHelpers: Editor autosave (incl. sublevels) for '/Temp/Untitled_1' took 0.018
[2017.08.27-22.17.58:986][168]OBJ SavePackage: Generating thumbnails for [1] asset(s) in package [/Game/MyRunebergVR_Pawn] ([1] browsable assets)...
[2017.08.27-22.17.59:017][168]OBJ SavePackage:     Rendered thumbnail for [Blueprint /Game/MyRunebergVR_Pawn.MyRunebergVR_Pawn]
[2017.08.27-22.17.59:017][168]OBJ SavePackage: Finished generating thumbnails for package [/Game/MyRunebergVR_Pawn]
[2017.08.27-22.17.59:073][168]LogSavePackage: Save=43.41ms
[2017.08.27-22.17.59:073][168]LogSavePackage: Moving '../../../../../../Users/croch/Documents/Unreal Projects/SwordVR/Saved/MyRunebergVR_Pawn_Auto2E7FCA1564AEB74492A4E44A1CF1FD490.tmp' to '../../../../../../Users/croch/Documents/Unreal Projects/SwordVR/Saved/Autosaves/Game/MyRunebergVR_Pawn_Auto2.uasset'
[2017.08.27-22.17.59:076][168]LogSavePackage:Display: Finished SavePackage ../../../../../../Users/croch/Documents/Unreal Projects/SwordVR/Saved/Autosaves/Game/MyRunebergVR_Pawn_Auto2.uasset
[2017.08.27-22.17.59:076][168]LogFileHelpers: Auto-saving content packages took 0.090
[2017.08.27-22.28.39:136][687]LogFileHelpers: Editor autosave (incl. sublevels) for '/Temp/Untitled_1' took 0.019
[2017.08.27-22.28.39:137][687]OBJ SavePackage: Generating thumbnails for [1] asset(s) in package [/Game/MyRunebergVR_Pawn] ([1] browsable assets)...
[2017.08.27-22.28.39:167][687]OBJ SavePackage:     Rendered thumbnail for [Blueprint /Game/MyRunebergVR_Pawn.MyRunebergVR_Pawn]
[2017.08.27-22.28.39:167][687]OBJ SavePackage: Finished generating thumbnails for package [/Game/MyRunebergVR_Pawn]
[2017.08.27-22.28.39:218][687]LogSavePackage: Save=40.53ms
[2017.08.27-22.28.39:218][687]LogSavePackage: Moving '../../../../../../Users/croch/Documents/Unreal Projects/SwordVR/Saved/MyRunebergVR_Pawn_Auto35B1E02724DC3839E84C7DF91DBBBBD9E.tmp' to '../../../../../../Users/croch/Documents/Unreal Projects/SwordVR/Saved/Autosaves/Game/MyRunebergVR_Pawn_Auto3.uasset'
[2017.08.27-22.28.39:220][687]LogSavePackage:Display: Finished SavePackage ../../../../../../Users/croch/Documents/Unreal Projects/SwordVR/Saved/Autosaves/Game/MyRunebergVR_Pawn_Auto3.uasset
[2017.08.27-22.28.39:221][687]LogFileHelpers: Auto-saving content packages took 0.084
[2017.08.27-22.30.17:016][865]LogAIModule: Creating AISystem for world synth_Level
[2017.08.27-22.30.18:742][865]Cmd: OBJ SAVEPACKAGE PACKAGE="/Game/MyRunebergVR_Pawn" FILE="../../../../../../Users/croch/Documents/Unreal Projects/SwordVR/Content/MyRunebergVR_Pawn.uasset" SILENT=true
[2017.08.27-22.30.18:783][865]LogSavePackage: Save=35.17ms
[2017.08.27-22.30.18:783][865]LogSavePackage: Moving '../../../../../../Users/croch/Documents/Unreal Projects/SwordVR/Saved/MyRunebergVR_PawnD8A2D32B4CC9C6951316BFB587966599.tmp' to '../../../../../../Users/croch/Documents/Unreal Projects/SwordVR/Content/MyRunebergVR_Pawn.uasset'
[2017.08.27-22.30.18:790][865]LogSavePackage:Display: Finished SavePackage ../../../../../../Users/croch/Documents/Unreal Projects/SwordVR/Content/MyRunebergVR_Pawn.uasset
[2017.08.27-22.30.18:792][865]Cmd: MAP LOAD FILE="../../../../../../Users/croch/Documents/Unreal Projects/SwordVR/Content/Maps/synth_Level.umap" TEMPLATE=0 SHOWPROGRESS=1 FEATURELEVEL=3
[2017.08.27-22.30.18:792][865]LightingResults: New page: Lighting Build
[2017.08.27-22.30.18:793][865]LoadErrors: New page: Loading map: synth_Level.umap
[2017.08.27-22.30.18:793][865]MapCheck: New page: Map Check
[2017.08.27-22.30.18:793][865]LightingResults: New page: Lighting Build
[2017.08.27-22.30.18:813][865]LogEditorServer: Finished looking for orphan Actors (0.000 secs)
[2017.08.27-22.30.18:855][865]Cmd: MAP CHECKDEP NOCLEARLOG
[2017.08.27-22.30.18:919][865]MapCheck: Info Map check complete: 0 Error(s), 0 Warning(s), took 63.356ms to complete.
[2017.08.27-22.30.18:919][865]LogFileHelpers: Loading map 'synth_Level' took 0.129
[2017.08.27-22.30.55:952][ 87]LogEditorViewport: Clicking on Actor (LMB): AtmosphericFog (Atmospheric Fog)
[2017.08.27-22.30.58:001][209]Cmd: SELECT NONE
[2017.08.27-22.32.46:959][453]LogRenderer: Reallocating scene render targets to support 804x344 NumSamples 1 (Frame:4314).
[2017.08.27-22.32.46:996][454]LogRenderer: Reallocating scene render targets to support 804x352 NumSamples 1 (Frame:4316).
[2017.08.27-22.32.47:030][455]LogRenderer: Reallocating scene render targets to support 804x368 NumSamples 1 (Frame:4318).
[2017.08.27-22.32.47:063][456]LogRenderer: Reallocating scene render targets to support 804x380 NumSamples 1 (Frame:4320).
[2017.08.27-22.32.47:097][457]LogRenderer: Reallocating scene render targets to support 804x400 NumSamples 1 (Frame:4322).
[2017.08.27-22.32.47:138][458]LogRenderer: Reallocating scene render targets to support 804x416 NumSamples 1 (Frame:4324).
[2017.08.27-22.32.47:172][459]LogRenderer: Reallocating scene render targets to support 804x432 NumSamples 1 (Frame:4326).
[2017.08.27-22.32.47:210][460]LogRenderer: Reallocating scene render targets to support 804x436 NumSamples 1 (Frame:4328).
[2017.08.27-22.32.47:279][462]LogRenderer: Reallocating scene render targets to support 804x444 NumSamples 1 (Frame:4332).
[2017.08.27-22.32.47:312][463]LogRenderer: Reallocating scene render targets to support 804x452 NumSamples 1 (Frame:4334).
[2017.08.27-22.32.47:345][464]LogRenderer: Reallocating scene render targets to support 804x456 NumSamples 1 (Frame:4336).
[2017.08.27-22.32.47:388][465]LogRenderer: Reallocating scene render targets to support 804x460 NumSamples 1 (Frame:4338).
[2017.08.27-22.32.47:468][468]LogRenderer: Reallocating scene render targets to support 804x464 NumSamples 1 (Frame:4342).
[2017.08.27-22.32.47:502][469]LogRenderer: Reallocating scene render targets to support 804x472 NumSamples 1 (Frame:4344).
[2017.08.27-22.32.47:537][470]LogRenderer: Reallocating scene render targets to support 804x476 NumSamples 1 (Frame:4346).
[2017.08.27-22.32.47:571][471]LogRenderer: Reallocating scene render targets to support 804x480 NumSamples 1 (Frame:4348).
[2017.08.27-22.32.47:641][473]LogRenderer: Reallocating scene render targets to support 804x484 NumSamples 1 (Frame:4352).
[2017.08.27-22.32.47:709][475]LogRenderer: Reallocating scene render targets to support 804x488 NumSamples 1 (Frame:4356).
[2017.08.27-22.33.25:791][759]LogActorFactory: Actor Factory created Cube
[2017.08.27-22.33.30:765][ 57]LogActorFactory: Actor Factory created Cube
[2017.08.27-22.34.14:491][676]Cmd: EDIT COPY
[2017.08.27-22.34.16:825][816]Cmd: EDIT PASTE
[2017.08.27-22.34.34:841][896]LogEditorViewport: Clicking Background
[2017.08.27-22.34.37:140][ 34]LogEditorViewport: Clicking on Actor (LMB): StaticMeshActor (Cube2)
[2017.08.27-22.34.39:381][167]Cmd: EDIT COPY
[2017.08.27-22.34.41:330][284]Cmd: EDIT PASTE
[2017.08.27-22.34.54:121][ 50]Cmd: EDIT COPY
[2017.08.27-22.34.54:735][ 87]Cmd: EDIT PASTE
[2017.08.27-22.36.02:878][175]LogActorFactory: Actor Factory created Cylinder
[2017.08.27-22.36.04:599][278]LogActorFactory: Actor Factory created Cylinder
[2017.08.27-22.36.19:895][193]LogActorFactory: Actor Factory created Sphere
[2017.08.27-22.36.23:640][417]LogActorFactory: Actor Factory created Sphere
[2017.08.27-22.36.35:796][143]LogEditorViewport: Clicking on Actor (LMB): StaticMeshActor (Cylinder)
[2017.08.27-22.36.43:955][630]MapCheck: New page: Map Check
[2017.08.27-22.36.43:970][630]Cmd: MAP REBUILD ALLVISIBLE
[2017.08.27-22.36.43:971][630]LogEditorServer: Rebuildmap Clear paths rebuilt
[2017.08.27-22.36.44:054][630]LogMaterial: Missing cached shader map for material FDebugViewModeMaterialProxy WorldGridMaterial, compiling. Is special engine material.
[2017.08.27-22.36.44:061][630]LogMaterial: Missing cached shader map for material FDebugViewModeMaterialProxy LandscapeGizmo_Mat, compiling. 
[2017.08.27-22.36.44:067][630]LogMaterial: Missing cached shader map for material FDebugViewModeMaterialProxy BasicShapeMaterial, compiling. 
[2017.08.27-22.36.44:553][630]TextureStreamingBuild:Display: Compiling optional shaders took 0.505 seconds.
[2017.08.27-22.36.44:556][630]LogLevel:Display: Export Material TexCoord Scales took 0.003 seconds.
[2017.08.27-22.36.44:560][630]TextureStreamingBuild:Display: Build Texture Streaming took 0.004 seconds.
[2017.08.27-22.36.44:573][630]LightingResults: New page: Lighting Build - Aug 27, 2017, 2:36:44 PM
[2017.08.27-22.36.44:610][630]LogSwarmInterface: [OpenConnection] Registering TCP channel ...
[2017.08.27-22.36.44:657][630]LogSwarmInterface: [OpenConnection] Connecting to agent ...
[2017.08.27-22.36.44:669][630]LogSwarmInterface: [TryOpenConnection] Testing the Agent
[2017.08.27-22.36.45:176][630]LogSwarmInterface: [TryOpenConnection] Opening Connection to Agent
[2017.08.27-22.36.45:176][630]LogSwarmInterface: [TryOpenConnection] Local Process ID is 27604
[2017.08.27-22.36.47:811][630]LogStaticLightingSystem:Warning: No importance volume found, so the scene bounding box was used.  You can optimize your scene's quality and lighting build times by adding importance volumes.
[2017.08.27-22.36.47:811][630]LogStaticLightingSystem: Running Lightmass w/ ImmediateImport mode ENABLED
[2017.08.27-22.36.47:811][630]LogStaticLightingSystem: Running Lightmass w/ ImmediateProcess mode ENABLED
[2017.08.27-22.36.47:811][630]LogStaticLightingSystem: Running Lightmass w/ Sorting mode ENABLED
[2017.08.27-22.36.47:811][630]LogStaticLightingSystem: Running Lightmass w/ Mapping paddings ENABLED
[2017.08.27-22.36.47:811][630]LogStaticLightingSystem: Running Lightmass w/ Mapping debug paddings DISABLED
[2017.08.27-22.36.47:920][630]Cmd: MAP CHECK DONTDISPLAYDIALOG
[2017.08.27-22.36.47:920][630]MapCheck: New page: synth_Level - Aug 27, 2017, 2:36:47 PM
[2017.08.27-22.36.47:921][630]MapCheck:Error: Error WorldSettings_1 Maps need lighting rebuilt 
[2017.08.27-22.36.47:983][630]MapCheck: Info Map check complete: 1 Error(s), 0 Warning(s), took 62.807ms to complete.
[2017.08.27-22.36.48:005][630]LogEditorBuildUtils: Build time 0:04
[2017.08.27-22.36.49:300][672]Job is a success!
[2017.08.27-22.36.49:412][674]LogTexture:Display: Building textures: HQ_Lightmap0_1 (AutoDXT, 256X256)
[2017.08.27-22.36.49:412][674]LogTexture:Display: Building textures: LQ_Lightmap_0_1 (DXT1, 256X256)
[2017.08.27-22.36.49:412][674]LogTexture:Display: Building textures: ShadowMapTexture2D_0 (G8, 512X64)
[2017.08.27-22.36.49:450][674]Lightmass on DESKTOP-SIJTC7B: 753 ms total, 135 ms importing, 33 ms setup, 274 ms photons, 292 ms processing, 0 ms extra exporting [6/6 mappings]. Threads: 1.89 sec total, 231 ms processing.
[2017.08.27-22.36.49:461][674]LogStaticLightingSystem: Illumination: 4.86 sec (15 ms encoding lightmaps, 17 ms encoding shadowmaps)
[2017.08.27-22.36.49:461][674]LogStaticLightingSystem: Lightmap texture memory:  0.1 MB (0.1 MB streaming, 0.0 MB non-streaming), 2 textures
[2017.08.27-22.36.49:461][674]LogStaticLightingSystem: Shadowmap texture memory: 0.0 MB (0.0 MB streaming, 0.0 MB non-streaming), 1 textures
[2017.08.27-22.36.49:821][674]DumpUnbuiltLightIteractions
[2017.08.27-22.36.49:821][674]Lights with unbuilt interactions: 0
[2017.08.27-22.36.49:821][674]
[2017.08.27-22.36.49:821][674]Primitives with unbuilt interactions: 0
[2017.08.27-22.36.49:838][675]Cmd: MAP CHECK NOTIFYRESULTS
[2017.08.27-22.36.49:838][675]MapCheck: New page: synth_Level - Aug 27, 2017, 2:36:49 PM
[2017.08.27-22.36.49:902][675]MapCheck: Info Map check complete: 0 Error(s), 0 Warning(s), took 63.625ms to complete.
[2017.08.27-22.37.18:373][381]LogNavigationPoint: PostEditMove Clear paths rebuilt
[2017.08.27-22.37.19:748][463]LogEditorViewport: Clicking Background
[2017.08.27-22.37.26:680][879]LogEditorViewport: Clicking on Actor (LMB): PlayerStart (PlayerStart)
[2017.08.27-22.37.28:709][  0]LogNavigationPoint: PostEditMove Clear paths rebuilt
[2017.08.27-22.37.29:830][ 67]LogEditorViewport: Clicking Background
[2017.08.27-22.37.37:080][502]LogEditorViewport: Clicking on Actor (LMB): PlayerStart (PlayerStart)
[2017.08.27-22.37.39:197][628]LogEditorViewport: Clicking Background
[2017.08.27-22.37.43:963][914]LogEditorViewport: Clicking on Actor (LMB): StaticMeshActor (Sphere)
[2017.08.27-22.37.44:862][966]LogEditorViewport: Clicking Background
[2017.08.27-22.37.55:526][606]LogEditorViewport: Clicking Background
[2017.08.27-22.37.59:508][845]LogEditorViewport: Clicking on Actor (LMB): StaticMeshActor (Sphere)
[2017.08.27-22.38.04:046][115]LogEditorViewport: Clicking Background
[2017.08.27-22.38.10:361][494]LogEditorViewport: Clicking on Actor (LMB): PlayerStart (Player Start)
[2017.08.27-22.38.11:704][574]Cmd: DELETE
[2017.08.27-22.38.11:704][574]Cmd: ACTOR DELETE
[2017.08.27-22.38.11:705][574]LogEditorActor: Deleted Actor: PlayerStart
[2017.08.27-22.38.11:720][574]LogEditorActor: Deleted 1 Actors (0.016 secs)
[2017.08.27-22.38.13:060][655]LogEditorViewport: Clicking on Actor (LMB): StaticMeshActor (Sphere)
[2017.08.27-22.38.17:866][942]LogEditorViewport: Clicking Background
[2017.08.27-22.38.20:132][ 78]MapCheck: New page: Map Check
[2017.08.27-22.38.20:153][ 78]Cmd: MAP REBUILD ALLVISIBLE
[2017.08.27-22.38.20:153][ 78]LogEditorServer: Rebuildmap Clear paths rebuilt
[2017.08.27-22.38.20:183][ 78]LogMaterial: Missing cached shader map for material FDebugViewModeMaterialProxy WorldGridMaterial, compiling. Is special engine material.
[2017.08.27-22.38.20:189][ 78]LogMaterial: Missing cached shader map for material FDebugViewModeMaterialProxy LandscapeGizmo_Mat, compiling. 
[2017.08.27-22.38.20:194][ 78]LogMaterial: Missing cached shader map for material FDebugViewModeMaterialProxy BasicShapeMaterial, compiling. 
[2017.08.27-22.38.20:655][ 78]TextureStreamingBuild:Display: Compiling optional shaders took 0.476 seconds.
[2017.08.27-22.38.20:657][ 78]LogLevel:Display: Export Material TexCoord Scales took 0.002 seconds.
[2017.08.27-22.38.20:662][ 78]TextureStreamingBuild:Display: Build Texture Streaming took 0.005 seconds.
[2017.08.27-22.38.20:675][ 78]LightingResults: New page: Lighting Build - Aug 27, 2017, 2:38:20 PM
[2017.08.27-22.38.20:683][ 78]LogSwarmInterface: [OpenConnection] Registering TCP channel ...
[2017.08.27-22.38.20:688][ 78]LogSwarmInterface: [OpenConnection] Connecting to agent ...
[2017.08.27-22.38.20:688][ 78]LogSwarmInterface: [TryOpenConnection] Testing the Agent
[2017.08.27-22.38.20:689][ 78]LogSwarmInterface: [TryOpenConnection] Opening Connection to Agent
[2017.08.27-22.38.20:689][ 78]LogSwarmInterface: [TryOpenConnection] Local Process ID is 27604
[2017.08.27-22.38.25:198][ 78]LogStaticLightingSystem:Warning: No importance volume found, so the scene bounding box was used.  You can optimize your scene's quality and lighting build times by adding importance volumes.
[2017.08.27-22.38.25:198][ 78]LogStaticLightingSystem: Running Lightmass w/ ImmediateImport mode ENABLED
[2017.08.27-22.38.25:198][ 78]LogStaticLightingSystem: Running Lightmass w/ ImmediateProcess mode ENABLED
[2017.08.27-22.38.25:198][ 78]LogStaticLightingSystem: Running Lightmass w/ Sorting mode ENABLED
[2017.08.27-22.38.25:198][ 78]LogStaticLightingSystem: Running Lightmass w/ Mapping paddings ENABLED
[2017.08.27-22.38.25:198][ 78]LogStaticLightingSystem: Running Lightmass w/ Mapping debug paddings DISABLED
[2017.08.27-22.38.25:266][ 78]Cmd: MAP CHECK DONTDISPLAYDIALOG
[2017.08.27-22.38.25:266][ 78]MapCheck: New page: synth_Level - Aug 27, 2017, 2:38:25 PM
[2017.08.27-22.38.25:267][ 78]MapCheck:Error: Error WorldSettings_1 Maps need lighting rebuilt 
[2017.08.27-22.38.25:327][ 78]MapCheck: Info Map check complete: 1 Error(s), 0 Warning(s), took 60.563ms to complete.
[2017.08.27-22.38.25:349][ 78]LogEditorBuildUtils: Build time 0:05
[2017.08.27-22.38.26:813][139]Job is a success!
[2017.08.27-22.38.26:912][141]LogTexture:Display: Building textures: HQ_Lightmap1_1 (AutoDXT, 256X256)
[2017.08.27-22.38.26:912][141]LogTexture:Display: Building textures: LQ_Lightmap_1_1 (DXT1, 256X256)
[2017.08.27-22.38.26:912][141]LogTexture:Display: Building textures: ShadowMapTexture2D_1 (G8, 512X64)
[2017.08.27-22.38.26:944][141]Lightmass on DESKTOP-SIJTC7B: 751 ms total, 130 ms importing, 26 ms setup, 274 ms photons, 309 ms processing, 0 ms extra exporting [6/6 mappings]. Threads: 2.00 sec total, 227 ms processing.
[2017.08.27-22.38.26:953][141]LogStaticLightingSystem: Illumination: 6.26 sec (17 ms encoding lightmaps, 15 ms encoding shadowmaps)
[2017.08.27-22.38.26:953][141]LogStaticLightingSystem: Lightmap texture memory:  0.1 MB (0.1 MB streaming, 0.0 MB non-streaming), 2 textures
[2017.08.27-22.38.26:953][141]LogStaticLightingSystem: Shadowmap texture memory: 0.0 MB (0.0 MB streaming, 0.0 MB non-streaming), 1 textures
[2017.08.27-22.38.27:206][141]DumpUnbuiltLightIteractions
[2017.08.27-22.38.27:206][141]Lights with unbuilt interactions: 0
[2017.08.27-22.38.27:206][141]
[2017.08.27-22.38.27:206][141]Primitives with unbuilt interactions: 0
[2017.08.27-22.38.27:217][142]Cmd: MAP CHECK NOTIFYRESULTS
[2017.08.27-22.38.27:217][142]MapCheck: New page: synth_Level - Aug 27, 2017, 2:38:27 PM
[2017.08.27-22.38.27:280][142]MapCheck: Info Map check complete: 0 Error(s), 0 Warning(s), took 62.628ms to complete.
[2017.08.27-22.40.24:108][ 99]LogSavePackage: Save=57.10ms
[2017.08.27-22.40.24:108][ 99]LogSavePackage: Moving '../../../../../../Users/croch/Documents/Unreal Projects/SwordVR/Saved/synth_Level_Auto44ED7533D4C2AFFCD76A167876832884A.tmp' to '../../../../../../Users/croch/Documents/Unreal Projects/SwordVR/Saved/Autosaves/Game/Maps/synth_Level_Auto4.umap'
[2017.08.27-22.40.24:111][ 99]LogSavePackage:Display: Finished SavePackage ../../../../../../Users/croch/Documents/Unreal Projects/SwordVR/Saved/Autosaves/Game/Maps/synth_Level_Auto4.umap
[2017.08.27-22.40.24:116][ 99]LogFileHelpers: Editor autosave (incl. sublevels) for '/Game/Maps/synth_Level' took 0.092
[2017.08.27-22.40.24:116][ 99]LogFileHelpers: Editor autosave (incl. sublevels) for all levels took 0.092
[2017.08.27-22.40.24:118][ 99]OBJ SavePackage: Generating thumbnails for [0] asset(s) in package [/Game/Maps/synth_Level_BuiltData] ([1] browsable assets)...
[2017.08.27-22.40.24:118][ 99]OBJ SavePackage: Finished generating thumbnails for package [/Game/Maps/synth_Level_BuiltData]
[2017.08.27-22.40.24:133][ 99]LogSavePackage: Save=6.55ms
[2017.08.27-22.40.24:133][ 99]LogSavePackage: Moving '../../../../../../Users/croch/Documents/Unreal Projects/SwordVR/Saved/synth_Level_BuiltData_Auto4DB95482443EF8CD3F158A1ACDDCCD029.tmp' to '../../../../../../Users/croch/Documents/Unreal Projects/SwordVR/Saved/Autosaves/Game/Maps/synth_Level_BuiltData_Auto4.uasset'
[2017.08.27-22.40.24:136][ 99]LogSavePackage:Display: Finished SavePackage ../../../../../../Users/croch/Documents/Unreal Projects/SwordVR/Saved/Autosaves/Game/Maps/synth_Level_BuiltData_Auto4.uasset
[2017.08.27-22.40.24:136][ 99]LogFileHelpers: Auto-saving content packages took 0.019
[2017.08.27-22.41.26:456][798]LogEditorViewport: Clicking on Actor (LMB): Actor (Actor)
[2017.08.27-22.42.31:313][689]LogEditorViewport: Clicking Background
[2017.08.27-22.42.42:083][335]LogEditorViewport: Clicking on Actor (LMB): Actor (TeleSpot 1)
[2017.08.27-22.42.47:864][681]LogEditorViewport: Clicking on Actor (LMB): Actor (TeleSpot 2)
[2017.08.27-22.42.58:044][290]LogEditorViewport: Clicking Background
[2017.08.27-22.43.26:767][ 13]LogEditorViewport: Clicking Background
[2017.08.27-22.43.41:107][873]LogEditorViewport: Clicking Background
[2017.08.27-22.43.50:652][445]LogEditorViewport: Clicking on Actor (LMB): Actor (TeleSpot 4)
[2017.08.27-22.43.59:654][984]LogEditorViewport: Clicking on Actor (LMB): Actor (TeleSpot 2)
[2017.08.27-22.44.11:049][667]LogEditorViewport: Clicking on Actor (LMB): Actor (TeleSpot 3)
[2017.08.27-22.48.02:783][583]LogEditorViewport: Clicking on Actor (LMB): Actor (TeleSpot 1)
[2017.08.27-22.48.04:264][671]LogEditorViewport: Clicking on Actor (CTRL LMB): Actor (TeleSpot 2)
[2017.08.27-22.48.06:060][778]LogEditorViewport: Clicking on Actor (CTRL LMB): Actor (TeleSpot 4)
[2017.08.27-22.48.07:874][886]LogEditorViewport: Clicking on Actor (CTRL LMB): Actor (TeleSpot 3)
[2017.08.27-22.49.45:850][764]LogEditorViewport: Clicking on Actor (LMB): Actor (TeleSpot 1)
[2017.08.27-22.54.43:427][302]LogSavePackage: Save=60.49ms
[2017.08.27-22.54.43:427][302]LogSavePackage: Moving '../../../../../../Users/croch/Documents/Unreal Projects/SwordVR/Saved/synth_Level_Auto5CAA183D94963205BD9D97B80AFBFD679.tmp' to '../../../../../../Users/croch/Documents/Unreal Projects/SwordVR/Saved/Autosaves/Game/Maps/synth_Level_Auto5.umap'
[2017.08.27-22.54.43:429][302]LogSavePackage:Display: Finished SavePackage ../../../../../../Users/croch/Documents/Unreal Projects/SwordVR/Saved/Autosaves/Game/Maps/synth_Level_Auto5.umap
[2017.08.27-22.54.43:431][302]LogFileHelpers: Editor autosave (incl. sublevels) for '/Game/Maps/synth_Level' took 0.097
[2017.08.27-22.54.43:431][302]LogFileHelpers: Editor autosave (incl. sublevels) for all levels took 0.097
[2017.08.27-22.54.43:433][302]OBJ SavePackage: Generating thumbnails for [1] asset(s) in package [/Game/MyRunebergVR_Pawn] ([1] browsable assets)...
[2017.08.27-22.54.43:461][302]OBJ SavePackage:     Rendered thumbnail for [Blueprint /Game/MyRunebergVR_Pawn.MyRunebergVR_Pawn]
[2017.08.27-22.54.43:461][302]OBJ SavePackage: Finished generating thumbnails for package [/Game/MyRunebergVR_Pawn]
[2017.08.27-22.54.43:522][302]LogSavePackage: Save=49.61ms
[2017.08.27-22.54.43:522][302]LogSavePackage: Moving '../../../../../../Users/croch/Documents/Unreal Projects/SwordVR/Saved/MyRunebergVR_Pawn_Auto5703C1A47424B60C41689369605D38C29.tmp' to '../../../../../../Users/croch/Documents/Unreal Projects/SwordVR/Saved/Autosaves/Game/MyRunebergVR_Pawn_Auto5.uasset'
[2017.08.27-22.54.43:523][302]LogSavePackage:Display: Finished SavePackage ../../../../../../Users/croch/Documents/Unreal Projects/SwordVR/Saved/Autosaves/Game/MyRunebergVR_Pawn_Auto5.uasset
[2017.08.27-22.54.43:523][302]LogFileHelpers: Auto-saving content packages took 0.091
[2017.08.27-22.56.55:368][587]BlueprintLog: New page: Collapse to Function
[2017.08.27-23.04.44:080][461]LogFileHelpers: Editor autosave (incl. sublevels) for '/Game/Maps/synth_Level' took 0.018
[2017.08.27-23.04.44:082][461]OBJ SavePackage: Generating thumbnails for [1] asset(s) in package [/Game/MyRunebergVR_Pawn] ([1] browsable assets)...
[2017.08.27-23.04.44:112][461]OBJ SavePackage:     Rendered thumbnail for [Blueprint /Game/MyRunebergVR_Pawn.MyRunebergVR_Pawn]
[2017.08.27-23.04.44:112][461]OBJ SavePackage: Finished generating thumbnails for package [/Game/MyRunebergVR_Pawn]
[2017.08.27-23.04.44:175][461]LogSavePackage: Save=52.85ms
[2017.08.27-23.04.44:175][461]LogSavePackage: Moving '../../../../../../Users/croch/Documents/Unreal Projects/SwordVR/Saved/MyRunebergVR_Pawn_Auto62CD3047244031AC24B8BC090A112D182.tmp' to '../../../../../../Users/croch/Documents/Unreal Projects/SwordVR/Saved/Autosaves/Game/MyRunebergVR_Pawn_Auto6.uasset'
[2017.08.27-23.04.44:178][461]LogSavePackage:Display: Finished SavePackage ../../../../../../Users/croch/Documents/Unreal Projects/SwordVR/Saved/Autosaves/Game/MyRunebergVR_Pawn_Auto6.uasset
[2017.08.27-23.04.44:178][461]LogFileHelpers: Auto-saving content packages took 0.097
[2017.08.27-23.06.29:273][205]LogSlate: Took 0.000590 seconds to synchronously load lazily loaded font '../../../Engine/Content/Editor/Slate/Fonts/Roboto-BoldCondensedItalic.ttf' (160K)
[2017.08.27-23.08.53:115][947]BlueprintLog: New page: Compile MyRunebergVR_Pawn
[2017.08.27-23.15.02:683][941]LogFileHelpers: Editor autosave (incl. sublevels) for '/Game/Maps/synth_Level' took 0.019
[2017.08.27-23.15.02:685][941]OBJ SavePackage: Generating thumbnails for [1] asset(s) in package [/Game/MyRunebergVR_Pawn] ([1] browsable assets)...
[2017.08.27-23.15.02:699][941]OBJ SavePackage:     Rendered thumbnail for [Blueprint /Game/MyRunebergVR_Pawn.MyRunebergVR_Pawn]
[2017.08.27-23.15.02:700][941]OBJ SavePackage: Finished generating thumbnails for package [/Game/MyRunebergVR_Pawn]
[2017.08.27-23.15.02:766][941]LogSavePackage: Save=53.73ms
[2017.08.27-23.15.02:766][941]LogSavePackage: Moving '../../../../../../Users/croch/Documents/Unreal Projects/SwordVR/Saved/MyRunebergVR_Pawn_Auto75B2F7D2247489525D81D0D9B2966E113.tmp' to '../../../../../../Users/croch/Documents/Unreal Projects/SwordVR/Saved/Autosaves/Game/MyRunebergVR_Pawn_Auto7.uasset'
[2017.08.27-23.15.02:768][941]LogSavePackage:Display: Finished SavePackage ../../../../../../Users/croch/Documents/Unreal Projects/SwordVR/Saved/Autosaves/Game/MyRunebergVR_Pawn_Auto7.uasset
[2017.08.27-23.15.02:768][941]LogFileHelpers: Auto-saving content packages took 0.084
[2017.08.27-23.18.05:200][444]LogEditorViewport: Clicking on Actor (LMB): Actor (TeleSpot 4)
[2017.08.27-23.18.21:404][396]BlueprintLog: New page: Compile MyRunebergVR_Pawn
[2017.08.27-23.25.03:335][405]LogFileHelpers: Editor autosave (incl. sublevels) for '/Game/Maps/synth_Level' took 0.018
[2017.08.27-23.25.03:337][405]OBJ SavePackage: Generating thumbnails for [1] asset(s) in package [/Game/MyRunebergVR_Pawn] ([1] browsable assets)...
[2017.08.27-23.25.03:367][405]OBJ SavePackage:     Rendered thumbnail for [Blueprint /Game/MyRunebergVR_Pawn.MyRunebergVR_Pawn]
[2017.08.27-23.25.03:367][405]OBJ SavePackage: Finished generating thumbnails for package [/Game/MyRunebergVR_Pawn]
[2017.08.27-23.25.03:442][405]LogSavePackage: Save=64.13ms
[2017.08.27-23.25.03:442][405]LogSavePackage: Moving '../../../../../../Users/croch/Documents/Unreal Projects/SwordVR/Saved/MyRunebergVR_Pawn_Auto8A44BA5A14DD8C3C1B82824969219103C.tmp' to '../../../../../../Users/croch/Documents/Unreal Projects/SwordVR/Saved/Autosaves/Game/MyRunebergVR_Pawn_Auto8.uasset'
[2017.08.27-23.25.03:444][405]LogSavePackage:Display: Finished SavePackage ../../../../../../Users/croch/Documents/Unreal Projects/SwordVR/Saved/Autosaves/Game/MyRunebergVR_Pawn_Auto8.uasset
[2017.08.27-23.25.03:444][405]LogFileHelpers: Auto-saving content packages took 0.109
[2017.08.27-23.35.04:334][494]LogFileHelpers: Editor autosave (incl. sublevels) for '/Game/Maps/synth_Level' took 0.019
[2017.08.27-23.35.04:336][494]OBJ SavePackage: Generating thumbnails for [1] asset(s) in package [/Game/MyRunebergVR_Pawn] ([1] browsable assets)...
[2017.08.27-23.35.04:366][494]OBJ SavePackage:     Rendered thumbnail for [Blueprint /Game/MyRunebergVR_Pawn.MyRunebergVR_Pawn]
[2017.08.27-23.35.04:366][494]OBJ SavePackage: Finished generating thumbnails for package [/Game/MyRunebergVR_Pawn]
[2017.08.27-23.35.04:452][494]LogSavePackage: Save=75.13ms
[2017.08.27-23.35.04:452][494]LogSavePackage: Moving '../../../../../../Users/croch/Documents/Unreal Projects/SwordVR/Saved/MyRunebergVR_Pawn_Auto92755B749494FE0B344133CB17D8D42F9.tmp' to '../../../../../../Users/croch/Documents/Unreal Projects/SwordVR/Saved/Autosaves/Game/MyRunebergVR_Pawn_Auto9.uasset'
[2017.08.27-23.35.04:454][494]LogSavePackage:Display: Finished SavePackage ../../../../../../Users/croch/Documents/Unreal Projects/SwordVR/Saved/Autosaves/Game/MyRunebergVR_Pawn_Auto9.uasset
[2017.08.27-23.35.04:454][494]LogFileHelpers: Auto-saving content packages took 0.119
[2017.08.27-23.56.01:290][732]BlueprintLog: New page: Compile MyRunebergVR_Pawn
[2017.08.27-23.56.42:262][177]Cmd: OBJ SAVEPACKAGE PACKAGE="/Game/MyRunebergVR_Pawn" FILE="../../../../../../Users/croch/Documents/Unreal Projects/SwordVR/Content/MyRunebergVR_Pawn.uasset" SILENT=true
[2017.08.27-23.56.42:351][177]LogSavePackage: Save=74.73ms
[2017.08.27-23.56.42:351][177]LogSavePackage: Moving '../../../../../../Users/croch/Documents/Unreal Projects/SwordVR/Saved/MyRunebergVR_PawnCCD5577D43B56956373A37ADE901DE08.tmp' to '../../../../../../Users/croch/Documents/Unreal Projects/SwordVR/Content/MyRunebergVR_Pawn.uasset'
[2017.08.27-23.56.42:357][177]LogSavePackage:Display: Finished SavePackage ../../../../../../Users/croch/Documents/Unreal Projects/SwordVR/Content/MyRunebergVR_Pawn.uasset
[2017.08.28-00.01.54:506][636]BlueprintLog: New page: Compile MyRunebergVR_Pawn
[2017.08.28-00.01.56:686][756]Cmd: OBJ SAVEPACKAGE PACKAGE="/Game/MyRunebergVR_Pawn" FILE="../../../../../../Users/croch/Documents/Unreal Projects/SwordVR/Content/MyRunebergVR_Pawn.uasset" SILENT=true
[2017.08.28-00.01.56:772][756]LogSavePackage: Save=75.25ms
[2017.08.28-00.01.56:772][756]LogSavePackage: Moving '../../../../../../Users/croch/Documents/Unreal Projects/SwordVR/Saved/MyRunebergVR_Pawn5764B95F43954DB19687D8891AB33BFF.tmp' to '../../../../../../Users/croch/Documents/Unreal Projects/SwordVR/Content/MyRunebergVR_Pawn.uasset'
[2017.08.28-00.01.56:775][756]LogSavePackage:Display: Finished SavePackage ../../../../../../Users/croch/Documents/Unreal Projects/SwordVR/Content/MyRunebergVR_Pawn.uasset
[2017.08.28-00.02.08:806][  1]Cmd: OBJ SAVEPACKAGE PACKAGE="/Game/Maps/synth_Level" FILE="../../../../../../Users/croch/Documents/Unreal Projects/SwordVR/Content/Maps/synth_Level.umap" SILENT=true AUTOSAVING=false KEEPDIRTY=false
[2017.08.28-00.02.08:895][  1]LogSavePackage: Save=64.06ms
[2017.08.28-00.02.08:895][  1]LogSavePackage: Moving '../../../../../../Users/croch/Documents/Unreal Projects/SwordVR/Saved/synth_LevelBE5569C74C7F0130C8ED36B287ECF8F3.tmp' to '../../../../../../Users/croch/Documents/Unreal Projects/SwordVR/Content/Maps/synth_Level.umap'
[2017.08.28-00.02.08:904][  1]LogSavePackage:Display: Finished SavePackage ../../../../../../Users/croch/Documents/Unreal Projects/SwordVR/Content/Maps/synth_Level.umap
[2017.08.28-00.02.08:943][  1]LogFileHelpers: Saving map 'synth_Level' took 0.206
[2017.08.28-00.02.08:945][  1]Cmd: OBJ SAVEPACKAGE PACKAGE="/Game/Maps/synth_Level_BuiltData" FILE="../../../../../../Users/croch/Documents/Unreal Projects/SwordVR/Content/Maps/synth_Level_BuiltData.uasset" SILENT=true
[2017.08.28-00.02.08:971][  1]LogSavePackage: Save=14.02ms
[2017.08.28-00.02.08:971][  1]LogSavePackage: Moving '../../../../../../Users/croch/Documents/Unreal Projects/SwordVR/Saved/synth_Level_BuiltData311F54DD4CD8D1C588AEB6B04E7ACC28.tmp' to '../../../../../../Users/croch/Documents/Unreal Projects/SwordVR/Content/Maps/synth_Level_BuiltData.uasset'
[2017.08.28-00.02.08:974][  1]LogSavePackage:Display: Finished SavePackage ../../../../../../Users/croch/Documents/Unreal Projects/SwordVR/Content/Maps/synth_Level_BuiltData.uasset
[2017.08.28-00.02.09:053][  1]LogWindowsTextInputMethodSystem:Display: IME system now deactivated.
[2017.08.28-00.02.09:056][  1]LogWindowsTextInputMethodSystem:Display: IME system now deactivated.
[2017.08.28-00.02.09:301][  2]Cmd: QUIT_EDITOR
[2017.08.28-00.02.09:353][  2]LogExit: Preparing to exit.
[2017.08.28-00.02.10:443][  2]LogDirectoryWatcher: A directory notification for 'C:/Users/croch/Documents/Unreal Projects/SwordVR/Content/' was aborted.
[2017.08.28-00.02.10:543][  2]LogExit: Editor shut down
[2017.08.28-00.02.10:574][  2]LogExit: Transaction tracking system shut down
[2017.08.28-00.02.10:741][  2]LogObj: Freed 0b from 0 cluster array pools.
[2017.08.28-00.02.10:742][  2]LogExit: Object subsystem successfully closed.
[2017.08.28-00.02.10:770][  2]LogD3D11RHI: Shutdown
[2017.08.28-00.02.10:770][  2]LogD3D11RHI: CleanupD3DDevice
[2017.08.28-00.02.10:875][  2]LogD3D11RHI: ~FD3D11DynamicRHI
[2017.08.28-00.02.10:894][  2]LogModuleManager: Shutting down and abandoning module HierarchicalLODUtilities (534)
[2017.08.28-00.02.10:894][  2]LogModuleManager: Shutting down and abandoning module BlueprintGraph (532)
[2017.08.28-00.02.10:894][  2]LogModuleManager: Shutting down and abandoning module BlueprintProfiler (530)
[2017.08.28-00.02.10:895][  2]LogModuleManager: Shutting down and abandoning module HierarchicalLODOutliner (528)
[2017.08.28-00.02.10:895][  2]LogModuleManager: Shutting down and abandoning module CrashTracker (526)
[2017.08.28-00.02.10:895][  2]LogModuleManager: Shutting down and abandoning module SceneOutliner (524)
[2017.08.28-00.02.10:895][  2]LogModuleManager: Shutting down and abandoning module AddContentDialog (522)
[2017.08.28-00.02.10:895][  2]LogDirectoryWatcher: A directory notification for 'C:/Program Files/Epic Games/UE_4.16/FeaturePacks/' was aborted.
[2017.08.28-00.02.10:902][  2]LogModuleManager: Shutting down and abandoning module WidgetCarousel (521)
[2017.08.28-00.02.10:902][  2]LogModuleManager: Shutting down and abandoning module EditorWidgets (518)
[2017.08.28-00.02.10:902][  2]LogModuleManager: Shutting down and abandoning module CollectionManager (516)
[2017.08.28-00.02.10:902][  2]LogDirectoryWatcher: A directory notification for 'C:/Users/croch/Documents/Unreal Projects/SwordVR/Content/Collections/' was aborted.
[2017.08.28-00.02.10:902][  2]LogDirectoryWatcher: A directory notification for 'C:/Users/croch/Documents/Unreal Projects/SwordVR/Content/Developers/croch/Collections/' was aborted.
[2017.08.28-00.02.10:902][  2]LogDirectoryWatcher: A directory notification for 'C:/Users/croch/Documents/Unreal Projects/SwordVR/Saved/Collections/' was aborted.
[2017.08.28-00.02.10:902][  2]LogModuleManager: Shutting down and abandoning module StatsViewer (514)
[2017.08.28-00.02.10:902][  2]LogModuleManager: Shutting down and abandoning module FoliageEdit (512)
[2017.08.28-00.02.10:902][  2]LogModuleManager: Shutting down and abandoning module LandscapeEditor (510)
[2017.08.28-00.02.10:902][  2]LogModuleManager: Shutting down and abandoning module MeshPaintMode (508)
[2017.08.28-00.02.10:902][  2]LogModuleManager: Shutting down and abandoning module SceneDepthPickerMode (506)
[2017.08.28-00.02.10:902][  2]LogModuleManager: Shutting down and abandoning module ActorPickerMode (504)
[2017.08.28-00.02.10:902][  2]LogModuleManager: Shutting down and abandoning module GeometryMode (502)
[2017.08.28-00.02.10:902][  2]LogModuleManager: Shutting down and abandoning module TextureAlignMode (500)
[2017.08.28-00.02.10:902][  2]LogModuleManager: Shutting down and abandoning module BspMode (498)
[2017.08.28-00.02.10:902][  2]LogModuleManager: Shutting down and abandoning module HardwareSurvey (496)
[2017.08.28-00.02.10:902][  2]LogModuleManager: Shutting down and abandoning module SequenceRecorderSections (494)
[2017.08.28-00.02.10:902][  2]LogModuleManager: Shutting down and abandoning module AutomationWorker (492)
[2017.08.28-00.02.10:902][  2]LogModuleManager: Shutting down and abandoning module MatineeToLevelSequence (490)
[2017.08.28-00.02.10:902][  2]LogModuleManager: Shutting down and abandoning module LevelSequenceEditor (488)
[2017.08.28-00.02.10:902][  2]LogModuleManager: Shutting down and abandoning module PlacementMode (487)
[2017.08.28-00.02.10:903][  2]LogModuleManager: Shutting down and abandoning module WmfMediaFactory (484)
[2017.08.28-00.02.10:903][  2]LogModuleManager: Shutting down and abandoning module WmfMediaEditor (482)
[2017.08.28-00.02.10:903][  2]LogModuleManager: Shutting down and abandoning module AvfMediaFactory (480)
[2017.08.28-00.02.10:903][  2]LogModuleManager: Shutting down and abandoning module AvfMediaEditor (478)
[2017.08.28-00.02.10:903][  2]LogModuleManager: Shutting down and abandoning module AndroidMediaFactory (476)
[2017.08.28-00.02.10:903][  2]LogModuleManager: Shutting down and abandoning module Media (475)
[2017.08.28-00.02.10:903][  2]LogModuleManager: Shutting down and abandoning module AndroidMediaEditor (472)
[2017.08.28-00.02.10:903][  2]LogModuleManager: Shutting down and abandoning module CharacterAI (470)
[2017.08.28-00.02.10:903][  2]LogModuleManager: Shutting down and abandoning module AudioCapture (468)
[2017.08.28-00.02.10:903][  2]LogModuleManager: Shutting down and abandoning module SequenceRecorder (467)
[2017.08.28-00.02.10:903][  2]LogModuleManager: Shutting down and abandoning module SmartSnapping (464)
[2017.08.28-00.02.10:903][  2]LogModuleManager: Shutting down and abandoning module SessionServices (462)
[2017.08.28-00.02.10:903][  2]LogModuleManager: Shutting down and abandoning module ViewportSnapping (460)
[2017.08.28-00.02.10:903][  2]LogModuleManager: Shutting down and abandoning module ViewportInteraction (458)
[2017.08.28-00.02.10:903][  2]LogModuleManager: Shutting down and abandoning module ClothPainter (456)
[2017.08.28-00.02.10:903][  2]LogModuleManager: Shutting down and abandoning module LogVisualizer (454)
[2017.08.28-00.02.10:903][  2]LogModuleManager: Shutting down and abandoning module IntroTutorials (452)
[2017.08.28-00.02.10:903][  2]LogModuleManager: Shutting down and abandoning module GameProjectGeneration (451)
[2017.08.28-00.02.10:903][  2]LogModuleManager: Shutting down and abandoning module EditorLiveStreaming (448)
[2017.08.28-00.02.10:903][  2]LogModuleManager: Shutting down and abandoning module IOSPlatformEditor (446)
[2017.08.28-00.02.10:904][  2]LogModuleManager: Shutting down and abandoning module HTML5PlatformEditor (444)
[2017.08.28-00.02.10:904][  2]LogModuleManager: Shutting down and abandoning module AndroidPlatformEditor (442)
[2017.08.28-00.02.10:904][  2]LogModuleManager: Shutting down and abandoning module AndroidDeviceDetection (441)
[2017.08.28-00.02.11:092][  2]LogModuleManager: Shutting down and abandoning module IOSRuntimeSettings (438)
[2017.08.28-00.02.11:092][  2]LogModuleManager: Shutting down and abandoning module AndroidRuntimeSettings (436)
[2017.08.28-00.02.11:092][  2]LogModuleManager: Shutting down and abandoning module InputBindingEditor (434)
[2017.08.28-00.02.11:092][  2]LogModuleManager: Shutting down and abandoning module MergeActors (432)
[2017.08.28-00.02.11:092][  2]LogModuleManager: Shutting down and abandoning module SizeMap (430)
[2017.08.28-00.02.11:092][  2]LogModuleManager: Shutting down and abandoning module TreeMap (428)
[2017.08.28-00.02.11:092][  2]LogModuleManager: Shutting down and abandoning module ReferenceViewer (426)
[2017.08.28-00.02.11:092][  2]LogModuleManager: Shutting down and abandoning module LocalizationDashboard (424)
[2017.08.28-00.02.11:092][  2]LogModuleManager: Shutting down and abandoning module LocalizationService (423)
[2017.08.28-00.02.11:093][  2]LogModuleManager: Shutting down and abandoning module HardwareTargeting (420)
[2017.08.28-00.02.11:093][  2]LogModuleManager: Shutting down and abandoning module DeviceProfileEditor (418)
[2017.08.28-00.02.11:093][  2]LogModuleManager: Shutting down and abandoning module UndoHistory (416)
[2017.08.28-00.02.11:093][  2]LogModuleManager: Shutting down and abandoning module UserFeedback (414)
[2017.08.28-00.02.11:093][  2]LogModuleManager: Shutting down and abandoning module XmlParser (412)
[2017.08.28-00.02.11:093][  2]LogModuleManager: Shutting down and abandoning module Blutility (410)
[2017.08.28-00.02.11:093][  2]LogModuleManager: Shutting down and abandoning module ProjectSettingsViewer (408)
[2017.08.28-00.02.11:093][  2]LogModuleManager: Shutting down and abandoning module ProjectTargetPlatformEditor (407)
[2017.08.28-00.02.11:093][  2]LogModuleManager: Shutting down and abandoning module EditorSettingsViewer (404)
[2017.08.28-00.02.11:093][  2]LogModuleManager: Shutting down and abandoning module SettingsEditor (402)
[2017.08.28-00.02.11:093][  2]LogModuleManager: Shutting down and abandoning module ProjectLauncher (400)
[2017.08.28-00.02.11:093][  2]LogModuleManager: Shutting down and abandoning module SessionFrontend (398)
[2017.08.28-00.02.11:093][  2]LogModuleManager: Shutting down and abandoning module ProfilerClient (396)
[2017.08.28-00.02.11:094][  2]LogModuleManager: Shutting down and abandoning module DeviceManager (394)
[2017.08.28-00.02.11:094][  2]LogModuleManager: Shutting down and abandoning module TargetDeviceServices (393)
[2017.08.28-00.02.11:148][  2]LogModuleManager: Shutting down and abandoning module AutomationController (390)
[2017.08.28-00.02.11:148][  2]LogModuleManager: Shutting down and abandoning module AutomationWindow (388)
[2017.08.28-00.02.11:148][  2]LogModuleManager: Shutting down and abandoning module Layers (386)
[2017.08.28-00.02.11:148][  2]LogModuleManager: Shutting down and abandoning module ComponentVisualizers (384)
[2017.08.28-00.02.11:148][  2]LogModuleManager: Shutting down and abandoning module DetailCustomizations (382)
[2017.08.28-00.02.11:148][  2]LogModuleManager: Shutting down and abandoning module PackagesDialog (380)
[2017.08.28-00.02.11:148][  2]LogModuleManager: Shutting down and abandoning module Persona (378)
[2017.08.28-00.02.11:148][  2]LogModuleManager: Shutting down and abandoning module AdvancedPreviewScene (377)
[2017.08.28-00.02.11:148][  2]LogModuleManager: Shutting down and abandoning module AnimGraph (375)
[2017.08.28-00.02.11:149][  2]LogModuleManager: Shutting down and abandoning module Kismet (372)
[2017.08.28-00.02.11:160][  2]LogModuleManager: Shutting down and abandoning module ClassViewer (370)
[2017.08.28-00.02.11:163][  2]LogModuleManager: Shutting down and abandoning module Toolbox (368)
[2017.08.28-00.02.11:163][  2]LogModuleManager: Shutting down and abandoning module ModuleUI (366)
[2017.08.28-00.02.11:163][  2]LogModuleManager: Shutting down and abandoning module MovieSceneTools (364)
[2017.08.28-00.02.11:163][  2]LogModuleManager: Shutting down and abandoning module OutputLog (362)
[2017.08.28-00.02.11:163][  2]LogModuleManager: Shutting down and abandoning module GammaUI (360)
[2017.08.28-00.02.11:163][  2]LogModuleManager: Shutting down and abandoning module Documentation (358)
[2017.08.28-00.02.11:164][  2]LogModuleManager: Shutting down and abandoning module MovieSceneTracks (356)
[2017.08.28-00.02.11:164][  2]LogModuleManager: Shutting down and abandoning module MovieScene (354)
[2017.08.28-00.02.11:164][  2]LogModuleManager: Shutting down and abandoning module Niagara (352)
[2017.08.28-00.02.11:164][  2]LogModuleManager: Shutting down and abandoning module NiagaraEditor (351)
[2017.08.28-00.02.11:165][  2]LogModuleManager: Shutting down and abandoning module StreamingPauseRendering (348)
[2017.08.28-00.02.11:165][  2]LogModuleManager: Shutting down and abandoning module AnalyticsET (346)
[2017.08.28-00.02.11:165][  2]LogModuleManager: Shutting down and abandoning module PortalServices (344)
[2017.08.28-00.02.11:165][  2]LogModuleManager: Shutting down and abandoning module PortalRpc (342)
[2017.08.28-00.02.11:165][  2]LogModuleManager: Shutting down and abandoning module MessagingRpc (340)
[2017.08.28-00.02.11:165][  2]LogModuleManager: Shutting down and abandoning module AIModule (338)
[2017.08.28-00.02.11:165][  2]LogModuleManager: Shutting down and abandoning module GameplayDebugger (337)
[2017.08.28-00.02.11:165][  2]LogModuleManager: Shutting down and abandoning module AITestSuite (335)
[2017.08.28-00.02.11:165][  2]LogModuleManager: Shutting down and abandoning module ProfilerService (332)
[2017.08.28-00.02.11:182][  2]LogModuleManager: Shutting down and abandoning module TaskGraph (330)
[2017.08.28-00.02.11:182][  2]LogModuleManager: Shutting down and abandoning module RunebergVRPlugin (328)
[2017.08.28-00.02.11:182][  2]LogModuleManager: Shutting down and abandoning module GestureTrackerVR (326)
[2017.08.28-00.02.11:182][  2]LogModuleManager: Shutting down and abandoning module SteamVRController (324)
[2017.08.28-00.02.11:182][  2]LogModuleManager: Shutting down and abandoning module SteamVR (322)
[2017.08.28-00.02.11:182][  2]LogModuleManager: Shutting down and abandoning module ProceduralMeshComponentEditor (320)
[2017.08.28-00.02.11:182][  2]LogModuleManager: Shutting down and abandoning module ProceduralMeshComponent (318)
[2017.08.28-00.02.11:182][  2]LogModuleManager: Shutting down and abandoning module OculusLibrary (316)
[2017.08.28-00.02.11:182][  2]LogModuleManager: Shutting down and abandoning module OculusInput (314)
[2017.08.28-00.02.11:182][  2]LogModuleManager: Shutting down and abandoning module MobilePatchingUtils (312)
[2017.08.28-00.02.11:182][  2]LogModuleManager: Shutting down and abandoning module CustomMeshComponent (310)
[2017.08.28-00.02.11:182][  2]LogModuleManager: Shutting down and abandoning module CableComponent (308)
[2017.08.28-00.02.11:182][  2]LogModuleManager: Shutting down and abandoning module ArchVisCharacter (306)
[2017.08.28-00.02.11:182][  2]LogModuleManager: Shutting down and abandoning module AndroidPermission (304)
[2017.08.28-00.02.11:182][  2]LogModuleManager: Shutting down and abandoning module MediaPlayerEditor (300)
[2017.08.28-00.02.11:183][  2]LogModuleManager: Shutting down and abandoning module HTML5Networking (298)
[2017.08.28-00.02.11:183][  2]LogModuleManager: Shutting down and abandoning module AlembicImporter (296)
[2017.08.28-00.02.11:183][  2]LogModuleManager: Shutting down and abandoning module AlembicLibrary (295)
[2017.08.28-00.02.11:183][  2]LogModuleManager: Shutting down and abandoning module GeometryCache (294)
[2017.08.28-00.02.11:183][  2]LogModuleManager: Shutting down and abandoning module GeometryCacheEd (293)
[2017.08.28-00.02.11:183][  2]LogModuleManager: Shutting down and abandoning module SuperSearchEditor (288)
[2017.08.28-00.02.11:183][  2]LogModuleManager: Shutting down and abandoning module SuperSearch (287)
[2017.08.28-00.02.11:183][  2]LogModuleManager: Shutting down and abandoning module SpeedTreeImporter (284)
[2017.08.28-00.02.11:183][  2]LogModuleManager: Shutting down and abandoning module PluginBrowser (282)
[2017.08.28-00.02.11:183][  2]LogModuleManager: Shutting down and abandoning module MobileLauncherProfileWizard (280)
[2017.08.28-00.02.11:183][  2]LogModuleManager: Shutting down and abandoning module VisualStudioSourceCodeAccess (278)
[2017.08.28-00.02.11:183][  2]LogModuleManager: Shutting down and abandoning module DesktopPlatform (277)
[2017.08.28-00.02.11:183][  2]LogModuleManager: Shutting down and abandoning module UObjectPlugin (274)
[2017.08.28-00.02.11:183][  2]LogModuleManager: Shutting down and abandoning module SubversionSourceControl (272)
[2017.08.28-00.02.11:183][  2]LogModuleManager: Shutting down and abandoning module PerforceSourceControl (270)
[2017.08.28-00.02.11:183][  2]LogModuleManager: Shutting down and abandoning module GitSourceControl (268)
[2017.08.28-00.02.11:183][  2]LogModuleManager: Shutting down and abandoning module SourceControl (267)
[2017.08.28-00.02.11:183][  2]LogModuleManager: Shutting down and abandoning module LightPropagationVolumeEditor (264)
[2017.08.28-00.02.11:183][  2]LogModuleManager: Shutting down and abandoning module PaperTiledImporter (262)
[2017.08.28-00.02.11:183][  2]LogModuleManager: Shutting down and abandoning module PaperSpriteSheetImporter (260)
[2017.08.28-00.02.11:183][  2]LogModuleManager: Shutting down and abandoning module Paper2DEditor (258)
[2017.08.28-00.02.11:183][  2]LogModuleManager: Shutting down and abandoning module MeshPaint (257)
[2017.08.28-00.02.11:183][  2]LogModuleManager: Shutting down and abandoning module LevelEditor (255)
[2017.08.28-00.02.11:184][  2]LogModuleManager: Shutting down and abandoning module PixelInspectorModule (254)
[2017.08.28-00.02.11:184][  2]LogModuleManager: Shutting down and abandoning module MainFrame (252)
[2017.08.28-00.02.11:184][  2]LogModuleManager: Shutting down and abandoning module HotReload (251)
[2017.08.28-00.02.11:184][  2]LogDirectoryWatcher: A directory notification for 'C:/Users/croch/Documents/Unreal Projects/SwordVR/Plugins/Marketplace/GestureTrackerVR/Binaries/Win64' was aborted.
[2017.08.28-00.02.11:184][  2]LogDirectoryWatcher: A directory notification for 'C:/Users/croch/Documents/Unreal Projects/SwordVR/Plugins/Marketplace/RunebergVRPlugin/Binaries/Win64' was aborted.
[2017.08.28-00.02.11:184][  2]LogModuleManager: Shutting down and abandoning module PhysXVehiclesEditor (246)
[2017.08.28-00.02.11:184][  2]LogModuleManager: Shutting down and abandoning module PhysXVehicles (244)
[2017.08.28-00.02.11:184][  2]LogModuleManager: Shutting down and abandoning module LocationServicesBPLibrary (242)
[2017.08.28-00.02.11:184][  2]LogModuleManager: Shutting down and abandoning module ImmediatePhysicsEditor (240)
[2017.08.28-00.02.11:184][  2]LogModuleManager: Shutting down and abandoning module ImmediatePhysics (238)
[2017.08.28-00.02.11:184][  2]LogModuleManager: Shutting down and abandoning module UdpMessaging (236)
[2017.08.28-00.02.11:286][  2]LogModuleManager: Shutting down and abandoning module TcpMessaging (234)
[2017.08.28-00.02.11:387][  2]LogModuleManager: Shutting down and abandoning module GameplayTagsEditor (232)
[2017.08.28-00.02.11:387][  2]LogModuleManager: Shutting down and abandoning module FacialAnimationEditor (230)
[2017.08.28-00.02.11:387][  2]LogModuleManager: Shutting down and abandoning module FacialAnimation (228)
[2017.08.28-00.02.11:387][  2]LogModuleManager: Shutting down and abandoning module AssetManagerEditor (226)
[2017.08.28-00.02.11:387][  2]LogModuleManager: Shutting down and abandoning module GraphEditor (225)
[2017.08.28-00.02.11:387][  2]LogModuleManager: Shutting down and abandoning module ContentBrowser (223)
[2017.08.28-00.02.11:389][  2]LogModuleManager: Shutting down and abandoning module LightPropagationVolumeRuntime (220)
[2017.08.28-00.02.11:389][  2]LogModuleManager: Shutting down and abandoning module Paper2D (218)
[2017.08.28-00.02.11:389][  2]LogModuleManager: Shutting down and abandoning module WindowsMoviePlayer (216)
[2017.08.28-00.02.11:389][  2]LogModuleManager: Shutting down and abandoning module WmfMedia (214)
[2017.08.28-00.02.11:390][  2]LogModuleManager: Shutting down and abandoning module ClothingSystemEditor (212)
[2017.08.28-00.02.11:391][  2]LogModuleManager: Shutting down and abandoning module ClothingSystemRuntime (210)
[2017.08.28-00.02.11:391][  2]LogModuleManager: Shutting down and abandoning module MediaAssets (208)
[2017.08.28-00.02.11:391][  2]LogModuleManager: Shutting down and abandoning module GameLiveStreaming (206)
[2017.08.28-00.02.11:391][  2]LogModuleManager: Shutting down and abandoning module VREditor (204)
[2017.08.28-00.02.11:391][  2]LogModuleManager: Shutting down and abandoning module StringTableEditor (202)
[2017.08.28-00.02.11:391][  2]LogModuleManager: Shutting down and abandoning module GameplayTasksEditor (200)
[2017.08.28-00.02.11:391][  2]LogModuleManager: Shutting down and abandoning module BehaviorTreeEditor (198)
[2017.08.28-00.02.11:391][  2]LogModuleManager: Shutting down and abandoning module FunctionalTesting (196)
[2017.08.28-00.02.11:391][  2]LogModuleManager: Shutting down and abandoning module CollisionAnalyzer (194)
[2017.08.28-00.02.11:391][  2]LogModuleManager: Shutting down and abandoning module UMG (192)
[2017.08.28-00.02.11:391][  2]LogModuleManager: Shutting down and abandoning module UMGEditor (191)
[2017.08.28-00.02.11:391][  2]LogModuleManager: Shutting down and abandoning module Sequencer (190)
[2017.08.28-00.02.11:391][  2]LogModuleManager: Shutting down and abandoning module AssetTools (188)
[2017.08.28-00.02.11:391][  2]LogModuleManager: Shutting down and abandoning module MessageLog (187)
[2017.08.28-00.02.11:391][  2]LogModuleManager: Shutting down and abandoning module WorkspaceMenuStructure (186)
[2017.08.28-00.02.11:391][  2]LogModuleManager: Shutting down and abandoning module SlateReflector (180)
[2017.08.28-00.02.11:391][  2]LogModuleManager: Shutting down and abandoning module Slate (178)
[2017.08.28-00.02.11:391][  2]LogModuleManager: Shutting down and abandoning module EditorStyle (176)
[2017.08.28-00.02.11:394][  2]LogModuleManager: Shutting down and abandoning module SourceCodeAccess (174)
[2017.08.28-00.02.11:394][  2]LogModuleManager: Shutting down and abandoning module HeadMountedDisplay (172)
[2017.08.28-00.02.11:394][  2]LogModuleManager: Shutting down and abandoning module XAudio2 (170)
[2017.08.28-00.02.11:394][  2]LogModuleManager: Shutting down and abandoning module Networking (168)
[2017.08.28-00.02.11:394][  2]LogModuleManager: Shutting down and abandoning module Core (164)
[2017.08.28-00.02.11:394][  2]LogModuleManager: Shutting down and abandoning module AssetRegistry (162)
[2017.08.28-00.02.11:533][  2]LogDirectoryWatcher: A directory notification for '../../../Engine/Content/' was aborted.
[2017.08.28-00.02.11:533][  2]LogDirectoryWatcher: A directory notification for '../../../../../../Users/croch/Documents/Unreal Projects/SwordVR/Content/' was aborted.
[2017.08.28-00.02.11:534][  2]LogDirectoryWatcher: A directory notification for '../../../Engine/Plugins/2D/Paper2D/Content/' was aborted.
[2017.08.28-00.02.11:534][  2]LogDirectoryWatcher: A directory notification for '../../../Engine/Plugins/Runtime/GearVR/Content/' was aborted.
[2017.08.28-00.02.11:534][  2]LogDirectoryWatcher: A directory notification for '../../../../../../Users/croch/Documents/Unreal Projects/SwordVR/Plugins/Marketplace/GestureTrackerVR/Content/' was aborted.
[2017.08.28-00.02.11:539][  2]LogModuleManager: Shutting down and abandoning module DirectoryWatcher (161)
[2017.08.28-00.02.11:546][  2]LogModuleManager: Shutting down and abandoning module KismetCompiler (158)
[2017.08.28-00.02.11:546][  2]LogModuleManager: Shutting down and abandoning module LevelSequence (156)
[2017.08.28-00.02.11:546][  2]LogModuleManager: Shutting down and abandoning module PhysXFormats (154)
[2017.08.28-00.02.11:546][  2]LogModuleManager: Shutting down and abandoning module MeshUtilities (152)
[2017.08.28-00.02.11:546][  2]LogModuleManager: Shutting down and abandoning module SimplygonSwarm (151)
[2017.08.28-00.02.11:547][  2]LogModuleManager: Shutting down and abandoning module SimplygonMeshReduction (149)
[2017.08.28-00.02.11:547][  2]LogModuleManager: Shutting down and abandoning module QuadricMeshReduction (147)
[2017.08.28-00.02.11:547][  2]LogModuleManager: Shutting down and abandoning module DerivedDataCache (144)
[2017.08.28-00.02.11:583][  2]LogDerivedDataCache: Shutdown
[2017.08.28-00.02.11:583][  2]LogModuleManager: Shutting down and abandoning module TargetPlatform (142)
[2017.08.28-00.02.11:584][  2]LogModuleManager: Shutting down and abandoning module VulkanShaderFormat (141)
[2017.08.28-00.02.11:584][  2]LogModuleManager: Shutting down and abandoning module ShaderFormatVectorVM (139)
[2017.08.28-00.02.11:584][  2]LogModuleManager: Shutting down and abandoning module ShaderFormatOpenGL (137)
[2017.08.28-00.02.11:584][  2]LogModuleManager: Shutting down and abandoning module ShaderFormatD3D (135)
[2017.08.28-00.02.11:584][  2]LogModuleManager: Shutting down and abandoning module MetalShaderFormat (133)
[2017.08.28-00.02.11:584][  2]LogModuleManager: Shutting down and abandoning module TextureFormatUncompressed (131)
[2017.08.28-00.02.11:584][  2]LogModuleManager: Shutting down and abandoning module TextureFormatPVR (129)
[2017.08.28-00.02.11:584][  2]LogModuleManager: Shutting down and abandoning module TextureFormatDXT (127)
[2017.08.28-00.02.11:584][  2]LogModuleManager: Shutting down and abandoning module TextureFormatIntelISPCTexComp (125)
[2017.08.28-00.02.11:584][  2]LogModuleManager: Shutting down and abandoning module TextureFormatASTC (123)
[2017.08.28-00.02.11:584][  2]LogModuleManager: Shutting down and abandoning module ImageWrapper (122)
[2017.08.28-00.02.11:584][  2]LogModuleManager: Shutting down and abandoning module TextureFormatAndroid (119)
[2017.08.28-00.02.11:584][  2]LogModuleManager: Shutting down and abandoning module AudioFormatOpus (117)
[2017.08.28-00.02.11:584][  2]LogModuleManager: Shutting down and abandoning module AudioFormatOgg (115)
[2017.08.28-00.02.11:584][  2]LogModuleManager: Shutting down and abandoning module AudioFormatADPCM (113)
[2017.08.28-00.02.11:584][  2]LogModuleManager: Shutting down and abandoning module LinuxTargetPlatform (111)
[2017.08.28-00.02.11:584][  2]LogModuleManager: Shutting down and abandoning module LinuxServerTargetPlatform (109)
[2017.08.28-00.02.11:584][  2]LogModuleManager: Shutting down and abandoning module LinuxNoEditorTargetPlatform (107)
[2017.08.28-00.02.11:584][  2]LogModuleManager: Shutting down and abandoning module LinuxClientTargetPlatform (105)
[2017.08.28-00.02.11:584][  2]LogModuleManager: Shutting down and abandoning module TVOSTargetPlatform (103)
[2017.08.28-00.02.11:584][  2]LogModuleManager: Shutting down and abandoning module Messaging (101)
[2017.08.28-00.02.11:584][  2]LogModuleManager: Shutting down and abandoning module IOSTargetPlatform (99)
[2017.08.28-00.02.11:584][  2]LogModuleManager: Shutting down and abandoning module HTML5TargetPlatform (97)
[2017.08.28-00.02.11:584][  2]LogModuleManager: Shutting down and abandoning module Android_PVRTCTargetPlatform (95)
[2017.08.28-00.02.11:585][  2]LogModuleManager: Shutting down and abandoning module Android_MultiTargetPlatform (93)
[2017.08.28-00.02.11:585][  2]LogModuleManager: Shutting down and abandoning module Android_ETC2TargetPlatform (91)
[2017.08.28-00.02.11:585][  2]LogModuleManager: Shutting down and abandoning module Android_ETC1TargetPlatform (89)
[2017.08.28-00.02.11:585][  2]LogModuleManager: Shutting down and abandoning module Android_DXTTargetPlatform (87)
[2017.08.28-00.02.11:585][  2]LogModuleManager: Shutting down and abandoning module Android_ATCTargetPlatform (85)
[2017.08.28-00.02.11:585][  2]LogModuleManager: Shutting down and abandoning module Android_ASTCTargetPlatform (83)
[2017.08.28-00.02.11:585][  2]LogModuleManager: Shutting down and abandoning module AndroidTargetPlatform (81)
[2017.08.28-00.02.11:585][  2]LogModuleManager: Shutting down and abandoning module WindowsTargetPlatform (79)
[2017.08.28-00.02.11:585][  2]LogModuleManager: Shutting down and abandoning module WindowsServerTargetPlatform (77)
[2017.08.28-00.02.11:585][  2]LogModuleManager: Shutting down and abandoning module WindowsNoEditorTargetPlatform (75)
[2017.08.28-00.02.11:585][  2]LogModuleManager: Shutting down and abandoning module WindowsClientTargetPlatform (73)
[2017.08.28-00.02.11:585][  2]LogModuleManager: Shutting down and abandoning module MacTargetPlatform (71)
[2017.08.28-00.02.11:585][  2]LogModuleManager: Shutting down and abandoning module MacServerTargetPlatform (69)
[2017.08.28-00.02.11:585][  2]LogModuleManager: Shutting down and abandoning module MacNoEditorTargetPlatform (67)
[2017.08.28-00.02.11:585][  2]LogModuleManager: Shutting down and abandoning module MacClientTargetPlatform (65)
[2017.08.28-00.02.11:585][  2]LogModuleManager: Shutting down and abandoning module AllDesktopTargetPlatform (63)
[2017.08.28-00.02.11:585][  2]LogModuleManager: Shutting down and abandoning module InputCore (60)
[2017.08.28-00.02.11:585][  2]LogModuleManager: Shutting down and abandoning module Settings (58)
[2017.08.28-00.02.11:585][  2]LogModuleManager: Shutting down and abandoning module OculusRift (56)
[2017.08.28-00.02.11:585][  2]LogModuleManager: Shutting down and abandoning module GearVRController (54)
[2017.08.28-00.02.11:585][  2]LogModuleManager: Shutting down and abandoning module GearVR (52)
[2017.08.28-00.02.11:585][  2]LogModuleManager: Shutting down and abandoning module ExampleDeviceProfileSelector (50)
[2017.08.28-00.02.11:585][  2]LogModuleManager: Shutting down and abandoning module OnlineBlueprintSupport (48)
[2017.08.28-00.02.11:585][  2]LogModuleManager: Shutting down and abandoning module OnlineSubsystem (44)
[2017.08.28-00.02.11:585][  2]LogOnline:Display: Unloading online subsystem: NULL
[2017.08.28-00.02.11:585][  2]LogModuleManager: Shutting down and abandoning module XMPP (43)
[2017.08.28-00.02.11:585][  2]LogModuleManager: Shutting down and abandoning module HTTP (41)
[2017.08.28-00.02.11:585][  2]LogHttp:Display: Http module shutting down, but needs to wait on 1 outstanding Http requests:
[2017.08.28-00.02.11:585][  2]LogHttp:Display: 	verb=[POST] url=[https://datarouter.ol.epicgames.com/datarouter/api/v1/public/data?SessionID=%7BDB85C7AB-4264-4ECA-43C4-48AE91EE5CED%7D&AppID=UEEditor.Rocket.Release&AppVersion=4.16.3-3561208%2B%2B%2BUE4%2BRelease-4.16&UserID=c19455da4e9942465a9434b53fdba419%7Cd8e1cdd51d1c479f8a85754926729c65%7C107367ae-b7ca-4457-9e4d-cb26e87773d6&AppEnvironment=datacollector-binary&UploadType=eteventstream] status=Processing
[2017.08.28-00.02.11:619][  2]LogModuleManager: Shutting down and abandoning module SSL (40)
[2017.08.28-00.02.11:620][  2]LogModuleManager: Shutting down and abandoning module HTTPChunkInstaller (36)
[2017.08.28-00.02.11:620][  2]LogModuleManager: Shutting down and abandoning module AnimationModifiers (34)
[2017.08.28-00.02.11:621][  2]LogModuleManager: Shutting down and abandoning module PropertyEditor (33)
[2017.08.28-00.02.11:621][  2]LogModuleManager: Shutting down and abandoning module AudioEditor (30)
[2017.08.28-00.02.11:621][  2]LogModuleManager: Shutting down and abandoning module TextureCompressor (28)
[2017.08.28-00.02.11:621][  2]LogModuleManager: Shutting down and abandoning module ShaderCore (26)
[2017.08.28-00.02.11:621][  2]LogModuleManager: Shutting down and abandoning module Landscape (24)
[2017.08.28-00.02.11:621][  2]LogModuleManager: Shutting down and abandoning module SlateRHIRenderer (22)
[2017.08.28-00.02.11:625][  2]LogModuleManager: Shutting down and abandoning module OpenGLDrv (20)
[2017.08.28-00.02.11:625][  2]LogModuleManager: Shutting down and abandoning module D3D11RHI (18)
[2017.08.28-00.02.11:625][  2]LogModuleManager: Shutting down and abandoning module AnimGraphRuntime (16)
[2017.08.28-00.02.11:625][  2]LogModuleManager: Shutting down and abandoning module Renderer (14)
[2017.08.28-00.02.11:625][  2]LogModuleManager: Shutting down and abandoning module Engine (12)
[2017.08.28-00.02.11:625][  2]LogModuleManager: Shutting down and abandoning module CoreUObject (10)
[2017.08.28-00.02.11:625][  2]LogModuleManager: Shutting down and abandoning module NetworkFile (8)
[2017.08.28-00.02.11:625][  2]LogModuleManager: Shutting down and abandoning module StreamingFile (6)
[2017.08.28-00.02.11:625][  2]LogModuleManager: Shutting down and abandoning module SandboxFile (4)
[2017.08.28-00.02.11:625][  2]LogModuleManager: Shutting down and abandoning module PakFile (2)
[2017.08.28-00.02.11:628][  2]LogExit: Exiting.
[2017.08.28-00.02.11:648][  2]Log file closed, 08/27/17 20:02:11
