Log file open, 09/01/17 19:11:39
LogWindows: LoadLibraryWithSearchPaths failed for file aqProf.dll. GetLastError=0
LogWindows: LoadLibraryWithSearchPaths failed for file VSPerf140.dll. GetLastError=0
LogWindows: LoadLibraryWithSearchPaths failed for file VtuneApi.dll. GetLastError=0
LogWindows: LoadLibraryWithSearchPaths failed for file VtuneApi32e.dll. GetLastError=0
LogInit: Display: Running engine for game: SwordVR
LogPlatformFile: Not using cached read wrapper
LogInit: Display: RandInit(2009488290) SRandInit(2009488290).
LogTaskGraph: Started task graph with 5 named threads and 14 total threads with 3 sets of task threads.
LogStats: Stats thread started at 0.170413
LogD3D11RHI: Aftermath initialized
LogPluginManager: Mounting plugin Paper2D
LogPluginManager: Mounting plugin LightPropagationVolume
LogPluginManager: Mounting plugin CodeLiteSourceCodeAccess
LogPluginManager: Mounting plugin GitSourceControl
LogPluginManager: Mounting plugin KDevelopSourceCodeAccess
LogPluginManager: Mounting plugin NullSourceCodeAccess
LogPluginManager: Mounting plugin PerforceSourceControl
LogPluginManager: Mounting plugin SubversionSourceControl
LogPluginManager: Mounting plugin UObjectPlugin
LogPluginManager: Mounting plugin VisualStudioSourceCodeAccess
LogPluginManager: Mounting plugin XCodeSourceCodeAccess
LogPluginManager: Mounting plugin AssetManagerEditor
LogPluginManager: Mounting plugin AudioCapture
LogPluginManager: Mounting plugin FacialAnimation
LogPluginManager: Mounting plugin GameplayTagsEditor
LogPluginManager: Mounting plugin MobileLauncherProfileWizard
LogPluginManager: Mounting plugin PluginBrowser
LogPluginManager: Mounting plugin SpeedTreeImporter
LogPluginManager: Mounting plugin AlembicImporter
LogPluginManager: Mounting plugin CharacterAI
LogPluginManager: Mounting plugin HTML5Networking
LogPluginManager: Mounting plugin RunebergVRPlugin
LogPluginManager: Mounting plugin AndroidMedia
LogPluginManager: Mounting plugin AvfMedia
LogPluginManager: Mounting plugin MediaPlayerEditor
LogPluginManager: Mounting plugin WmfMedia
LogPluginManager: Mounting plugin TcpMessaging
LogPluginManager: Mounting plugin UdpMessaging
LogPluginManager: Mounting plugin LevelSequenceEditor
LogPluginManager: Mounting plugin MatineeToLevelSequence
LogPluginManager: Mounting plugin OnlineSubsystemGooglePlay
LogPluginManager: Mounting plugin OnlineSubsystemIOS
LogPluginManager: Mounting plugin OnlineSubsystem
LogPluginManager: Mounting plugin OnlineSubsystemNull
LogPluginManager: Mounting plugin OnlineSubsystemUtils
LogPluginManager: Mounting plugin AndroidDeviceProfileSelector
LogPluginManager: Mounting plugin AndroidMoviePlayer
LogPluginManager: Mounting plugin AndroidPermission
LogPluginManager: Mounting plugin AppleMoviePlayer
LogPluginManager: Mounting plugin ArchVisCharacter
LogPluginManager: Mounting plugin CableComponent
LogPluginManager: Mounting plugin CustomMeshComponent
LogPluginManager: Mounting plugin ExampleDeviceProfileSelector
LogPluginManager: Mounting plugin GoogleCloudMessaging
LogPluginManager: Mounting plugin ImmediatePhysics
LogPluginManager: Mounting plugin IOSDeviceProfileSelector
LogPluginManager: Mounting plugin LinuxDeviceProfileSelector
LogPluginManager: Mounting plugin LocationServicesBPLibrary
LogPluginManager: Mounting plugin MobilePatchingUtils
LogPluginManager: Mounting plugin OculusVR
LogPluginManager: Mounting plugin PhysXVehicles
LogPluginManager: Mounting plugin ProceduralMeshComponent
LogPluginManager: Mounting plugin RuntimePhysXCooking
LogPluginManager: Mounting plugin SoundVisualizations
LogPluginManager: Mounting plugin SteamVR
LogPluginManager: Mounting plugin WindowsMoviePlayer
LogInit: Using libcurl 7.47.1
LogInit:  - built for x86_64-pc-win32
LogInit:  - supports SSL with OpenSSL/1.0.2g
LogInit:  - supports HTTP deflate (compression) using libz 1.2.8
LogInit:  - other features:
LogInit:      CURL_VERSION_SSL
LogInit:      CURL_VERSION_LIBZ
LogInit:      CURL_VERSION_IPV6
LogInit:      CURL_VERSION_ASYNCHDNS
LogInit:      CURL_VERSION_LARGEFILE
LogInit:      CURL_VERSION_IDN
LogInit:  CurlRequestOptions (configurable via config and command line):
LogInit:  - bVerifyPeer = false  - Libcurl will NOT verify peer certificate
LogInit:  - bUseHttpProxy = false  - Libcurl will NOT use HTTP proxy
LogInit:  - bDontReuseConnections = false  - Libcurl will reuse connections
LogInit:  - CertBundlePath = nullptr  - Libcurl will use whatever was configured at build time.
LogInit: Build: ++UE4+Release-4.17-CL-3586342
LogInit: Engine Version: 4.17.1-3586342+++UE4+Release-4.17
LogInit: Compatible Engine Version: 4.17.0-3573198+++UE4+Release-4.17
LogInit: Net CL: 3573198
LogDevObjectVersion: Number of dev versions registered: 16
LogDevObjectVersion:   Dev-Blueprints (B0D832E4-1F89-4F0D-ACCF-7EB736FD4AA2): 10
LogDevObjectVersion:   Dev-Build (E1C64328-A22C-4D53-A36C-8E866417BD8C): 0
LogDevObjectVersion:   Dev-Core (375EC13C-06E4-48FB-B500-84F0262A717E): 2
LogDevObjectVersion:   Dev-Editor (E4B068ED-F494-42E9-A231-DA0B2E46BB41): 20
LogDevObjectVersion:   Dev-Framework (CFFC743F-43B0-4480-9391-14DF171D2073): 28
LogDevObjectVersion:   Dev-Mobile (B02B49B5-BB20-44E9-A304-32B752E40360): 0
LogDevObjectVersion:   Dev-Networking (A4E4105C-59A1-49B5-A7C5-40C4547EDFEE): 0
LogDevObjectVersion:   Dev-Online (39C831C9-5AE6-47DC-9A44-9C173E1C8E7C): 0
LogDevObjectVersion:   Dev-Physics (78F01B33-EBEA-4F98-B9B4-84EACCB95AA2): 0
LogDevObjectVersion:   Dev-Platform (6631380F-2D4D-43E0-8009-CF276956A95A): 0
LogDevObjectVersion:   Dev-Rendering (12F88B9F-8875-4AFC-A67C-D90C383ABD29): 19
LogDevObjectVersion:   Dev-Sequencer (7B5AE74C-D270-4C10-A958-57980B212A5A): 4
LogDevObjectVersion:   Dev-VR (D7296918-1DD6-4BDD-9DE2-64A83CC13884): 0
LogDevObjectVersion:   Dev-LoadTimes (C2A15278-BFE7-4AFE-6C17-90FF531DF755): 1
LogDevObjectVersion:   Private-Geometry (6EACA3D4-40EC-4CC1-B786-8BED09428FC5): 1
LogDevObjectVersion:   Dev-AnimPhys (29E575DD-E0A3-4627-9D10-D276232CDCEA): 7
LogInit: Compiled (64-bit): Aug 15 2017 02:05:26
LogInit: Compiled with Visual C++: 19.00.24215.01
LogInit: Build Configuration: Development
LogInit: Branch Name: ++UE4+Release-4.17
LogInit: Command line: -EpicPortal 
LogInit: Base directory: C:/Program Files/Epic Games/UE_4.17/Engine/Binaries/Win64/
LogInit: Installed Engine Build: 1
LogInit: Presizing for max 8388607 objects, including 0 objects not considered by GC, pre-allocating 0 bytes for permanent pool.
LogInit: Object subsystem initialized
[2017.09.01-23.11.40:416][  0]LogInit: Selected Device Profile: [Windows]
[2017.09.01-23.11.40:416][  0]LogInit: Applying CVar settings loaded from the selected device profile: [Windows]
[2017.09.01-23.11.40:448][  0]LogInit: Computer: DESKTOP-SIJTC7B
[2017.09.01-23.11.40:448][  0]LogInit: User: croch
[2017.09.01-23.11.40:449][  0]LogInit: CPU Page size=4096, Cores=4
[2017.09.01-23.11.40:449][  0]LogInit: High frequency timer resolution =2.533207 MHz
[2017.09.01-23.11.40:449][  0]LogMemory: Memory total: Physical=15.9GB (16GB approx)
[2017.09.01-23.11.40:449][  0]LogMemory: Platform Memory Stats for Windows
[2017.09.01-23.11.40:449][  0]LogMemory: Process Physical Memory: 277.68 MB used, 277.68 MB peak
[2017.09.01-23.11.40:449][  0]LogMemory: Process Virtual Memory: 274.56 MB used, 274.56 MB peak
[2017.09.01-23.11.40:449][  0]LogMemory: Physical Memory: 9296.04 MB used,  7010.99 MB free, 16307.03 MB total
[2017.09.01-23.11.40:449][  0]LogMemory: Virtual Memory: 707.14 MB used,  7010.99 MB free, 134217728.00 MB total
[2017.09.01-23.11.40:790][  0]LogInit: Using OS detected language (en-US).
[2017.09.01-23.11.40:790][  0]LogInit: Using OS detected locale (en-US).
[2017.09.01-23.11.40:793][  0]LogTextLocalizationManager: No specific localization for 'en-US' exists, so the 'en' localization will be used.
[2017.09.01-23.11.41:651][  0]LogD3D11RHI: D3D11 adapters:
[2017.09.01-23.11.42:388][  0]LogD3D11RHI:    0. 'NVIDIA GeForce GTX 970M' (Feature Level 11_0)
[2017.09.01-23.11.42:389][  0]LogD3D11RHI:       3040/0/8153 MB DedicatedVideo/DedicatedSystem/SharedSystem, Outputs:1, VendorId:0x10de
[2017.09.01-23.11.42:394][  0]LogD3D11RHI:    1. 'Intel(R) HD Graphics 4600' (Feature Level 11_0)
[2017.09.01-23.11.42:394][  0]LogD3D11RHI:       112/0/2048 MB DedicatedVideo/DedicatedSystem/SharedSystem, Outputs:0, VendorId:0x8086
[2017.09.01-23.11.42:396][  0]LogD3D11RHI:    2. 'Microsoft Basic Render Driver' (Feature Level 11_0)
[2017.09.01-23.11.42:396][  0]LogD3D11RHI:       0/0/8153 MB DedicatedVideo/DedicatedSystem/SharedSystem, Outputs:0, VendorId:0x1414
[2017.09.01-23.11.42:396][  0]LogD3D11RHI: Chosen D3D11 Adapter: 0
[2017.09.01-23.11.42:405][  0]LogD3D11RHI: Creating new Direct3DDevice
[2017.09.01-23.11.42:405][  0]LogD3D11RHI:     GPU DeviceId: 0x13d8 (for the marketing name, search the web for "GPU Device Id")
[2017.09.01-23.11.42:405][  0]LogWindows: EnumDisplayDevices:
[2017.09.01-23.11.42:405][  0]LogWindows:    0. 'Intel(R) HD Graphics 4600' (P:1 D:1)
[2017.09.01-23.11.42:405][  0]LogWindows:    1. 'Intel(R) HD Graphics 4600' (P:0 D:0)
[2017.09.01-23.11.42:405][  0]LogWindows:    2. 'Intel(R) HD Graphics 4600' (P:0 D:0)
[2017.09.01-23.11.42:405][  0]LogWindows: DebugString: GetVideoDriverDetailsInvalid PrimaryIsNotTheChoosenAdapter GetVideoDriverDetailsInvalid PrimaryIsNotTheChoosenAdapter GetVideoDriverDetailsInvalid PrimaryIsNotTheChoosenAdapter FoundDriverCount:0 
[2017.09.01-23.11.42:405][  0]LogD3D11RHI:     Adapter Name: NVIDIA GeForce GTX 970M
[2017.09.01-23.11.42:405][  0]LogD3D11RHI:   Driver Version: Unknown (internal:Unknown, unified:Unknown)
[2017.09.01-23.11.42:405][  0]LogD3D11RHI:      Driver Date: Unknown
[2017.09.01-23.11.42:405][  0]LogRHI: Texture pool is 1361 MB (70% of 1945 MB)
[2017.09.01-23.11.43:127][  0]LogD3D11RHI: Async texture creation enabled
[2017.09.01-23.11.43:178][  0]LogD3D11RHI: GPU Timing Frequency: 1000.000000 (Debug: 2 1)
[2017.09.01-23.11.43:179][  0]LogShaderCompilers: Guid format shader working directory is -18 characters bigger than the processId version (../../../../../../Users/croch/Documents/Unreal Projects/SwordVR/Intermediate/Shaders/WorkingDirectory/24892/).
[2017.09.01-23.11.43:179][  0]LogShaderCompilers: Cleaned the shader compiler working directory 'C:/Users/croch/AppData/Local/Temp/UnrealShaderWorkingDir/59F7955C430CC94E61F3C3B643CE78A3/'.
[2017.09.01-23.11.43:179][  0]LogShaderCompilers: Display: Using Local Shader Compiler.
[2017.09.01-23.11.44:252][  0]LogTemp: Display: Loaded TP AllDesktopTargetPlatform
[2017.09.01-23.11.44:302][  0]LogTemp: Display: Loaded TP MacClientTargetPlatform
[2017.09.01-23.11.44:351][  0]LogTemp: Display: Loaded TP MacNoEditorTargetPlatform
[2017.09.01-23.11.44:401][  0]LogTemp: Display: Loaded TP MacServerTargetPlatform
[2017.09.01-23.11.44:451][  0]LogTemp: Display: Loaded TP MacTargetPlatform
[2017.09.01-23.11.44:501][  0]LogTemp: Display: Loaded TP WindowsClientTargetPlatform
[2017.09.01-23.11.44:559][  0]LogTemp: Display: Loaded TP WindowsNoEditorTargetPlatform
[2017.09.01-23.11.44:609][  0]LogTemp: Display: Loaded TP WindowsServerTargetPlatform
[2017.09.01-23.11.44:654][  0]LogTemp: Display: Loaded TP WindowsTargetPlatform
[2017.09.01-23.11.44:704][  0]LogTemp: Display: Loaded TP AndroidTargetPlatform
[2017.09.01-23.11.44:753][  0]LogTemp: Display: Loaded TP Android_ASTCTargetPlatform
[2017.09.01-23.11.44:802][  0]LogTemp: Display: Loaded TP Android_ATCTargetPlatform
[2017.09.01-23.11.44:851][  0]LogTemp: Display: Loaded TP Android_DXTTargetPlatform
[2017.09.01-23.11.44:900][  0]LogTemp: Display: Loaded TP Android_ETC1TargetPlatform
[2017.09.01-23.11.44:949][  0]LogTemp: Display: Loaded TP Android_ETC2TargetPlatform
[2017.09.01-23.11.45:048][  0]LogTemp: Display: Loaded TP Android_MultiTargetPlatform
[2017.09.01-23.11.45:048][  0]LogTemp: Display: Loaded TP Android_PVRTCTargetPlatform
[2017.09.01-23.11.45:088][  0]LogTemp: Display: Loaded TP HTML5TargetPlatform
[2017.09.01-23.11.45:178][  0]LogTemp: Display: Loaded TP IOSTargetPlatform
[2017.09.01-23.11.45:208][  0]LogTemp: Display: Loaded TP TVOSTargetPlatform
[2017.09.01-23.11.45:259][  0]LogTemp: Display: Loaded TP LinuxClientTargetPlatform
[2017.09.01-23.11.45:308][  0]LogTemp: Display: Loaded TP LinuxNoEditorTargetPlatform
[2017.09.01-23.11.45:358][  0]LogTemp: Display: Loaded TP LinuxServerTargetPlatform
[2017.09.01-23.11.45:407][  0]LogTemp: Display: Loaded TP LinuxTargetPlatform
[2017.09.01-23.11.45:407][  0]LogTargetPlatformManager: Display: Building Assets For Windows
[2017.09.01-23.11.45:877][  0]LogDerivedDataCache: Display: Max Cache Size: 512 MB
[2017.09.01-23.11.45:955][  0]LogDerivedDataCache: Loaded boot cache 0.08s 93MB C:/Users/croch/AppData/Local/UnrealEngine/4.17/DerivedDataCache/Boot.ddc.
[2017.09.01-23.11.45:955][  0]LogDerivedDataCache: Display: Loaded Boot cache: C:/Users/croch/AppData/Local/UnrealEngine/4.17/DerivedDataCache/Boot.ddc
[2017.09.01-23.11.45:955][  0]LogDerivedDataCache: FDerivedDataBackendGraph:  Pak pak cache file ../../../../../../Users/croch/Documents/Unreal Projects/SwordVR/DerivedDataCache/DDC.ddp not found, will not use a pak cache.
[2017.09.01-23.11.45:955][  0]LogDerivedDataCache: Unable to find inner node Pak for hierarchical cache Hierarchy.
[2017.09.01-23.11.45:955][  0]LogDerivedDataCache: FDerivedDataBackendGraph:  CompressedPak pak cache file ../../../../../../Users/croch/Documents/Unreal Projects/SwordVR/DerivedDataCache/Compressed.ddp not found, will not use a pak cache.
[2017.09.01-23.11.45:956][  0]LogDerivedDataCache: Unable to find inner node CompressedPak for hierarchical cache Hierarchy.
[2017.09.01-23.11.45:972][  0]LogDerivedDataCache: Display: Pak cache opened for reading ../../../Engine/DerivedDataCache/Compressed.ddp.
[2017.09.01-23.11.45:983][  0]LogDerivedDataCache: Using Local data cache path C:/Users/croch/AppData/Local/UnrealEngine/Common/DerivedDataCache: Writable
[2017.09.01-23.11.45:993][  0]LogMaterial: Verifying Global Shaders for PCD3D_SM5
[2017.09.01-23.11.45:993][  0]LogSlate: Using Freetype 2.6.0
[2017.09.01-23.11.45:994][  0]LogSlate: SlateFontCache - WITH_FREETYPE: 1, WITH_HARFBUZZ: 1
[2017.09.01-23.11.45:994][  0]LogSlate: SlateFontCache - WITH_FREETYPE: 1, WITH_HARFBUZZ: 1
[2017.09.01-23.11.46:245][  0]LogAssetRegistry: FAssetRegistry took 0.0254 seconds to start up
[2017.09.01-23.11.46:363][  0]LogInit: Selected Device Profile: [Windows]
[2017.09.01-23.11.46:701][  0]LogSimplygon: Simplygon DLL not present - disabling.
[2017.09.01-23.11.46:744][  0]LogMeshReduction: Using SimplygonSwarm for distributed automatic mesh merging
[2017.09.01-23.11.46:744][  0]LogMeshReduction: Using QuadricMeshReduction for automatic static mesh reduction
[2017.09.01-23.11.46:744][  0]LogMeshReduction: No automatic skeletal mesh reduction module available
[2017.09.01-23.11.46:744][  0]LogMeshReduction: No automatic mesh merging module available
[2017.09.01-23.11.46:744][  0]LogMeshMerging: No automatic mesh merging module available
[2017.09.01-23.11.46:753][  0]LogContentStreaming: Texture pool size is 0.00 MB
[2017.09.01-23.11.47:178][  0]LogNetVersion: SwordVR , NetCL: 3573198, EngineNetVer: 2, GameNetVer: 0 (Checksum: 2726716735)
[2017.09.01-23.11.47:400][  0]LogPackageLocalizationCache: Processed 6 localized package path(s) for 2 prioritized culture(s) in 0.061657 seconds
[2017.09.01-23.11.47:406][  0]LogUObjectArray: 35825 objects as part of root set at end of initial load.
[2017.09.01-23.11.47:406][  0]LogUObjectAllocator: 7529112 out of 0 bytes used by permanent object pool.
[2017.09.01-23.11.47:406][  0]LogUObjectArray: CloseDisregardForGC: 0/0 objects in disregard for GC pool
[2017.09.01-23.11.47:465][  0]LogInit: WinSock: version 1.1 (2.2), MaxSocks=32767, MaxUdp=65467
[2017.09.01-23.11.49:923][  0]LogTcpMessaging: Initializing TcpMessaging bridge
[2017.09.01-23.11.49:963][  0]LogUdpMessaging: Initializing bridge on interface 0.0.0.0:0 to multicast group 230.0.0.1:6666.
[2017.09.01-23.11.50:584][  0]LogMaterial: Uniform references updated for custom material expression Custom.
[2017.09.01-23.11.51:024][  0]SourceControl: Source control is disabled
[2017.09.01-23.11.51:024][  0]SourceControl: Source control is disabled
[2017.09.01-23.11.51:071][  0]SourceControl: Source control is disabled
[2017.09.01-23.11.51:116][  0]SourceControl: Source control is disabled
[2017.09.01-23.11.51:775][  0]LogAndroidPermission: UAndroidPermissionCallbackProxy::GetInstance
[2017.09.01-23.11.52:020][  0]LogOcInput: OculusInput pre-init called
[2017.09.01-23.11.52:320][  0]LogEngine: Initializing Engine...
[2017.09.01-23.11.52:322][  0]LogHMD: Failed to initialize OpenVR with code 110
[2017.09.01-23.11.52:527][  0]LogStats: UGameplayTagsManager::ConstructGameplayTagTree: Construct from data asset -  0.000 s
[2017.09.01-23.11.52:527][  0]LogStats: UGameplayTagsManager::ConstructGameplayTagTree: GameplayTagTreeChangedEvent.Broadcast -  0.000 s
[2017.09.01-23.11.52:656][  0]LogAIModule: Creating AISystem for world Untitled
[2017.09.01-23.11.52:661][  0]LogInit: XAudio2 using 'Speakers (High Definition Audio Device)' : 2 channels at 48 kHz using 16 bits per sample (channel mask 0x3)
[2017.09.01-23.11.52:670][  0]LogInit: FAudioDevice initialized.
[2017.09.01-23.11.52:799][  0]LogDerivedDataCache: Saved boot cache 0.13s 93MB C:/Users/croch/AppData/Local/UnrealEngine/4.17/DerivedDataCache/Boot.ddc.
[2017.09.01-23.11.52:813][  0]LogInit: Texture streaming: Enabled
[2017.09.01-23.11.52:925][  0]LogEngineSessionManager: EngineSessionManager initialized
[2017.09.01-23.11.53:150][  0]LogInit: Transaction tracking system initialized
[2017.09.01-23.11.53:485][  0]BlueprintLog: New page: Editor Load
[2017.09.01-23.11.54:400][  0]LocalizationService: Localization service is disabled
[2017.09.01-23.11.55:129][  0]LogConsoleResponse: Display: 
[2017.09.01-23.11.55:311][  0]LogCook: Display: Max memory allowance for cook 16384mb min free memory 0mb
[2017.09.01-23.11.55:311][  0]LogCook: Display: Mobile HDR setting 1
[2017.09.01-23.11.55:311][  0]LogGameplayTags: Display: UGameplayTagsManager::DoneAddingNativeTags. DelegateIsBound: 0
[2017.09.01-23.11.55:366][  0]LogFileCache: Scanning file cache for directory 'C:/Users/croch/Documents/Unreal Projects/SwordVR/Content/' took 0.02s
[2017.09.01-23.11.56:341][  0]SourceControl: Source control is disabled
[2017.09.01-23.11.56:341][  0]Cmd: MAP LOAD FILE="../../../Engine/Content/Maps/Templates/Template_Default.umap" TEMPLATE=1 SHOWPROGRESS=1 FEATURELEVEL=3
[2017.09.01-23.11.56:342][  0]LightingResults: New page: Lighting Build
[2017.09.01-23.11.56:383][  0]MapCheck: New page: Map Check
[2017.09.01-23.11.56:383][  0]LightingResults: New page: Lighting Build
[2017.09.01-23.11.56:558][  0]LogAIModule: Creating AISystem for world Untitled_1
[2017.09.01-23.11.56:563][  0]LogEditorServer: Finished looking for orphan Actors (0.000 secs)
[2017.09.01-23.11.56:575][  0]Cmd: MAP CHECKDEP NOCLEARLOG
[2017.09.01-23.11.56:625][  0]MapCheck: Map check complete: 0 Error(s), 0 Warning(s), took 50.038ms to complete.
[2017.09.01-23.11.56:625][  0]LogFileHelpers: Loading map 'Template_Default' took 0.284
[2017.09.01-23.11.56:811][  0]LogCollectionManager: Loaded 0 collections in 0.000953 seconds
[2017.09.01-23.11.56:947][  0]LogFileCache: Scanning file cache for directory 'C:/Users/croch/Documents/Unreal Projects/SwordVR/Saved/Collections/' took 0.01s
[2017.09.01-23.11.56:947][  0]LogFileCache: Scanning file cache for directory 'C:/Users/croch/Documents/Unreal Projects/SwordVR/Content/Developers/croch/Collections/' took 0.01s
[2017.09.01-23.11.56:947][  0]LogFileCache: Scanning file cache for directory 'C:/Users/croch/Documents/Unreal Projects/SwordVR/Content/Collections/' took 0.01s
[2017.09.01-23.11.56:947][  0]LogCollectionManager: Rebuilt the GUID cache for 0 collections in 0.000000 seconds
[2017.09.01-23.11.56:957][  0]LogContentBrowser: Native class hierarchy populated in 0.0088 seconds. Added 2398 classes and 506 folders.
[2017.09.01-23.11.57:028][  0]LogContentBrowser: Native class hierarchy updated for 'WidgetCarousel' in 0.0008 seconds. Added 0 classes and 0 folders.
[2017.09.01-23.11.57:406][  0]LogContentBrowser: Native class hierarchy updated for 'AddContentDialog' in 0.0007 seconds. Added 0 classes and 0 folders.
[2017.09.01-23.11.57:457][  0]LogContentBrowser: Native class hierarchy updated for 'SceneOutliner' in 0.0006 seconds. Added 1 classes and 2 folders.
[2017.09.01-23.11.57:505][  0]LogSlate: Took 0.000800 seconds to synchronously load lazily loaded font '../../../Engine/Content/Slate/Fonts/Roboto-Regular.ttf' (155K)
[2017.09.01-23.11.57:509][  0]LogSlate: Took 0.000619 seconds to synchronously load lazily loaded font '../../../Engine/Content/Slate/Fonts/Roboto-Bold.ttf' (160K)
[2017.09.01-23.11.57:523][  0]LogSlate: Took 0.006118 seconds to synchronously load lazily loaded font '../../../Engine/Content/Editor/Slate/Fonts/FontAwesome.ttf' (139K)
[2017.09.01-23.11.57:674][  0]LogRenderer: Reallocating scene render targets to support 804x340 Format 10 NumSamples 1 (Frame:1).
[2017.09.01-23.11.57:862][  0]LogContentBrowser: Native class hierarchy updated for 'HierarchicalLODOutliner' in 0.0008 seconds. Added 1 classes and 2 folders.
[2017.09.01-23.11.57:862][  0]LogLoad: (Engine Initialization) Total time: 20.60 seconds
[2017.09.01-23.11.57:862][  0]LogLoad: (Engine Initialization) Total Blueprint compile time: 0.00 seconds
[2017.09.01-23.11.57:862][  0]LogExternalProfiler: No external profilers were discovered.  External profiling features will not be available.
[2017.09.01-23.11.58:221][  0]LogContentStreaming: Texture pool size now 1000 MB
[2017.09.01-23.11.58:297][  0]LogSlate: Took 0.005421 seconds to synchronously load lazily loaded font '../../../Engine/Content/Slate/Fonts/Roboto-Light.ttf' (159K)
[2017.09.01-23.11.58:540][  1]LogAssetRegistry: Asset discovery search completed in 12.3154 seconds
[2017.09.01-23.11.58:541][  1]LogCollectionManager: Rebuilt the object cache for 0 collections in 0.000000 seconds (found 0 objects)
[2017.09.01-23.11.58:541][  1]LogCollectionManager: Fixed up redirectors for 0 collections in 0.000052 seconds (updated 0 objects)
[2017.09.01-23.31.32:533][  8]LogSlate: Took 0.000158 seconds to synchronously load lazily loaded font '../../../Engine/Content/Slate/Fonts/Roboto-Light.ttf' (159K)
[2017.09.01-23.31.33:437][  8]LogAIModule: Creating AISystem for world synth_Level
[2017.09.01-23.31.33:461][  8]LogSlate: Took 0.000202 seconds to synchronously load lazily loaded font '../../../Engine/Content/Slate/Fonts/Roboto-Regular.ttf' (155K)
[2017.09.01-23.31.33:504][  8]Cmd: MAP LOAD FILE="../../../../../../Users/croch/Documents/Unreal Projects/SwordVR/Content/Maps/synth_Level.umap" TEMPLATE=0 SHOWPROGRESS=1 FEATURELEVEL=3
[2017.09.01-23.31.33:504][  8]LightingResults: New page: Lighting Build
[2017.09.01-23.31.33:505][  8]LoadErrors: New page: Loading map: synth_Level.umap
[2017.09.01-23.31.33:506][  8]MapCheck: New page: Map Check
[2017.09.01-23.31.33:506][  8]LightingResults: New page: Lighting Build
[2017.09.01-23.31.33:531][  8]LogEditorServer: Finished looking for orphan Actors (0.000 secs)
[2017.09.01-23.31.33:569][  8]Cmd: MAP CHECKDEP NOCLEARLOG
[2017.09.01-23.31.33:626][  8]MapCheck: Map check complete: 0 Error(s), 0 Warning(s), took 57.464ms to complete.
[2017.09.01-23.31.33:626][  8]LogFileHelpers: Loading map 'synth_Level' took 0.125
[2017.09.01-23.33.26:099][819]LogFactory: FactoryCreateFile: StaticMesh with FbxFactory (0 0 ../../../../../../Users/croch/Downloads/Sword.fbx)
[2017.09.01-23.33.26:124][819]LogFbx: ItemName: GlobalSettings, ItemCount : 1
[2017.09.01-23.33.26:124][819]LogFbx: ItemName: Material, ItemCount : 1
[2017.09.01-23.33.26:124][819]LogFbx: ItemName: Geometry, ItemCount : 5
[2017.09.01-23.33.26:124][819]LogFbx: ItemName: Model, ItemCount : 6
[2017.09.01-23.33.26:124][819]LogFbx: ItemName: NodeAttribute, ItemCount : 1
[2017.09.01-23.33.26:131][819]LogFbx: Loading FBX Scene from ../../../../../../Users/croch/Downloads/Sword.fbx
[2017.09.01-23.33.26:147][819]LogFbx: FBX Scene Loaded Succesfully
[2017.09.01-23.33.32:591][819]LogFbx: Loading FBX Scene from ../../../../../../Users/croch/Downloads/Sword.fbx
[2017.09.01-23.33.32:604][819]LogFbx: FBX Scene Loaded Succesfully
[2017.09.01-23.33.32:608][819]LogLinker: Can't find file '/Game/Assets/Models/Steel_-_Satin'
[2017.09.01-23.33.32:609][819]LogLinker: Can't find file '/Game/Assets/Models/Steel_-_Satin'
[2017.09.01-23.33.32:623][819]LogMaterial: Missing cached shader map for material Steel_-_Satin, compiling. 
[2017.09.01-23.33.32:665][819]LogStaticMesh: Building static mesh Sword_Body8...
[2017.09.01-23.33.32:710][819]LogStaticMesh: Built static mesh [0.05s] /Game/Assets/Models/Sword_Body8.Sword_Body8
[2017.09.01-23.33.32:737][819]LogStaticMesh: Building static mesh Sword_Body9...
[2017.09.01-23.33.32:776][819]LogStaticMesh: Built static mesh [0.04s] /Game/Assets/Models/Sword_Body9.Sword_Body9
[2017.09.01-23.33.32:807][819]LogStaticMesh: Building static mesh Sword_Body10...
[2017.09.01-23.33.32:852][819]LogStaticMesh: Built static mesh [0.05s] /Game/Assets/Models/Sword_Body10.Sword_Body10
[2017.09.01-23.33.32:876][819]LogStaticMesh: Building static mesh Sword_Body11...
[2017.09.01-23.33.32:910][819]LogStaticMesh: Built static mesh [0.03s] /Game/Assets/Models/Sword_Body11.Sword_Body11
[2017.09.01-23.33.32:930][819]LogStaticMesh: Building static mesh Sword_Body12...
[2017.09.01-23.33.32:948][819]LogStaticMesh: Built static mesh [0.02s] /Game/Assets/Models/Sword_Body12.Sword_Body12
[2017.09.01-23.33.32:962][819]FBXImport: Warning: No smoothing group information was found in this FBX scene.  Please make sure to enable the 'Export Smoothing Groups' option in the FBX Exporter plug-in before exporting the file.  Even for tools that don't support smoothing groups, the FBX Exporter will generate appropriate smoothing data at export-time so that correct vertex normals can be inferred while importing. 
[2017.09.01-23.33.43:931][463]LogActorFactory: Actor Factory created Sword_Body9
[2017.09.01-23.33.43:942][463]LogActorFactory: Actor Factory created Sword_Body10
[2017.09.01-23.33.43:951][463]LogActorFactory: Actor Factory created Sword_Body11
[2017.09.01-23.33.43:960][463]LogActorFactory: Actor Factory created Sword_Body12
[2017.09.01-23.33.43:962][463]LogActorFactory: Actor Factory created Sword_Body8
[2017.09.01-23.34.02:875][507]LogRenderer: Reallocating scene render targets to support 952x564 Format 10 NumSamples 1 (Frame:1).
[2017.09.01-23.34.55:373][311]LogFactory: FactoryCreateFile: StaticMesh with FbxFactory (0 0 ../../../../../../Users/croch/Downloads/Speaker Cone.fbx)
[2017.09.01-23.34.55:383][311]LogFbx: ItemName: GlobalSettings, ItemCount : 1
[2017.09.01-23.34.55:383][311]LogFbx: ItemName: Material, ItemCount : 1
[2017.09.01-23.34.55:383][311]LogFbx: ItemName: Geometry, ItemCount : 3
[2017.09.01-23.34.55:383][311]LogFbx: ItemName: Model, ItemCount : 4
[2017.09.01-23.34.55:383][311]LogFbx: ItemName: NodeAttribute, ItemCount : 1
[2017.09.01-23.34.55:387][311]LogFbx: Loading FBX Scene from ../../../../../../Users/croch/Downloads/Speaker Cone.fbx
[2017.09.01-23.34.55:395][311]LogFbx: FBX Scene Loaded Succesfully
[2017.09.01-23.34.58:166][311]LogFbx: Loading FBX Scene from ../../../../../../Users/croch/Downloads/Speaker Cone.fbx
[2017.09.01-23.34.58:174][311]LogFbx: FBX Scene Loaded Succesfully
[2017.09.01-23.34.58:179][311]LogStaticMesh: Building static mesh Speaker_Cone_Body1...
[2017.09.01-23.34.58:197][311]LogStaticMesh: Built static mesh [0.02s] /Game/Assets/Models/Speaker_Cone_Body1.Speaker_Cone_Body1
[2017.09.01-23.34.58:213][311]LogStaticMesh: Building static mesh Speaker_Cone_Body2...
[2017.09.01-23.34.58:248][311]LogStaticMesh: Built static mesh [0.04s] /Game/Assets/Models/Speaker_Cone_Body2.Speaker_Cone_Body2
[2017.09.01-23.34.58:266][311]LogStaticMesh: Building static mesh Speaker_Cone_Body4...
[2017.09.01-23.34.58:273][311]LogStaticMesh: Built static mesh [0.01s] /Game/Assets/Models/Speaker_Cone_Body4.Speaker_Cone_Body4
[2017.09.01-23.34.58:283][311]FBXImport: Warning: No smoothing group information was found in this FBX scene.  Please make sure to enable the 'Export Smoothing Groups' option in the FBX Exporter plug-in before exporting the file.  Even for tools that don't support smoothing groups, the FBX Exporter will generate appropriate smoothing data at export-time so that correct vertex normals can be inferred while importing. 
[2017.09.01-23.35.10:546][ 41]LogActorFactory: Actor Factory created Speaker_Cone_Body4
[2017.09.01-23.35.10:548][ 41]LogActorFactory: Actor Factory created Speaker_Cone_Body1
[2017.09.01-23.35.10:549][ 41]LogActorFactory: Actor Factory created Speaker_Cone_Body2
[2017.09.01-23.35.11:375][ 90]LogActorFactory: Actor Factory created Speaker_Cone_Body4
[2017.09.01-23.35.11:431][ 90]LogActorFactory: Actor Factory created Speaker_Cone_Body1
[2017.09.01-23.35.11:448][ 90]LogActorFactory: Actor Factory created Speaker_Cone_Body2
[2017.09.01-23.35.40:614][835]LogEditorViewport: Clicking on Actor (LMB): SkySphere_Blueprint_C (SkySphere_Blueprint)
[2017.09.01-23.35.47:071][221]LogEditorViewport: Clicking on Actor (LMB): StaticMeshActor (Cylinder2)
[2017.09.01-23.35.49:877][387]Cmd: DELETE
[2017.09.01-23.35.49:877][387]Cmd: ACTOR DELETE
[2017.09.01-23.35.49:882][387]LogEditorActor: Deleted Actor: StaticMeshActor
[2017.09.01-23.35.49:892][387]LogEditorActor: Deleted 1 Actors (0.011 secs)
[2017.09.01-23.35.54:229][646]LogEditorViewport: Clicking Background
[2017.09.01-23.35.55:476][721]LogEditorViewport: Clicking on Actor (LMB): StaticMeshActor (Plane)
[2017.09.01-23.36.46:327][766]MapCheck: New page: Map Check
[2017.09.01-23.36.46:341][766]Cmd: MAP REBUILD ALLVISIBLE
[2017.09.01-23.36.46:342][766]LogEditorServer: Rebuildmap Clear paths rebuilt
[2017.09.01-23.36.46:418][766]LogMaterial: Missing cached shader map for material FDebugViewModeMaterialProxy WorldGridMaterial, compiling. Is special engine material.
[2017.09.01-23.36.46:426][766]LogMaterial: Missing cached shader map for material FDebugViewModeMaterialProxy LandscapeGizmo_Mat, compiling. 
[2017.09.01-23.36.46:434][766]LogMaterial: Missing cached shader map for material FDebugViewModeMaterialProxy BasicShapeMaterial, compiling. 
[2017.09.01-23.36.46:439][766]LogMaterial: Missing cached shader map for material FDebugViewModeMaterialProxy synthSpace, compiling. 
[2017.09.01-23.36.46:445][766]LogMaterial: Missing cached shader map for material FDebugViewModeMaterialProxy PlaneGrid, compiling. 
[2017.09.01-23.36.46:452][766]LogMaterial: Missing cached shader map for material FDebugViewModeMaterialProxy Hologram_Inst, compiling. 
[2017.09.01-23.36.46:461][766]LogMaterial: Missing cached shader map for material FDebugViewModeMaterialProxy Steel_-_Satin, compiling. 
[2017.09.01-23.36.47:107][766]TextureStreamingBuild: Display: Compiling optional shaders took 0.696 seconds.
[2017.09.01-23.36.47:117][766]LogLevel: Display: Export Material TexCoord Scales took 0.009 seconds.
[2017.09.01-23.36.47:122][766]TextureStreamingBuild: Display: Build Texture Streaming took 0.006 seconds.
[2017.09.01-23.36.47:134][766]LightingResults: New page: Lighting Build - Sep 1, 2017, 3:36:47 PM
[2017.09.01-23.36.47:188][766]LogSwarmInterface: [OpenConnection] Registering TCP channel ...
[2017.09.01-23.36.47:232][766]LogSwarmInterface: [OpenConnection] Connecting to agent ...
[2017.09.01-23.36.47:250][766]LogSwarmInterface: [TryOpenConnection] Testing the Agent
[2017.09.01-23.36.47:776][766]LogSwarmInterface: [TryOpenConnection] Opening Connection to Agent
[2017.09.01-23.36.47:776][766]LogSwarmInterface: [TryOpenConnection] Local Process ID is 24892
[2017.09.01-23.36.50:833][766]LightingResults: Warning: No importance volume found and the scene is so large that the automatically synthesized volume will not yield good results.  Please add a tightly bounding lightmass importance volume to optimize your scene's quality and lighting build times.
[2017.09.01-23.36.50:833][766]LogStaticLightingSystem: Running Lightmass w/ ImmediateImport mode ENABLED
[2017.09.01-23.36.50:833][766]LogStaticLightingSystem: Running Lightmass w/ ImmediateProcess mode ENABLED
[2017.09.01-23.36.50:833][766]LogStaticLightingSystem: Running Lightmass w/ Sorting mode ENABLED
[2017.09.01-23.36.50:833][766]LogStaticLightingSystem: Running Lightmass w/ Mapping paddings ENABLED
[2017.09.01-23.36.50:833][766]LogStaticLightingSystem: Running Lightmass w/ Mapping debug paddings DISABLED
[2017.09.01-23.36.50:997][766]Cmd: MAP CHECK DONTDISPLAYDIALOG
[2017.09.01-23.36.50:998][766]MapCheck: New page: synth_Level - Sep 1, 2017, 3:36:50 PM
[2017.09.01-23.36.51:000][766]MapCheck: Error: WorldSettings_1 Maps need lighting rebuilt 
[2017.09.01-23.36.51:000][766]MapCheck: Warning: SkySphere_Blueprint Large actor receives a pre-shadow and will cause an extreme performance hit unless bCastDynamicShadow is set to false. 
[2017.09.01-23.36.51:056][766]MapCheck: Map check complete: 1 Error(s), 1 Warning(s), took 58.095ms to complete.
[2017.09.01-23.36.51:078][766]LogEditorBuildUtils: Build time 0:04
[2017.09.01-23.36.51:104][766]LogMaterial: Missing cached shader map for material FLightmassMaterialRenderer Steel_-_Satin, compiling. 
[2017.09.01-23.36.51:111][766]LogMaterial: Missing cached shader map for material FLightmassMaterialRenderer Steel_-_Satin, compiling. 
[2017.09.01-23.36.54:098][883]Job is a success!
[2017.09.01-23.36.54:159][884]LogMaterial: Warning: Material /Game/Assets/Models/Steel_-_Satin.Steel_-_Satin needed to have new flag set bUsedWithStaticLighting !
[2017.09.01-23.36.54:162][884]LogMaterial: Missing cached shader map for material Steel_-_Satin, compiling. 
[2017.09.01-23.36.54:260][884]LogTexture: Display: Building textures: HQ_Lightmap1_1 (AutoDXT, 256X256)
[2017.09.01-23.36.54:260][884]LogTexture: Display: Building textures: LQ_Lightmap_1_1 (DXT1, 256X256)
[2017.09.01-23.36.54:260][884]LogTexture: Display: Building textures: HQ_Lightmap1_2 (AutoDXT, 128X128)
[2017.09.01-23.36.54:260][884]LogTexture: Display: Building textures: LQ_Lightmap_1_2 (DXT1, 128X128)
[2017.09.01-23.36.54:260][884]LogTexture: Display: Building textures: ShadowMapTexture2D_3 (G8, 64X64)
[2017.09.01-23.36.54:260][884]LogTexture: Display: Building textures: ShadowMapTexture2D_2 (G8, 512X64)
[2017.09.01-23.36.54:296][884]Lightmass on DESKTOP-SIJTC7B: 1.82 sec total, 184 ms importing, 44 ms setup, 715 ms photons, 870 ms processing, 0 ms extra exporting [8/8 mappings]. Threads: 5.93 sec total, 1.31 sec processing.
[2017.09.01-23.36.54:333][884]LogStaticLightingSystem: Illumination: 7.17 sec (40 ms encoding lightmaps, 23 ms encoding shadowmaps)
[2017.09.01-23.36.54:333][884]LogStaticLightingSystem: Lightmap texture memory:  0.2 MB (0.2 MB streaming, 0.0 MB non-streaming), 4 textures
[2017.09.01-23.36.54:333][884]LogStaticLightingSystem: Shadowmap texture memory: 0.0 MB (0.0 MB streaming, 0.0 MB non-streaming), 2 textures
[2017.09.01-23.36.54:841][884]DumpUnbuiltLightIteractions
[2017.09.01-23.36.54:841][884]Lights with unbuilt interactions: 0
[2017.09.01-23.36.54:841][884]
[2017.09.01-23.36.54:841][884]Primitives with unbuilt interactions: 0
[2017.09.01-23.36.54:859][885]Cmd: MAP CHECK NOTIFYRESULTS
[2017.09.01-23.36.54:859][885]MapCheck: New page: synth_Level - Sep 1, 2017, 3:36:54 PM
[2017.09.01-23.36.54:861][885]MapCheck: Warning: SkySphere_Blueprint Large actor receives a pre-shadow and will cause an extreme performance hit unless bCastDynamicShadow is set to false. 
[2017.09.01-23.36.54:938][885]MapCheck: Map check complete: 0 Error(s), 1 Warning(s), took 78.838ms to complete.
[2017.09.01-23.37.27:869][853]MapCheck: New page: Map Check
[2017.09.01-23.37.27:881][853]LightingResults: New page: Lighting Build - Sep 1, 2017, 3:37:27 PM
[2017.09.01-23.37.27:892][853]LogSwarmInterface: [OpenConnection] Registering TCP channel ...
[2017.09.01-23.37.27:896][853]LogSwarmInterface: [OpenConnection] Connecting to agent ...
[2017.09.01-23.37.27:896][853]LogSwarmInterface: [TryOpenConnection] Testing the Agent
[2017.09.01-23.37.27:897][853]LogSwarmInterface: [TryOpenConnection] Opening Connection to Agent
[2017.09.01-23.37.27:897][853]LogSwarmInterface: [TryOpenConnection] Local Process ID is 24892
[2017.09.01-23.37.32:413][853]LightingResults: Warning: No importance volume found and the scene is so large that the automatically synthesized volume will not yield good results.  Please add a tightly bounding lightmass importance volume to optimize your scene's quality and lighting build times.
[2017.09.01-23.37.32:413][853]LogStaticLightingSystem: Running Lightmass w/ ImmediateImport mode ENABLED
[2017.09.01-23.37.32:413][853]LogStaticLightingSystem: Running Lightmass w/ ImmediateProcess mode ENABLED
[2017.09.01-23.37.32:413][853]LogStaticLightingSystem: Running Lightmass w/ Sorting mode ENABLED
[2017.09.01-23.37.32:413][853]LogStaticLightingSystem: Running Lightmass w/ Mapping paddings ENABLED
[2017.09.01-23.37.32:413][853]LogStaticLightingSystem: Running Lightmass w/ Mapping debug paddings DISABLED
[2017.09.01-23.37.32:496][853]LogEditorBuildUtils: Build time 0:04
[2017.09.01-23.37.32:506][853]LogMaterial: Missing cached shader map for material FLightmassMaterialRenderer Steel_-_Satin, compiling. 
[2017.09.01-23.37.32:512][853]LogMaterial: Missing cached shader map for material FLightmassMaterialRenderer Steel_-_Satin, compiling. 
[2017.09.01-23.37.35:896][  0]Job is a success!
[2017.09.01-23.37.35:998][  1]LogTexture: Display: Building textures: LQ_Lightmap_0_2 (DXT1, 128X128)
[2017.09.01-23.37.35:998][  1]LogTexture: Display: Building textures: HQ_Lightmap0_2 (AutoDXT, 128X128)
[2017.09.01-23.37.35:998][  1]LogTexture: Display: Building textures: LQ_Lightmap_0_1 (DXT1, 256X256)
[2017.09.01-23.37.35:998][  1]LogTexture: Display: Building textures: HQ_Lightmap0_1 (AutoDXT, 256X256)
[2017.09.01-23.37.35:998][  1]LogTexture: Display: Building textures: ShadowMapTexture2D_5 (G8, 64X64)
[2017.09.01-23.37.35:998][  1]LogTexture: Display: Building textures: ShadowMapTexture2D_4 (G8, 512X64)
[2017.09.01-23.37.36:016][  1]Lightmass on DESKTOP-SIJTC7B: 2.37 sec total, 116 ms importing, 27 ms setup, 962 ms photons, 1.25 sec processing, 0 ms extra exporting [8/8 mappings]. Threads: 8.59 sec total, 2.30 sec processing.
[2017.09.01-23.37.36:034][  1]LogStaticLightingSystem: Illumination: 8.13 sec (35 ms encoding lightmaps, 13 ms encoding shadowmaps)
[2017.09.01-23.37.36:034][  1]LogStaticLightingSystem: Lightmap texture memory:  0.2 MB (0.2 MB streaming, 0.0 MB non-streaming), 4 textures
[2017.09.01-23.37.36:034][  1]LogStaticLightingSystem: Shadowmap texture memory: 0.0 MB (0.0 MB streaming, 0.0 MB non-streaming), 2 textures
[2017.09.01-23.37.36:422][  1]DumpUnbuiltLightIteractions
[2017.09.01-23.37.36:422][  1]Lights with unbuilt interactions: 0
[2017.09.01-23.37.36:422][  1]
[2017.09.01-23.37.36:422][  1]Primitives with unbuilt interactions: 0
[2017.09.01-23.37.36:434][  2]Cmd: MAP CHECK NOTIFYRESULTS
[2017.09.01-23.37.36:434][  2]MapCheck: New page: synth_Level - Sep 1, 2017, 3:37:36 PM
[2017.09.01-23.37.36:435][  2]MapCheck: Warning: SkySphere_Blueprint Large actor receives a pre-shadow and will cause an extreme performance hit unless bCastDynamicShadow is set to false. 
[2017.09.01-23.37.36:490][  2]MapCheck: Map check complete: 0 Error(s), 1 Warning(s), took 56.459ms to complete.
[2017.09.01-23.37.52:894][984]LogEditorViewport: Clicking on Actor (LMB): StaticMeshActor (Speaker_Cone_Body2)
[2017.09.01-23.38.32:688][221]MapCheck: New page: Map Check
[2017.09.01-23.38.32:704][221]LightingResults: New page: Lighting Build - Sep 1, 2017, 3:38:32 PM
[2017.09.01-23.38.32:714][221]LogSwarmInterface: [OpenConnection] Registering TCP channel ...
[2017.09.01-23.38.32:718][221]LogSwarmInterface: [OpenConnection] Connecting to agent ...
[2017.09.01-23.38.32:718][221]LogSwarmInterface: [TryOpenConnection] Testing the Agent
[2017.09.01-23.38.32:719][221]LogSwarmInterface: [TryOpenConnection] Opening Connection to Agent
[2017.09.01-23.38.32:719][221]LogSwarmInterface: [TryOpenConnection] Local Process ID is 24892
[2017.09.01-23.38.37:231][221]LightingResults: Warning: No importance volume found and the scene is so large that the automatically synthesized volume will not yield good results.  Please add a tightly bounding lightmass importance volume to optimize your scene's quality and lighting build times.
[2017.09.01-23.38.37:232][221]LogStaticLightingSystem: Running Lightmass w/ ImmediateImport mode ENABLED
[2017.09.01-23.38.37:232][221]LogStaticLightingSystem: Running Lightmass w/ ImmediateProcess mode ENABLED
[2017.09.01-23.38.37:232][221]LogStaticLightingSystem: Running Lightmass w/ Sorting mode ENABLED
[2017.09.01-23.38.37:232][221]LogStaticLightingSystem: Running Lightmass w/ Mapping paddings ENABLED
[2017.09.01-23.38.37:232][221]LogStaticLightingSystem: Running Lightmass w/ Mapping debug paddings DISABLED
[2017.09.01-23.38.37:315][221]LogEditorBuildUtils: Build time 0:04
[2017.09.01-23.38.40:944][409]Job is a success!
[2017.09.01-23.38.41:047][410]LogTexture: Display: Building textures: HQ_Lightmap1_1 (AutoDXT, 256X256)
[2017.09.01-23.38.41:047][410]LogTexture: Display: Building textures: HQ_Lightmap1_2 (AutoDXT, 128X128)
[2017.09.01-23.38.41:047][410]LogTexture: Display: Building textures: LQ_Lightmap_1_2 (DXT1, 128X128)
[2017.09.01-23.38.41:047][410]LogTexture: Display: Building textures: LQ_Lightmap_1_1 (DXT1, 256X256)
[2017.09.01-23.38.41:047][410]LogTexture: Display: Building textures: ShadowMapTexture2D_7 (G8, 64X64)
[2017.09.01-23.38.41:047][410]LogTexture: Display: Building textures: ShadowMapTexture2D_6 (G8, 512X64)
[2017.09.01-23.38.41:066][410]Lightmass on DESKTOP-SIJTC7B: 3.19 sec total, 119 ms importing, 24 ms setup, 1.56 sec photons, 1.47 sec processing, 0 ms extra exporting [8/8 mappings]. Threads: 10.1 sec total, 3.55 sec processing.
[2017.09.01-23.38.41:085][410]LogStaticLightingSystem: Illumination: 8.36 sec (32 ms encoding lightmaps, 16 ms encoding shadowmaps)
[2017.09.01-23.38.41:085][410]LogStaticLightingSystem: Lightmap texture memory:  0.2 MB (0.2 MB streaming, 0.0 MB non-streaming), 4 textures
[2017.09.01-23.38.41:085][410]LogStaticLightingSystem: Shadowmap texture memory: 0.0 MB (0.0 MB streaming, 0.0 MB non-streaming), 2 textures
[2017.09.01-23.38.41:239][410]DumpUnbuiltLightIteractions
[2017.09.01-23.38.41:240][410]Lights with unbuilt interactions: 0
[2017.09.01-23.38.41:240][410]
[2017.09.01-23.38.41:240][410]Primitives with unbuilt interactions: 0
[2017.09.01-23.38.41:252][411]Cmd: MAP CHECK NOTIFYRESULTS
[2017.09.01-23.38.41:253][411]MapCheck: New page: synth_Level - Sep 1, 2017, 3:38:41 PM
[2017.09.01-23.38.41:253][411]MapCheck: Warning: SkySphere_Blueprint Large actor receives a pre-shadow and will cause an extreme performance hit unless bCastDynamicShadow is set to false. 
[2017.09.01-23.38.41:316][411]MapCheck: Map check complete: 0 Error(s), 1 Warning(s), took 63.662ms to complete.
[2017.09.01-23.39.25:593][ 16]LogContentBrowser: Native class hierarchy updated for 'BlueprintGraph' in 0.0010 seconds. Added 113 classes and 0 folders.
[2017.09.01-23.39.26:380][ 16]LogSlate: Took 0.004695 seconds to synchronously load lazily loaded font '../../../Engine/Content/Editor/Slate/Fonts/Roboto-BoldCondensed.ttf' (158K)
[2017.09.01-23.39.28:754][133]LogSlate: Took 0.010138 seconds to synchronously load lazily loaded font '../../../Engine/Content/Editor/Slate/Fonts/Roboto-Italic.ttf' (157K)
[2017.09.01-23.39.43:823][ 34]LogEditorTransaction: Undo Delete current selection
[2017.09.01-23.39.43:862][ 34]LogSlate: Took 0.000201 seconds to synchronously load lazily loaded font '../../../Engine/Content/Slate/Fonts/Roboto-Light.ttf' (159K)
[2017.09.01-23.41.04:195][821]LogEditorTransaction: Undo Delete current selection
[2017.09.01-23.41.06:625][946]LogEditorTransaction: Undo Move Node
[2017.09.01-23.41.07:291][969]LogEditorTransaction: Undo Delete current selection
[2017.09.01-23.41.07:924][990]LogEditorTransaction: Undo Delete current selection
[2017.09.01-23.41.09:065][ 40]LogEditorTransaction: Undo Delete current selection
[2017.09.01-23.41.09:834][ 68]LogEditorTransaction: Undo Delete current selection
[2017.09.01-23.41.10:966][118]LogEditorTransaction: Undo Move Node
[2017.09.01-23.41.11:721][145]LogEditorTransaction: Undo Delete current selection
[2017.09.01-23.42.17:666][ 40]Cmd: TRANSACTION UNDO
[2017.09.01-23.42.17:666][ 40]LogEditorTransaction: Undo Create Actors
[2017.09.01-23.42.26:105][546]LogEditorViewport: Clicking on Actor (LMB): StaticMeshActor (Speaker_Cone_Body2)
[2017.09.01-23.42.27:159][609]Cmd: DELETE
[2017.09.01-23.42.27:159][609]Cmd: ACTOR DELETE
[2017.09.01-23.42.27:160][609]LogEditorActor: Deleted Actor: StaticMeshActor
[2017.09.01-23.42.27:189][609]LogEditorActor: Deleted 1 Actors (0.030 secs)
[2017.09.01-23.42.35:931][134]Cmd: TRANSACTION UNDO
[2017.09.01-23.42.35:931][134]LogEditorTransaction: Undo Delete Actors
[2017.09.01-23.43.46:153][986]LogSavePackage: Save=73.14ms
[2017.09.01-23.43.46:153][986]LogSavePackage: Moving '../../../../../../Users/croch/Documents/Unreal Projects/SwordVR/Saved/synth_Level_Auto1210152DD457D3E81488E279911D2BEEA.tmp' to '../../../../../../Users/croch/Documents/Unreal Projects/SwordVR/Saved/Autosaves/Game/Maps/synth_Level_Auto1.umap'
[2017.09.01-23.43.46:155][986]LogSavePackage: Display: Finished SavePackage ../../../../../../Users/croch/Documents/Unreal Projects/SwordVR/Saved/Autosaves/Game/Maps/synth_Level_Auto1.umap
[2017.09.01-23.43.46:160][986]LogFileHelpers: Editor autosave (incl. sublevels) for '/Game/Maps/synth_Level' took 0.124
[2017.09.01-23.43.46:160][986]LogFileHelpers: Editor autosave (incl. sublevels) for all levels took 0.124
[2017.09.01-23.43.46:163][986]OBJ SavePackage: Generating thumbnails for [0] asset(s) in package [/Game/Maps/synth_Level_BuiltData] ([1] browsable assets)...
[2017.09.01-23.43.46:163][986]OBJ SavePackage: Finished generating thumbnails for package [/Game/Maps/synth_Level_BuiltData]
[2017.09.01-23.43.46:197][986]LogSavePackage: Save=10.39ms
[2017.09.01-23.43.46:198][986]LogSavePackage: Moving '../../../../../../Users/croch/Documents/Unreal Projects/SwordVR/Saved/synth_Level_BuiltData_Auto11B2DCEAB434478903764F8B92B04DFDC.tmp' to '../../../../../../Users/croch/Documents/Unreal Projects/SwordVR/Saved/Autosaves/Game/Maps/synth_Level_BuiltData_Auto1.uasset'
[2017.09.01-23.43.46:198][986]LogSavePackage: Display: Finished SavePackage ../../../../../../Users/croch/Documents/Unreal Projects/SwordVR/Saved/Autosaves/Game/Maps/synth_Level_BuiltData_Auto1.uasset
[2017.09.01-23.43.46:199][986]OBJ SavePackage: Generating thumbnails for [0] asset(s) in package [/Game/MyRunebergVR_Pawn] ([1] browsable assets)...
[2017.09.01-23.43.46:199][986]OBJ SavePackage: Finished generating thumbnails for package [/Game/MyRunebergVR_Pawn]
[2017.09.01-23.43.46:389][986]LogSavePackage: Save=178.62ms
[2017.09.01-23.43.46:389][986]LogSavePackage: Moving '../../../../../../Users/croch/Documents/Unreal Projects/SwordVR/Saved/MyRunebergVR_Pawn_Auto10E1E265F47A9E1080294E68266C3FE46.tmp' to '../../../../../../Users/croch/Documents/Unreal Projects/SwordVR/Saved/Autosaves/Game/MyRunebergVR_Pawn_Auto1.uasset'
[2017.09.01-23.43.46:390][986]LogSavePackage: Display: Finished SavePackage ../../../../../../Users/croch/Documents/Unreal Projects/SwordVR/Saved/Autosaves/Game/MyRunebergVR_Pawn_Auto1.uasset
[2017.09.01-23.43.46:391][986]OBJ SavePackage: Generating thumbnails for [1] asset(s) in package [/Game/Assets/Models/Speaker_Cone_Body1] ([1] browsable assets)...
[2017.09.01-23.43.46:422][986]OBJ SavePackage:     Rendered thumbnail for [StaticMesh /Game/Assets/Models/Speaker_Cone_Body1.Speaker_Cone_Body1]
[2017.09.01-23.43.46:422][986]OBJ SavePackage: Finished generating thumbnails for package [/Game/Assets/Models/Speaker_Cone_Body1]
[2017.09.01-23.43.46:439][986]LogSavePackage: Save=15.29ms
[2017.09.01-23.43.46:439][986]LogSavePackage: Moving '../../../../../../Users/croch/Documents/Unreal Projects/SwordVR/Saved/Speaker_Cone_Body1_Auto1B871773C43045F4DA604BEB5D90FFC48.tmp' to '../../../../../../Users/croch/Documents/Unreal Projects/SwordVR/Saved/Autosaves/Game/Assets/Models/Speaker_Cone_Body1_Auto1.uasset'
[2017.09.01-23.43.46:440][986]LogSavePackage: Display: Finished SavePackage ../../../../../../Users/croch/Documents/Unreal Projects/SwordVR/Saved/Autosaves/Game/Assets/Models/Speaker_Cone_Body1_Auto1.uasset
[2017.09.01-23.43.46:441][986]OBJ SavePackage: Generating thumbnails for [1] asset(s) in package [/Game/Assets/Models/Speaker_Cone_Body2] ([1] browsable assets)...
[2017.09.01-23.43.46:471][986]OBJ SavePackage:     Rendered thumbnail for [StaticMesh /Game/Assets/Models/Speaker_Cone_Body2.Speaker_Cone_Body2]
[2017.09.01-23.43.46:471][986]OBJ SavePackage: Finished generating thumbnails for package [/Game/Assets/Models/Speaker_Cone_Body2]
[2017.09.01-23.43.46:486][986]LogSavePackage: Save=13.60ms
[2017.09.01-23.43.46:486][986]LogSavePackage: Moving '../../../../../../Users/croch/Documents/Unreal Projects/SwordVR/Saved/Speaker_Cone_Body2_Auto1D66E9760468B023744C8B7BA770D724F.tmp' to '../../../../../../Users/croch/Documents/Unreal Projects/SwordVR/Saved/Autosaves/Game/Assets/Models/Speaker_Cone_Body2_Auto1.uasset'
[2017.09.01-23.43.46:487][986]LogSavePackage: Display: Finished SavePackage ../../../../../../Users/croch/Documents/Unreal Projects/SwordVR/Saved/Autosaves/Game/Assets/Models/Speaker_Cone_Body2_Auto1.uasset
[2017.09.01-23.43.46:488][986]OBJ SavePackage: Generating thumbnails for [1] asset(s) in package [/Game/Assets/Models/Speaker_Cone_Body4] ([1] browsable assets)...
[2017.09.01-23.43.46:518][986]OBJ SavePackage:     Rendered thumbnail for [StaticMesh /Game/Assets/Models/Speaker_Cone_Body4.Speaker_Cone_Body4]
[2017.09.01-23.43.46:518][986]OBJ SavePackage: Finished generating thumbnails for package [/Game/Assets/Models/Speaker_Cone_Body4]
[2017.09.01-23.43.46:533][986]LogSavePackage: Save=13.66ms
[2017.09.01-23.43.46:533][986]LogSavePackage: Moving '../../../../../../Users/croch/Documents/Unreal Projects/SwordVR/Saved/Speaker_Cone_Body4_Auto1E982365047B765ABC7B211BF60295938.tmp' to '../../../../../../Users/croch/Documents/Unreal Projects/SwordVR/Saved/Autosaves/Game/Assets/Models/Speaker_Cone_Body4_Auto1.uasset'
[2017.09.01-23.43.46:535][986]LogSavePackage: Display: Finished SavePackage ../../../../../../Users/croch/Documents/Unreal Projects/SwordVR/Saved/Autosaves/Game/Assets/Models/Speaker_Cone_Body4_Auto1.uasset
[2017.09.01-23.43.46:535][986]LogFileHelpers: Auto-saving content packages took 0.373
[2017.09.02-00.10.56:124][120]Cmd: TRANSACTION UNDO
[2017.09.02-00.10.56:125][120]LogEditorTransaction: Undo Move Actors
[2017.09.02-00.11.08:867][881]MapCheck: New page: Map Check
[2017.09.02-00.11.08:883][881]Cmd: MAP REBUILD ALLVISIBLE
[2017.09.02-00.11.08:883][881]LogEditorServer: Rebuildmap Clear paths rebuilt
[2017.09.02-00.11.08:920][881]LogMaterial: Missing cached shader map for material FDebugViewModeMaterialProxy WorldGridMaterial, compiling. Is special engine material.
[2017.09.02-00.11.08:926][881]LogMaterial: Missing cached shader map for material FDebugViewModeMaterialProxy LandscapeGizmo_Mat, compiling. 
[2017.09.02-00.11.08:932][881]LogMaterial: Missing cached shader map for material FDebugViewModeMaterialProxy BasicShapeMaterial, compiling. 
[2017.09.02-00.11.08:937][881]LogMaterial: Missing cached shader map for material FDebugViewModeMaterialProxy synthSpace, compiling. 
[2017.09.02-00.11.08:944][881]LogMaterial: Missing cached shader map for material FDebugViewModeMaterialProxy PlaneGrid, compiling. 
[2017.09.02-00.11.08:951][881]LogMaterial: Missing cached shader map for material FDebugViewModeMaterialProxy Hologram_Inst, compiling. 
[2017.09.02-00.11.09:792][881]TextureStreamingBuild: Display: Compiling optional shaders took 0.879 seconds.
[2017.09.02-00.11.09:796][881]LogLevel: Display: Export Material TexCoord Scales took 0.005 seconds.
[2017.09.02-00.11.09:806][881]TextureStreamingBuild: Display: Build Texture Streaming took 0.009 seconds.
[2017.09.02-00.11.09:823][881]LightingResults: New page: Lighting Build - Sep 1, 2017, 4:11:09 PM
[2017.09.02-00.11.09:838][881]LogSwarmInterface: [OpenConnection] Registering TCP channel ...
[2017.09.02-00.11.09:851][881]LogSwarmInterface: [OpenConnection] Connecting to agent ...
[2017.09.02-00.11.09:851][881]LogSwarmInterface: [TryOpenConnection] Testing the Agent
[2017.09.02-00.11.09:851][881]LogSwarmInterface: [TryOpenConnection] Opening Connection to Agent
[2017.09.02-00.11.09:851][881]LogSwarmInterface: [TryOpenConnection] Local Process ID is 24892
[2017.09.02-00.11.14:364][881]LightingResults: Warning: No importance volume found and the scene is so large that the automatically synthesized volume will not yield good results.  Please add a tightly bounding lightmass importance volume to optimize your scene's quality and lighting build times.
[2017.09.02-00.11.14:364][881]LogStaticLightingSystem: Running Lightmass w/ ImmediateImport mode ENABLED
[2017.09.02-00.11.14:364][881]LogStaticLightingSystem: Running Lightmass w/ ImmediateProcess mode ENABLED
[2017.09.02-00.11.14:364][881]LogStaticLightingSystem: Running Lightmass w/ Sorting mode ENABLED
[2017.09.02-00.11.14:364][881]LogStaticLightingSystem: Running Lightmass w/ Mapping paddings ENABLED
[2017.09.02-00.11.14:364][881]LogStaticLightingSystem: Running Lightmass w/ Mapping debug paddings DISABLED
[2017.09.02-00.11.14:438][881]Cmd: MAP CHECK DONTDISPLAYDIALOG
[2017.09.02-00.11.14:438][881]MapCheck: New page: synth_Level - Sep 1, 2017, 4:11:14 PM
[2017.09.02-00.11.14:439][881]MapCheck: Error: WorldSettings_1 Maps need lighting rebuilt 
[2017.09.02-00.11.14:439][881]MapCheck: Warning: SkySphere_Blueprint Large actor receives a pre-shadow and will cause an extreme performance hit unless bCastDynamicShadow is set to false. 
[2017.09.02-00.11.16:085][881]MapCheck: Map check complete: 1 Error(s), 1 Warning(s), took 1,646.659ms to complete.
[2017.09.02-00.11.16:107][881]LogEditorBuildUtils: Build time 0:07
[2017.09.02-00.11.20:125][  5]Job is a success!
[2017.09.02-00.11.20:244][  6]LogTexture: Display: Building textures: HQ_Lightmap0_1 (AutoDXT, 256X256)
[2017.09.02-00.11.20:244][  6]LogTexture: Display: Building textures: LQ_Lightmap_0_1 (DXT1, 256X256)
[2017.09.02-00.11.20:244][  6]LogTexture: Display: Building textures: LQ_Lightmap_0_2 (DXT1, 128X128)
[2017.09.02-00.11.20:244][  6]LogTexture: Display: Building textures: HQ_Lightmap0_2 (AutoDXT, 128X128)
[2017.09.02-00.11.20:244][  6]LogTexture: Display: Building textures: ShadowMapTexture2D_9 (G8, 64X64)
[2017.09.02-00.11.20:244][  6]LogTexture: Display: Building textures: ShadowMapTexture2D_8 (G8, 512X64)
[2017.09.02-00.11.20:256][  6]Lightmass on DESKTOP-SIJTC7B: 3.40 sec total, 160 ms importing, 32 ms setup, 1.46 sec photons, 1.74 sec processing, 0 ms extra exporting [8/8 mappings]. Threads: 12.0 sec total, 4.05 sec processing.
[2017.09.02-00.11.20:279][  6]LogStaticLightingSystem: Illumination: 10.4 sec (47 ms encoding lightmaps, 15 ms encoding shadowmaps)
[2017.09.02-00.11.20:279][  6]LogStaticLightingSystem: Lightmap texture memory:  0.2 MB (0.2 MB streaming, 0.0 MB non-streaming), 4 textures
[2017.09.02-00.11.20:279][  6]LogStaticLightingSystem: Shadowmap texture memory: 0.0 MB (0.0 MB streaming, 0.0 MB non-streaming), 2 textures
[2017.09.02-00.11.20:377][  6]DumpUnbuiltLightIteractions
[2017.09.02-00.11.20:377][  6]Lights with unbuilt interactions: 0
[2017.09.02-00.11.20:377][  6]
[2017.09.02-00.11.20:377][  6]Primitives with unbuilt interactions: 0
[2017.09.02-00.11.20:388][  7]Cmd: MAP CHECK NOTIFYRESULTS
[2017.09.02-00.11.20:389][  7]MapCheck: New page: synth_Level - Sep 1, 2017, 4:11:20 PM
[2017.09.02-00.11.20:389][  7]MapCheck: Warning: SkySphere_Blueprint Large actor receives a pre-shadow and will cause an extreme performance hit unless bCastDynamicShadow is set to false. 
[2017.09.02-00.11.20:454][  7]MapCheck: Map check complete: 0 Error(s), 1 Warning(s), took 65.396ms to complete.
[2017.09.02-00.11.52:901][500]LogSavePackage: Save=72.43ms
[2017.09.02-00.11.52:901][500]LogSavePackage: Moving '../../../../../../Users/croch/Documents/Unreal Projects/SwordVR/Saved/synth_Level_Auto2E3C972FB473D20852A63D68114E8B72A.tmp' to '../../../../../../Users/croch/Documents/Unreal Projects/SwordVR/Saved/Autosaves/Game/Maps/synth_Level_Auto2.umap'
[2017.09.02-00.11.52:903][500]LogSavePackage: Display: Finished SavePackage ../../../../../../Users/croch/Documents/Unreal Projects/SwordVR/Saved/Autosaves/Game/Maps/synth_Level_Auto2.umap
[2017.09.02-00.11.52:907][500]LogFileHelpers: Editor autosave (incl. sublevels) for '/Game/Maps/synth_Level' took 0.117
[2017.09.02-00.11.52:907][500]LogFileHelpers: Editor autosave (incl. sublevels) for all levels took 0.117
[2017.09.02-00.11.52:909][500]OBJ SavePackage: Generating thumbnails for [0] asset(s) in package [/Game/Maps/synth_Level_BuiltData] ([1] browsable assets)...
[2017.09.02-00.11.52:909][500]OBJ SavePackage: Finished generating thumbnails for package [/Game/Maps/synth_Level_BuiltData]
[2017.09.02-00.11.52:931][500]LogSavePackage: Save=10.26ms
[2017.09.02-00.11.52:931][500]LogSavePackage: Moving '../../../../../../Users/croch/Documents/Unreal Projects/SwordVR/Saved/synth_Level_BuiltData_Auto29A435FB343FB4BC08248059A913B4F52.tmp' to '../../../../../../Users/croch/Documents/Unreal Projects/SwordVR/Saved/Autosaves/Game/Maps/synth_Level_BuiltData_Auto2.uasset'
[2017.09.02-00.11.52:932][500]LogSavePackage: Display: Finished SavePackage ../../../../../../Users/croch/Documents/Unreal Projects/SwordVR/Saved/Autosaves/Game/Maps/synth_Level_BuiltData_Auto2.uasset
[2017.09.02-00.11.52:932][500]LogFileHelpers: Auto-saving content packages took 0.024
[2017.09.02-00.30.41:684][590]Cmd: OBJ SAVEPACKAGE PACKAGE="/Game/Assets/Models/Speaker_Cone_Body1" FILE="../../../../../../Users/croch/Documents/Unreal Projects/SwordVR/Content/Assets/Models/Speaker_Cone_Body1.uasset" SILENT=true
[2017.09.02-00.30.41:706][590]LogSavePackage: Save=19.41ms
[2017.09.02-00.30.41:706][590]LogSavePackage: Moving '../../../../../../Users/croch/Documents/Unreal Projects/SwordVR/Saved/Speaker_Cone_Body1345A117749B5E32F0B4A43AF6D31E73A.tmp' to '../../../../../../Users/croch/Documents/Unreal Projects/SwordVR/Content/Assets/Models/Speaker_Cone_Body1.uasset'
[2017.09.02-00.30.41:718][590]LogSavePackage: Display: Finished SavePackage ../../../../../../Users/croch/Documents/Unreal Projects/SwordVR/Content/Assets/Models/Speaker_Cone_Body1.uasset
[2017.09.02-00.30.41:753][590]Cmd: OBJ SAVEPACKAGE PACKAGE="/Game/Assets/Models/Speaker_Cone_Body2" FILE="../../../../../../Users/croch/Documents/Unreal Projects/SwordVR/Content/Assets/Models/Speaker_Cone_Body2.uasset" SILENT=true
[2017.09.02-00.30.41:771][590]LogSavePackage: Save=16.25ms
[2017.09.02-00.30.41:771][590]LogSavePackage: Moving '../../../../../../Users/croch/Documents/Unreal Projects/SwordVR/Saved/Speaker_Cone_Body29D877C0E4D6CDBF0D23A68B74B05C904.tmp' to '../../../../../../Users/croch/Documents/Unreal Projects/SwordVR/Content/Assets/Models/Speaker_Cone_Body2.uasset'
[2017.09.02-00.30.41:780][590]LogSavePackage: Display: Finished SavePackage ../../../../../../Users/croch/Documents/Unreal Projects/SwordVR/Content/Assets/Models/Speaker_Cone_Body2.uasset
[2017.09.02-00.30.41:813][590]Cmd: OBJ SAVEPACKAGE PACKAGE="/Game/Assets/Models/Speaker_Cone_Body4" FILE="../../../../../../Users/croch/Documents/Unreal Projects/SwordVR/Content/Assets/Models/Speaker_Cone_Body4.uasset" SILENT=true
[2017.09.02-00.30.41:829][590]LogSavePackage: Save=13.93ms
[2017.09.02-00.30.41:829][590]LogSavePackage: Moving '../../../../../../Users/croch/Documents/Unreal Projects/SwordVR/Saved/Speaker_Cone_Body4D45CF7954F49EB0775C4B48A8422710D.tmp' to '../../../../../../Users/croch/Documents/Unreal Projects/SwordVR/Content/Assets/Models/Speaker_Cone_Body4.uasset'
[2017.09.02-00.30.41:837][590]LogSavePackage: Display: Finished SavePackage ../../../../../../Users/croch/Documents/Unreal Projects/SwordVR/Content/Assets/Models/Speaker_Cone_Body4.uasset
[2017.09.02-00.30.41:905][590]Cmd: OBJ SAVEPACKAGE PACKAGE="/Game/Maps/synth_Level" FILE="../../../../../../Users/croch/Documents/Unreal Projects/SwordVR/Content/Maps/synth_Level.umap" SILENT=true AUTOSAVING=false KEEPDIRTY=false
[2017.09.02-00.30.42:005][590]LogSavePackage: Save=71.94ms
[2017.09.02-00.30.42:005][590]LogSavePackage: Moving '../../../../../../Users/croch/Documents/Unreal Projects/SwordVR/Saved/synth_LevelDE02035E49AF191D2C872CA615CA24F8.tmp' to '../../../../../../Users/croch/Documents/Unreal Projects/SwordVR/Content/Maps/synth_Level.umap'
[2017.09.02-00.30.42:011][590]LogSavePackage: Display: Finished SavePackage ../../../../../../Users/croch/Documents/Unreal Projects/SwordVR/Content/Maps/synth_Level.umap
[2017.09.02-00.30.42:052][590]LogFileHelpers: Saving map 'synth_Level' took 0.210
[2017.09.02-00.30.42:054][590]Cmd: OBJ SAVEPACKAGE PACKAGE="/Game/Maps/synth_Level_BuiltData" FILE="../../../../../../Users/croch/Documents/Unreal Projects/SwordVR/Content/Maps/synth_Level_BuiltData.uasset" SILENT=true
[2017.09.02-00.30.42:093][590]LogSavePackage: Save=25.64ms
[2017.09.02-00.30.42:093][590]LogSavePackage: Moving '../../../../../../Users/croch/Documents/Unreal Projects/SwordVR/Saved/synth_Level_BuiltDataE447343345203A5C76234EB116AA132B.tmp' to '../../../../../../Users/croch/Documents/Unreal Projects/SwordVR/Content/Maps/synth_Level_BuiltData.uasset'
[2017.09.02-00.30.42:099][590]LogSavePackage: Display: Finished SavePackage ../../../../../../Users/croch/Documents/Unreal Projects/SwordVR/Content/Maps/synth_Level_BuiltData.uasset
[2017.09.02-00.30.42:106][590]Cmd: OBJ SAVEPACKAGE PACKAGE="/Game/MyRunebergVR_Pawn" FILE="../../../../../../Users/croch/Documents/Unreal Projects/SwordVR/Content/MyRunebergVR_Pawn.uasset" SILENT=true
[2017.09.02-00.30.42:293][590]LogSavePackage: Save=176.40ms
[2017.09.02-00.30.42:294][590]LogSavePackage: Moving '../../../../../../Users/croch/Documents/Unreal Projects/SwordVR/Saved/MyRunebergVR_PawnEBE2E8064673C8856214D2BF22ACB386.tmp' to '../../../../../../Users/croch/Documents/Unreal Projects/SwordVR/Content/MyRunebergVR_Pawn.uasset'
[2017.09.02-00.30.42:299][590]LogSavePackage: Display: Finished SavePackage ../../../../../../Users/croch/Documents/Unreal Projects/SwordVR/Content/MyRunebergVR_Pawn.uasset
[2017.09.02-00.30.42:387][590]LogWindowsTextInputMethodSystem: Display: IME system now deactivated.
[2017.09.02-00.30.42:387][590]LogWindowsTextInputMethodSystem: Display: IME system now deactivated.
[2017.09.02-00.30.42:659][591]Cmd: QUIT_EDITOR
[2017.09.02-00.30.42:725][591]LogExit: Preparing to exit.
[2017.09.02-00.30.43:825][591]LogDirectoryWatcher: A directory notification for 'C:/Users/croch/Documents/Unreal Projects/SwordVR/Content/' was aborted.
[2017.09.02-00.30.43:946][591]LogExit: Editor shut down
[2017.09.02-00.30.43:978][591]LogExit: Transaction tracking system shut down
[2017.09.02-00.30.44:462][591]LogDirectoryWatcher: A directory notification for '../../../Engine/Content/' was aborted.
[2017.09.02-00.30.44:462][591]LogDirectoryWatcher: A directory notification for '../../../../../../Users/croch/Documents/Unreal Projects/SwordVR/Content/' was aborted.
[2017.09.02-00.30.44:463][591]LogDirectoryWatcher: A directory notification for '../../../Engine/Plugins/2D/Paper2D/Content/' was aborted.
[2017.09.02-00.30.44:463][591]LogDirectoryWatcher: A directory notification for '../../../Engine/Plugins/Runtime/Oculus/OculusVR/Content/' was aborted.
[2017.09.02-00.30.44:463][591]LogDirectoryWatcher: A directory notification for '../../../Engine/Plugins/Runtime/Steam/SteamVR/Content/' was aborted.
[2017.09.02-00.30.45:070][591]LogExit: Object subsystem successfully closed.
[2017.09.02-00.30.45:104][591]LogD3D11RHI: Shutdown
[2017.09.02-00.30.45:104][591]LogD3D11RHI: CleanupD3DDevice
[2017.09.02-00.30.45:127][591]LogD3D11RHI: ~FD3D11DynamicRHI
[2017.09.02-00.30.45:148][591]LogModuleManager: Shutting down and abandoning module BlueprintGraph (542)
[2017.09.02-00.30.45:148][591]LogModuleManager: Shutting down and abandoning module BlueprintProfiler (540)
[2017.09.02-00.30.45:149][591]LogModuleManager: Shutting down and abandoning module HierarchicalLODUtilities (538)
[2017.09.02-00.30.45:149][591]LogModuleManager: Shutting down and abandoning module StaticMeshEditor (536)
[2017.09.02-00.30.45:149][591]LogModuleManager: Shutting down and abandoning module HierarchicalLODOutliner (534)
[2017.09.02-00.30.45:149][591]LogModuleManager: Shutting down and abandoning module SceneOutliner (532)
[2017.09.02-00.30.45:149][591]LogModuleManager: Shutting down and abandoning module AddContentDialog (530)
[2017.09.02-00.30.45:149][591]LogDirectoryWatcher: A directory notification for 'C:/Program Files/Epic Games/UE_4.17/FeaturePacks/' was aborted.
[2017.09.02-00.30.45:156][591]LogModuleManager: Shutting down and abandoning module WidgetCarousel (529)
[2017.09.02-00.30.45:156][591]LogModuleManager: Shutting down and abandoning module EditorWidgets (526)
[2017.09.02-00.30.45:156][591]LogModuleManager: Shutting down and abandoning module CollectionManager (524)
[2017.09.02-00.30.45:156][591]LogDirectoryWatcher: A directory notification for 'C:/Users/croch/Documents/Unreal Projects/SwordVR/Content/Collections/' was aborted.
[2017.09.02-00.30.45:157][591]LogDirectoryWatcher: A directory notification for 'C:/Users/croch/Documents/Unreal Projects/SwordVR/Content/Developers/croch/Collections/' was aborted.
[2017.09.02-00.30.45:157][591]LogDirectoryWatcher: A directory notification for 'C:/Users/croch/Documents/Unreal Projects/SwordVR/Saved/Collections/' was aborted.
[2017.09.02-00.30.45:157][591]LogModuleManager: Shutting down and abandoning module StatsViewer (522)
[2017.09.02-00.30.45:157][591]LogModuleManager: Shutting down and abandoning module FoliageEdit (520)
[2017.09.02-00.30.45:157][591]LogModuleManager: Shutting down and abandoning module LandscapeEditor (518)
[2017.09.02-00.30.45:157][591]LogModuleManager: Shutting down and abandoning module MeshPaintMode (516)
[2017.09.02-00.30.45:157][591]LogModuleManager: Shutting down and abandoning module SceneDepthPickerMode (514)
[2017.09.02-00.30.45:157][591]LogModuleManager: Shutting down and abandoning module ActorPickerMode (512)
[2017.09.02-00.30.45:157][591]LogModuleManager: Shutting down and abandoning module GeometryMode (510)
[2017.09.02-00.30.45:157][591]LogModuleManager: Shutting down and abandoning module TextureAlignMode (508)
[2017.09.02-00.30.45:157][591]LogModuleManager: Shutting down and abandoning module BspMode (506)
[2017.09.02-00.30.45:157][591]LogModuleManager: Shutting down and abandoning module PIEPreviewDeviceProfileSelector (504)
[2017.09.02-00.30.45:157][591]LogModuleManager: Shutting down and abandoning module HardwareSurvey (502)
[2017.09.02-00.30.45:157][591]LogModuleManager: Shutting down and abandoning module SequenceRecorderSections (500)
[2017.09.02-00.30.45:157][591]LogModuleManager: Shutting down and abandoning module AutomationWorker (498)
[2017.09.02-00.30.45:157][591]LogModuleManager: Shutting down and abandoning module MatineeToLevelSequence (496)
[2017.09.02-00.30.45:157][591]LogModuleManager: Shutting down and abandoning module LevelSequenceEditor (494)
[2017.09.02-00.30.45:157][591]LogModuleManager: Shutting down and abandoning module PlacementMode (493)
[2017.09.02-00.30.45:157][591]LogModuleManager: Shutting down and abandoning module WmfMediaFactory (490)
[2017.09.02-00.30.45:157][591]LogModuleManager: Shutting down and abandoning module WmfMediaEditor (488)
[2017.09.02-00.30.45:157][591]LogModuleManager: Shutting down and abandoning module AvfMediaFactory (486)
[2017.09.02-00.30.45:157][591]LogModuleManager: Shutting down and abandoning module AvfMediaEditor (484)
[2017.09.02-00.30.45:157][591]LogModuleManager: Shutting down and abandoning module AndroidMediaFactory (482)
[2017.09.02-00.30.45:157][591]LogModuleManager: Shutting down and abandoning module Media (481)
[2017.09.02-00.30.45:157][591]LogModuleManager: Shutting down and abandoning module AndroidMediaEditor (478)
[2017.09.02-00.30.45:157][591]LogModuleManager: Shutting down and abandoning module CharacterAI (476)
[2017.09.02-00.30.45:157][591]LogModuleManager: Shutting down and abandoning module AudioCapture (474)
[2017.09.02-00.30.45:158][591]LogModuleManager: Shutting down and abandoning module SequenceRecorder (473)
[2017.09.02-00.30.45:158][591]LogModuleManager: Shutting down and abandoning module SmartSnapping (470)
[2017.09.02-00.30.45:158][591]LogModuleManager: Shutting down and abandoning module SessionServices (468)
[2017.09.02-00.30.45:158][591]LogModuleManager: Shutting down and abandoning module ViewportSnapping (466)
[2017.09.02-00.30.45:158][591]LogModuleManager: Shutting down and abandoning module ViewportInteraction (464)
[2017.09.02-00.30.45:158][591]LogModuleManager: Shutting down and abandoning module ClothPainter (462)
[2017.09.02-00.30.45:158][591]LogModuleManager: Shutting down and abandoning module LogVisualizer (460)
[2017.09.02-00.30.45:158][591]LogModuleManager: Shutting down and abandoning module IntroTutorials (458)
[2017.09.02-00.30.45:158][591]LogModuleManager: Shutting down and abandoning module GameProjectGeneration (457)
[2017.09.02-00.30.45:158][591]LogModuleManager: Shutting down and abandoning module IOSPlatformEditor (454)
[2017.09.02-00.30.45:158][591]LogModuleManager: Shutting down and abandoning module HTML5PlatformEditor (452)
[2017.09.02-00.30.45:158][591]LogModuleManager: Shutting down and abandoning module AndroidPlatformEditor (450)
[2017.09.02-00.30.45:158][591]LogModuleManager: Shutting down and abandoning module AndroidDeviceDetection (449)
[2017.09.02-00.30.45:634][591]LogModuleManager: Shutting down and abandoning module WindowsPlatformEditor (446)
[2017.09.02-00.30.45:634][591]LogModuleManager: Shutting down and abandoning module IOSRuntimeSettings (444)
[2017.09.02-00.30.45:634][591]LogModuleManager: Shutting down and abandoning module AndroidRuntimeSettings (442)
[2017.09.02-00.30.45:634][591]LogModuleManager: Shutting down and abandoning module InputBindingEditor (440)
[2017.09.02-00.30.45:634][591]LogModuleManager: Shutting down and abandoning module MergeActors (438)
[2017.09.02-00.30.45:634][591]LogModuleManager: Shutting down and abandoning module SizeMap (436)
[2017.09.02-00.30.45:634][591]LogModuleManager: Shutting down and abandoning module TreeMap (434)
[2017.09.02-00.30.45:634][591]LogModuleManager: Shutting down and abandoning module ReferenceViewer (432)
[2017.09.02-00.30.45:634][591]LogModuleManager: Shutting down and abandoning module LocalizationDashboard (430)
[2017.09.02-00.30.45:634][591]LogModuleManager: Shutting down and abandoning module LocalizationService (429)
[2017.09.02-00.30.45:634][591]LogModuleManager: Shutting down and abandoning module HardwareTargeting (426)
[2017.09.02-00.30.45:634][591]LogModuleManager: Shutting down and abandoning module DeviceProfileEditor (424)
[2017.09.02-00.30.45:634][591]LogModuleManager: Shutting down and abandoning module UndoHistory (422)
[2017.09.02-00.30.45:634][591]LogModuleManager: Shutting down and abandoning module XmlParser (420)
[2017.09.02-00.30.45:634][591]LogModuleManager: Shutting down and abandoning module Blutility (418)
[2017.09.02-00.30.45:634][591]LogModuleManager: Shutting down and abandoning module ProjectSettingsViewer (416)
[2017.09.02-00.30.45:634][591]LogModuleManager: Shutting down and abandoning module ProjectTargetPlatformEditor (415)
[2017.09.02-00.30.45:635][591]LogModuleManager: Shutting down and abandoning module EditorSettingsViewer (412)
[2017.09.02-00.30.45:635][591]LogModuleManager: Shutting down and abandoning module SettingsEditor (410)
[2017.09.02-00.30.45:635][591]LogModuleManager: Shutting down and abandoning module ProjectLauncher (408)
[2017.09.02-00.30.45:635][591]LogModuleManager: Shutting down and abandoning module SessionFrontend (406)
[2017.09.02-00.30.45:635][591]LogModuleManager: Shutting down and abandoning module ProfilerClient (404)
[2017.09.02-00.30.45:635][591]LogModuleManager: Shutting down and abandoning module DeviceManager (402)
[2017.09.02-00.30.45:635][591]LogModuleManager: Shutting down and abandoning module TargetDeviceServices (401)
[2017.09.02-00.30.45:691][591]LogModuleManager: Shutting down and abandoning module AutomationController (398)
[2017.09.02-00.30.45:691][591]LogModuleManager: Shutting down and abandoning module AutomationWindow (396)
[2017.09.02-00.30.45:691][591]LogModuleManager: Shutting down and abandoning module Layers (394)
[2017.09.02-00.30.45:691][591]LogModuleManager: Shutting down and abandoning module ComponentVisualizers (392)
[2017.09.02-00.30.45:691][591]LogModuleManager: Shutting down and abandoning module DetailCustomizations (390)
[2017.09.02-00.30.45:691][591]LogModuleManager: Shutting down and abandoning module PackagesDialog (388)
[2017.09.02-00.30.45:691][591]LogModuleManager: Shutting down and abandoning module Persona (386)
[2017.09.02-00.30.45:691][591]LogModuleManager: Shutting down and abandoning module AdvancedPreviewScene (385)
[2017.09.02-00.30.45:691][591]LogModuleManager: Shutting down and abandoning module AnimGraph (383)
[2017.09.02-00.30.45:691][591]LogModuleManager: Shutting down and abandoning module Kismet (380)
[2017.09.02-00.30.45:705][591]LogModuleManager: Shutting down and abandoning module ClassViewer (378)
[2017.09.02-00.30.45:705][591]LogModuleManager: Shutting down and abandoning module Toolbox (376)
[2017.09.02-00.30.45:705][591]LogModuleManager: Shutting down and abandoning module ModuleUI (374)
[2017.09.02-00.30.45:705][591]LogModuleManager: Shutting down and abandoning module MovieSceneTools (372)
[2017.09.02-00.30.45:705][591]LogModuleManager: Shutting down and abandoning module OutputLog (370)
[2017.09.02-00.30.45:705][591]LogModuleManager: Shutting down and abandoning module GammaUI (368)
[2017.09.02-00.30.45:705][591]LogModuleManager: Shutting down and abandoning module Documentation (366)
[2017.09.02-00.30.45:705][591]LogModuleManager: Shutting down and abandoning module MovieSceneTracks (364)
[2017.09.02-00.30.45:705][591]LogModuleManager: Shutting down and abandoning module MovieScene (362)
[2017.09.02-00.30.45:705][591]LogModuleManager: Shutting down and abandoning module Niagara (360)
[2017.09.02-00.30.45:705][591]LogModuleManager: Shutting down and abandoning module NiagaraEditor (359)
[2017.09.02-00.30.45:706][591]LogModuleManager: Shutting down and abandoning module StreamingPauseRendering (356)
[2017.09.02-00.30.45:706][591]LogModuleManager: Shutting down and abandoning module LauncherPlatform (354)
[2017.09.02-00.30.45:706][591]LogModuleManager: Shutting down and abandoning module AnalyticsET (352)
[2017.09.02-00.30.45:706][591]LogModuleManager: Shutting down and abandoning module PortalServices (350)
[2017.09.02-00.30.45:706][591]LogModuleManager: Shutting down and abandoning module PortalRpc (348)
[2017.09.02-00.30.45:706][591]LogModuleManager: Shutting down and abandoning module MessagingRpc (346)
[2017.09.02-00.30.45:706][591]LogModuleManager: Shutting down and abandoning module AIModule (344)
[2017.09.02-00.30.45:706][591]LogModuleManager: Shutting down and abandoning module GameplayDebugger (343)
[2017.09.02-00.30.45:706][591]LogModuleManager: Shutting down and abandoning module AITestSuite (341)
[2017.09.02-00.30.45:706][591]LogModuleManager: Shutting down and abandoning module ProfilerService (338)
[2017.09.02-00.30.45:863][591]LogModuleManager: Shutting down and abandoning module TaskGraph (336)
[2017.09.02-00.30.45:864][591]LogModuleManager: Shutting down and abandoning module SteamVRController (334)
[2017.09.02-00.30.45:864][591]LogModuleManager: Shutting down and abandoning module SoundVisualizations (332)
[2017.09.02-00.30.45:864][591]LogModuleManager: Shutting down and abandoning module ProceduralMeshComponentEditor (330)
[2017.09.02-00.30.45:864][591]LogModuleManager: Shutting down and abandoning module ProceduralMeshComponent (328)
[2017.09.02-00.30.45:864][591]LogModuleManager: Shutting down and abandoning module OculusInput (326)
[2017.09.02-00.30.45:864][591]LogModuleManager: Shutting down and abandoning module MobilePatchingUtils (324)
[2017.09.02-00.30.45:864][591]LogModuleManager: Shutting down and abandoning module CustomMeshComponent (322)
[2017.09.02-00.30.45:864][591]LogModuleManager: Shutting down and abandoning module CableComponent (320)
[2017.09.02-00.30.45:864][591]LogModuleManager: Shutting down and abandoning module ArchVisCharacter (318)
[2017.09.02-00.30.45:864][591]LogModuleManager: Shutting down and abandoning module AndroidPermission (316)
[2017.09.02-00.30.45:864][591]LogModuleManager: Shutting down and abandoning module MediaPlayerEditor (312)
[2017.09.02-00.30.45:864][591]LogModuleManager: Shutting down and abandoning module RunebergVRPlugin (310)
[2017.09.02-00.30.45:864][591]LogModuleManager: Shutting down and abandoning module HTML5Networking (308)
[2017.09.02-00.30.45:864][591]LogModuleManager: Shutting down and abandoning module AlembicImporter (306)
[2017.09.02-00.30.45:864][591]LogModuleManager: Shutting down and abandoning module AlembicLibrary (305)
[2017.09.02-00.30.45:864][591]LogModuleManager: Shutting down and abandoning module GeometryCache (304)
[2017.09.02-00.30.45:864][591]LogModuleManager: Shutting down and abandoning module GeometryCacheEd (303)
[2017.09.02-00.30.45:864][591]LogModuleManager: Shutting down and abandoning module SpeedTreeImporter (298)
[2017.09.02-00.30.45:864][591]LogModuleManager: Shutting down and abandoning module PluginBrowser (296)
[2017.09.02-00.30.45:864][591]LogModuleManager: Shutting down and abandoning module MobileLauncherProfileWizard (294)
[2017.09.02-00.30.45:864][591]LogModuleManager: Shutting down and abandoning module VisualStudioSourceCodeAccess (292)
[2017.09.02-00.30.45:864][591]LogModuleManager: Shutting down and abandoning module DesktopPlatform (291)
[2017.09.02-00.30.45:864][591]LogModuleManager: Shutting down and abandoning module UObjectPlugin (288)
[2017.09.02-00.30.45:864][591]LogModuleManager: Shutting down and abandoning module SubversionSourceControl (286)
[2017.09.02-00.30.45:864][591]LogModuleManager: Shutting down and abandoning module PerforceSourceControl (284)
[2017.09.02-00.30.45:864][591]LogModuleManager: Shutting down and abandoning module GitSourceControl (282)
[2017.09.02-00.30.45:864][591]LogModuleManager: Shutting down and abandoning module SourceControl (281)
[2017.09.02-00.30.45:865][591]LogModuleManager: Shutting down and abandoning module LightPropagationVolumeEditor (278)
[2017.09.02-00.30.45:865][591]LogModuleManager: Shutting down and abandoning module PaperTiledImporter (276)
[2017.09.02-00.30.45:865][591]LogModuleManager: Shutting down and abandoning module PaperSpriteSheetImporter (274)
[2017.09.02-00.30.45:865][591]LogModuleManager: Shutting down and abandoning module Paper2DEditor (272)
[2017.09.02-00.30.45:865][591]LogModuleManager: Shutting down and abandoning module MeshPaint (271)
[2017.09.02-00.30.45:865][591]LogModuleManager: Shutting down and abandoning module LevelEditor (269)
[2017.09.02-00.30.45:866][591]LogModuleManager: Shutting down and abandoning module PixelInspectorModule (268)
[2017.09.02-00.30.45:866][591]LogModuleManager: Shutting down and abandoning module MainFrame (266)
[2017.09.02-00.30.45:866][591]LogModuleManager: Shutting down and abandoning module HotReload (265)
[2017.09.02-00.30.45:866][591]LogDirectoryWatcher: A directory notification for 'C:/Users/croch/Documents/Unreal Projects/SwordVR/Plugins/Marketplace/RunebergVRPlugin-master/Plugins/RunebergVRPlugin/Binaries/Win64' was aborted.
[2017.09.02-00.30.45:867][591]LogModuleManager: Shutting down and abandoning module RuntimePhysXCooking (260)
[2017.09.02-00.30.45:867][591]LogModuleManager: Shutting down and abandoning module PhysXVehiclesEditor (258)
[2017.09.02-00.30.45:867][591]LogModuleManager: Shutting down and abandoning module PhysXVehicles (256)
[2017.09.02-00.30.45:867][591]LogModuleManager: Shutting down and abandoning module OculusEditor (254)
[2017.09.02-00.30.45:867][591]LogModuleManager: Shutting down and abandoning module LocationServicesBPLibrary (252)
[2017.09.02-00.30.45:867][591]LogModuleManager: Shutting down and abandoning module ImmediatePhysicsEditor (250)
[2017.09.02-00.30.45:867][591]LogModuleManager: Shutting down and abandoning module ImmediatePhysics (248)
[2017.09.02-00.30.45:867][591]LogModuleManager: Shutting down and abandoning module UdpMessaging (246)
[2017.09.02-00.30.45:968][591]LogModuleManager: Shutting down and abandoning module TcpMessaging (244)
[2017.09.02-00.30.46:069][591]LogModuleManager: Shutting down and abandoning module GameplayTagsEditor (242)
[2017.09.02-00.30.46:069][591]LogModuleManager: Shutting down and abandoning module FacialAnimationEditor (240)
[2017.09.02-00.30.46:069][591]LogModuleManager: Shutting down and abandoning module FacialAnimation (238)
[2017.09.02-00.30.46:069][591]LogModuleManager: Shutting down and abandoning module AssetManagerEditor (236)
[2017.09.02-00.30.46:069][591]LogModuleManager: Shutting down and abandoning module GraphEditor (235)
[2017.09.02-00.30.46:069][591]LogModuleManager: Shutting down and abandoning module ContentBrowser (233)
[2017.09.02-00.30.46:071][591]LogModuleManager: Shutting down and abandoning module LightPropagationVolumeRuntime (230)
[2017.09.02-00.30.46:071][591]LogModuleManager: Shutting down and abandoning module Paper2D (228)
[2017.09.02-00.30.46:071][591]LogModuleManager: Shutting down and abandoning module WindowsMoviePlayer (226)
[2017.09.02-00.30.46:071][591]LogModuleManager: Shutting down and abandoning module WmfMedia (224)
[2017.09.02-00.30.46:074][591]LogModuleManager: Shutting down and abandoning module PacketHandler (222)
[2017.09.02-00.30.46:074][591]LogModuleManager: Shutting down and abandoning module ClothingSystemEditor (220)
[2017.09.02-00.30.46:074][591]LogModuleManager: Shutting down and abandoning module ClothingSystemRuntime (218)
[2017.09.02-00.30.46:074][591]LogModuleManager: Shutting down and abandoning module Overlay (216)
[2017.09.02-00.30.46:074][591]LogModuleManager: Shutting down and abandoning module OverlayEditor (215)
[2017.09.02-00.30.46:074][591]LogModuleManager: Shutting down and abandoning module MediaAssets (212)
[2017.09.02-00.30.46:074][591]LogModuleManager: Shutting down and abandoning module VREditor (210)
[2017.09.02-00.30.46:074][591]LogModuleManager: Shutting down and abandoning module StringTableEditor (208)
[2017.09.02-00.30.46:074][591]LogModuleManager: Shutting down and abandoning module GameplayTasksEditor (206)
[2017.09.02-00.30.46:074][591]LogModuleManager: Shutting down and abandoning module BehaviorTreeEditor (204)
[2017.09.02-00.30.46:074][591]LogModuleManager: Shutting down and abandoning module FunctionalTesting (202)
[2017.09.02-00.30.46:074][591]LogModuleManager: Shutting down and abandoning module CollisionAnalyzer (200)
[2017.09.02-00.30.46:074][591]LogModuleManager: Shutting down and abandoning module WorkspaceMenuStructure (199)
[2017.09.02-00.30.46:074][591]LogModuleManager: Shutting down and abandoning module UMG (196)
[2017.09.02-00.30.46:074][591]LogModuleManager: Shutting down and abandoning module UMGEditor (195)
[2017.09.02-00.30.46:074][591]LogModuleManager: Shutting down and abandoning module Sequencer (194)
[2017.09.02-00.30.46:074][591]LogModuleManager: Shutting down and abandoning module MessageLog (191)
[2017.09.02-00.30.46:074][591]LogModuleManager: Shutting down and abandoning module SlateReflector (186)
[2017.09.02-00.30.46:075][591]LogModuleManager: Shutting down and abandoning module Slate (184)
[2017.09.02-00.30.46:075][591]LogModuleManager: Shutting down and abandoning module EditorStyle (182)
[2017.09.02-00.30.46:079][591]LogModuleManager: Shutting down and abandoning module MRMesh (180)
[2017.09.02-00.30.46:079][591]LogModuleManager: Shutting down and abandoning module SourceCodeAccess (178)
[2017.09.02-00.30.46:079][591]LogModuleManager: Shutting down and abandoning module HeadMountedDisplay (176)
[2017.09.02-00.30.46:079][591]LogModuleManager: Shutting down and abandoning module XAudio2 (174)
[2017.09.02-00.30.46:079][591]LogModuleManager: Shutting down and abandoning module Networking (172)
[2017.09.02-00.30.46:079][591]LogModuleManager: Shutting down and abandoning module Core (168)
[2017.09.02-00.30.46:079][591]LogModuleManager: Shutting down and abandoning module KismetCompiler (164)
[2017.09.02-00.30.46:079][591]LogModuleManager: Shutting down and abandoning module LevelSequence (162)
[2017.09.02-00.30.46:079][591]LogModuleManager: Shutting down and abandoning module MeshUtilities (160)
[2017.09.02-00.30.46:079][591]LogModuleManager: Shutting down and abandoning module MeshMergeUtilities (159)
[2017.09.02-00.30.46:079][591]LogModuleManager: Shutting down and abandoning module MeshReductionInterface (158)
[2017.09.02-00.30.46:079][591]LogModuleManager: Shutting down and abandoning module SimplygonSwarm (157)
[2017.09.02-00.30.46:079][591]LogModuleManager: Shutting down and abandoning module SimplygonMeshReduction (155)
[2017.09.02-00.30.46:079][591]LogModuleManager: Shutting down and abandoning module QuadricMeshReduction (153)
[2017.09.02-00.30.46:079][591]LogModuleManager: Shutting down and abandoning module MaterialBaking (149)
[2017.09.02-00.30.46:079][591]LogModuleManager: Shutting down and abandoning module DirectoryWatcher (146)
[2017.09.02-00.30.46:086][591]LogModuleManager: Shutting down and abandoning module DerivedDataCache (144)
[2017.09.02-00.30.46:141][591]LogDerivedDataCache: Shutdown
[2017.09.02-00.30.46:141][591]LogModuleManager: Shutting down and abandoning module TargetPlatform (142)
[2017.09.02-00.30.46:141][591]LogModuleManager: Shutting down and abandoning module VulkanShaderFormat (141)
[2017.09.02-00.30.46:141][591]LogModuleManager: Shutting down and abandoning module ShaderFormatVectorVM (139)
[2017.09.02-00.30.46:141][591]LogModuleManager: Shutting down and abandoning module ShaderFormatOpenGL (137)
[2017.09.02-00.30.46:142][591]LogModuleManager: Shutting down and abandoning module ShaderFormatD3D (135)
[2017.09.02-00.30.46:142][591]LogModuleManager: Shutting down and abandoning module MetalShaderFormat (133)
[2017.09.02-00.30.46:142][591]LogModuleManager: Shutting down and abandoning module TextureFormatUncompressed (131)
[2017.09.02-00.30.46:142][591]LogModuleManager: Shutting down and abandoning module TextureFormatPVR (129)
[2017.09.02-00.30.46:142][591]LogModuleManager: Shutting down and abandoning module TextureFormatDXT (127)
[2017.09.02-00.30.46:142][591]LogModuleManager: Shutting down and abandoning module TextureFormatIntelISPCTexComp (125)
[2017.09.02-00.30.46:142][591]LogModuleManager: Shutting down and abandoning module TextureFormatASTC (123)
[2017.09.02-00.30.46:142][591]LogModuleManager: Shutting down and abandoning module ImageWrapper (122)
[2017.09.02-00.30.46:142][591]LogModuleManager: Shutting down and abandoning module TextureFormatAndroid (119)
[2017.09.02-00.30.46:142][591]LogModuleManager: Shutting down and abandoning module AudioFormatOpus (117)
[2017.09.02-00.30.46:142][591]LogModuleManager: Shutting down and abandoning module AudioFormatOgg (115)
[2017.09.02-00.30.46:142][591]LogModuleManager: Shutting down and abandoning module AudioFormatADPCM (113)
[2017.09.02-00.30.46:142][591]LogModuleManager: Shutting down and abandoning module LinuxTargetPlatform (111)
[2017.09.02-00.30.46:142][591]LogModuleManager: Shutting down and abandoning module LinuxServerTargetPlatform (109)
[2017.09.02-00.30.46:142][591]LogModuleManager: Shutting down and abandoning module LinuxNoEditorTargetPlatform (107)
[2017.09.02-00.30.46:142][591]LogModuleManager: Shutting down and abandoning module LinuxClientTargetPlatform (105)
[2017.09.02-00.30.46:142][591]LogModuleManager: Shutting down and abandoning module TVOSTargetPlatform (103)
[2017.09.02-00.30.46:142][591]LogModuleManager: Shutting down and abandoning module Messaging (101)
[2017.09.02-00.30.46:142][591]LogModuleManager: Shutting down and abandoning module IOSTargetPlatform (99)
[2017.09.02-00.30.46:142][591]LogModuleManager: Shutting down and abandoning module HTML5TargetPlatform (97)
[2017.09.02-00.30.46:142][591]LogModuleManager: Shutting down and abandoning module Android_PVRTCTargetPlatform (95)
[2017.09.02-00.30.46:142][591]LogModuleManager: Shutting down and abandoning module Android_MultiTargetPlatform (93)
[2017.09.02-00.30.46:143][591]LogModuleManager: Shutting down and abandoning module Android_ETC2TargetPlatform (91)
[2017.09.02-00.30.46:143][591]LogModuleManager: Shutting down and abandoning module Android_ETC1TargetPlatform (89)
[2017.09.02-00.30.46:143][591]LogModuleManager: Shutting down and abandoning module Android_DXTTargetPlatform (87)
[2017.09.02-00.30.46:143][591]LogModuleManager: Shutting down and abandoning module Android_ATCTargetPlatform (85)
[2017.09.02-00.30.46:143][591]LogModuleManager: Shutting down and abandoning module Android_ASTCTargetPlatform (83)
[2017.09.02-00.30.46:143][591]LogModuleManager: Shutting down and abandoning module AndroidTargetPlatform (81)
[2017.09.02-00.30.46:143][591]LogModuleManager: Shutting down and abandoning module WindowsTargetPlatform (79)
[2017.09.02-00.30.46:143][591]LogModuleManager: Shutting down and abandoning module WindowsServerTargetPlatform (77)
[2017.09.02-00.30.46:143][591]LogModuleManager: Shutting down and abandoning module WindowsNoEditorTargetPlatform (75)
[2017.09.02-00.30.46:143][591]LogModuleManager: Shutting down and abandoning module WindowsClientTargetPlatform (73)
[2017.09.02-00.30.46:143][591]LogModuleManager: Shutting down and abandoning module MacTargetPlatform (71)
[2017.09.02-00.30.46:143][591]LogModuleManager: Shutting down and abandoning module MacServerTargetPlatform (69)
[2017.09.02-00.30.46:143][591]LogModuleManager: Shutting down and abandoning module MacNoEditorTargetPlatform (67)
[2017.09.02-00.30.46:143][591]LogModuleManager: Shutting down and abandoning module MacClientTargetPlatform (65)
[2017.09.02-00.30.46:143][591]LogModuleManager: Shutting down and abandoning module AllDesktopTargetPlatform (63)
[2017.09.02-00.30.46:143][591]LogModuleManager: Shutting down and abandoning module InputCore (60)
[2017.09.02-00.30.46:143][591]LogModuleManager: Shutting down and abandoning module Settings (58)
[2017.09.02-00.30.46:143][591]LogModuleManager: Shutting down and abandoning module PhysXCooking (56)
[2017.09.02-00.30.46:143][591]LogModuleManager: Shutting down and abandoning module SteamVR (54)
[2017.09.02-00.30.46:143][591]LogModuleManager: Shutting down and abandoning module OculusHMD (52)
[2017.09.02-00.30.46:143][591]LogModuleManager: Shutting down and abandoning module ExampleDeviceProfileSelector (50)
[2017.09.02-00.30.46:143][591]LogModuleManager: Shutting down and abandoning module OnlineBlueprintSupport (48)
[2017.09.02-00.30.46:143][591]LogModuleManager: Shutting down and abandoning module OnlineSubsystem (44)
[2017.09.02-00.30.46:143][591]LogOnline: Display: Unloading online subsystem: NULL
[2017.09.02-00.30.46:143][591]LogModuleManager: Shutting down and abandoning module XMPP (43)
[2017.09.02-00.30.46:144][591]LogModuleManager: Shutting down and abandoning module HTTP (41)
[2017.09.02-00.30.46:144][591]LogHttp: Display: Http module shutting down, but needs to wait on 1 outstanding Http requests:
[2017.09.02-00.30.46:144][591]LogHttp: Display: 	verb=[POST] url=[https://datarouter.ol.epicgames.com/datarouter/api/v1/public/data?SessionID=%7BAC503D43-47F8-4DF7-49F0-9AB5D881DE68%7D&AppID=UEEditor.Rocket.Release&AppVersion=4.17.1-3586342%2B%2B%2BUE4%2BRelease-4.17&UserID=c19455da4e9942465a9434b53fdba419%7Cd8e1cdd51d1c479f8a85754926729c65%7C107367ae-b7ca-4457-9e4d-cb26e87773d6&AppEnvironment=datacollector-binary&UploadType=eteventstream] status=Processing
[2017.09.02-00.30.46:162][591]LogModuleManager: Shutting down and abandoning module SSL (40)
[2017.09.02-00.30.46:164][591]LogModuleManager: Shutting down and abandoning module AnimationModifiers (36)
[2017.09.02-00.30.46:164][591]LogModuleManager: Shutting down and abandoning module PropertyEditor (35)
[2017.09.02-00.30.46:164][591]LogModuleManager: Shutting down and abandoning module AudioEditor (32)
[2017.09.02-00.30.46:164][591]LogModuleManager: Shutting down and abandoning module TextureCompressor (30)
[2017.09.02-00.30.46:164][591]LogModuleManager: Shutting down and abandoning module ShaderCore (28)
[2017.09.02-00.30.46:164][591]LogModuleManager: Shutting down and abandoning module Landscape (26)
[2017.09.02-00.30.46:164][591]LogModuleManager: Shutting down and abandoning module SlateRHIRenderer (24)
[2017.09.02-00.30.46:171][591]LogModuleManager: Shutting down and abandoning module OpenGLDrv (22)
[2017.09.02-00.30.46:171][591]LogModuleManager: Shutting down and abandoning module D3D11RHI (20)
[2017.09.02-00.30.46:171][591]LogModuleManager: Shutting down and abandoning module AnimGraphRuntime (18)
[2017.09.02-00.30.46:171][591]LogModuleManager: Shutting down and abandoning module Renderer (16)
[2017.09.02-00.30.46:171][591]LogModuleManager: Shutting down and abandoning module Engine (14)
[2017.09.02-00.30.46:171][591]LogModuleManager: Shutting down and abandoning module CoreUObject (12)
[2017.09.02-00.30.46:171][591]LogModuleManager: Shutting down and abandoning module NetworkFile (10)
[2017.09.02-00.30.46:171][591]LogModuleManager: Shutting down and abandoning module CookedIterativeFile (8)
[2017.09.02-00.30.46:171][591]LogModuleManager: Shutting down and abandoning module StreamingFile (6)
[2017.09.02-00.30.46:171][591]LogModuleManager: Shutting down and abandoning module SandboxFile (4)
[2017.09.02-00.30.46:171][591]LogModuleManager: Shutting down and abandoning module PakFile (2)
[2017.09.02-00.30.46:174][591]LogExit: Exiting.
[2017.09.02-00.30.46:197][591]Log file closed, 09/01/17 20:30:46
