Log file open, 08/30/17 19:11:24
LogWindows: LoadLibraryWithSearchPaths failed for file aqProf.dll. GetLastError=0
LogWindows: LoadLibraryWithSearchPaths failed for file VSPerf140.dll. GetLastError=0
LogWindows: LoadLibraryWithSearchPaths failed for file VtuneApi.dll. GetLastError=0
LogWindows: LoadLibraryWithSearchPaths failed for file VtuneApi32e.dll. GetLastError=0
LogInit: Display: Running engine for game: SwordVR
LogPlatformFile: Not using cached read wrapper
LogInit: Display: RandInit(-156008458) SRandInit(-156008458).
LogTaskGraph: Started task graph with 5 named threads and 14 total threads with 3 sets of task threads.
LogStats: Stats thread started at 0.183336
LogD3D11RHI: Aftermath initialized
LogPluginManager: Mounting plugin Paper2D
LogPluginManager: Mounting plugin LightPropagationVolume
LogPluginManager: Mounting plugin CodeLiteSourceCodeAccess
LogPluginManager: Mounting plugin GitSourceControl
LogPluginManager: Mounting plugin KDevelopSourceCodeAccess
LogPluginManager: Mounting plugin NullSourceCodeAccess
LogPluginManager: Mounting plugin PerforceSourceControl
LogPluginManager: Mounting plugin SubversionSourceControl
LogPluginManager: Mounting plugin UObjectPlugin
LogPluginManager: Mounting plugin VisualStudioSourceCodeAccess
LogPluginManager: Mounting plugin XCodeSourceCodeAccess
LogPluginManager: Mounting plugin AssetManagerEditor
LogPluginManager: Mounting plugin AudioCapture
LogPluginManager: Mounting plugin FacialAnimation
LogPluginManager: Mounting plugin GameplayTagsEditor
LogPluginManager: Mounting plugin MobileLauncherProfileWizard
LogPluginManager: Mounting plugin PluginBrowser
LogPluginManager: Mounting plugin SpeedTreeImporter
LogPluginManager: Mounting plugin AlembicImporter
LogPluginManager: Mounting plugin CharacterAI
LogPluginManager: Mounting plugin HTML5Networking
LogPluginManager: Mounting plugin RunebergVRPlugin
LogPluginManager: Mounting plugin AndroidMedia
LogPluginManager: Mounting plugin AvfMedia
LogPluginManager: Mounting plugin MediaPlayerEditor
LogPluginManager: Mounting plugin WmfMedia
LogPluginManager: Mounting plugin TcpMessaging
LogPluginManager: Mounting plugin UdpMessaging
LogPluginManager: Mounting plugin LevelSequenceEditor
LogPluginManager: Mounting plugin MatineeToLevelSequence
LogPluginManager: Mounting plugin OnlineSubsystemGooglePlay
LogPluginManager: Mounting plugin OnlineSubsystemIOS
LogPluginManager: Mounting plugin OnlineSubsystem
LogPluginManager: Mounting plugin OnlineSubsystemNull
LogPluginManager: Mounting plugin OnlineSubsystemUtils
LogPluginManager: Mounting plugin AndroidDeviceProfileSelector
LogPluginManager: Mounting plugin AndroidMoviePlayer
LogPluginManager: Mounting plugin AndroidPermission
LogPluginManager: Mounting plugin AppleMoviePlayer
LogPluginManager: Mounting plugin ArchVisCharacter
LogPluginManager: Mounting plugin CableComponent
LogPluginManager: Mounting plugin CustomMeshComponent
LogPluginManager: Mounting plugin ExampleDeviceProfileSelector
LogPluginManager: Mounting plugin GoogleCloudMessaging
LogPluginManager: Mounting plugin ImmediatePhysics
LogPluginManager: Mounting plugin IOSDeviceProfileSelector
LogPluginManager: Mounting plugin LinuxDeviceProfileSelector
LogPluginManager: Mounting plugin LocationServicesBPLibrary
LogPluginManager: Mounting plugin MobilePatchingUtils
LogPluginManager: Mounting plugin OculusVR
LogPluginManager: Mounting plugin PhysXVehicles
LogPluginManager: Mounting plugin ProceduralMeshComponent
LogPluginManager: Mounting plugin RuntimePhysXCooking
LogPluginManager: Mounting plugin SoundVisualizations
LogPluginManager: Mounting plugin SteamVR
LogPluginManager: Mounting plugin WindowsMoviePlayer
LogInit: Using libcurl 7.47.1
LogInit:  - built for x86_64-pc-win32
LogInit:  - supports SSL with OpenSSL/1.0.2g
LogInit:  - supports HTTP deflate (compression) using libz 1.2.8
LogInit:  - other features:
LogInit:      CURL_VERSION_SSL
LogInit:      CURL_VERSION_LIBZ
LogInit:      CURL_VERSION_IPV6
LogInit:      CURL_VERSION_ASYNCHDNS
LogInit:      CURL_VERSION_LARGEFILE
LogInit:      CURL_VERSION_IDN
LogInit:  CurlRequestOptions (configurable via config and command line):
LogInit:  - bVerifyPeer = false  - Libcurl will NOT verify peer certificate
LogInit:  - bUseHttpProxy = false  - Libcurl will NOT use HTTP proxy
LogInit:  - bDontReuseConnections = false  - Libcurl will reuse connections
LogInit:  - CertBundlePath = nullptr  - Libcurl will use whatever was configured at build time.
LogInit: Build: ++UE4+Release-4.17-CL-3586342
LogInit: Engine Version: 4.17.1-3586342+++UE4+Release-4.17
LogInit: Compatible Engine Version: 4.17.0-3573198+++UE4+Release-4.17
LogInit: Net CL: 3573198
LogDevObjectVersion: Number of dev versions registered: 16
LogDevObjectVersion:   Dev-Blueprints (B0D832E4-1F89-4F0D-ACCF-7EB736FD4AA2): 10
LogDevObjectVersion:   Dev-Build (E1C64328-A22C-4D53-A36C-8E866417BD8C): 0
LogDevObjectVersion:   Dev-Core (375EC13C-06E4-48FB-B500-84F0262A717E): 2
LogDevObjectVersion:   Dev-Editor (E4B068ED-F494-42E9-A231-DA0B2E46BB41): 20
LogDevObjectVersion:   Dev-Framework (CFFC743F-43B0-4480-9391-14DF171D2073): 28
LogDevObjectVersion:   Dev-Mobile (B02B49B5-BB20-44E9-A304-32B752E40360): 0
LogDevObjectVersion:   Dev-Networking (A4E4105C-59A1-49B5-A7C5-40C4547EDFEE): 0
LogDevObjectVersion:   Dev-Online (39C831C9-5AE6-47DC-9A44-9C173E1C8E7C): 0
LogDevObjectVersion:   Dev-Physics (78F01B33-EBEA-4F98-B9B4-84EACCB95AA2): 0
LogDevObjectVersion:   Dev-Platform (6631380F-2D4D-43E0-8009-CF276956A95A): 0
LogDevObjectVersion:   Dev-Rendering (12F88B9F-8875-4AFC-A67C-D90C383ABD29): 19
LogDevObjectVersion:   Dev-Sequencer (7B5AE74C-D270-4C10-A958-57980B212A5A): 4
LogDevObjectVersion:   Dev-VR (D7296918-1DD6-4BDD-9DE2-64A83CC13884): 0
LogDevObjectVersion:   Dev-LoadTimes (C2A15278-BFE7-4AFE-6C17-90FF531DF755): 1
LogDevObjectVersion:   Private-Geometry (6EACA3D4-40EC-4CC1-B786-8BED09428FC5): 1
LogDevObjectVersion:   Dev-AnimPhys (29E575DD-E0A3-4627-9D10-D276232CDCEA): 7
LogInit: Compiled (64-bit): Aug 15 2017 02:05:26
LogInit: Compiled with Visual C++: 19.00.24215.01
LogInit: Build Configuration: Development
LogInit: Branch Name: ++UE4+Release-4.17
LogInit: Command line: -EpicPortal 
LogInit: Base directory: C:/Program Files/Epic Games/UE_4.17/Engine/Binaries/Win64/
LogInit: Installed Engine Build: 1
LogInit: Presizing for max 8388607 objects, including 0 objects not considered by GC, pre-allocating 0 bytes for permanent pool.
LogInit: Object subsystem initialized
[2017.08.30-23.11.24:840][  0]LogInit: Selected Device Profile: [Windows]
[2017.08.30-23.11.24:840][  0]LogInit: Applying CVar settings loaded from the selected device profile: [Windows]
[2017.08.30-23.11.24:854][  0]LogInit: Computer: DESKTOP-SIJTC7B
[2017.08.30-23.11.24:854][  0]LogInit: User: croch
[2017.08.30-23.11.24:854][  0]LogInit: CPU Page size=4096, Cores=4
[2017.08.30-23.11.24:854][  0]LogInit: High frequency timer resolution =2.533207 MHz
[2017.08.30-23.11.24:854][  0]LogMemory: Memory total: Physical=15.9GB (16GB approx)
[2017.08.30-23.11.24:854][  0]LogMemory: Platform Memory Stats for Windows
[2017.08.30-23.11.24:854][  0]LogMemory: Process Physical Memory: 282.66 MB used, 282.66 MB peak
[2017.08.30-23.11.24:854][  0]LogMemory: Process Virtual Memory: 282.57 MB used, 282.57 MB peak
[2017.08.30-23.11.24:854][  0]LogMemory: Physical Memory: 7859.35 MB used,  8447.68 MB free, 16307.03 MB total
[2017.08.30-23.11.24:854][  0]LogMemory: Virtual Memory: 715.11 MB used,  8447.68 MB free, 134217728.00 MB total
[2017.08.30-23.11.25:047][  0]LogInit: Using OS detected language (en-US).
[2017.08.30-23.11.25:047][  0]LogInit: Using OS detected locale (en-US).
[2017.08.30-23.11.25:050][  0]LogTextLocalizationManager: No specific localization for 'en-US' exists, so the 'en' localization will be used.
[2017.08.30-23.11.25:827][  0]LogD3D11RHI: D3D11 adapters:
[2017.08.30-23.11.26:479][  0]LogD3D11RHI:    0. 'NVIDIA GeForce GTX 970M' (Feature Level 11_0)
[2017.08.30-23.11.26:479][  0]LogD3D11RHI:       3040/0/8153 MB DedicatedVideo/DedicatedSystem/SharedSystem, Outputs:1, VendorId:0x10de
[2017.08.30-23.11.26:486][  0]LogD3D11RHI:    1. 'Intel(R) HD Graphics 4600' (Feature Level 11_0)
[2017.08.30-23.11.26:486][  0]LogD3D11RHI:       112/0/2048 MB DedicatedVideo/DedicatedSystem/SharedSystem, Outputs:0, VendorId:0x8086
[2017.08.30-23.11.26:490][  0]LogD3D11RHI:    2. 'Microsoft Basic Render Driver' (Feature Level 11_0)
[2017.08.30-23.11.26:490][  0]LogD3D11RHI:       0/0/8153 MB DedicatedVideo/DedicatedSystem/SharedSystem, Outputs:0, VendorId:0x1414
[2017.08.30-23.11.26:490][  0]LogD3D11RHI: Chosen D3D11 Adapter: 0
[2017.08.30-23.11.26:497][  0]LogD3D11RHI: Creating new Direct3DDevice
[2017.08.30-23.11.26:497][  0]LogD3D11RHI:     GPU DeviceId: 0x13d8 (for the marketing name, search the web for "GPU Device Id")
[2017.08.30-23.11.26:497][  0]LogWindows: EnumDisplayDevices:
[2017.08.30-23.11.26:498][  0]LogWindows:    0. 'Intel(R) HD Graphics 4600' (P:1 D:1)
[2017.08.30-23.11.26:498][  0]LogWindows:    1. 'Intel(R) HD Graphics 4600' (P:0 D:0)
[2017.08.30-23.11.26:498][  0]LogWindows:    2. 'Intel(R) HD Graphics 4600' (P:0 D:0)
[2017.08.30-23.11.26:498][  0]LogWindows: DebugString: GetVideoDriverDetailsInvalid PrimaryIsNotTheChoosenAdapter GetVideoDriverDetailsInvalid PrimaryIsNotTheChoosenAdapter GetVideoDriverDetailsInvalid PrimaryIsNotTheChoosenAdapter FoundDriverCount:0 
[2017.08.30-23.11.26:498][  0]LogD3D11RHI:     Adapter Name: NVIDIA GeForce GTX 970M
[2017.08.30-23.11.26:498][  0]LogD3D11RHI:   Driver Version: Unknown (internal:Unknown, unified:Unknown)
[2017.08.30-23.11.26:498][  0]LogD3D11RHI:      Driver Date: Unknown
[2017.08.30-23.11.26:498][  0]LogRHI: Texture pool is 1361 MB (70% of 1945 MB)
[2017.08.30-23.11.27:113][  0]LogD3D11RHI: Async texture creation enabled
[2017.08.30-23.11.27:153][  0]LogD3D11RHI: GPU Timing Frequency: 1000.000000 (Debug: 2 1)
[2017.08.30-23.11.27:155][  0]LogShaderCompilers: Guid format shader working directory is -17 characters bigger than the processId version (../../../../../../Users/croch/Documents/Unreal Projects/SwordVR/Intermediate/Shaders/WorkingDirectory/6416/).
[2017.08.30-23.11.27:155][  0]LogShaderCompilers: Cleaned the shader compiler working directory 'C:/Users/croch/AppData/Local/Temp/UnrealShaderWorkingDir/D79083C540BD7C27582D2CA191E54F28/'.
[2017.08.30-23.11.27:155][  0]LogShaderCompilers: Display: Using Local Shader Compiler.
[2017.08.30-23.11.28:201][  0]LogTemp: Display: Loaded TP AllDesktopTargetPlatform
[2017.08.30-23.11.28:261][  0]LogTemp: Display: Loaded TP MacClientTargetPlatform
[2017.08.30-23.11.28:320][  0]LogTemp: Display: Loaded TP MacNoEditorTargetPlatform
[2017.08.30-23.11.28:378][  0]LogTemp: Display: Loaded TP MacServerTargetPlatform
[2017.08.30-23.11.28:440][  0]LogTemp: Display: Loaded TP MacTargetPlatform
[2017.08.30-23.11.28:499][  0]LogTemp: Display: Loaded TP WindowsClientTargetPlatform
[2017.08.30-23.11.28:559][  0]LogTemp: Display: Loaded TP WindowsNoEditorTargetPlatform
[2017.08.30-23.11.28:623][  0]LogTemp: Display: Loaded TP WindowsServerTargetPlatform
[2017.08.30-23.11.28:681][  0]LogTemp: Display: Loaded TP WindowsTargetPlatform
[2017.08.30-23.11.28:741][  0]LogTemp: Display: Loaded TP AndroidTargetPlatform
[2017.08.30-23.11.28:798][  0]LogTemp: Display: Loaded TP Android_ASTCTargetPlatform
[2017.08.30-23.11.28:857][  0]LogTemp: Display: Loaded TP Android_ATCTargetPlatform
[2017.08.30-23.11.28:915][  0]LogTemp: Display: Loaded TP Android_DXTTargetPlatform
[2017.08.30-23.11.28:971][  0]LogTemp: Display: Loaded TP Android_ETC1TargetPlatform
[2017.08.30-23.11.29:029][  0]LogTemp: Display: Loaded TP Android_ETC2TargetPlatform
[2017.08.30-23.11.29:145][  0]LogTemp: Display: Loaded TP Android_MultiTargetPlatform
[2017.08.30-23.11.29:145][  0]LogTemp: Display: Loaded TP Android_PVRTCTargetPlatform
[2017.08.30-23.11.29:192][  0]LogTemp: Display: Loaded TP HTML5TargetPlatform
[2017.08.30-23.11.29:296][  0]LogTemp: Display: Loaded TP IOSTargetPlatform
[2017.08.30-23.11.29:332][  0]LogTemp: Display: Loaded TP TVOSTargetPlatform
[2017.08.30-23.11.29:394][  0]LogTemp: Display: Loaded TP LinuxClientTargetPlatform
[2017.08.30-23.11.29:452][  0]LogTemp: Display: Loaded TP LinuxNoEditorTargetPlatform
[2017.08.30-23.11.29:509][  0]LogTemp: Display: Loaded TP LinuxServerTargetPlatform
[2017.08.30-23.11.29:566][  0]LogTemp: Display: Loaded TP LinuxTargetPlatform
[2017.08.30-23.11.29:567][  0]LogTargetPlatformManager: Display: Building Assets For Windows
[2017.08.30-23.11.30:124][  0]LogDerivedDataCache: Display: Max Cache Size: 512 MB
[2017.08.30-23.11.30:217][  0]LogDerivedDataCache: Loaded boot cache 0.09s 93MB C:/Users/croch/AppData/Local/UnrealEngine/4.17/DerivedDataCache/Boot.ddc.
[2017.08.30-23.11.30:217][  0]LogDerivedDataCache: Display: Loaded Boot cache: C:/Users/croch/AppData/Local/UnrealEngine/4.17/DerivedDataCache/Boot.ddc
[2017.08.30-23.11.30:218][  0]LogDerivedDataCache: FDerivedDataBackendGraph:  Pak pak cache file ../../../../../../Users/croch/Documents/Unreal Projects/SwordVR/DerivedDataCache/DDC.ddp not found, will not use a pak cache.
[2017.08.30-23.11.30:218][  0]LogDerivedDataCache: Unable to find inner node Pak for hierarchical cache Hierarchy.
[2017.08.30-23.11.30:218][  0]LogDerivedDataCache: FDerivedDataBackendGraph:  CompressedPak pak cache file ../../../../../../Users/croch/Documents/Unreal Projects/SwordVR/DerivedDataCache/Compressed.ddp not found, will not use a pak cache.
[2017.08.30-23.11.30:218][  0]LogDerivedDataCache: Unable to find inner node CompressedPak for hierarchical cache Hierarchy.
[2017.08.30-23.11.30:234][  0]LogDerivedDataCache: Display: Pak cache opened for reading ../../../Engine/DerivedDataCache/Compressed.ddp.
[2017.08.30-23.11.30:247][  0]LogDerivedDataCache: Using Local data cache path C:/Users/croch/AppData/Local/UnrealEngine/Common/DerivedDataCache: Writable
[2017.08.30-23.11.30:257][  0]LogMaterial: Verifying Global Shaders for PCD3D_SM5
[2017.08.30-23.11.30:257][  0]LogSlate: Using Freetype 2.6.0
[2017.08.30-23.11.30:258][  0]LogSlate: SlateFontCache - WITH_FREETYPE: 1, WITH_HARFBUZZ: 1
[2017.08.30-23.11.30:258][  0]LogSlate: SlateFontCache - WITH_FREETYPE: 1, WITH_HARFBUZZ: 1
[2017.08.30-23.11.30:553][  0]LogAssetRegistry: FAssetRegistry took 0.0268 seconds to start up
[2017.08.30-23.11.30:682][  0]LogInit: Selected Device Profile: [Windows]
[2017.08.30-23.11.30:841][  0]LogContentStreaming: Texture pool size is 0.00 MB
[2017.08.30-23.11.31:182][  0]LogSimplygon: Simplygon DLL not present - disabling.
[2017.08.30-23.11.31:229][  0]LogMeshReduction: Using SimplygonSwarm for distributed automatic mesh merging
[2017.08.30-23.11.31:229][  0]LogMeshReduction: Using QuadricMeshReduction for automatic static mesh reduction
[2017.08.30-23.11.31:229][  0]LogMeshReduction: No automatic skeletal mesh reduction module available
[2017.08.30-23.11.31:229][  0]LogMeshReduction: No automatic mesh merging module available
[2017.08.30-23.11.31:229][  0]LogMeshMerging: No automatic mesh merging module available
[2017.08.30-23.11.31:630][  0]LogNetVersion: SwordVR , NetCL: 3573198, EngineNetVer: 2, GameNetVer: 0 (Checksum: 2726716735)
[2017.08.30-23.11.31:898][  0]LogPackageLocalizationCache: Processed 6 localized package path(s) for 2 prioritized culture(s) in 0.065370 seconds
[2017.08.30-23.11.31:905][  0]LogUObjectArray: 35825 objects as part of root set at end of initial load.
[2017.08.30-23.11.31:906][  0]LogUObjectAllocator: 7529104 out of 0 bytes used by permanent object pool.
[2017.08.30-23.11.31:906][  0]LogUObjectArray: CloseDisregardForGC: 0/0 objects in disregard for GC pool
[2017.08.30-23.11.31:978][  0]LogInit: WinSock: version 1.1 (2.2), MaxSocks=32767, MaxUdp=65467
[2017.08.30-23.11.34:811][  0]LogTcpMessaging: Initializing TcpMessaging bridge
[2017.08.30-23.11.34:858][  0]LogUdpMessaging: Initializing bridge on interface 0.0.0.0:0 to multicast group 230.0.0.1:6666.
[2017.08.30-23.11.35:595][  0]LogMaterial: Uniform references updated for custom material expression Custom.
[2017.08.30-23.11.36:059][  0]SourceControl: Source control is disabled
[2017.08.30-23.11.36:059][  0]SourceControl: Source control is disabled
[2017.08.30-23.11.36:119][  0]SourceControl: Source control is disabled
[2017.08.30-23.11.36:172][  0]SourceControl: Source control is disabled
[2017.08.30-23.11.36:925][  0]LogAndroidPermission: UAndroidPermissionCallbackProxy::GetInstance
[2017.08.30-23.11.37:218][  0]LogOcInput: OculusInput pre-init called
[2017.08.30-23.11.37:576][  0]LogEngine: Initializing Engine...
[2017.08.30-23.11.37:578][  0]LogHMD: Failed to initialize OpenVR with code 110
[2017.08.30-23.11.37:816][  0]LogStats: UGameplayTagsManager::ConstructGameplayTagTree: Construct from data asset -  0.000 s
[2017.08.30-23.11.37:816][  0]LogStats: UGameplayTagsManager::ConstructGameplayTagTree: GameplayTagTreeChangedEvent.Broadcast -  0.000 s
[2017.08.30-23.11.37:965][  0]LogAIModule: Creating AISystem for world Untitled
[2017.08.30-23.11.37:971][  0]LogInit: XAudio2 using 'Speakers (High Definition Audio Device)' : 2 channels at 48 kHz using 16 bits per sample (channel mask 0x3)
[2017.08.30-23.11.37:985][  0]LogInit: FAudioDevice initialized.
[2017.08.30-23.11.38:143][  0]LogDerivedDataCache: Saved boot cache 0.16s 93MB C:/Users/croch/AppData/Local/UnrealEngine/4.17/DerivedDataCache/Boot.ddc.
[2017.08.30-23.11.38:154][  0]LogInit: Texture streaming: Enabled
[2017.08.30-23.11.38:284][  0]LogEngineSessionManager: EngineSessionManager initialized
[2017.08.30-23.11.38:539][  0]LogInit: Transaction tracking system initialized
[2017.08.30-23.11.38:905][  0]BlueprintLog: New page: Editor Load
[2017.08.30-23.11.39:950][  0]LocalizationService: Localization service is disabled
[2017.08.30-23.11.40:750][  0]LogConsoleResponse: Display: 
[2017.08.30-23.11.40:959][  0]LogCook: Display: Max memory allowance for cook 16384mb min free memory 0mb
[2017.08.30-23.11.40:959][  0]LogCook: Display: Mobile HDR setting 1
[2017.08.30-23.11.40:959][  0]LogGameplayTags: Display: UGameplayTagsManager::DoneAddingNativeTags. DelegateIsBound: 0
[2017.08.30-23.11.42:140][  0]LogFileCache: Scanning file cache for directory 'C:/Users/croch/Documents/Unreal Projects/SwordVR/Content/' took 0.01s
[2017.08.30-23.11.42:197][  0]SourceControl: Source control is disabled
[2017.08.30-23.11.42:197][  0]Cmd: MAP LOAD FILE="../../../Engine/Content/Maps/Templates/Template_Default.umap" TEMPLATE=1 SHOWPROGRESS=1 FEATURELEVEL=3
[2017.08.30-23.11.42:198][  0]LightingResults: New page: Lighting Build
[2017.08.30-23.11.42:250][  0]MapCheck: New page: Map Check
[2017.08.30-23.11.42:250][  0]LightingResults: New page: Lighting Build
[2017.08.30-23.11.42:442][  0]LogAIModule: Creating AISystem for world Untitled_1
[2017.08.30-23.11.42:448][  0]LogEditorServer: Finished looking for orphan Actors (0.000 secs)
[2017.08.30-23.11.42:465][  0]Cmd: MAP CHECKDEP NOCLEARLOG
[2017.08.30-23.11.42:525][  0]MapCheck: Map check complete: 0 Error(s), 0 Warning(s), took 59.908ms to complete.
[2017.08.30-23.11.42:525][  0]LogFileHelpers: Loading map 'Template_Default' took 0.328
[2017.08.30-23.11.42:593][  0]LogWindowsTextInputMethodSystem: Display: IME system now deactivated.
[2017.08.30-23.11.42:593][  0]LogWindowsTextInputMethodSystem: Display: IME system now deactivated.
[2017.08.30-23.11.42:691][  0]LogCollectionManager: Loaded 0 collections in 0.001747 seconds
[2017.08.30-23.11.42:785][  0]LogFileCache: Scanning file cache for directory 'C:/Users/croch/Documents/Unreal Projects/SwordVR/Saved/Collections/' took 0.01s
[2017.08.30-23.11.42:785][  0]LogFileCache: Scanning file cache for directory 'C:/Users/croch/Documents/Unreal Projects/SwordVR/Content/Developers/croch/Collections/' took 0.01s
[2017.08.30-23.11.42:785][  0]LogFileCache: Scanning file cache for directory 'C:/Users/croch/Documents/Unreal Projects/SwordVR/Content/Collections/' took 0.01s
[2017.08.30-23.11.42:785][  0]LogCollectionManager: Rebuilt the GUID cache for 0 collections in 0.000000 seconds
[2017.08.30-23.11.42:797][  0]LogContentBrowser: Native class hierarchy populated in 0.0119 seconds. Added 2398 classes and 506 folders.
[2017.08.30-23.11.42:875][  0]LogContentBrowser: Native class hierarchy updated for 'WidgetCarousel' in 0.0014 seconds. Added 0 classes and 0 folders.
[2017.08.30-23.11.42:923][  0]LogContentBrowser: Native class hierarchy updated for 'AddContentDialog' in 0.0008 seconds. Added 0 classes and 0 folders.
[2017.08.30-23.11.42:978][  0]LogContentBrowser: Native class hierarchy updated for 'SceneOutliner' in 0.0007 seconds. Added 1 classes and 2 folders.
[2017.08.30-23.11.43:046][  0]LogSlate: Took 0.000910 seconds to synchronously load lazily loaded font '../../../Engine/Content/Slate/Fonts/Roboto-Regular.ttf' (155K)
[2017.08.30-23.11.43:050][  0]LogSlate: Took 0.000398 seconds to synchronously load lazily loaded font '../../../Engine/Content/Slate/Fonts/Roboto-Bold.ttf' (160K)
[2017.08.30-23.11.43:056][  0]LogSlate: Took 0.000241 seconds to synchronously load lazily loaded font '../../../Engine/Content/Editor/Slate/Fonts/FontAwesome.ttf' (139K)
[2017.08.30-23.11.43:179][  0]LogRenderer: Reallocating scene render targets to support 804x340 Format 10 NumSamples 1 (Frame:1).
[2017.08.30-23.11.43:411][  0]LogContentBrowser: Native class hierarchy updated for 'HierarchicalLODOutliner' in 0.0007 seconds. Added 1 classes and 2 folders.
[2017.08.30-23.11.43:411][  0]LogLoad: (Engine Initialization) Total time: 20.45 seconds
[2017.08.30-23.11.43:411][  0]LogLoad: (Engine Initialization) Total Blueprint compile time: 0.00 seconds
[2017.08.30-23.11.43:412][  0]LogExternalProfiler: No external profilers were discovered.  External profiling features will not be available.
[2017.08.30-23.11.43:452][  0]LogAssetRegistry: Asset discovery search completed in 12.9216 seconds
[2017.08.30-23.11.43:454][  0]LogCollectionManager: Rebuilt the object cache for 0 collections in 0.000000 seconds (found 0 objects)
[2017.08.30-23.11.43:454][  0]LogCollectionManager: Fixed up redirectors for 0 collections in 0.000046 seconds (updated 0 objects)
[2017.08.30-23.11.43:457][  0]LogContentStreaming: Texture pool size now 1000 MB
[2017.08.30-23.11.43:493][  0]LogSlate: Took 0.000261 seconds to synchronously load lazily loaded font '../../../Engine/Content/Slate/Fonts/Roboto-Light.ttf' (159K)
[2017.08.30-23.11.48:271][281]LogDirectoryWatcher: A directory notification for '../../../Engine/Plugins/' was aborted.
[2017.08.30-23.11.48:271][281]LogDirectoryWatcher: A directory notification for '../../../../../../Users/croch/Documents/Unreal Projects/SwordVR/Plugins/' was aborted.
[2017.08.30-23.11.52:136][501]LogSlate: Took 0.000152 seconds to synchronously load lazily loaded font '../../../Engine/Content/Slate/Fonts/Roboto-Light.ttf' (159K)
[2017.08.30-23.11.52:610][501]LogContentBrowser: Native class hierarchy updated for 'BlueprintGraph' in 0.0011 seconds. Added 113 classes and 0 folders.
[2017.08.30-23.11.53:335][501]LogSlate: Took 0.000194 seconds to synchronously load lazily loaded font '../../../Engine/Content/Slate/Fonts/Roboto-Regular.ttf' (155K)
[2017.08.30-23.11.53:462][501]LogSlate: Took 0.007461 seconds to synchronously load lazily loaded font '../../../Engine/Content/Editor/Slate/Fonts/Roboto-BoldCondensed.ttf' (158K)
[2017.08.30-23.12.00:810][907]LogSlate: Took 0.004517 seconds to synchronously load lazily loaded font '../../../Engine/Content/Editor/Slate/Fonts/Roboto-Italic.ttf' (157K)
[2017.08.30-23.14.44:037][475]LogMaterial: Missing cached shader map for material synthSpace, compiling. 
[2017.08.30-23.14.44:128][475]LogStaticMesh: Building static mesh LeftEye...
[2017.08.30-23.14.44:138][475]LogStaticMesh: Built static mesh [0.01s] /Game/Meshes/LeftEye.LeftEye
[2017.08.30-23.14.44:142][475]LogStaticMesh: Building static mesh RightEye...
[2017.08.30-23.14.44:153][475]LogStaticMesh: Built static mesh [0.01s] /Game/Meshes/RightEye.RightEye
[2017.08.30-23.14.44:156][475]LogStaticMesh: Building static mesh male_head_obj_Head...
[2017.08.30-23.14.44:176][475]LogStaticMesh: Built static mesh [0.02s] /Game/Assets/Models/Head/male_head_obj_Head.male_head_obj_Head
[2017.08.30-23.14.44:224][475]LogMaterial: Missing cached shader map for material Hologram, compiling. 
[2017.08.30-23.14.44:255][475]LogMaterial: Missing cached shader map for material TronGlowGrid, compiling. 
[2017.08.30-23.14.44:329][475]LogAIModule: Creating AISystem for world synth_Level
[2017.08.30-23.14.46:539][475]Cmd: OBJ SAVEPACKAGE PACKAGE="/Game/MyRunebergVR_Pawn" FILE="../../../../../../Users/croch/Documents/Unreal Projects/SwordVR/Content/MyRunebergVR_Pawn.uasset" SILENT=true
[2017.08.30-23.14.46:809][475]LogSavePackage: Save=251.47ms
[2017.08.30-23.14.46:809][475]LogSavePackage: Moving '../../../../../../Users/croch/Documents/Unreal Projects/SwordVR/Saved/MyRunebergVR_Pawn7979C9C64B612A6EF5753F8F75D65113.tmp' to '../../../../../../Users/croch/Documents/Unreal Projects/SwordVR/Content/MyRunebergVR_Pawn.uasset'
[2017.08.30-23.14.46:817][475]LogSavePackage: Display: Finished SavePackage ../../../../../../Users/croch/Documents/Unreal Projects/SwordVR/Content/MyRunebergVR_Pawn.uasset
[2017.08.30-23.14.46:819][475]Cmd: MAP LOAD FILE="../../../../../../Users/croch/Documents/Unreal Projects/SwordVR/Content/Maps/synth_Level.umap" TEMPLATE=0 SHOWPROGRESS=1 FEATURELEVEL=3
[2017.08.30-23.14.46:820][475]LightingResults: New page: Lighting Build
[2017.08.30-23.14.46:821][475]LoadErrors: New page: Loading map: synth_Level.umap
[2017.08.30-23.14.46:822][475]MapCheck: New page: Map Check
[2017.08.30-23.14.46:822][475]LightingResults: New page: Lighting Build
[2017.08.30-23.14.46:854][475]LogEditorServer: Finished looking for orphan Actors (0.000 secs)
[2017.08.30-23.14.46:941][475]Cmd: MAP CHECKDEP NOCLEARLOG
[2017.08.30-23.14.47:078][475]MapCheck: Map check complete: 0 Error(s), 0 Warning(s), took 137.481ms to complete.
[2017.08.30-23.14.47:078][475]LogFileHelpers: Loading map 'synth_Level' took 0.261
[2017.08.30-23.15.05:878][598]Cmd: SELECT NONE
[2017.08.30-23.17.55:777][632]LogEditorTransaction: Undo Add Component
[2017.08.30-23.17.55:817][632]LogSlate: Took 0.000234 seconds to synchronously load lazily loaded font '../../../Engine/Content/Slate/Fonts/Roboto-Light.ttf' (159K)
[2017.08.30-23.17.56:705][672]LogEditorTransaction: Undo Select None
[2017.08.30-23.24.10:155][725]BlueprintLog: New page: Compile MyRunebergVR_Pawn
[2017.08.30-23.24.11:388][774]Cmd: OBJ SAVEPACKAGE PACKAGE="/Game/MyRunebergVR_Pawn" FILE="../../../../../../Users/croch/Documents/Unreal Projects/SwordVR/Content/MyRunebergVR_Pawn.uasset" SILENT=true
[2017.08.30-23.24.11:544][774]LogSavePackage: Save=146.11ms
[2017.08.30-23.24.11:544][774]LogSavePackage: Moving '../../../../../../Users/croch/Documents/Unreal Projects/SwordVR/Saved/MyRunebergVR_Pawn97731B184092EB17A7D93292222BB1AA.tmp' to '../../../../../../Users/croch/Documents/Unreal Projects/SwordVR/Content/MyRunebergVR_Pawn.uasset'
[2017.08.30-23.24.11:550][774]LogSavePackage: Display: Finished SavePackage ../../../../../../Users/croch/Documents/Unreal Projects/SwordVR/Content/MyRunebergVR_Pawn.uasset
[2017.08.30-23.26.18:772][743]BlueprintLog: New page: Compile MyRunebergVR_Pawn
[2017.08.30-23.26.19:774][773]Cmd: OBJ SAVEPACKAGE PACKAGE="/Game/MyRunebergVR_Pawn" FILE="../../../../../../Users/croch/Documents/Unreal Projects/SwordVR/Content/MyRunebergVR_Pawn.uasset" SILENT=true
[2017.08.30-23.26.19:926][773]LogSavePackage: Save=147.56ms
[2017.08.30-23.26.19:926][773]LogSavePackage: Moving '../../../../../../Users/croch/Documents/Unreal Projects/SwordVR/Saved/MyRunebergVR_PawnD9F42F444996523E7AF75E8796765E7E.tmp' to '../../../../../../Users/croch/Documents/Unreal Projects/SwordVR/Content/MyRunebergVR_Pawn.uasset'
[2017.08.30-23.26.19:930][773]LogSavePackage: Display: Finished SavePackage ../../../../../../Users/croch/Documents/Unreal Projects/SwordVR/Content/MyRunebergVR_Pawn.uasset
[2017.08.30-23.27.41:034][223]LogFileHelpers: Editor autosave (incl. sublevels) for '/Game/Maps/synth_Level' took 0.027
[2017.08.30-23.27.41:038][223]OBJ SavePackage: Generating thumbnails for [0] asset(s) in package [/Game/Gestures] ([1] browsable assets)...
[2017.08.30-23.27.41:038][223]OBJ SavePackage: Finished generating thumbnails for package [/Game/Gestures]
[2017.08.30-23.27.41:038][223]Cmd: OBJ SAVEPACKAGE PACKAGE="/Game/Gestures" FILE="../../../../../../Users/croch/Documents/Unreal Projects/SwordVR/Saved/Autosaves/Game/Gestures_Auto1.uasset" SILENT=false AUTOSAVING=true
[2017.08.30-23.27.41:051][223]LogSavePackage: Save=10.10ms
[2017.08.30-23.27.41:051][223]LogSavePackage: Moving '../../../../../../Users/croch/Documents/Unreal Projects/SwordVR/Saved/Gestures_Auto112C0B8CB429BBC88E0D5BE9E058F6E07.tmp' to '../../../../../../Users/croch/Documents/Unreal Projects/SwordVR/Saved/Autosaves/Game/Gestures_Auto1.uasset'
[2017.08.30-23.27.41:053][223]LogSavePackage: Display: Finished SavePackage ../../../../../../Users/croch/Documents/Unreal Projects/SwordVR/Saved/Autosaves/Game/Gestures_Auto1.uasset
[2017.08.30-23.27.41:053][223]LogFileHelpers: Auto-saving content packages took 0.018
[2017.08.30-23.30.29:962][168]LogAIModule: Creating AISystem for world TestMap
[2017.08.30-23.30.31:526][168]Cmd: OBJ SAVEPACKAGE PACKAGE="/Game/Gestures" FILE="../../../../../../Users/croch/Documents/Unreal Projects/SwordVR/Content/Gestures.uasset" SILENT=true
[2017.08.30-23.30.31:534][168]LogSavePackage: Save=6.52ms
[2017.08.30-23.30.31:534][168]LogSavePackage: Moving '../../../../../../Users/croch/Documents/Unreal Projects/SwordVR/Saved/Gestures63D83A96431144E137C7BE8B42E35662.tmp' to '../../../../../../Users/croch/Documents/Unreal Projects/SwordVR/Content/Gestures.uasset'
[2017.08.30-23.30.31:538][168]LogSavePackage: Display: Finished SavePackage ../../../../../../Users/croch/Documents/Unreal Projects/SwordVR/Content/Gestures.uasset
[2017.08.30-23.30.31:539][168]Cmd: MAP LOAD FILE="../../../../../../Users/croch/Documents/Unreal Projects/SwordVR/Content/Maps/TestMap.umap" TEMPLATE=0 SHOWPROGRESS=1 FEATURELEVEL=3
[2017.08.30-23.30.31:540][168]LightingResults: New page: Lighting Build
[2017.08.30-23.30.31:541][168]LoadErrors: New page: Loading map: TestMap.umap
[2017.08.30-23.30.31:541][168]MapCheck: New page: Map Check
[2017.08.30-23.30.31:541][168]LightingResults: New page: Lighting Build
[2017.08.30-23.30.31:568][168]LogEditorServer: Finished looking for orphan Actors (0.000 secs)
[2017.08.30-23.30.31:628][168]Cmd: MAP CHECKDEP NOCLEARLOG
[2017.08.30-23.30.31:704][168]MapCheck: Map check complete: 0 Error(s), 0 Warning(s), took 76.308ms to complete.
[2017.08.30-23.30.31:704][168]LogFileHelpers: Loading map 'TestMap' took 0.166
[2017.08.30-23.30.36:775][471]LogEditorViewport: Clicking on Actor (LMB): StaticMeshActor (Sphere)
[2017.08.30-23.30.38:207][552]Cmd: DELETE
[2017.08.30-23.30.38:207][552]Cmd: ACTOR DELETE
[2017.08.30-23.30.38:212][552]LogEditorActor: Deleted Actor: StaticMeshActor
[2017.08.30-23.30.38:229][552]LogEditorActor: Deleted 1 Actors (0.020 secs)
