Log file open, 08/28/17 07:58:58
LogInit:Display: Running engine for game: SwordVR
LogPlatformFile: Not using cached read wrapper
LogInit:Display: RandInit(313591850) SRandInit(313591850).
LogTaskGraph: Started task graph with 5 named threads and 8 total threads with 1 sets of task threads.
LogStats: Stats thread started at 0.120977
LogInit: Using libcurl 7.47.1
LogInit:  - built for x86_64-pc-win32
LogInit:  - supports SSL with OpenSSL/1.0.2g
LogInit:  - supports HTTP deflate (compression) using libz 1.2.8
LogInit:  - other features:
LogInit:      CURL_VERSION_SSL
LogInit:      CURL_VERSION_LIBZ
LogInit:      CURL_VERSION_IPV6
LogInit:      CURL_VERSION_ASYNCHDNS
LogInit:      CURL_VERSION_LARGEFILE
LogInit:      CURL_VERSION_IDN
LogInit:  CurlRequestOptions (configurable via config and command line):
LogInit:  - bVerifyPeer = false  - Libcurl will NOT verify peer certificate
LogInit:  - bUseHttpProxy = false  - Libcurl will NOT use HTTP proxy
LogInit:  - bDontReuseConnections = false  - Libcurl will reuse connections
LogInit:  - CertBundlePath = nullptr  - Libcurl will use whatever was configured at build time.
LogInit: Build: ++UE4+Release-4.16-CL-3561208
LogInit: Engine Version: 4.16.3-3561208+++UE4+Release-4.16
LogInit: Compatible Engine Version: 4.16.0-3452394+++UE4+Release-4.16
LogInit: Net CL: 3452394
LogDevObjectVersion: Number of dev versions registered: 16
LogDevObjectVersion:   Dev-Blueprints (B0D832E4-1F89-4F0D-ACCF-7EB736FD4AA2): 9
LogDevObjectVersion:   Dev-Build (E1C64328-A22C-4D53-A36C-8E866417BD8C): 0
LogDevObjectVersion:   Dev-Core (375EC13C-06E4-48FB-B500-84F0262A717E): 2
LogDevObjectVersion:   Dev-Editor (E4B068ED-F494-42E9-A231-DA0B2E46BB41): 17
LogDevObjectVersion:   Dev-Framework (CFFC743F-43B0-4480-9391-14DF171D2073): 23
LogDevObjectVersion:   Dev-Mobile (B02B49B5-BB20-44E9-A304-32B752E40360): 0
LogDevObjectVersion:   Dev-Networking (A4E4105C-59A1-49B5-A7C5-40C4547EDFEE): 0
LogDevObjectVersion:   Dev-Online (39C831C9-5AE6-47DC-9A44-9C173E1C8E7C): 0
LogDevObjectVersion:   Dev-Physics (78F01B33-EBEA-4F98-B9B4-84EACCB95AA2): 0
LogDevObjectVersion:   Dev-Platform (6631380F-2D4D-43E0-8009-CF276956A95A): 0
LogDevObjectVersion:   Dev-Rendering (12F88B9F-8875-4AFC-A67C-D90C383ABD29): 15
LogDevObjectVersion:   Dev-Sequencer (7B5AE74C-D270-4C10-A958-57980B212A5A): 4
LogDevObjectVersion:   Dev-VR (D7296918-1DD6-4BDD-9DE2-64A83CC13884): 0
LogDevObjectVersion:   Dev-LoadTimes (C2A15278-BFE7-4AFE-6C17-90FF531DF755): 1
LogDevObjectVersion:   Private-Geometry (6EACA3D4-40EC-4CC1-B786-8BED09428FC5): 1
LogDevObjectVersion:   Dev-AnimPhys (29E575DD-E0A3-4627-9D10-D276232CDCEA): 3
LogInit: Compiled (64-bit): Jul 28 2017 11:49:47
LogInit: Compiled with Visual C++: 19.00.24215.01
LogInit: Build Configuration: Development
LogInit: Branch Name: ++UE4+Release-4.16
LogInit: Command line: -EpicPortal 
LogInit: Base directory: C:/Program Files/Epic Games/UE_4.16/Engine/Binaries/Win64/
LogInit: Installed Engine Build: 1
LogInit: Presizing for max 8388607 objects, including 0 objects not considered by GC, pre-allocating 0 bytes for permanent pool.
LogInit: Object subsystem initialized
[2017.08.28-11.58.59:051][  0]LogInit: Selected Device Profile: [Windows]
[2017.08.28-11.58.59:051][  0]LogInit: Applying CVar settings loaded from the selected device profile: [Windows]
[2017.08.28-11.58.59:068][  0]LogInit: Computer: DESKTOP-SIJTC7B
[2017.08.28-11.58.59:068][  0]LogInit: User: croch
[2017.08.28-11.58.59:068][  0]LogInit: CPU Page size=4096, Cores=4
[2017.08.28-11.58.59:068][  0]LogInit: High frequency timer resolution =2.533208 MHz
[2017.08.28-11.58.59:069][  0]LogMemory: Memory total: Physical=15.9GB (16GB approx)
[2017.08.28-11.58.59:069][  0]LogMemory: Platform Memory Stats for Windows
[2017.08.28-11.58.59:069][  0]LogMemory: Process Physical Memory: 277.18 MB used, 277.18 MB peak
[2017.08.28-11.58.59:069][  0]LogMemory: Process Virtual Memory: 261.12 MB used, 261.12 MB peak
[2017.08.28-11.58.59:069][  0]LogMemory: Physical Memory: 7048.47 MB used,  9258.56 MB free, 16307.03 MB total
[2017.08.28-11.58.59:069][  0]LogMemory: Virtual Memory: 676.52 MB used,  9258.56 MB free, 134217728.00 MB total
[2017.08.28-11.58.59:159][  0]LogInit: Using OS detected language (en-US).
[2017.08.28-11.58.59:159][  0]LogInit: Using OS detected locale (en-US).
[2017.08.28-11.58.59:162][  0]LogTextLocalizationManager: No specific localization for 'en-US' exists, so the 'en' localization will be used.
[2017.08.28-11.59.00:113][  0]LogD3D11RHI: D3D11 adapters:
[2017.08.28-11.59.00:721][  0]LogD3D11RHI:    0. 'NVIDIA GeForce GTX 970M' (Feature Level 11_0)
[2017.08.28-11.59.00:722][  0]LogD3D11RHI:       3040/0/8153 MB DedicatedVideo/DedicatedSystem/SharedSystem, Outputs:1, VendorId:0x10de
[2017.08.28-11.59.00:727][  0]LogD3D11RHI:    1. 'Intel(R) HD Graphics 4600' (Feature Level 11_0)
[2017.08.28-11.59.00:727][  0]LogD3D11RHI:       112/0/2048 MB DedicatedVideo/DedicatedSystem/SharedSystem, Outputs:0, VendorId:0x8086
[2017.08.28-11.59.00:730][  0]LogD3D11RHI:    2. 'Microsoft Basic Render Driver' (Feature Level 11_0)
[2017.08.28-11.59.00:730][  0]LogD3D11RHI:       0/0/8153 MB DedicatedVideo/DedicatedSystem/SharedSystem, Outputs:0, VendorId:0x1414
[2017.08.28-11.59.00:730][  0]LogD3D11RHI: Chosen D3D11 Adapter: 0
[2017.08.28-11.59.00:736][  0]LogD3D11RHI: Creating new Direct3DDevice
[2017.08.28-11.59.00:736][  0]LogD3D11RHI:     GPU DeviceId: 0x13d8 (for the marketing name, search the web for "GPU Device Id")
[2017.08.28-11.59.00:736][  0]LogWindows: EnumDisplayDevices:
[2017.08.28-11.59.00:736][  0]LogWindows:    0. 'Intel(R) HD Graphics 4600' (P:1 D:1)
[2017.08.28-11.59.00:736][  0]LogWindows:    1. 'Intel(R) HD Graphics 4600' (P:0 D:0)
[2017.08.28-11.59.00:737][  0]LogWindows:    2. 'Intel(R) HD Graphics 4600' (P:0 D:0)
[2017.08.28-11.59.00:737][  0]LogWindows: DebugString: GetVideoDriverDetailsInvalid PrimaryIsNotTheChoosenAdapter GetVideoDriverDetailsInvalid PrimaryIsNotTheChoosenAdapter GetVideoDriverDetailsInvalid PrimaryIsNotTheChoosenAdapter FoundDriverCount:0 
[2017.08.28-11.59.00:737][  0]LogD3D11RHI:     Adapter Name: NVIDIA GeForce GTX 970M
[2017.08.28-11.59.00:737][  0]LogD3D11RHI:   Driver Version: Unknown (internal:Unknown, unified:Unknown)
[2017.08.28-11.59.00:737][  0]LogD3D11RHI:      Driver Date: Unknown
[2017.08.28-11.59.00:737][  0]LogRHI: Texture pool is 1361 MB (70% of 1945 MB)
[2017.08.28-11.59.01:309][  0]LogD3D11RHI: Async texture creation enabled
[2017.08.28-11.59.01:343][  0]LogD3D11RHI: GPU Timing Frequency: 1000.000000 (Debug: 2 1)
[2017.08.28-11.59.01:344][  0]LogShaderCompilers: Guid format shader working directory is -17 characters bigger than the processId version (../../../../../../Users/croch/Documents/Unreal Projects/SwordVR/Intermediate/Shaders/WorkingDirectory/8184/).
[2017.08.28-11.59.01:344][  0]LogShaderCompilers: Cleaned the shader compiler working directory 'C:/Users/croch/AppData/Local/Temp/UnrealShaderWorkingDir/4F10791441A9F1107985498E058F5710/'.
[2017.08.28-11.59.01:344][  0]LogShaderCompilers:Display: Using Local Shader Compiler.
[2017.08.28-11.59.02:440][  0]LogTemp:Display: Loaded TP AllDesktopTargetPlatform
[2017.08.28-11.59.02:499][  0]LogTemp:Display: Loaded TP MacClientTargetPlatform
[2017.08.28-11.59.02:554][  0]LogTemp:Display: Loaded TP MacNoEditorTargetPlatform
[2017.08.28-11.59.02:611][  0]LogTemp:Display: Loaded TP MacServerTargetPlatform
[2017.08.28-11.59.02:672][  0]LogTemp:Display: Loaded TP MacTargetPlatform
[2017.08.28-11.59.02:726][  0]LogTemp:Display: Loaded TP WindowsClientTargetPlatform
[2017.08.28-11.59.02:782][  0]LogTemp:Display: Loaded TP WindowsNoEditorTargetPlatform
[2017.08.28-11.59.02:838][  0]LogTemp:Display: Loaded TP WindowsServerTargetPlatform
[2017.08.28-11.59.02:889][  0]LogTemp:Display: Loaded TP WindowsTargetPlatform
[2017.08.28-11.59.02:944][  0]LogTemp:Display: Loaded TP AndroidTargetPlatform
[2017.08.28-11.59.02:999][  0]LogTemp:Display: Loaded TP Android_ASTCTargetPlatform
[2017.08.28-11.59.03:054][  0]LogTemp:Display: Loaded TP Android_ATCTargetPlatform
[2017.08.28-11.59.03:111][  0]LogTemp:Display: Loaded TP Android_DXTTargetPlatform
[2017.08.28-11.59.03:165][  0]LogTemp:Display: Loaded TP Android_ETC1TargetPlatform
[2017.08.28-11.59.03:220][  0]LogTemp:Display: Loaded TP Android_ETC2TargetPlatform
[2017.08.28-11.59.03:330][  0]LogTemp:Display: Loaded TP Android_MultiTargetPlatform
[2017.08.28-11.59.03:330][  0]LogTemp:Display: Loaded TP Android_PVRTCTargetPlatform
[2017.08.28-11.59.03:376][  0]LogTemp:Display: Loaded TP HTML5TargetPlatform
[2017.08.28-11.59.03:478][  0]LogTemp:Display: Loaded TP IOSTargetPlatform
[2017.08.28-11.59.03:511][  0]LogTemp:Display: Loaded TP TVOSTargetPlatform
[2017.08.28-11.59.03:567][  0]LogTemp:Display: Loaded TP LinuxClientTargetPlatform
[2017.08.28-11.59.03:620][  0]LogTemp:Display: Loaded TP LinuxNoEditorTargetPlatform
[2017.08.28-11.59.03:678][  0]LogTemp:Display: Loaded TP LinuxServerTargetPlatform
[2017.08.28-11.59.03:732][  0]LogTemp:Display: Loaded TP LinuxTargetPlatform
[2017.08.28-11.59.03:732][  0]LogTargetPlatformManager:Display: Building Assets For Windows
[2017.08.28-11.59.04:288][  0]LogDerivedDataCache:Display: Max Cache Size: 512 MB
[2017.08.28-11.59.04:363][  0]LogDerivedDataCache: Loaded boot cache 0.08s 90MB C:/Users/croch/AppData/Local/UnrealEngine/4.16/DerivedDataCache/Boot.ddc.
[2017.08.28-11.59.04:363][  0]LogDerivedDataCache:Display: Loaded Boot cache: C:/Users/croch/AppData/Local/UnrealEngine/4.16/DerivedDataCache/Boot.ddc
[2017.08.28-11.59.04:364][  0]LogDerivedDataCache: FDerivedDataBackendGraph:  Pak pak cache file ../../../../../../Users/croch/Documents/Unreal Projects/SwordVR/DerivedDataCache/DDC.ddp not found, will not use a pak cache.
[2017.08.28-11.59.04:364][  0]LogDerivedDataCache: Unable to find inner node Pak for hierarchical cache Hierarchy.
[2017.08.28-11.59.04:364][  0]LogDerivedDataCache: FDerivedDataBackendGraph:  CompressedPak pak cache file ../../../../../../Users/croch/Documents/Unreal Projects/SwordVR/DerivedDataCache/Compressed.ddp not found, will not use a pak cache.
[2017.08.28-11.59.04:364][  0]LogDerivedDataCache: Unable to find inner node CompressedPak for hierarchical cache Hierarchy.
[2017.08.28-11.59.04:380][  0]LogDerivedDataCache:Display: Pak cache opened for reading ../../../Engine/DerivedDataCache/Compressed.ddp.
[2017.08.28-11.59.04:392][  0]LogDerivedDataCache: Using Local data cache path C:/Users/croch/AppData/Local/UnrealEngine/Common/DerivedDataCache: Writable
[2017.08.28-11.59.04:403][  0]LogMaterial: Verifying Global Shaders for PCD3D_SM5
[2017.08.28-11.59.04:403][  0]LogSlate: Using Freetype 2.6.0
[2017.08.28-11.59.04:404][  0]LogSlate: SlateFontCache - WITH_FREETYPE: 1, WITH_HARFBUZZ: 1
[2017.08.28-11.59.04:404][  0]LogSlate: SlateFontCache - WITH_FREETYPE: 1, WITH_HARFBUZZ: 1
[2017.08.28-11.59.04:736][  0]LogInit: Selected Device Profile: [Windows]
[2017.08.28-11.59.04:804][  0]LogContentStreaming: Texture pool size is 0.00 MB
[2017.08.28-11.59.04:977][  0]LogMeshUtilities: Using QuadricMeshReduction for automatic static mesh reduction
[2017.08.28-11.59.05:026][  0]LogSimplygon: Simplygon DLL not present - disabling.
[2017.08.28-11.59.05:081][  0]LogMeshUtilities: Using SimplygonSwarm for distributed automatic mesh merging
[2017.08.28-11.59.05:081][  0]LogMeshUtilities: No automatic skeletal mesh reduction module available
[2017.08.28-11.59.05:081][  0]LogMeshUtilities: No automatic mesh merging module available
[2017.08.28-11.59.05:685][  0]LogNetVersion: SwordVR , NetCL: 3452394, EngineNetVer: 2, GameNetVer: 0 (Checksum: 1496206902)
[2017.08.28-11.59.05:752][  0]LogAssetRegistry: FAssetRegistry took 0.0262 seconds to start up
[2017.08.28-11.59.05:850][  0]LogPackageLocalizationCache: Processed 6 localized package path(s) for 2 prioritized culture(s) in 0.068461 seconds
[2017.08.28-11.59.05:856][  0]LogUObjectArray: 34194 objects as part of root set at end of initial load.
[2017.08.28-11.59.05:856][  0]LogUObjectAllocator: 7260424 out of 0 bytes used by permanent object pool.
[2017.08.28-11.59.05:856][  0]LogUObjectArray: CloseDisregardForGC: 0/0 objects in disregard for GC pool
[2017.08.28-11.59.05:930][  0]LogInit: WinSock: version 1.1 (2.2), MaxSocks=32767, MaxUdp=65467
[2017.08.28-11.59.08:490][  0]LogTcpMessaging: Initializing TcpMessaging bridge
[2017.08.28-11.59.08:535][  0]LogUdpMessaging: Initializing bridge on interface 0.0.0.0:0 to multicast group 230.0.0.1:6666.
[2017.08.28-11.59.09:125][  0]LogMaterial: Uniform references updated for custom material expression Custom.
[2017.08.28-11.59.09:573][  0]SourceControl: Info Source control is disabled
[2017.08.28-11.59.09:614][  0]SourceControl: Info Source control is disabled
[2017.08.28-11.59.09:670][  0]SourceControl: Info Source control is disabled
[2017.08.28-11.59.09:724][  0]SourceControl: Info Source control is disabled
[2017.08.28-11.59.10:499][  0]LogAndroidPermission: UAndroidPermissionCallbackProxy::GetInstance
[2017.08.28-11.59.11:352][  0]LogEngine: Initializing Engine...
[2017.08.28-11.59.11:352][  0]LogHMD: Failed to initialize OpenVR with code 110
[2017.08.28-11.59.11:539][  0]LogStats: UGameplayTagsManager::ConstructGameplayTagTree: Construct from data asset -  0.000 s
[2017.08.28-11.59.11:539][  0]LogStats: UGameplayTagsManager::ConstructGameplayTagTree: GameplayTagTreeChangedEvent.Broadcast -  0.000 s
[2017.08.28-11.59.11:681][  0]LogAIModule: Creating AISystem for world Untitled
[2017.08.28-11.59.11:689][  0]LogInit: XAudio2 using 'Speakers (High Definition Audio Device)' : 2 channels at 48 kHz using 16 bits per sample (channel mask 0x3)
[2017.08.28-11.59.11:704][  0]LogInit: FAudioDevice initialized.
[2017.08.28-11.59.11:749][  0]LogDerivedDataCache: Saved boot cache 0.04s 90MB C:/Users/croch/AppData/Local/UnrealEngine/4.16/DerivedDataCache/Boot.ddc.
[2017.08.28-11.59.11:759][  0]LogInit: Texture streaming: Enabled
[2017.08.28-11.59.11:869][  0]LogEngineSessionManager: EngineSessionManager initialized
[2017.08.28-11.59.12:116][  0]LogInit: Transaction tracking system initialized
[2017.08.28-11.59.12:468][  0]BlueprintLog: New page: Editor Load
[2017.08.28-11.59.13:529][  0]LocalizationService: Info Localization service is disabled
[2017.08.28-11.59.14:307][  0]LogConsoleResponse:Display: 
[2017.08.28-11.59.14:492][  0]LogCook:Display: Max memory allowance for cook 16384mb min free memory 0mb
[2017.08.28-11.59.14:492][  0]LogCook:Display: Mobile HDR setting 1
[2017.08.28-11.59.14:561][  0]LogFileCache: Scanning file cache for directory 'C:/Users/croch/Documents/Unreal Projects/SwordVR/Content/' took 0.02s
[2017.08.28-11.59.15:657][  0]SourceControl: Info Source control is disabled
[2017.08.28-11.59.15:657][  0]Cmd: MAP LOAD FILE="../../../Engine/Content/Maps/Templates/Template_Default.umap" TEMPLATE=1 SHOWPROGRESS=1 FEATURELEVEL=3
[2017.08.28-11.59.15:657][  0]LightingResults: New page: Lighting Build
[2017.08.28-11.59.15:704][  0]MapCheck: New page: Map Check
[2017.08.28-11.59.15:704][  0]LightingResults: New page: Lighting Build
[2017.08.28-11.59.15:896][  0]LogAIModule: Creating AISystem for world Untitled_1
[2017.08.28-11.59.15:898][  0]LogActorComponent: RegisterComponentWithWorld: (/Temp/Untitled_1.Untitled_1:PersistentLevel.WorldSettings_1.StaticMeshComponent0) Trying to register component with IsPendingKill() == true. Aborting.
[2017.08.28-11.59.15:906][  0]LogEditorServer: Finished looking for orphan Actors (0.000 secs)
[2017.08.28-11.59.15:924][  0]Cmd: MAP CHECKDEP NOCLEARLOG
[2017.08.28-11.59.15:981][  0]MapCheck: Info Map check complete: 0 Error(s), 0 Warning(s), took 55.941ms to complete.
[2017.08.28-11.59.15:981][  0]LogFileHelpers: Loading map 'Template_Default' took 0.324
[2017.08.28-11.59.16:081][  0]LogWindowsTextInputMethodSystem:Display: IME system now deactivated.
[2017.08.28-11.59.16:082][  0]LogWindowsTextInputMethodSystem:Display: IME system now deactivated.
[2017.08.28-11.59.16:219][  0]LogCollectionManager: Loaded 0 collections in 0.001238 seconds
[2017.08.28-11.59.16:322][  0]LogFileCache: Scanning file cache for directory 'C:/Users/croch/Documents/Unreal Projects/SwordVR/Saved/Collections/' took 0.01s
[2017.08.28-11.59.16:322][  0]LogFileCache: Scanning file cache for directory 'C:/Users/croch/Documents/Unreal Projects/SwordVR/Content/Developers/croch/Collections/' took 0.01s
[2017.08.28-11.59.16:322][  0]LogFileCache: Scanning file cache for directory 'C:/Users/croch/Documents/Unreal Projects/SwordVR/Content/Collections/' took 0.01s
[2017.08.28-11.59.16:322][  0]LogCollectionManager: Rebuilt the GUID cache for 0 collections in 0.000002 seconds
[2017.08.28-11.59.16:334][  0]LogContentBrowser: Native class hierarchy populated in 0.0098 seconds. Added 2342 classes and 497 folders.
[2017.08.28-11.59.16:415][  0]LogContentBrowser: Native class hierarchy updated for 'WidgetCarousel' in 0.0007 seconds. Added 0 classes and 0 folders.
[2017.08.28-11.59.16:798][  0]LogContentBrowser: Native class hierarchy updated for 'AddContentDialog' in 0.0006 seconds. Added 0 classes and 0 folders.
[2017.08.28-11.59.16:856][  0]LogContentBrowser: Native class hierarchy updated for 'SceneOutliner' in 0.0006 seconds. Added 1 classes and 2 folders.
[2017.08.28-11.59.16:936][  0]LogCrashTracker: Crashtracker disabled due to settings.
[2017.08.28-11.59.16:949][  0]LogSlate: Took 0.000300 seconds to synchronously load lazily loaded font '../../../Engine/Content/Slate/Fonts/Roboto-Regular.ttf' (155K)
[2017.08.28-11.59.16:952][  0]LogSlate: Took 0.000278 seconds to synchronously load lazily loaded font '../../../Engine/Content/Slate/Fonts/Roboto-Bold.ttf' (160K)
[2017.08.28-11.59.16:992][  0]LogSlate: Took 0.005671 seconds to synchronously load lazily loaded font '../../../Engine/Content/Editor/Slate/Fonts/FontAwesome.ttf' (139K)
[2017.08.28-11.59.17:148][  0]LogRenderer: Reallocating scene render targets to support 804x312 NumSamples 1 (Frame:1).
[2017.08.28-11.59.17:297][  0]LogUObjectGlobals:Warning: Failed to find object 'Class None.'
[2017.08.28-11.59.17:369][  0]LogContentBrowser: Native class hierarchy updated for 'HierarchicalLODOutliner' in 0.0006 seconds. Added 1 classes and 2 folders.
[2017.08.28-11.59.17:369][  0]LogLoad: (Engine Initialization) Total time: 20.28 seconds
[2017.08.28-11.59.17:369][  0]LogLoad: (Engine Initialization) Total Blueprint compile time: 0.09 seconds
[2017.08.28-11.59.17:369][  0]LogExternalProfiler: No external profilers were discovered.  External profiling features will not be available.
[2017.08.28-11.59.17:390][  0]LogOcInput: OculusInput pre-init called
[2017.08.28-11.59.17:391][  0]LogHMD: Starting GearVRController plugin
[2017.08.28-11.59.17:406][  0]LogAssetRegistry: Asset discovery search completed in 11.6771 seconds
[2017.08.28-11.59.17:408][  0]LogCollectionManager: Rebuilt the object cache for 0 collections in 0.000001 seconds (found 0 objects)
[2017.08.28-11.59.17:408][  0]LogCollectionManager: Fixed up redirectors for 0 collections in 0.000021 seconds (updated 0 objects)
[2017.08.28-11.59.17:411][  0]LogContentStreaming: Texture pool size now 1000 MB
[2017.08.28-11.59.17:474][  0]LogSlate: Took 0.005017 seconds to synchronously load lazily loaded font '../../../Engine/Content/Slate/Fonts/Roboto-Light.ttf' (159K)
[2017.08.28-11.59.23:205][340]LogSlate: Took 0.000172 seconds to synchronously load lazily loaded font '../../../Engine/Content/Slate/Fonts/Roboto-Light.ttf' (159K)
[2017.08.28-11.59.23:256][340]LogAIModule: Creating AISystem for world synth_Level
[2017.08.28-11.59.23:275][340]Cmd: MAP LOAD FILE="../../../../../../Users/croch/Documents/Unreal Projects/SwordVR/Content/Maps/synth_Level.umap" TEMPLATE=0 SHOWPROGRESS=1 FEATURELEVEL=3
[2017.08.28-11.59.23:275][340]LightingResults: New page: Lighting Build
[2017.08.28-11.59.23:276][340]LoadErrors: New page: Loading map: synth_Level.umap
[2017.08.28-11.59.23:276][340]MapCheck: New page: Map Check
[2017.08.28-11.59.23:276][340]LightingResults: New page: Lighting Build
[2017.08.28-11.59.23:289][340]LogEditorServer: Finished looking for orphan Actors (0.000 secs)
[2017.08.28-11.59.23:328][340]Cmd: MAP CHECKDEP NOCLEARLOG
[2017.08.28-11.59.23:384][340]MapCheck: Info Map check complete: 0 Error(s), 0 Warning(s), took 56.208ms to complete.
[2017.08.28-11.59.23:384][340]LogFileHelpers: Loading map 'synth_Level' took 0.110
[2017.08.28-11.59.33:428][900]LogContentBrowser: Native class hierarchy updated for 'BlueprintGraph' in 0.0010 seconds. Added 112 classes and 0 folders.
[2017.08.28-11.59.34:035][900]LogSlate: Took 0.000167 seconds to synchronously load lazily loaded font '../../../Engine/Content/Slate/Fonts/Roboto-Regular.ttf' (155K)
[2017.08.28-11.59.34:163][900]LogSlate: Took 0.007254 seconds to synchronously load lazily loaded font '../../../Engine/Content/Editor/Slate/Fonts/Roboto-BoldCondensed.ttf' (158K)
[2017.08.28-11.59.34:372][901]LogSlate: Took 0.006016 seconds to synchronously load lazily loaded font '../../../Engine/Content/Editor/Slate/Fonts/Roboto-Italic.ttf' (157K)
[2017.08.28-12.09.14:785][829]LogSlate: Took 0.000208 seconds to synchronously load lazily loaded font '../../../Engine/Content/Slate/Fonts/Roboto-Light.ttf' (159K)
[2017.08.28-12.09.23:826][856]LogFileHelpers: Editor autosave (incl. sublevels) for '/Game/Maps/synth_Level' took 0.027
[2017.08.28-12.09.23:829][856]OBJ SavePackage: Generating thumbnails for [1] asset(s) in package [/Game/MyRunebergVR_Pawn] ([1] browsable assets)...
[2017.08.28-12.09.23:867][856]OBJ SavePackage:     Rendered thumbnail for [Blueprint /Game/MyRunebergVR_Pawn.MyRunebergVR_Pawn]
[2017.08.28-12.09.23:867][856]OBJ SavePackage: Finished generating thumbnails for package [/Game/MyRunebergVR_Pawn]
[2017.08.28-12.09.23:964][856]LogSavePackage: Save=77.12ms
[2017.08.28-12.09.23:964][856]LogSavePackage: Moving '../../../../../../Users/croch/Documents/Unreal Projects/SwordVR/Saved/MyRunebergVR_Pawn_Auto1D2A6C5EB4593E1DCB5E32A9602883FA7.tmp' to '../../../../../../Users/croch/Documents/Unreal Projects/SwordVR/Saved/Autosaves/Game/MyRunebergVR_Pawn_Auto1.uasset'
[2017.08.28-12.09.23:967][856]LogSavePackage:Display: Finished SavePackage ../../../../../../Users/croch/Documents/Unreal Projects/SwordVR/Saved/Autosaves/Game/MyRunebergVR_Pawn_Auto1.uasset
[2017.08.28-12.09.23:968][856]LogFileHelpers: Auto-saving content packages took 0.140
[2017.08.28-12.15.31:309][991]LogRenderer: Reallocating scene render targets to support 1016x424 NumSamples 1 (Frame:1).
[2017.08.28-12.19.24:683][ 87]LogFileHelpers: Editor autosave (incl. sublevels) for '/Game/Maps/synth_Level' took 0.018
[2017.08.28-12.19.24:685][ 87]OBJ SavePackage: Generating thumbnails for [0] asset(s) in package [/Game/BaseWeapon] ([1] browsable assets)...
[2017.08.28-12.19.24:685][ 87]OBJ SavePackage: Finished generating thumbnails for package [/Game/BaseWeapon]
[2017.08.28-12.19.24:685][ 87]Cmd: OBJ SAVEPACKAGE PACKAGE="/Game/BaseWeapon" FILE="../../../../../../Users/croch/Documents/Unreal Projects/SwordVR/Saved/Autosaves/Game/BaseWeapon_Auto2.uasset" SILENT=false AUTOSAVING=true
[2017.08.28-12.19.24:701][ 87]LogSavePackage: Save=13.27ms
[2017.08.28-12.19.24:701][ 87]LogSavePackage: Moving '../../../../../../Users/croch/Documents/Unreal Projects/SwordVR/Saved/BaseWeapon_Auto2C160504A41267D82EEF48A9F52893A46.tmp' to '../../../../../../Users/croch/Documents/Unreal Projects/SwordVR/Saved/Autosaves/Game/BaseWeapon_Auto2.uasset'
[2017.08.28-12.19.24:702][ 87]LogSavePackage:Display: Finished SavePackage ../../../../../../Users/croch/Documents/Unreal Projects/SwordVR/Saved/Autosaves/Game/BaseWeapon_Auto2.uasset
[2017.08.28-12.19.24:702][ 87]LogFileHelpers: Auto-saving content packages took 0.018
[2017.08.28-12.21.12:433][ 95]LogMetaData: Removing '/Game/WeaponInventory.WeaponInventory' ref from Metadata '/Game/NewUserDefinedStruct.PackageMetaData'
[2017.08.28-12.21.12:433][ 95]LogMetaData: Removing '/Game/WeaponInventory.WeaponInventory:MemberVar_0_517097FA4EA1FAF25542C09E5795EBF6' ref from Metadata '/Game/NewUserDefinedStruct.PackageMetaData'
[2017.08.28-12.21.12:463][ 95]Cmd: OBJ SAVEPACKAGE PACKAGE="/Game/WeaponInventory" FILE="../../../../../../Users/croch/Documents/Unreal Projects/SwordVR/Content/WeaponInventory.uasset" SILENT=true
[2017.08.28-12.21.12:472][ 95]LogSavePackage: Save=6.04ms
[2017.08.28-12.21.12:472][ 95]LogSavePackage: Moving '../../../../../../Users/croch/Documents/Unreal Projects/SwordVR/Saved/WeaponInventory500FA1A04C26E965994D6E9A4F67240B.tmp' to '../../../../../../Users/croch/Documents/Unreal Projects/SwordVR/Content/WeaponInventory.uasset'
[2017.08.28-12.21.12:478][ 95]LogSavePackage:Display: Finished SavePackage ../../../../../../Users/croch/Documents/Unreal Projects/SwordVR/Content/WeaponInventory.uasset
[2017.08.28-12.21.32:696][115]LogSlate: Took 0.005647 seconds to synchronously load lazily loaded font '../../../Engine/Content/Editor/Slate/Fonts/Roboto-BoldCondensedItalic.ttf' (160K)
[2017.08.28-12.29.25:331][626]LogFileHelpers: Editor autosave (incl. sublevels) for '/Game/Maps/synth_Level' took 0.018
[2017.08.28-12.29.25:333][626]OBJ SavePackage: Generating thumbnails for [1] asset(s) in package [/Game/MyRunebergVR_Pawn] ([1] browsable assets)...
[2017.08.28-12.29.25:366][626]OBJ SavePackage:     Rendered thumbnail for [Blueprint /Game/MyRunebergVR_Pawn.MyRunebergVR_Pawn]
[2017.08.28-12.29.25:366][626]OBJ SavePackage: Finished generating thumbnails for package [/Game/MyRunebergVR_Pawn]
[2017.08.28-12.29.25:460][626]LogSavePackage: Save=79.31ms
[2017.08.28-12.29.25:460][626]LogSavePackage: Moving '../../../../../../Users/croch/Documents/Unreal Projects/SwordVR/Saved/MyRunebergVR_Pawn_Auto3B68BAC114B18FBF541C546BD59C1D48D.tmp' to '../../../../../../Users/croch/Documents/Unreal Projects/SwordVR/Saved/Autosaves/Game/MyRunebergVR_Pawn_Auto3.uasset'
[2017.08.28-12.29.25:463][626]LogSavePackage:Display: Finished SavePackage ../../../../../../Users/croch/Documents/Unreal Projects/SwordVR/Saved/Autosaves/Game/MyRunebergVR_Pawn_Auto3.uasset
[2017.08.28-12.29.25:463][626]OBJ SavePackage: Generating thumbnails for [0] asset(s) in package [/Game/BaseWeapon] ([1] browsable assets)...
[2017.08.28-12.29.25:463][626]OBJ SavePackage: Finished generating thumbnails for package [/Game/BaseWeapon]
[2017.08.28-12.29.25:463][626]Cmd: OBJ SAVEPACKAGE PACKAGE="/Game/BaseWeapon" FILE="../../../../../../Users/croch/Documents/Unreal Projects/SwordVR/Saved/Autosaves/Game/BaseWeapon_Auto3.uasset" SILENT=false AUTOSAVING=true
[2017.08.28-12.29.25:480][626]LogSavePackage: Save=14.39ms
[2017.08.28-12.29.25:481][626]LogSavePackage: Moving '../../../../../../Users/croch/Documents/Unreal Projects/SwordVR/Saved/BaseWeapon_Auto3B223BF6547AD7D05B81B6FBF0ECFC3FF.tmp' to '../../../../../../Users/croch/Documents/Unreal Projects/SwordVR/Saved/Autosaves/Game/BaseWeapon_Auto3.uasset'
[2017.08.28-12.29.25:482][626]LogSavePackage:Display: Finished SavePackage ../../../../../../Users/croch/Documents/Unreal Projects/SwordVR/Saved/Autosaves/Game/BaseWeapon_Auto3.uasset
[2017.08.28-12.29.25:483][626]OBJ SavePackage: Generating thumbnails for [0] asset(s) in package [/Game/WeaponInventory] ([1] browsable assets)...
[2017.08.28-12.29.25:483][626]OBJ SavePackage: Finished generating thumbnails for package [/Game/WeaponInventory]
[2017.08.28-12.29.25:483][626]Cmd: OBJ SAVEPACKAGE PACKAGE="/Game/WeaponInventory" FILE="../../../../../../Users/croch/Documents/Unreal Projects/SwordVR/Saved/Autosaves/Game/WeaponInventory_Auto3.uasset" SILENT=false AUTOSAVING=true
[2017.08.28-12.29.25:498][626]LogSavePackage: Save=6.58ms
[2017.08.28-12.29.25:498][626]LogSavePackage: Moving '../../../../../../Users/croch/Documents/Unreal Projects/SwordVR/Saved/WeaponInventory_Auto3EB8DD3FF443E66DB8DA0A9A2CCE2BD14.tmp' to '../../../../../../Users/croch/Documents/Unreal Projects/SwordVR/Saved/Autosaves/Game/WeaponInventory_Auto3.uasset'
[2017.08.28-12.29.25:499][626]LogSavePackage:Display: Finished SavePackage ../../../../../../Users/croch/Documents/Unreal Projects/SwordVR/Saved/Autosaves/Game/WeaponInventory_Auto3.uasset
[2017.08.28-12.29.25:499][626]LogFileHelpers: Auto-saving content packages took 0.168
[2017.08.28-12.49.26:645][225]LogFileHelpers: Editor autosave (incl. sublevels) for '/Game/Maps/synth_Level' took 0.026
[2017.08.28-12.49.26:646][225]OBJ SavePackage: Generating thumbnails for [1] asset(s) in package [/Game/MyRunebergVR_Pawn] ([1] browsable assets)...
[2017.08.28-12.49.26:678][225]OBJ SavePackage:     Rendered thumbnail for [Blueprint /Game/MyRunebergVR_Pawn.MyRunebergVR_Pawn]
[2017.08.28-12.49.26:678][225]OBJ SavePackage: Finished generating thumbnails for package [/Game/MyRunebergVR_Pawn]
[2017.08.28-12.49.26:777][225]LogSavePackage: Save=78.28ms
[2017.08.28-12.49.26:777][225]LogSavePackage: Moving '../../../../../../Users/croch/Documents/Unreal Projects/SwordVR/Saved/MyRunebergVR_Pawn_Auto4C4546D714068B02FE342C78D120AA337.tmp' to '../../../../../../Users/croch/Documents/Unreal Projects/SwordVR/Saved/Autosaves/Game/MyRunebergVR_Pawn_Auto4.uasset'
[2017.08.28-12.49.26:780][225]LogSavePackage:Display: Finished SavePackage ../../../../../../Users/croch/Documents/Unreal Projects/SwordVR/Saved/Autosaves/Game/MyRunebergVR_Pawn_Auto4.uasset
[2017.08.28-12.49.26:780][225]LogFileHelpers: Auto-saving content packages took 0.134
[2017.08.28-12.59.27:466][397]LogFileHelpers: Editor autosave (incl. sublevels) for '/Game/Maps/synth_Level' took 0.020
[2017.08.28-12.59.27:468][397]OBJ SavePackage: Generating thumbnails for [1] asset(s) in package [/Game/MyRunebergVR_Pawn] ([1] browsable assets)...
[2017.08.28-12.59.27:501][397]OBJ SavePackage:     Rendered thumbnail for [Blueprint /Game/MyRunebergVR_Pawn.MyRunebergVR_Pawn]
[2017.08.28-12.59.27:501][397]OBJ SavePackage: Finished generating thumbnails for package [/Game/MyRunebergVR_Pawn]
[2017.08.28-12.59.27:600][397]LogSavePackage: Save=83.64ms
[2017.08.28-12.59.27:600][397]LogSavePackage: Moving '../../../../../../Users/croch/Documents/Unreal Projects/SwordVR/Saved/MyRunebergVR_Pawn_Auto523B395EF4275E3680321CE94A47B2426.tmp' to '../../../../../../Users/croch/Documents/Unreal Projects/SwordVR/Saved/Autosaves/Game/MyRunebergVR_Pawn_Auto5.uasset'
[2017.08.28-12.59.27:602][397]LogSavePackage:Display: Finished SavePackage ../../../../../../Users/croch/Documents/Unreal Projects/SwordVR/Saved/Autosaves/Game/MyRunebergVR_Pawn_Auto5.uasset
[2017.08.28-12.59.27:603][397]LogFileHelpers: Auto-saving content packages took 0.135
[2017.08.28-13.05.29:373][906]BlueprintLog: New page: Compile MyRunebergVR_Pawn
[2017.08.28-13.05.29:413][906]LogBlueprint:Warning: [Compiler MyRunebergVR_Pawn] Warning Can't parse default value 'None' for  <None> . Property: EquippedWeaponNum.
[2017.08.28-13.05.29:413][906]LogBlueprint:Warning: [Compiler MyRunebergVR_Pawn] Warning Can't parse default value 'None' for  <None> . Property: NumOwnedWeapons.
[2017.08.28-13.05.29:414][906]LogBlueprint:Warning: [Compiler MyRunebergVR_Pawn] Warning Can't parse default value 'None' for  <None> . Property: OwnedWeapons.
[2017.08.28-13.05.29:724][906]BlueprintEditorCompileResults:Warning: Warning Can't parse default value 'None' for  <None> . Property: EquippedWeaponNum.
[2017.08.28-13.05.29:724][906]BlueprintEditorCompileResults:Warning: Warning Can't parse default value 'None' for  <None> . Property: NumOwnedWeapons.
[2017.08.28-13.05.29:724][906]BlueprintEditorCompileResults:Warning: Warning Can't parse default value 'None' for  <None> . Property: OwnedWeapons.
[2017.08.28-13.05.29:725][906]LogBlueprint:Warning: [Compiler MyRunebergVR_Pawn] Warning [3993.04] Compile of MyRunebergVR_Pawn successful, but with 3 Warning(s) [in 350 ms] (/Game/MyRunebergVR_Pawn.MyRunebergVR_Pawn)
[2017.08.28-13.05.33:494][111]Cmd: OBJ SAVEPACKAGE PACKAGE="/Game/MyRunebergVR_Pawn" FILE="../../../../../../Users/croch/Documents/Unreal Projects/SwordVR/Content/MyRunebergVR_Pawn.uasset" SILENT=true
[2017.08.28-13.05.33:599][111]LogSavePackage: Save=90.23ms
[2017.08.28-13.05.33:599][111]LogSavePackage: Moving '../../../../../../Users/croch/Documents/Unreal Projects/SwordVR/Saved/MyRunebergVR_Pawn7B8324AA41E06B3065223E9119CADC1F.tmp' to '../../../../../../Users/croch/Documents/Unreal Projects/SwordVR/Content/MyRunebergVR_Pawn.uasset'
[2017.08.28-13.05.33:606][111]LogSavePackage:Display: Finished SavePackage ../../../../../../Users/croch/Documents/Unreal Projects/SwordVR/Content/MyRunebergVR_Pawn.uasset
[2017.08.28-13.11.50:114][565]LogFileHelpers: Editor autosave (incl. sublevels) for '/Game/Maps/synth_Level' took 0.021
[2017.08.28-13.11.50:115][565]OBJ SavePackage: Generating thumbnails for [1] asset(s) in package [/Game/MyRunebergVR_Pawn] ([1] browsable assets)...
[2017.08.28-13.11.50:144][565]OBJ SavePackage:     Rendered thumbnail for [Blueprint /Game/MyRunebergVR_Pawn.MyRunebergVR_Pawn]
[2017.08.28-13.11.50:144][565]OBJ SavePackage: Finished generating thumbnails for package [/Game/MyRunebergVR_Pawn]
[2017.08.28-13.11.50:255][565]LogSavePackage: Save=98.03ms
[2017.08.28-13.11.50:255][565]LogSavePackage: Moving '../../../../../../Users/croch/Documents/Unreal Projects/SwordVR/Saved/MyRunebergVR_Pawn_Auto673FE1C3B47A400DFA50C9E918920AB8F.tmp' to '../../../../../../Users/croch/Documents/Unreal Projects/SwordVR/Saved/Autosaves/Game/MyRunebergVR_Pawn_Auto6.uasset'
[2017.08.28-13.11.50:258][565]LogSavePackage:Display: Finished SavePackage ../../../../../../Users/croch/Documents/Unreal Projects/SwordVR/Saved/Autosaves/Game/MyRunebergVR_Pawn_Auto6.uasset
[2017.08.28-13.11.50:258][565]LogFileHelpers: Auto-saving content packages took 0.144
[2017.08.28-13.21.58:695][148]LogFileHelpers: Editor autosave (incl. sublevels) for '/Game/Maps/synth_Level' took 0.023
[2017.08.28-13.21.58:696][148]OBJ SavePackage: Generating thumbnails for [1] asset(s) in package [/Game/MyRunebergVR_Pawn] ([1] browsable assets)...
[2017.08.28-13.21.58:713][148]OBJ SavePackage:     Rendered thumbnail for [Blueprint /Game/MyRunebergVR_Pawn.MyRunebergVR_Pawn]
[2017.08.28-13.21.58:713][148]OBJ SavePackage: Finished generating thumbnails for package [/Game/MyRunebergVR_Pawn]
[2017.08.28-13.21.58:831][148]LogSavePackage: Save=105.08ms
[2017.08.28-13.21.58:831][148]LogSavePackage: Moving '../../../../../../Users/croch/Documents/Unreal Projects/SwordVR/Saved/MyRunebergVR_Pawn_Auto72B4C6DAA42C87EF82BF05AB2D83F2CCB.tmp' to '../../../../../../Users/croch/Documents/Unreal Projects/SwordVR/Saved/Autosaves/Game/MyRunebergVR_Pawn_Auto7.uasset'
[2017.08.28-13.21.58:833][148]LogSavePackage:Display: Finished SavePackage ../../../../../../Users/croch/Documents/Unreal Projects/SwordVR/Saved/Autosaves/Game/MyRunebergVR_Pawn_Auto7.uasset
[2017.08.28-13.21.58:833][148]LogFileHelpers: Auto-saving content packages took 0.137
[2017.08.28-13.30.02:123][768]BlueprintLog: New page: Compile MyRunebergVR_Pawn
[2017.08.28-13.30.07:585][ 48]Cmd: OBJ SAVEPACKAGE PACKAGE="/Game/MyRunebergVR_Pawn" FILE="../../../../../../Users/croch/Documents/Unreal Projects/SwordVR/Content/MyRunebergVR_Pawn.uasset" SILENT=true
[2017.08.28-13.30.07:726][ 48]LogSavePackage: Save=121.76ms
[2017.08.28-13.30.07:726][ 48]LogSavePackage: Moving '../../../../../../Users/croch/Documents/Unreal Projects/SwordVR/Saved/MyRunebergVR_Pawn96A967D14F65C14F3F5A6A8AB30E7772.tmp' to '../../../../../../Users/croch/Documents/Unreal Projects/SwordVR/Content/MyRunebergVR_Pawn.uasset'
[2017.08.28-13.30.07:730][ 48]LogSavePackage:Display: Finished SavePackage ../../../../../../Users/croch/Documents/Unreal Projects/SwordVR/Content/MyRunebergVR_Pawn.uasset
[2017.08.28-13.30.10:835][221]Cmd: OBJ SAVEPACKAGE PACKAGE="/Game/Maps/synth_Level" FILE="../../../../../../Users/croch/Documents/Unreal Projects/SwordVR/Content/Maps/synth_Level.umap" SILENT=true AUTOSAVING=false KEEPDIRTY=false
[2017.08.28-13.30.10:932][221]LogSavePackage: Save=67.50ms
[2017.08.28-13.30.10:932][221]LogSavePackage: Moving '../../../../../../Users/croch/Documents/Unreal Projects/SwordVR/Saved/synth_Level7CDBB16B4779FE7ABA4660B75053148D.tmp' to '../../../../../../Users/croch/Documents/Unreal Projects/SwordVR/Content/Maps/synth_Level.umap'
[2017.08.28-13.30.10:934][221]LogSavePackage:Display: Finished SavePackage ../../../../../../Users/croch/Documents/Unreal Projects/SwordVR/Content/Maps/synth_Level.umap
[2017.08.28-13.30.10:973][221]Cmd: OBJ SAVEPACKAGE PACKAGE="/Game/Maps/synth_Level_BuiltData" FILE="../../../../../../Users/croch/Documents/Unreal Projects/SwordVR/Content/Maps/synth_Level_BuiltData.uasset" SILENT=true
[2017.08.28-13.30.11:000][221]LogSavePackage: Save=16.53ms
[2017.08.28-13.30.11:000][221]LogSavePackage: Moving '../../../../../../Users/croch/Documents/Unreal Projects/SwordVR/Saved/synth_Level_BuiltDataE04BF46D4DD125D0A293F9B8F9A74633.tmp' to '../../../../../../Users/croch/Documents/Unreal Projects/SwordVR/Content/Maps/synth_Level_BuiltData.uasset'
[2017.08.28-13.30.11:002][221]LogSavePackage:Display: Finished SavePackage ../../../../../../Users/croch/Documents/Unreal Projects/SwordVR/Content/Maps/synth_Level_BuiltData.uasset
[2017.08.28-13.30.12:588][308]LogWindowsTextInputMethodSystem:Display: IME system now deactivated.
[2017.08.28-13.30.12:592][308]LogWindowsTextInputMethodSystem:Display: IME system now deactivated.
[2017.08.28-13.30.12:858][309]Cmd: QUIT_EDITOR
[2017.08.28-13.30.12:929][309]LogExit: Preparing to exit.
[2017.08.28-13.30.13:618][309]LogDirectoryWatcher: A directory notification for 'C:/Users/croch/Documents/Unreal Projects/SwordVR/Content/' was aborted.
[2017.08.28-13.30.13:728][309]LogExit: Editor shut down
[2017.08.28-13.30.13:761][309]LogExit: Transaction tracking system shut down
[2017.08.28-13.30.13:926][309]LogObj: Freed 0b from 0 cluster array pools.
[2017.08.28-13.30.13:927][309]LogExit: Object subsystem successfully closed.
[2017.08.28-13.30.13:963][309]LogD3D11RHI: Shutdown
[2017.08.28-13.30.13:963][309]LogD3D11RHI: CleanupD3DDevice
[2017.08.28-13.30.14:098][309]LogD3D11RHI: ~FD3D11DynamicRHI
[2017.08.28-13.30.14:125][309]LogModuleManager: Shutting down and abandoning module BlueprintGraph (532)
[2017.08.28-13.30.14:125][309]LogModuleManager: Shutting down and abandoning module BlueprintProfiler (530)
[2017.08.28-13.30.14:125][309]LogModuleManager: Shutting down and abandoning module HierarchicalLODOutliner (528)
[2017.08.28-13.30.14:125][309]LogModuleManager: Shutting down and abandoning module CrashTracker (526)
[2017.08.28-13.30.14:125][309]LogModuleManager: Shutting down and abandoning module SceneOutliner (524)
[2017.08.28-13.30.14:125][309]LogModuleManager: Shutting down and abandoning module AddContentDialog (522)
[2017.08.28-13.30.14:126][309]LogDirectoryWatcher: A directory notification for 'C:/Program Files/Epic Games/UE_4.16/FeaturePacks/' was aborted.
[2017.08.28-13.30.14:132][309]LogModuleManager: Shutting down and abandoning module WidgetCarousel (521)
[2017.08.28-13.30.14:132][309]LogModuleManager: Shutting down and abandoning module EditorWidgets (518)
[2017.08.28-13.30.14:132][309]LogModuleManager: Shutting down and abandoning module CollectionManager (516)
[2017.08.28-13.30.14:132][309]LogDirectoryWatcher: A directory notification for 'C:/Users/croch/Documents/Unreal Projects/SwordVR/Content/Collections/' was aborted.
[2017.08.28-13.30.14:132][309]LogDirectoryWatcher: A directory notification for 'C:/Users/croch/Documents/Unreal Projects/SwordVR/Content/Developers/croch/Collections/' was aborted.
[2017.08.28-13.30.14:132][309]LogDirectoryWatcher: A directory notification for 'C:/Users/croch/Documents/Unreal Projects/SwordVR/Saved/Collections/' was aborted.
[2017.08.28-13.30.14:132][309]LogModuleManager: Shutting down and abandoning module StatsViewer (514)
[2017.08.28-13.30.14:132][309]LogModuleManager: Shutting down and abandoning module FoliageEdit (512)
[2017.08.28-13.30.14:132][309]LogModuleManager: Shutting down and abandoning module LandscapeEditor (510)
[2017.08.28-13.30.14:132][309]LogModuleManager: Shutting down and abandoning module MeshPaintMode (508)
[2017.08.28-13.30.14:133][309]LogModuleManager: Shutting down and abandoning module SceneDepthPickerMode (506)
[2017.08.28-13.30.14:133][309]LogModuleManager: Shutting down and abandoning module ActorPickerMode (504)
[2017.08.28-13.30.14:133][309]LogModuleManager: Shutting down and abandoning module GeometryMode (502)
[2017.08.28-13.30.14:133][309]LogModuleManager: Shutting down and abandoning module TextureAlignMode (500)
[2017.08.28-13.30.14:133][309]LogModuleManager: Shutting down and abandoning module BspMode (498)
[2017.08.28-13.30.14:133][309]LogModuleManager: Shutting down and abandoning module HardwareSurvey (496)
[2017.08.28-13.30.14:133][309]LogModuleManager: Shutting down and abandoning module SequenceRecorderSections (494)
[2017.08.28-13.30.14:133][309]LogModuleManager: Shutting down and abandoning module AutomationWorker (492)
[2017.08.28-13.30.14:133][309]LogModuleManager: Shutting down and abandoning module MatineeToLevelSequence (490)
[2017.08.28-13.30.14:133][309]LogModuleManager: Shutting down and abandoning module LevelSequenceEditor (488)
[2017.08.28-13.30.14:133][309]LogModuleManager: Shutting down and abandoning module PlacementMode (487)
[2017.08.28-13.30.14:133][309]LogModuleManager: Shutting down and abandoning module WmfMediaFactory (484)
[2017.08.28-13.30.14:133][309]LogModuleManager: Shutting down and abandoning module WmfMediaEditor (482)
[2017.08.28-13.30.14:133][309]LogModuleManager: Shutting down and abandoning module AvfMediaFactory (480)
[2017.08.28-13.30.14:133][309]LogModuleManager: Shutting down and abandoning module AvfMediaEditor (478)
[2017.08.28-13.30.14:133][309]LogModuleManager: Shutting down and abandoning module AndroidMediaFactory (476)
[2017.08.28-13.30.14:133][309]LogModuleManager: Shutting down and abandoning module Media (475)
[2017.08.28-13.30.14:133][309]LogModuleManager: Shutting down and abandoning module AndroidMediaEditor (472)
[2017.08.28-13.30.14:133][309]LogModuleManager: Shutting down and abandoning module CharacterAI (470)
[2017.08.28-13.30.14:133][309]LogModuleManager: Shutting down and abandoning module AudioCapture (468)
[2017.08.28-13.30.14:133][309]LogModuleManager: Shutting down and abandoning module SequenceRecorder (467)
[2017.08.28-13.30.14:133][309]LogModuleManager: Shutting down and abandoning module SmartSnapping (464)
[2017.08.28-13.30.14:133][309]LogModuleManager: Shutting down and abandoning module SessionServices (462)
[2017.08.28-13.30.14:133][309]LogModuleManager: Shutting down and abandoning module ViewportSnapping (460)
[2017.08.28-13.30.14:133][309]LogModuleManager: Shutting down and abandoning module ViewportInteraction (458)
[2017.08.28-13.30.14:133][309]LogModuleManager: Shutting down and abandoning module ClothPainter (456)
[2017.08.28-13.30.14:133][309]LogModuleManager: Shutting down and abandoning module LogVisualizer (454)
[2017.08.28-13.30.14:133][309]LogModuleManager: Shutting down and abandoning module IntroTutorials (452)
[2017.08.28-13.30.14:133][309]LogModuleManager: Shutting down and abandoning module GameProjectGeneration (451)
[2017.08.28-13.30.14:133][309]LogModuleManager: Shutting down and abandoning module EditorLiveStreaming (448)
[2017.08.28-13.30.14:133][309]LogModuleManager: Shutting down and abandoning module IOSPlatformEditor (446)
[2017.08.28-13.30.14:133][309]LogModuleManager: Shutting down and abandoning module HTML5PlatformEditor (444)
[2017.08.28-13.30.14:133][309]LogModuleManager: Shutting down and abandoning module AndroidPlatformEditor (442)
[2017.08.28-13.30.14:133][309]LogModuleManager: Shutting down and abandoning module AndroidDeviceDetection (441)
[2017.08.28-13.30.14:910][309]LogModuleManager: Shutting down and abandoning module IOSRuntimeSettings (438)
[2017.08.28-13.30.14:910][309]LogModuleManager: Shutting down and abandoning module AndroidRuntimeSettings (436)
[2017.08.28-13.30.14:910][309]LogModuleManager: Shutting down and abandoning module InputBindingEditor (434)
[2017.08.28-13.30.14:910][309]LogModuleManager: Shutting down and abandoning module MergeActors (432)
[2017.08.28-13.30.14:910][309]LogModuleManager: Shutting down and abandoning module SizeMap (430)
[2017.08.28-13.30.14:910][309]LogModuleManager: Shutting down and abandoning module TreeMap (428)
[2017.08.28-13.30.14:910][309]LogModuleManager: Shutting down and abandoning module ReferenceViewer (426)
[2017.08.28-13.30.14:910][309]LogModuleManager: Shutting down and abandoning module LocalizationDashboard (424)
[2017.08.28-13.30.14:910][309]LogModuleManager: Shutting down and abandoning module LocalizationService (423)
[2017.08.28-13.30.14:910][309]LogModuleManager: Shutting down and abandoning module HardwareTargeting (420)
[2017.08.28-13.30.14:910][309]LogModuleManager: Shutting down and abandoning module DeviceProfileEditor (418)
[2017.08.28-13.30.14:910][309]LogModuleManager: Shutting down and abandoning module UndoHistory (416)
[2017.08.28-13.30.14:910][309]LogModuleManager: Shutting down and abandoning module UserFeedback (414)
[2017.08.28-13.30.14:910][309]LogModuleManager: Shutting down and abandoning module XmlParser (412)
[2017.08.28-13.30.14:910][309]LogModuleManager: Shutting down and abandoning module Blutility (410)
[2017.08.28-13.30.14:910][309]LogModuleManager: Shutting down and abandoning module ProjectSettingsViewer (408)
[2017.08.28-13.30.14:910][309]LogModuleManager: Shutting down and abandoning module ProjectTargetPlatformEditor (407)
[2017.08.28-13.30.14:911][309]LogModuleManager: Shutting down and abandoning module EditorSettingsViewer (404)
[2017.08.28-13.30.14:911][309]LogModuleManager: Shutting down and abandoning module SettingsEditor (402)
[2017.08.28-13.30.14:911][309]LogModuleManager: Shutting down and abandoning module ProjectLauncher (400)
[2017.08.28-13.30.14:911][309]LogModuleManager: Shutting down and abandoning module SessionFrontend (398)
[2017.08.28-13.30.14:911][309]LogModuleManager: Shutting down and abandoning module ProfilerClient (396)
[2017.08.28-13.30.14:911][309]LogModuleManager: Shutting down and abandoning module DeviceManager (394)
[2017.08.28-13.30.14:911][309]LogModuleManager: Shutting down and abandoning module TargetDeviceServices (393)
[2017.08.28-13.30.14:964][309]LogModuleManager: Shutting down and abandoning module AutomationController (390)
[2017.08.28-13.30.14:964][309]LogModuleManager: Shutting down and abandoning module AutomationWindow (388)
[2017.08.28-13.30.14:964][309]LogModuleManager: Shutting down and abandoning module Layers (386)
[2017.08.28-13.30.14:964][309]LogModuleManager: Shutting down and abandoning module ComponentVisualizers (384)
[2017.08.28-13.30.14:964][309]LogModuleManager: Shutting down and abandoning module DetailCustomizations (382)
[2017.08.28-13.30.14:965][309]LogModuleManager: Shutting down and abandoning module PackagesDialog (380)
[2017.08.28-13.30.14:965][309]LogModuleManager: Shutting down and abandoning module Persona (378)
[2017.08.28-13.30.14:965][309]LogModuleManager: Shutting down and abandoning module AdvancedPreviewScene (377)
[2017.08.28-13.30.14:965][309]LogModuleManager: Shutting down and abandoning module AnimGraph (375)
[2017.08.28-13.30.14:965][309]LogModuleManager: Shutting down and abandoning module Kismet (372)
[2017.08.28-13.30.14:976][309]LogModuleManager: Shutting down and abandoning module ClassViewer (370)
[2017.08.28-13.30.14:980][309]LogModuleManager: Shutting down and abandoning module Toolbox (368)
[2017.08.28-13.30.14:980][309]LogModuleManager: Shutting down and abandoning module ModuleUI (366)
[2017.08.28-13.30.14:980][309]LogModuleManager: Shutting down and abandoning module MovieSceneTools (364)
[2017.08.28-13.30.14:980][309]LogModuleManager: Shutting down and abandoning module OutputLog (362)
[2017.08.28-13.30.14:980][309]LogModuleManager: Shutting down and abandoning module GammaUI (360)
[2017.08.28-13.30.14:980][309]LogModuleManager: Shutting down and abandoning module Documentation (358)
[2017.08.28-13.30.14:981][309]LogModuleManager: Shutting down and abandoning module MovieSceneTracks (356)
[2017.08.28-13.30.14:981][309]LogModuleManager: Shutting down and abandoning module MovieScene (354)
[2017.08.28-13.30.14:981][309]LogModuleManager: Shutting down and abandoning module Niagara (352)
[2017.08.28-13.30.14:981][309]LogModuleManager: Shutting down and abandoning module NiagaraEditor (351)
[2017.08.28-13.30.14:981][309]LogModuleManager: Shutting down and abandoning module StreamingPauseRendering (348)
[2017.08.28-13.30.14:981][309]LogModuleManager: Shutting down and abandoning module AnalyticsET (346)
[2017.08.28-13.30.14:981][309]LogModuleManager: Shutting down and abandoning module PortalServices (344)
[2017.08.28-13.30.14:981][309]LogModuleManager: Shutting down and abandoning module PortalRpc (342)
[2017.08.28-13.30.14:981][309]LogModuleManager: Shutting down and abandoning module MessagingRpc (340)
[2017.08.28-13.30.14:981][309]LogModuleManager: Shutting down and abandoning module AIModule (338)
[2017.08.28-13.30.14:981][309]LogModuleManager: Shutting down and abandoning module GameplayDebugger (337)
[2017.08.28-13.30.14:981][309]LogModuleManager: Shutting down and abandoning module AITestSuite (335)
[2017.08.28-13.30.14:981][309]LogModuleManager: Shutting down and abandoning module ProfilerService (332)
[2017.08.28-13.30.15:209][309]LogModuleManager: Shutting down and abandoning module TaskGraph (330)
[2017.08.28-13.30.15:209][309]LogModuleManager: Shutting down and abandoning module RunebergVRPlugin (328)
[2017.08.28-13.30.15:209][309]LogModuleManager: Shutting down and abandoning module GestureTrackerVR (326)
[2017.08.28-13.30.15:209][309]LogModuleManager: Shutting down and abandoning module SteamVRController (324)
[2017.08.28-13.30.15:209][309]LogModuleManager: Shutting down and abandoning module SteamVR (322)
[2017.08.28-13.30.15:209][309]LogModuleManager: Shutting down and abandoning module ProceduralMeshComponentEditor (320)
[2017.08.28-13.30.15:209][309]LogModuleManager: Shutting down and abandoning module ProceduralMeshComponent (318)
[2017.08.28-13.30.15:209][309]LogModuleManager: Shutting down and abandoning module OculusLibrary (316)
[2017.08.28-13.30.15:209][309]LogModuleManager: Shutting down and abandoning module OculusInput (314)
[2017.08.28-13.30.15:209][309]LogModuleManager: Shutting down and abandoning module MobilePatchingUtils (312)
[2017.08.28-13.30.15:209][309]LogModuleManager: Shutting down and abandoning module CustomMeshComponent (310)
[2017.08.28-13.30.15:209][309]LogModuleManager: Shutting down and abandoning module CableComponent (308)
[2017.08.28-13.30.15:209][309]LogModuleManager: Shutting down and abandoning module ArchVisCharacter (306)
[2017.08.28-13.30.15:209][309]LogModuleManager: Shutting down and abandoning module AndroidPermission (304)
[2017.08.28-13.30.15:209][309]LogModuleManager: Shutting down and abandoning module MediaPlayerEditor (300)
[2017.08.28-13.30.15:209][309]LogModuleManager: Shutting down and abandoning module HTML5Networking (298)
[2017.08.28-13.30.15:209][309]LogModuleManager: Shutting down and abandoning module AlembicImporter (296)
[2017.08.28-13.30.15:209][309]LogModuleManager: Shutting down and abandoning module AlembicLibrary (295)
[2017.08.28-13.30.15:209][309]LogModuleManager: Shutting down and abandoning module GeometryCache (294)
[2017.08.28-13.30.15:209][309]LogModuleManager: Shutting down and abandoning module GeometryCacheEd (293)
[2017.08.28-13.30.15:209][309]LogModuleManager: Shutting down and abandoning module SuperSearchEditor (288)
[2017.08.28-13.30.15:209][309]LogModuleManager: Shutting down and abandoning module SuperSearch (287)
[2017.08.28-13.30.15:209][309]LogModuleManager: Shutting down and abandoning module SpeedTreeImporter (284)
[2017.08.28-13.30.15:209][309]LogModuleManager: Shutting down and abandoning module PluginBrowser (282)
[2017.08.28-13.30.15:209][309]LogModuleManager: Shutting down and abandoning module MobileLauncherProfileWizard (280)
[2017.08.28-13.30.15:209][309]LogModuleManager: Shutting down and abandoning module VisualStudioSourceCodeAccess (278)
[2017.08.28-13.30.15:209][309]LogModuleManager: Shutting down and abandoning module DesktopPlatform (277)
[2017.08.28-13.30.15:209][309]LogModuleManager: Shutting down and abandoning module UObjectPlugin (274)
[2017.08.28-13.30.15:209][309]LogModuleManager: Shutting down and abandoning module SubversionSourceControl (272)
[2017.08.28-13.30.15:209][309]LogModuleManager: Shutting down and abandoning module PerforceSourceControl (270)
[2017.08.28-13.30.15:209][309]LogModuleManager: Shutting down and abandoning module GitSourceControl (268)
[2017.08.28-13.30.15:209][309]LogModuleManager: Shutting down and abandoning module SourceControl (267)
[2017.08.28-13.30.15:209][309]LogModuleManager: Shutting down and abandoning module LightPropagationVolumeEditor (264)
[2017.08.28-13.30.15:209][309]LogModuleManager: Shutting down and abandoning module PaperTiledImporter (262)
[2017.08.28-13.30.15:209][309]LogModuleManager: Shutting down and abandoning module PaperSpriteSheetImporter (260)
[2017.08.28-13.30.15:209][309]LogModuleManager: Shutting down and abandoning module Paper2DEditor (258)
[2017.08.28-13.30.15:210][309]LogModuleManager: Shutting down and abandoning module MeshPaint (257)
[2017.08.28-13.30.15:210][309]LogModuleManager: Shutting down and abandoning module LevelEditor (255)
[2017.08.28-13.30.15:211][309]LogModuleManager: Shutting down and abandoning module PixelInspectorModule (254)
[2017.08.28-13.30.15:211][309]LogModuleManager: Shutting down and abandoning module MainFrame (252)
[2017.08.28-13.30.15:211][309]LogModuleManager: Shutting down and abandoning module HotReload (251)
[2017.08.28-13.30.15:211][309]LogDirectoryWatcher: A directory notification for 'C:/Users/croch/Documents/Unreal Projects/SwordVR/Plugins/Marketplace/GestureTrackerVR/Binaries/Win64' was aborted.
[2017.08.28-13.30.15:211][309]LogDirectoryWatcher: A directory notification for 'C:/Users/croch/Documents/Unreal Projects/SwordVR/Plugins/Marketplace/RunebergVRPlugin/Binaries/Win64' was aborted.
[2017.08.28-13.30.15:212][309]LogModuleManager: Shutting down and abandoning module PhysXVehiclesEditor (246)
[2017.08.28-13.30.15:212][309]LogModuleManager: Shutting down and abandoning module PhysXVehicles (244)
[2017.08.28-13.30.15:212][309]LogModuleManager: Shutting down and abandoning module LocationServicesBPLibrary (242)
[2017.08.28-13.30.15:212][309]LogModuleManager: Shutting down and abandoning module ImmediatePhysicsEditor (240)
[2017.08.28-13.30.15:212][309]LogModuleManager: Shutting down and abandoning module ImmediatePhysics (238)
[2017.08.28-13.30.15:212][309]LogModuleManager: Shutting down and abandoning module UdpMessaging (236)
[2017.08.28-13.30.15:312][309]LogModuleManager: Shutting down and abandoning module TcpMessaging (234)
[2017.08.28-13.30.15:413][309]LogModuleManager: Shutting down and abandoning module GameplayTagsEditor (232)
[2017.08.28-13.30.15:413][309]LogModuleManager: Shutting down and abandoning module FacialAnimationEditor (230)
[2017.08.28-13.30.15:413][309]LogModuleManager: Shutting down and abandoning module FacialAnimation (228)
[2017.08.28-13.30.15:413][309]LogModuleManager: Shutting down and abandoning module AssetManagerEditor (226)
[2017.08.28-13.30.15:413][309]LogModuleManager: Shutting down and abandoning module GraphEditor (225)
[2017.08.28-13.30.15:413][309]LogModuleManager: Shutting down and abandoning module ContentBrowser (223)
[2017.08.28-13.30.15:415][309]LogModuleManager: Shutting down and abandoning module LightPropagationVolumeRuntime (220)
[2017.08.28-13.30.15:415][309]LogModuleManager: Shutting down and abandoning module Paper2D (218)
[2017.08.28-13.30.15:415][309]LogModuleManager: Shutting down and abandoning module WindowsMoviePlayer (216)
[2017.08.28-13.30.15:415][309]LogModuleManager: Shutting down and abandoning module WmfMedia (214)
[2017.08.28-13.30.15:417][309]LogModuleManager: Shutting down and abandoning module ClothingSystemEditor (212)
[2017.08.28-13.30.15:417][309]LogModuleManager: Shutting down and abandoning module ClothingSystemRuntime (210)
[2017.08.28-13.30.15:417][309]LogModuleManager: Shutting down and abandoning module MediaAssets (208)
[2017.08.28-13.30.15:417][309]LogModuleManager: Shutting down and abandoning module GameLiveStreaming (206)
[2017.08.28-13.30.15:417][309]LogModuleManager: Shutting down and abandoning module VREditor (204)
[2017.08.28-13.30.15:417][309]LogModuleManager: Shutting down and abandoning module StringTableEditor (202)
[2017.08.28-13.30.15:417][309]LogModuleManager: Shutting down and abandoning module GameplayTasksEditor (200)
[2017.08.28-13.30.15:417][309]LogModuleManager: Shutting down and abandoning module BehaviorTreeEditor (198)
[2017.08.28-13.30.15:417][309]LogModuleManager: Shutting down and abandoning module FunctionalTesting (196)
[2017.08.28-13.30.15:417][309]LogModuleManager: Shutting down and abandoning module CollisionAnalyzer (194)
[2017.08.28-13.30.15:417][309]LogModuleManager: Shutting down and abandoning module UMG (192)
[2017.08.28-13.30.15:417][309]LogModuleManager: Shutting down and abandoning module UMGEditor (191)
[2017.08.28-13.30.15:417][309]LogModuleManager: Shutting down and abandoning module Sequencer (190)
[2017.08.28-13.30.15:417][309]LogModuleManager: Shutting down and abandoning module AssetTools (188)
[2017.08.28-13.30.15:417][309]LogModuleManager: Shutting down and abandoning module MessageLog (187)
[2017.08.28-13.30.15:417][309]LogModuleManager: Shutting down and abandoning module WorkspaceMenuStructure (186)
[2017.08.28-13.30.15:417][309]LogModuleManager: Shutting down and abandoning module SlateReflector (180)
[2017.08.28-13.30.15:417][309]LogModuleManager: Shutting down and abandoning module Slate (178)
[2017.08.28-13.30.15:417][309]LogModuleManager: Shutting down and abandoning module EditorStyle (176)
[2017.08.28-13.30.15:420][309]LogModuleManager: Shutting down and abandoning module SourceCodeAccess (174)
[2017.08.28-13.30.15:421][309]LogModuleManager: Shutting down and abandoning module HeadMountedDisplay (172)
[2017.08.28-13.30.15:421][309]LogModuleManager: Shutting down and abandoning module XAudio2 (170)
[2017.08.28-13.30.15:421][309]LogModuleManager: Shutting down and abandoning module Networking (168)
[2017.08.28-13.30.15:421][309]LogModuleManager: Shutting down and abandoning module Core (164)
[2017.08.28-13.30.15:421][309]LogModuleManager: Shutting down and abandoning module AssetRegistry (162)
[2017.08.28-13.30.15:648][309]LogDirectoryWatcher: A directory notification for '../../../Engine/Content/' was aborted.
[2017.08.28-13.30.15:648][309]LogDirectoryWatcher: A directory notification for '../../../../../../Users/croch/Documents/Unreal Projects/SwordVR/Content/' was aborted.
[2017.08.28-13.30.15:648][309]LogDirectoryWatcher: A directory notification for '../../../Engine/Plugins/2D/Paper2D/Content/' was aborted.
[2017.08.28-13.30.15:648][309]LogDirectoryWatcher: A directory notification for '../../../Engine/Plugins/Runtime/GearVR/Content/' was aborted.
[2017.08.28-13.30.15:648][309]LogDirectoryWatcher: A directory notification for '../../../../../../Users/croch/Documents/Unreal Projects/SwordVR/Plugins/Marketplace/GestureTrackerVR/Content/' was aborted.
[2017.08.28-13.30.15:654][309]LogModuleManager: Shutting down and abandoning module DirectoryWatcher (161)
[2017.08.28-13.30.15:662][309]LogModuleManager: Shutting down and abandoning module KismetCompiler (158)
[2017.08.28-13.30.15:662][309]LogModuleManager: Shutting down and abandoning module LevelSequence (156)
[2017.08.28-13.30.15:662][309]LogModuleManager: Shutting down and abandoning module PhysXFormats (154)
[2017.08.28-13.30.15:662][309]LogModuleManager: Shutting down and abandoning module MeshUtilities (152)
[2017.08.28-13.30.15:662][309]LogModuleManager: Shutting down and abandoning module SimplygonSwarm (151)
[2017.08.28-13.30.15:662][309]LogModuleManager: Shutting down and abandoning module SimplygonMeshReduction (149)
[2017.08.28-13.30.15:662][309]LogModuleManager: Shutting down and abandoning module QuadricMeshReduction (147)
[2017.08.28-13.30.15:662][309]LogModuleManager: Shutting down and abandoning module DerivedDataCache (144)
[2017.08.28-13.30.15:674][309]LogDerivedDataCache: Shutdown
[2017.08.28-13.30.15:674][309]LogModuleManager: Shutting down and abandoning module TargetPlatform (142)
[2017.08.28-13.30.15:675][309]LogModuleManager: Shutting down and abandoning module VulkanShaderFormat (141)
[2017.08.28-13.30.15:675][309]LogModuleManager: Shutting down and abandoning module ShaderFormatVectorVM (139)
[2017.08.28-13.30.15:675][309]LogModuleManager: Shutting down and abandoning module ShaderFormatOpenGL (137)
[2017.08.28-13.30.15:675][309]LogModuleManager: Shutting down and abandoning module ShaderFormatD3D (135)
[2017.08.28-13.30.15:675][309]LogModuleManager: Shutting down and abandoning module MetalShaderFormat (133)
[2017.08.28-13.30.15:675][309]LogModuleManager: Shutting down and abandoning module TextureFormatUncompressed (131)
[2017.08.28-13.30.15:675][309]LogModuleManager: Shutting down and abandoning module TextureFormatPVR (129)
[2017.08.28-13.30.15:675][309]LogModuleManager: Shutting down and abandoning module TextureFormatDXT (127)
[2017.08.28-13.30.15:675][309]LogModuleManager: Shutting down and abandoning module TextureFormatIntelISPCTexComp (125)
[2017.08.28-13.30.15:675][309]LogModuleManager: Shutting down and abandoning module TextureFormatASTC (123)
[2017.08.28-13.30.15:675][309]LogModuleManager: Shutting down and abandoning module ImageWrapper (122)
[2017.08.28-13.30.15:675][309]LogModuleManager: Shutting down and abandoning module TextureFormatAndroid (119)
[2017.08.28-13.30.15:675][309]LogModuleManager: Shutting down and abandoning module AudioFormatOpus (117)
[2017.08.28-13.30.15:675][309]LogModuleManager: Shutting down and abandoning module AudioFormatOgg (115)
[2017.08.28-13.30.15:675][309]LogModuleManager: Shutting down and abandoning module AudioFormatADPCM (113)
[2017.08.28-13.30.15:675][309]LogModuleManager: Shutting down and abandoning module LinuxTargetPlatform (111)
[2017.08.28-13.30.15:675][309]LogModuleManager: Shutting down and abandoning module LinuxServerTargetPlatform (109)
[2017.08.28-13.30.15:675][309]LogModuleManager: Shutting down and abandoning module LinuxNoEditorTargetPlatform (107)
[2017.08.28-13.30.15:675][309]LogModuleManager: Shutting down and abandoning module LinuxClientTargetPlatform (105)
[2017.08.28-13.30.15:675][309]LogModuleManager: Shutting down and abandoning module TVOSTargetPlatform (103)
[2017.08.28-13.30.15:675][309]LogModuleManager: Shutting down and abandoning module Messaging (101)
[2017.08.28-13.30.15:675][309]LogModuleManager: Shutting down and abandoning module IOSTargetPlatform (99)
[2017.08.28-13.30.15:675][309]LogModuleManager: Shutting down and abandoning module HTML5TargetPlatform (97)
[2017.08.28-13.30.15:675][309]LogModuleManager: Shutting down and abandoning module Android_PVRTCTargetPlatform (95)
[2017.08.28-13.30.15:675][309]LogModuleManager: Shutting down and abandoning module Android_MultiTargetPlatform (93)
[2017.08.28-13.30.15:675][309]LogModuleManager: Shutting down and abandoning module Android_ETC2TargetPlatform (91)
[2017.08.28-13.30.15:675][309]LogModuleManager: Shutting down and abandoning module Android_ETC1TargetPlatform (89)
[2017.08.28-13.30.15:675][309]LogModuleManager: Shutting down and abandoning module Android_DXTTargetPlatform (87)
[2017.08.28-13.30.15:675][309]LogModuleManager: Shutting down and abandoning module Android_ATCTargetPlatform (85)
[2017.08.28-13.30.15:675][309]LogModuleManager: Shutting down and abandoning module Android_ASTCTargetPlatform (83)
[2017.08.28-13.30.15:675][309]LogModuleManager: Shutting down and abandoning module AndroidTargetPlatform (81)
[2017.08.28-13.30.15:675][309]LogModuleManager: Shutting down and abandoning module WindowsTargetPlatform (79)
[2017.08.28-13.30.15:675][309]LogModuleManager: Shutting down and abandoning module WindowsServerTargetPlatform (77)
[2017.08.28-13.30.15:676][309]LogModuleManager: Shutting down and abandoning module WindowsNoEditorTargetPlatform (75)
[2017.08.28-13.30.15:676][309]LogModuleManager: Shutting down and abandoning module WindowsClientTargetPlatform (73)
[2017.08.28-13.30.15:676][309]LogModuleManager: Shutting down and abandoning module MacTargetPlatform (71)
[2017.08.28-13.30.15:676][309]LogModuleManager: Shutting down and abandoning module MacServerTargetPlatform (69)
[2017.08.28-13.30.15:676][309]LogModuleManager: Shutting down and abandoning module MacNoEditorTargetPlatform (67)
[2017.08.28-13.30.15:676][309]LogModuleManager: Shutting down and abandoning module MacClientTargetPlatform (65)
[2017.08.28-13.30.15:676][309]LogModuleManager: Shutting down and abandoning module AllDesktopTargetPlatform (63)
[2017.08.28-13.30.15:676][309]LogModuleManager: Shutting down and abandoning module InputCore (60)
[2017.08.28-13.30.15:676][309]LogModuleManager: Shutting down and abandoning module Settings (58)
[2017.08.28-13.30.15:676][309]LogModuleManager: Shutting down and abandoning module OculusRift (56)
[2017.08.28-13.30.15:676][309]LogModuleManager: Shutting down and abandoning module GearVRController (54)
[2017.08.28-13.30.15:676][309]LogModuleManager: Shutting down and abandoning module GearVR (52)
[2017.08.28-13.30.15:676][309]LogModuleManager: Shutting down and abandoning module ExampleDeviceProfileSelector (50)
[2017.08.28-13.30.15:676][309]LogModuleManager: Shutting down and abandoning module OnlineBlueprintSupport (48)
[2017.08.28-13.30.15:676][309]LogModuleManager: Shutting down and abandoning module OnlineSubsystem (44)
[2017.08.28-13.30.15:676][309]LogOnline:Display: Unloading online subsystem: NULL
[2017.08.28-13.30.15:676][309]LogModuleManager: Shutting down and abandoning module XMPP (43)
[2017.08.28-13.30.15:676][309]LogModuleManager: Shutting down and abandoning module HTTP (41)
[2017.08.28-13.30.15:676][309]LogHttp:Display: Http module shutting down, but needs to wait on 1 outstanding Http requests:
[2017.08.28-13.30.15:676][309]LogHttp:Display: 	verb=[POST] url=[https://datarouter.ol.epicgames.com/datarouter/api/v1/public/data?SessionID=%7B74309AD8-454F-7B56-12BC-30B404A1DC51%7D&AppID=UEEditor.Rocket.Release&AppVersion=4.16.3-3561208%2B%2B%2BUE4%2BRelease-4.16&UserID=c19455da4e9942465a9434b53fdba419%7Cd8e1cdd51d1c479f8a85754926729c65%7C107367ae-b7ca-4457-9e4d-cb26e87773d6&AppEnvironment=datacollector-binary&UploadType=eteventstream] status=Processing
[2017.08.28-13.30.15:699][309]LogModuleManager: Shutting down and abandoning module SSL (40)
[2017.08.28-13.30.15:701][309]LogModuleManager: Shutting down and abandoning module HTTPChunkInstaller (36)
[2017.08.28-13.30.15:701][309]LogModuleManager: Shutting down and abandoning module AnimationModifiers (34)
[2017.08.28-13.30.15:701][309]LogModuleManager: Shutting down and abandoning module PropertyEditor (33)
[2017.08.28-13.30.15:701][309]LogModuleManager: Shutting down and abandoning module AudioEditor (30)
[2017.08.28-13.30.15:701][309]LogModuleManager: Shutting down and abandoning module TextureCompressor (28)
[2017.08.28-13.30.15:702][309]LogModuleManager: Shutting down and abandoning module ShaderCore (26)
[2017.08.28-13.30.15:702][309]LogModuleManager: Shutting down and abandoning module Landscape (24)
[2017.08.28-13.30.15:702][309]LogModuleManager: Shutting down and abandoning module SlateRHIRenderer (22)
[2017.08.28-13.30.15:706][309]LogModuleManager: Shutting down and abandoning module OpenGLDrv (20)
[2017.08.28-13.30.15:706][309]LogModuleManager: Shutting down and abandoning module D3D11RHI (18)
[2017.08.28-13.30.15:706][309]LogModuleManager: Shutting down and abandoning module AnimGraphRuntime (16)
[2017.08.28-13.30.15:706][309]LogModuleManager: Shutting down and abandoning module Renderer (14)
[2017.08.28-13.30.15:706][309]LogModuleManager: Shutting down and abandoning module Engine (12)
[2017.08.28-13.30.15:706][309]LogModuleManager: Shutting down and abandoning module CoreUObject (10)
[2017.08.28-13.30.15:706][309]LogModuleManager: Shutting down and abandoning module NetworkFile (8)
[2017.08.28-13.30.15:706][309]LogModuleManager: Shutting down and abandoning module StreamingFile (6)
[2017.08.28-13.30.15:706][309]LogModuleManager: Shutting down and abandoning module SandboxFile (4)
[2017.08.28-13.30.15:706][309]LogModuleManager: Shutting down and abandoning module PakFile (2)
[2017.08.28-13.30.15:709][309]LogExit: Exiting.
[2017.08.28-13.30.15:729][309]Log file closed, 08/28/17 09:30:15
