Log file open, 09/05/17 09:02:22
LogWindows: LoadLibraryWithSearchPaths failed for file aqProf.dll. GetLastError=0
LogWindows: LoadLibraryWithSearchPaths failed for file VSPerf140.dll. GetLastError=0
LogWindows: LoadLibraryWithSearchPaths failed for file VtuneApi.dll. GetLastError=0
LogWindows: LoadLibraryWithSearchPaths failed for file VtuneApi32e.dll. GetLastError=0
LogInit: Display: Running engine for game: SwordVR
LogPlatformFile: Not using cached read wrapper
LogInit: Display: RandInit(539142157) SRandInit(539142157).
LogTaskGraph: Started task graph with 5 named threads and 14 total threads with 3 sets of task threads.
LogStats: Stats thread started at 0.197462
LogD3D11RHI: Aftermath initialized
LogPluginManager: Mounting plugin Paper2D
LogPluginManager: Mounting plugin LightPropagationVolume
LogPluginManager: Mounting plugin CodeLiteSourceCodeAccess
LogPluginManager: Mounting plugin GitSourceControl
LogPluginManager: Mounting plugin KDevelopSourceCodeAccess
LogPluginManager: Mounting plugin NullSourceCodeAccess
LogPluginManager: Mounting plugin PerforceSourceControl
LogPluginManager: Mounting plugin SubversionSourceControl
LogPluginManager: Mounting plugin UObjectPlugin
LogPluginManager: Mounting plugin VisualStudioSourceCodeAccess
LogPluginManager: Mounting plugin XCodeSourceCodeAccess
LogPluginManager: Mounting plugin AssetManagerEditor
LogPluginManager: Mounting plugin AudioCapture
LogPluginManager: Mounting plugin FacialAnimation
LogPluginManager: Mounting plugin GameplayTagsEditor
LogPluginManager: Mounting plugin MobileLauncherProfileWizard
LogPluginManager: Mounting plugin PluginBrowser
LogPluginManager: Mounting plugin SpeedTreeImporter
LogPluginManager: Mounting plugin AlembicImporter
LogPluginManager: Mounting plugin CharacterAI
LogPluginManager: Mounting plugin HTML5Networking
LogPluginManager: Mounting plugin RunebergVRPlugin
LogPluginManager: Mounting plugin AndroidMedia
LogPluginManager: Mounting plugin AvfMedia
LogPluginManager: Mounting plugin MediaPlayerEditor
LogPluginManager: Mounting plugin WmfMedia
LogPluginManager: Mounting plugin TcpMessaging
LogPluginManager: Mounting plugin UdpMessaging
LogPluginManager: Mounting plugin LevelSequenceEditor
LogPluginManager: Mounting plugin MatineeToLevelSequence
LogPluginManager: Mounting plugin OnlineSubsystemGooglePlay
LogPluginManager: Mounting plugin OnlineSubsystemIOS
LogPluginManager: Mounting plugin OnlineSubsystem
LogPluginManager: Mounting plugin OnlineSubsystemNull
LogPluginManager: Mounting plugin OnlineSubsystemUtils
LogPluginManager: Mounting plugin AndroidDeviceProfileSelector
LogPluginManager: Mounting plugin AndroidMoviePlayer
LogPluginManager: Mounting plugin AndroidPermission
LogPluginManager: Mounting plugin AppleMoviePlayer
LogPluginManager: Mounting plugin ArchVisCharacter
LogPluginManager: Mounting plugin CableComponent
LogPluginManager: Mounting plugin CustomMeshComponent
LogPluginManager: Mounting plugin ExampleDeviceProfileSelector
LogPluginManager: Mounting plugin GoogleCloudMessaging
LogPluginManager: Mounting plugin ImmediatePhysics
LogPluginManager: Mounting plugin IOSDeviceProfileSelector
LogPluginManager: Mounting plugin LinuxDeviceProfileSelector
LogPluginManager: Mounting plugin LocationServicesBPLibrary
LogPluginManager: Mounting plugin MobilePatchingUtils
LogPluginManager: Mounting plugin OculusVR
LogPluginManager: Mounting plugin PhysXVehicles
LogPluginManager: Mounting plugin ProceduralMeshComponent
LogPluginManager: Mounting plugin RuntimePhysXCooking
LogPluginManager: Mounting plugin SoundVisualizations
LogPluginManager: Mounting plugin SteamVR
LogPluginManager: Mounting plugin WindowsMoviePlayer
LogInit: Using libcurl 7.47.1
LogInit:  - built for x86_64-pc-win32
LogInit:  - supports SSL with OpenSSL/1.0.2g
LogInit:  - supports HTTP deflate (compression) using libz 1.2.8
LogInit:  - other features:
LogInit:      CURL_VERSION_SSL
LogInit:      CURL_VERSION_LIBZ
LogInit:      CURL_VERSION_IPV6
LogInit:      CURL_VERSION_ASYNCHDNS
LogInit:      CURL_VERSION_LARGEFILE
LogInit:      CURL_VERSION_IDN
LogInit:  CurlRequestOptions (configurable via config and command line):
LogInit:  - bVerifyPeer = false  - Libcurl will NOT verify peer certificate
LogInit:  - bUseHttpProxy = false  - Libcurl will NOT use HTTP proxy
LogInit:  - bDontReuseConnections = false  - Libcurl will reuse connections
LogInit:  - CertBundlePath = nullptr  - Libcurl will use whatever was configured at build time.
LogInit: Build: ++UE4+Release-4.17-CL-3586342
LogInit: Engine Version: 4.17.1-3586342+++UE4+Release-4.17
LogInit: Compatible Engine Version: 4.17.0-3573198+++UE4+Release-4.17
LogInit: Net CL: 3573198
LogDevObjectVersion: Number of dev versions registered: 16
LogDevObjectVersion:   Dev-Blueprints (B0D832E4-1F89-4F0D-ACCF-7EB736FD4AA2): 10
LogDevObjectVersion:   Dev-Build (E1C64328-A22C-4D53-A36C-8E866417BD8C): 0
LogDevObjectVersion:   Dev-Core (375EC13C-06E4-48FB-B500-84F0262A717E): 2
LogDevObjectVersion:   Dev-Editor (E4B068ED-F494-42E9-A231-DA0B2E46BB41): 20
LogDevObjectVersion:   Dev-Framework (CFFC743F-43B0-4480-9391-14DF171D2073): 28
LogDevObjectVersion:   Dev-Mobile (B02B49B5-BB20-44E9-A304-32B752E40360): 0
LogDevObjectVersion:   Dev-Networking (A4E4105C-59A1-49B5-A7C5-40C4547EDFEE): 0
LogDevObjectVersion:   Dev-Online (39C831C9-5AE6-47DC-9A44-9C173E1C8E7C): 0
LogDevObjectVersion:   Dev-Physics (78F01B33-EBEA-4F98-B9B4-84EACCB95AA2): 0
LogDevObjectVersion:   Dev-Platform (6631380F-2D4D-43E0-8009-CF276956A95A): 0
LogDevObjectVersion:   Dev-Rendering (12F88B9F-8875-4AFC-A67C-D90C383ABD29): 19
LogDevObjectVersion:   Dev-Sequencer (7B5AE74C-D270-4C10-A958-57980B212A5A): 4
LogDevObjectVersion:   Dev-VR (D7296918-1DD6-4BDD-9DE2-64A83CC13884): 0
LogDevObjectVersion:   Dev-LoadTimes (C2A15278-BFE7-4AFE-6C17-90FF531DF755): 1
LogDevObjectVersion:   Private-Geometry (6EACA3D4-40EC-4CC1-B786-8BED09428FC5): 1
LogDevObjectVersion:   Dev-AnimPhys (29E575DD-E0A3-4627-9D10-D276232CDCEA): 7
LogInit: Compiled (64-bit): Aug 15 2017 02:05:26
LogInit: Compiled with Visual C++: 19.00.24215.01
LogInit: Build Configuration: Development
LogInit: Branch Name: ++UE4+Release-4.17
LogInit: Command line: -EpicPortal 
LogInit: Base directory: C:/Program Files/Epic Games/UE_4.17/Engine/Binaries/Win64/
LogInit: Installed Engine Build: 1
LogInit: Presizing for max 8388607 objects, including 0 objects not considered by GC, pre-allocating 0 bytes for permanent pool.
LogInit: Object subsystem initialized
[2017.09.05-13.02.23:175][  0]LogInit: Selected Device Profile: [Windows]
[2017.09.05-13.02.23:175][  0]LogInit: Applying CVar settings loaded from the selected device profile: [Windows]
[2017.09.05-13.02.23:193][  0]LogInit: Computer: DESKTOP-SIJTC7B
[2017.09.05-13.02.23:193][  0]LogInit: User: croch
[2017.09.05-13.02.23:193][  0]LogInit: CPU Page size=4096, Cores=4
[2017.09.05-13.02.23:193][  0]LogInit: High frequency timer resolution =2.533210 MHz
[2017.09.05-13.02.23:193][  0]LogMemory: Memory total: Physical=15.9GB (16GB approx)
[2017.09.05-13.02.23:193][  0]LogMemory: Platform Memory Stats for Windows
[2017.09.05-13.02.23:193][  0]LogMemory: Process Physical Memory: 278.66 MB used, 278.66 MB peak
[2017.09.05-13.02.23:193][  0]LogMemory: Process Virtual Memory: 274.50 MB used, 274.50 MB peak
[2017.09.05-13.02.23:193][  0]LogMemory: Physical Memory: 8015.88 MB used,  8291.15 MB free, 16307.03 MB total
[2017.09.05-13.02.23:193][  0]LogMemory: Virtual Memory: 707.16 MB used,  8291.15 MB free, 134217728.00 MB total
[2017.09.05-13.02.23:401][  0]LogInit: Using OS detected language (en-US).
[2017.09.05-13.02.23:401][  0]LogInit: Using OS detected locale (en-US).
[2017.09.05-13.02.23:404][  0]LogTextLocalizationManager: No specific localization for 'en-US' exists, so the 'en' localization will be used.
[2017.09.05-13.02.24:294][  0]LogD3D11RHI: D3D11 adapters:
[2017.09.05-13.02.24:965][  0]LogD3D11RHI:    0. 'NVIDIA GeForce GTX 970M' (Feature Level 11_0)
[2017.09.05-13.02.24:965][  0]LogD3D11RHI:       3040/0/8153 MB DedicatedVideo/DedicatedSystem/SharedSystem, Outputs:1, VendorId:0x10de
[2017.09.05-13.02.24:970][  0]LogD3D11RHI:    1. 'Intel(R) HD Graphics 4600' (Feature Level 11_0)
[2017.09.05-13.02.24:970][  0]LogD3D11RHI:       112/0/2048 MB DedicatedVideo/DedicatedSystem/SharedSystem, Outputs:0, VendorId:0x8086
[2017.09.05-13.02.24:973][  0]LogD3D11RHI:    2. 'Microsoft Basic Render Driver' (Feature Level 11_0)
[2017.09.05-13.02.24:973][  0]LogD3D11RHI:       0/0/8153 MB DedicatedVideo/DedicatedSystem/SharedSystem, Outputs:0, VendorId:0x1414
[2017.09.05-13.02.24:973][  0]LogD3D11RHI: Chosen D3D11 Adapter: 0
[2017.09.05-13.02.24:983][  0]LogD3D11RHI: Creating new Direct3DDevice
[2017.09.05-13.02.24:983][  0]LogD3D11RHI:     GPU DeviceId: 0x13d8 (for the marketing name, search the web for "GPU Device Id")
[2017.09.05-13.02.24:985][  0]LogWindows: EnumDisplayDevices:
[2017.09.05-13.02.24:985][  0]LogWindows:    0. 'Intel(R) HD Graphics 4600' (P:1 D:1)
[2017.09.05-13.02.24:985][  0]LogWindows:    1. 'Intel(R) HD Graphics 4600' (P:0 D:0)
[2017.09.05-13.02.24:985][  0]LogWindows:    2. 'Intel(R) HD Graphics 4600' (P:0 D:0)
[2017.09.05-13.02.24:985][  0]LogWindows: DebugString: GetVideoDriverDetailsInvalid PrimaryIsNotTheChoosenAdapter GetVideoDriverDetailsInvalid PrimaryIsNotTheChoosenAdapter GetVideoDriverDetailsInvalid PrimaryIsNotTheChoosenAdapter FoundDriverCount:0 
[2017.09.05-13.02.24:985][  0]LogD3D11RHI:     Adapter Name: NVIDIA GeForce GTX 970M
[2017.09.05-13.02.24:985][  0]LogD3D11RHI:   Driver Version: Unknown (internal:Unknown, unified:Unknown)
[2017.09.05-13.02.24:985][  0]LogD3D11RHI:      Driver Date: Unknown
[2017.09.05-13.02.24:985][  0]LogRHI: Texture pool is 1361 MB (70% of 1945 MB)
[2017.09.05-13.02.25:630][  0]LogD3D11RHI: Async texture creation enabled
[2017.09.05-13.02.25:668][  0]LogD3D11RHI: GPU Timing Frequency: 1000.000000 (Debug: 2 1)
[2017.09.05-13.02.25:669][  0]LogShaderCompilers: Guid format shader working directory is -17 characters bigger than the processId version (../../../../../../Users/croch/Documents/Unreal Projects/SwordVR/Intermediate/Shaders/WorkingDirectory/7620/).
[2017.09.05-13.02.25:669][  0]LogShaderCompilers: Cleaned the shader compiler working directory 'C:/Users/croch/AppData/Local/Temp/UnrealShaderWorkingDir/3D1F5BC6403519A73727EDB2084869C4/'.
[2017.09.05-13.02.25:669][  0]LogShaderCompilers: Display: Using Local Shader Compiler.
[2017.09.05-13.02.26:631][  0]LogTemp: Display: Loaded TP AllDesktopTargetPlatform
[2017.09.05-13.02.26:686][  0]LogTemp: Display: Loaded TP MacClientTargetPlatform
[2017.09.05-13.02.26:740][  0]LogTemp: Display: Loaded TP MacNoEditorTargetPlatform
[2017.09.05-13.02.26:796][  0]LogTemp: Display: Loaded TP MacServerTargetPlatform
[2017.09.05-13.02.26:851][  0]LogTemp: Display: Loaded TP MacTargetPlatform
[2017.09.05-13.02.26:908][  0]LogTemp: Display: Loaded TP WindowsClientTargetPlatform
[2017.09.05-13.02.26:964][  0]LogTemp: Display: Loaded TP WindowsNoEditorTargetPlatform
[2017.09.05-13.02.27:021][  0]LogTemp: Display: Loaded TP WindowsServerTargetPlatform
[2017.09.05-13.02.27:067][  0]LogTemp: Display: Loaded TP WindowsTargetPlatform
[2017.09.05-13.02.27:125][  0]LogTemp: Display: Loaded TP AndroidTargetPlatform
[2017.09.05-13.02.27:181][  0]LogTemp: Display: Loaded TP Android_ASTCTargetPlatform
[2017.09.05-13.02.27:239][  0]LogTemp: Display: Loaded TP Android_ATCTargetPlatform
[2017.09.05-13.02.27:296][  0]LogTemp: Display: Loaded TP Android_DXTTargetPlatform
[2017.09.05-13.02.27:353][  0]LogTemp: Display: Loaded TP Android_ETC1TargetPlatform
[2017.09.05-13.02.27:408][  0]LogTemp: Display: Loaded TP Android_ETC2TargetPlatform
[2017.09.05-13.02.27:521][  0]LogTemp: Display: Loaded TP Android_MultiTargetPlatform
[2017.09.05-13.02.27:521][  0]LogTemp: Display: Loaded TP Android_PVRTCTargetPlatform
[2017.09.05-13.02.27:561][  0]LogTemp: Display: Loaded TP HTML5TargetPlatform
[2017.09.05-13.02.27:670][  0]LogTemp: Display: Loaded TP IOSTargetPlatform
[2017.09.05-13.02.27:702][  0]LogTemp: Display: Loaded TP TVOSTargetPlatform
[2017.09.05-13.02.27:753][  0]LogTemp: Display: Loaded TP LinuxClientTargetPlatform
[2017.09.05-13.02.27:808][  0]LogTemp: Display: Loaded TP LinuxNoEditorTargetPlatform
[2017.09.05-13.02.27:862][  0]LogTemp: Display: Loaded TP LinuxServerTargetPlatform
[2017.09.05-13.02.27:915][  0]LogTemp: Display: Loaded TP LinuxTargetPlatform
[2017.09.05-13.02.27:916][  0]LogTargetPlatformManager: Display: Building Assets For Windows
[2017.09.05-13.02.28:502][  0]LogDerivedDataCache: Display: Max Cache Size: 512 MB
[2017.09.05-13.02.28:602][  0]LogDerivedDataCache: Loaded boot cache 0.10s 93MB C:/Users/croch/AppData/Local/UnrealEngine/4.17/DerivedDataCache/Boot.ddc.
[2017.09.05-13.02.28:602][  0]LogDerivedDataCache: Display: Loaded Boot cache: C:/Users/croch/AppData/Local/UnrealEngine/4.17/DerivedDataCache/Boot.ddc
[2017.09.05-13.02.28:602][  0]LogDerivedDataCache: FDerivedDataBackendGraph:  Pak pak cache file ../../../../../../Users/croch/Documents/Unreal Projects/SwordVR/DerivedDataCache/DDC.ddp not found, will not use a pak cache.
[2017.09.05-13.02.28:602][  0]LogDerivedDataCache: Unable to find inner node Pak for hierarchical cache Hierarchy.
[2017.09.05-13.02.28:602][  0]LogDerivedDataCache: FDerivedDataBackendGraph:  CompressedPak pak cache file ../../../../../../Users/croch/Documents/Unreal Projects/SwordVR/DerivedDataCache/Compressed.ddp not found, will not use a pak cache.
[2017.09.05-13.02.28:602][  0]LogDerivedDataCache: Unable to find inner node CompressedPak for hierarchical cache Hierarchy.
[2017.09.05-13.02.28:623][  0]LogDerivedDataCache: Display: Pak cache opened for reading ../../../Engine/DerivedDataCache/Compressed.ddp.
[2017.09.05-13.02.28:636][  0]LogDerivedDataCache: Using Local data cache path C:/Users/croch/AppData/Local/UnrealEngine/Common/DerivedDataCache: Writable
[2017.09.05-13.02.28:646][  0]LogMaterial: Verifying Global Shaders for PCD3D_SM5
[2017.09.05-13.02.28:647][  0]LogSlate: Using Freetype 2.6.0
[2017.09.05-13.02.28:666][  0]LogSlate: SlateFontCache - WITH_FREETYPE: 1, WITH_HARFBUZZ: 1
[2017.09.05-13.02.28:666][  0]LogSlate: SlateFontCache - WITH_FREETYPE: 1, WITH_HARFBUZZ: 1
[2017.09.05-13.02.29:743][  0]LogAssetRegistry: FAssetRegistry took 0.0350 seconds to start up
[2017.09.05-13.02.29:884][  0]LogInit: Selected Device Profile: [Windows]
[2017.09.05-13.02.30:204][  0]LogContentStreaming: Texture pool size is 0.00 MB
[2017.09.05-13.02.30:551][  0]LogSimplygon: Simplygon DLL not present - disabling.
[2017.09.05-13.02.30:595][  0]LogMeshReduction: Using SimplygonSwarm for distributed automatic mesh merging
[2017.09.05-13.02.30:595][  0]LogMeshReduction: Using QuadricMeshReduction for automatic static mesh reduction
[2017.09.05-13.02.30:595][  0]LogMeshReduction: No automatic skeletal mesh reduction module available
[2017.09.05-13.02.30:595][  0]LogMeshReduction: No automatic mesh merging module available
[2017.09.05-13.02.30:595][  0]LogMeshMerging: No automatic mesh merging module available
[2017.09.05-13.02.31:243][  0]LogNetVersion: SwordVR , NetCL: 3573198, EngineNetVer: 2, GameNetVer: 0 (Checksum: 2726716735)
[2017.09.05-13.02.31:701][  0]LogPackageLocalizationCache: Processed 6 localized package path(s) for 2 prioritized culture(s) in 0.082006 seconds
[2017.09.05-13.02.31:708][  0]LogUObjectArray: 35825 objects as part of root set at end of initial load.
[2017.09.05-13.02.31:708][  0]LogUObjectAllocator: 7529112 out of 0 bytes used by permanent object pool.
[2017.09.05-13.02.31:708][  0]LogUObjectArray: CloseDisregardForGC: 0/0 objects in disregard for GC pool
[2017.09.05-13.02.31:778][  0]LogInit: WinSock: version 1.1 (2.2), MaxSocks=32767, MaxUdp=65467
[2017.09.05-13.02.36:748][  0]LogTcpMessaging: Initializing TcpMessaging bridge
[2017.09.05-13.02.36:788][  0]LogUdpMessaging: Initializing bridge on interface 0.0.0.0:0 to multicast group 230.0.0.1:6666.
[2017.09.05-13.02.37:568][  0]LogMaterial: Uniform references updated for custom material expression Custom.
[2017.09.05-13.02.38:371][  0]SourceControl: Source control is disabled
[2017.09.05-13.02.38:371][  0]SourceControl: Source control is disabled
[2017.09.05-13.02.38:422][  0]SourceControl: Source control is disabled
[2017.09.05-13.02.38:473][  0]SourceControl: Source control is disabled
[2017.09.05-13.02.39:225][  0]LogAndroidPermission: UAndroidPermissionCallbackProxy::GetInstance
[2017.09.05-13.02.39:529][  0]LogOcInput: OculusInput pre-init called
[2017.09.05-13.02.39:891][  0]LogEngine: Initializing Engine...
[2017.09.05-13.02.39:893][  0]LogHMD: Failed to initialize OpenVR with code 110
[2017.09.05-13.02.40:313][  0]LogStats: UGameplayTagsManager::ConstructGameplayTagTree: Construct from data asset -  0.000 s
[2017.09.05-13.02.40:313][  0]LogStats: UGameplayTagsManager::ConstructGameplayTagTree: GameplayTagTreeChangedEvent.Broadcast -  0.000 s
[2017.09.05-13.02.40:455][  0]LogAIModule: Creating AISystem for world Untitled
[2017.09.05-13.02.40:461][  0]LogInit: XAudio2 using 'Speakers (High Definition Audio Device)' : 2 channels at 48 kHz using 16 bits per sample (channel mask 0x3)
[2017.09.05-13.02.40:476][  0]LogInit: FAudioDevice initialized.
[2017.09.05-13.02.40:711][  0]LogDerivedDataCache: Saved boot cache 0.23s 93MB C:/Users/croch/AppData/Local/UnrealEngine/4.17/DerivedDataCache/Boot.ddc.
[2017.09.05-13.02.40:721][  0]LogInit: Texture streaming: Enabled
[2017.09.05-13.02.40:857][  0]LogEngineSessionManager: EngineSessionManager initialized
[2017.09.05-13.02.41:181][  0]LogInit: Transaction tracking system initialized
[2017.09.05-13.02.41:582][  0]BlueprintLog: New page: Editor Load
[2017.09.05-13.02.42:701][  0]LocalizationService: Localization service is disabled
[2017.09.05-13.02.43:618][  0]LogConsoleResponse: Display: 
[2017.09.05-13.02.44:089][  0]LogCook: Display: Max memory allowance for cook 16384mb min free memory 0mb
[2017.09.05-13.02.44:089][  0]LogCook: Display: Mobile HDR setting 1
[2017.09.05-13.02.44:089][  0]LogGameplayTags: Display: UGameplayTagsManager::DoneAddingNativeTags. DelegateIsBound: 0
[2017.09.05-13.02.44:712][  0]LogFileCache: Scanning file cache for directory 'C:/Users/croch/Documents/Unreal Projects/SwordVR/Content/' took 0.02s
[2017.09.05-13.02.45:408][  0]SourceControl: Source control is disabled
[2017.09.05-13.02.45:408][  0]Cmd: MAP LOAD FILE="../../../Engine/Content/Maps/Templates/Template_Default.umap" TEMPLATE=1 SHOWPROGRESS=1 FEATURELEVEL=3
[2017.09.05-13.02.45:412][  0]LightingResults: New page: Lighting Build
[2017.09.05-13.02.45:461][  0]MapCheck: New page: Map Check
[2017.09.05-13.02.45:461][  0]LightingResults: New page: Lighting Build
[2017.09.05-13.02.45:733][  0]LogAIModule: Creating AISystem for world Untitled_1
[2017.09.05-13.02.45:744][  0]LogEditorServer: Finished looking for orphan Actors (0.000 secs)
[2017.09.05-13.02.45:759][  0]Cmd: MAP CHECKDEP NOCLEARLOG
[2017.09.05-13.02.45:825][  0]MapCheck: Map check complete: 0 Error(s), 0 Warning(s), took 65.505ms to complete.
[2017.09.05-13.02.45:825][  0]LogFileHelpers: Loading map 'Template_Default' took 0.417
[2017.09.05-13.02.45:895][  0]LogWindowsTextInputMethodSystem: Display: IME system now deactivated.
[2017.09.05-13.02.45:895][  0]LogWindowsTextInputMethodSystem: Display: IME system now deactivated.
[2017.09.05-13.02.46:064][  0]LogCollectionManager: Loaded 0 collections in 0.001480 seconds
[2017.09.05-13.02.46:167][  0]LogFileCache: Scanning file cache for directory 'C:/Users/croch/Documents/Unreal Projects/SwordVR/Saved/Collections/' took 0.01s
[2017.09.05-13.02.46:168][  0]LogFileCache: Scanning file cache for directory 'C:/Users/croch/Documents/Unreal Projects/SwordVR/Content/Developers/croch/Collections/' took 0.01s
[2017.09.05-13.02.46:168][  0]LogFileCache: Scanning file cache for directory 'C:/Users/croch/Documents/Unreal Projects/SwordVR/Content/Collections/' took 0.01s
[2017.09.05-13.02.46:168][  0]LogCollectionManager: Rebuilt the GUID cache for 0 collections in 0.000001 seconds
[2017.09.05-13.02.46:180][  0]LogContentBrowser: Native class hierarchy populated in 0.0110 seconds. Added 2398 classes and 506 folders.
[2017.09.05-13.02.46:283][  0]LogContentBrowser: Native class hierarchy updated for 'WidgetCarousel' in 0.0008 seconds. Added 0 classes and 0 folders.
[2017.09.05-13.02.46:776][  0]LogContentBrowser: Native class hierarchy updated for 'AddContentDialog' in 0.0006 seconds. Added 0 classes and 0 folders.
[2017.09.05-13.02.46:843][  0]LogContentBrowser: Native class hierarchy updated for 'SceneOutliner' in 0.0006 seconds. Added 1 classes and 2 folders.
[2017.09.05-13.02.46:928][  0]LogSlate: Took 0.006247 seconds to synchronously load lazily loaded font '../../../Engine/Content/Slate/Fonts/Roboto-Regular.ttf' (155K)
[2017.09.05-13.02.46:943][  0]LogSlate: Took 0.010940 seconds to synchronously load lazily loaded font '../../../Engine/Content/Slate/Fonts/Roboto-Bold.ttf' (160K)
[2017.09.05-13.02.46:957][  0]LogSlate: Took 0.005066 seconds to synchronously load lazily loaded font '../../../Engine/Content/Editor/Slate/Fonts/FontAwesome.ttf' (139K)
[2017.09.05-13.02.47:150][  0]LogRenderer: Reallocating scene render targets to support 804x340 Format 10 NumSamples 1 (Frame:1).
[2017.09.05-13.02.47:372][  0]LogContentBrowser: Native class hierarchy updated for 'HierarchicalLODOutliner' in 0.0010 seconds. Added 1 classes and 2 folders.
[2017.09.05-13.02.47:372][  0]LogLoad: (Engine Initialization) Total time: 27.50 seconds
[2017.09.05-13.02.47:372][  0]LogLoad: (Engine Initialization) Total Blueprint compile time: 0.00 seconds
[2017.09.05-13.02.47:372][  0]LogExternalProfiler: No external profilers were discovered.  External profiling features will not be available.
[2017.09.05-13.02.47:404][  0]LogContentStreaming: Texture pool size now 1000 MB
[2017.09.05-13.02.47:508][  1]LogAssetRegistry: Asset discovery search completed in 17.7870 seconds
[2017.09.05-13.02.47:510][  1]LogCollectionManager: Rebuilt the object cache for 0 collections in 0.000001 seconds (found 0 objects)
[2017.09.05-13.02.47:510][  1]LogCollectionManager: Fixed up redirectors for 0 collections in 0.000064 seconds (updated 0 objects)
[2017.09.05-13.02.51:651][334]LogSlate: Took 0.004851 seconds to synchronously load lazily loaded font '../../../Engine/Content/Slate/Fonts/Roboto-Light.ttf' (159K)
[2017.09.05-13.04.05:199][919]LogSlate: Took 0.000143 seconds to synchronously load lazily loaded font '../../../Engine/Content/Slate/Fonts/Roboto-Light.ttf' (159K)
[2017.09.05-13.04.05:614][919]LogContentBrowser: Native class hierarchy updated for 'BlueprintGraph' in 0.0010 seconds. Added 113 classes and 0 folders.
[2017.09.05-13.04.06:284][919]LogSlate: Took 0.000143 seconds to synchronously load lazily loaded font '../../../Engine/Content/Slate/Fonts/Roboto-Regular.ttf' (155K)
[2017.09.05-13.04.06:400][919]LogSlate: Took 0.003916 seconds to synchronously load lazily loaded font '../../../Engine/Content/Editor/Slate/Fonts/Roboto-BoldCondensed.ttf' (158K)
[2017.09.05-13.04.46:579][332]LogSlate: Took 0.004196 seconds to synchronously load lazily loaded font '../../../Engine/Content/Editor/Slate/Fonts/Roboto-Italic.ttf' (157K)
[2017.09.05-13.08.38:757][363]BlueprintLog: New page: Compile Weapon_BP
[2017.09.05-13.12.38:865][514]LogSlate: Took 0.000225 seconds to synchronously load lazily loaded font '../../../Engine/Content/Slate/Fonts/Roboto-Light.ttf' (159K)
[2017.09.05-13.12.47:920][541]LogFileHelpers: Editor autosave (incl. sublevels) for '/Temp/Untitled_1' took 0.022
[2017.09.05-13.12.47:924][541]OBJ SavePackage: Generating thumbnails for [0] asset(s) in package [/Game/Weapons/Weapon_BP] ([1] browsable assets)...
[2017.09.05-13.12.47:924][541]OBJ SavePackage: Finished generating thumbnails for package [/Game/Weapons/Weapon_BP]
[2017.09.05-13.12.47:980][541]LogSavePackage: Save=24.34ms
[2017.09.05-13.12.47:980][541]LogSavePackage: Moving '../../../../../../Users/croch/Documents/Unreal Projects/SwordVR/Saved/Weapon_BP_Auto10FBD8B7B4C8111D333CF38BC641E20BF.tmp' to '../../../../../../Users/croch/Documents/Unreal Projects/SwordVR/Saved/Autosaves/Game/Weapons/Weapon_BP_Auto1.uasset'
[2017.09.05-13.12.47:981][541]LogSavePackage: Display: Finished SavePackage ../../../../../../Users/croch/Documents/Unreal Projects/SwordVR/Saved/Autosaves/Game/Weapons/Weapon_BP_Auto1.uasset
[2017.09.05-13.12.47:982][541]LogFileHelpers: Auto-saving content packages took 0.061
[2017.09.05-13.12.55:192][732]BlueprintLog: New page: Compile Weapon_BP
[2017.09.05-13.14.36:725][853]BlueprintLog: New page: Compile Weapon_BP
[2017.09.05-13.15.19:922][293]LogSlate: Took 0.004152 seconds to synchronously load lazily loaded font '../../../Engine/Content/Editor/Slate/Fonts/Roboto-BoldCondensedItalic.ttf' (160K)
[2017.09.05-13.15.33:297][703]BlueprintLog: New page: Compile Weapon_BP
[2017.09.05-13.17.53:661][254]BlueprintLog: New page: Compile Weapon_BP
[2017.09.05-13.21.16:633][558]BlueprintLog: New page: Compile Weapon_BP
[2017.09.05-13.22.34:130][180]Cmd: OBJ SAVEPACKAGE PACKAGE="/Game/Weapons/Weapon_BP" FILE="../../../../../../Users/croch/Documents/Unreal Projects/SwordVR/Content/Weapons/Weapon_BP.uasset" SILENT=true
[2017.09.05-13.22.34:168][180]LogSavePackage: Save=22.89ms
[2017.09.05-13.22.34:168][180]LogSavePackage: Moving '../../../../../../Users/croch/Documents/Unreal Projects/SwordVR/Saved/Weapon_BPC6124AAA4327E310B0B8CF8FD9546A99.tmp' to '../../../../../../Users/croch/Documents/Unreal Projects/SwordVR/Content/Weapons/Weapon_BP.uasset'
[2017.09.05-13.22.34:174][180]LogSavePackage: Display: Finished SavePackage ../../../../../../Users/croch/Documents/Unreal Projects/SwordVR/Content/Weapons/Weapon_BP.uasset
[2017.09.05-13.23.10:523][464]LogRenderer: Reallocating scene render targets to support 804x408 Format 10 NumSamples 1 (Frame:1).
[2017.09.05-13.24.34:914][332]BlueprintLog: New page: Compile GunSword_Left
[2017.09.05-13.25.02:915][283]BlueprintLog: New page: Compile GunSword_Left
[2017.09.05-13.25.03:595][336]Cmd: OBJ SAVEPACKAGE PACKAGE="/Game/Weapons/GunSword_Left" FILE="../../../../../../Users/croch/Documents/Unreal Projects/SwordVR/Content/Weapons/GunSword_Left.uasset" SILENT=true
[2017.09.05-13.25.03:622][336]LogSavePackage: Save=24.00ms
[2017.09.05-13.25.03:622][336]LogSavePackage: Moving '../../../../../../Users/croch/Documents/Unreal Projects/SwordVR/Saved/GunSword_LeftD875FB864CF92581390CB88A714995B3.tmp' to '../../../../../../Users/croch/Documents/Unreal Projects/SwordVR/Content/Weapons/GunSword_Left.uasset'
[2017.09.05-13.25.03:625][336]LogSavePackage: Display: Finished SavePackage ../../../../../../Users/croch/Documents/Unreal Projects/SwordVR/Content/Weapons/GunSword_Left.uasset
[2017.09.05-13.25.30:300][757]LogFileHelpers: Editor autosave (incl. sublevels) for '/Temp/Untitled_1' took 0.017
[2017.09.05-13.25.30:302][757]OBJ SavePackage: Generating thumbnails for [0] asset(s) in package [/Game/Weapons/GunSword_Right] ([1] browsable assets)...
[2017.09.05-13.25.30:302][757]OBJ SavePackage: Finished generating thumbnails for package [/Game/Weapons/GunSword_Right]
[2017.09.05-13.25.30:322][757]LogSavePackage: Save=17.97ms
[2017.09.05-13.25.30:322][757]LogSavePackage: Moving '../../../../../../Users/croch/Documents/Unreal Projects/SwordVR/Saved/GunSword_Right_Auto284C95FCF420C56908243AF89AEFC7B37.tmp' to '../../../../../../Users/croch/Documents/Unreal Projects/SwordVR/Saved/Autosaves/Game/Weapons/GunSword_Right_Auto2.uasset'
[2017.09.05-13.25.30:323][757]LogSavePackage: Display: Finished SavePackage ../../../../../../Users/croch/Documents/Unreal Projects/SwordVR/Saved/Autosaves/Game/Weapons/GunSword_Right_Auto2.uasset
[2017.09.05-13.25.30:323][757]LogFileHelpers: Auto-saving content packages took 0.022
[2017.09.05-13.25.46:470][100]Cmd: OBJ SAVEPACKAGE PACKAGE="/Game/Weapons/GunSword_Left" FILE="../../../../../../Users/croch/Documents/Unreal Projects/SwordVR/Content/Weapons/GunSword_Left.uasset" SILENT=true
[2017.09.05-13.25.46:507][100]LogSavePackage: Save=20.78ms
[2017.09.05-13.25.46:507][100]LogSavePackage: Moving '../../../../../../Users/croch/Documents/Unreal Projects/SwordVR/Saved/GunSword_LeftD1F8154749F005FBB328B9A07778EE80.tmp' to '../../../../../../Users/croch/Documents/Unreal Projects/SwordVR/Content/Weapons/GunSword_Left.uasset'
[2017.09.05-13.25.46:510][100]LogSavePackage: Display: Finished SavePackage ../../../../../../Users/croch/Documents/Unreal Projects/SwordVR/Content/Weapons/GunSword_Left.uasset
[2017.09.05-13.26.11:609][292]BlueprintLog: New page: Compile GunSword_Right
[2017.09.05-13.26.12:100][326]Cmd: OBJ SAVEPACKAGE PACKAGE="/Game/Weapons/GunSword_Right" FILE="../../../../../../Users/croch/Documents/Unreal Projects/SwordVR/Content/Weapons/GunSword_Right.uasset" SILENT=true
[2017.09.05-13.26.12:124][326]LogSavePackage: Save=21.12ms
[2017.09.05-13.26.12:124][326]LogSavePackage: Moving '../../../../../../Users/croch/Documents/Unreal Projects/SwordVR/Saved/GunSword_Right0AE1EB4041AA100A10ED048D23608FC3.tmp' to '../../../../../../Users/croch/Documents/Unreal Projects/SwordVR/Content/Weapons/GunSword_Right.uasset'
[2017.09.05-13.26.12:129][326]LogSavePackage: Display: Finished SavePackage ../../../../../../Users/croch/Documents/Unreal Projects/SwordVR/Content/Weapons/GunSword_Right.uasset
[2017.09.05-13.36.19:928][624]LogFileHelpers: Editor autosave (incl. sublevels) for '/Temp/Untitled_1' took 0.020
[2017.09.05-13.36.19:930][624]OBJ SavePackage: Generating thumbnails for [0] asset(s) in package [/Game/Weapons/Weapon_BP] ([1] browsable assets)...
[2017.09.05-13.36.19:930][624]OBJ SavePackage: Finished generating thumbnails for package [/Game/Weapons/Weapon_BP]
[2017.09.05-13.36.19:978][624]LogSavePackage: Save=29.50ms
[2017.09.05-13.36.19:978][624]LogSavePackage: Moving '../../../../../../Users/croch/Documents/Unreal Projects/SwordVR/Saved/Weapon_BP_Auto3CEC84FEE408B790C19FD2F811B28C09C.tmp' to '../../../../../../Users/croch/Documents/Unreal Projects/SwordVR/Saved/Autosaves/Game/Weapons/Weapon_BP_Auto3.uasset'
[2017.09.05-13.36.19:980][624]LogSavePackage: Display: Finished SavePackage ../../../../../../Users/croch/Documents/Unreal Projects/SwordVR/Saved/Autosaves/Game/Weapons/Weapon_BP_Auto3.uasset
[2017.09.05-13.36.19:980][624]LogFileHelpers: Auto-saving content packages took 0.051
[2017.09.05-13.37.30:124][685]BlueprintLog: New page: Compile Weapon_BP
[2017.09.05-13.40.49:965][297]BlueprintLog: New page: Compile Weapon_BP
[2017.09.05-13.42.53:351][741]Cmd: OBJ SAVEPACKAGE PACKAGE="/Game/Weapons/Weapon_BP" FILE="../../../../../../Users/croch/Documents/Unreal Projects/SwordVR/Content/Weapons/Weapon_BP.uasset" SILENT=true
[2017.09.05-13.42.53:404][741]LogSavePackage: Save=33.34ms
[2017.09.05-13.42.53:404][741]LogSavePackage: Moving '../../../../../../Users/croch/Documents/Unreal Projects/SwordVR/Saved/Weapon_BP30E13C47405EE47E7C4047AFD34F37CE.tmp' to '../../../../../../Users/croch/Documents/Unreal Projects/SwordVR/Content/Weapons/Weapon_BP.uasset'
[2017.09.05-13.42.53:407][741]LogSavePackage: Display: Finished SavePackage ../../../../../../Users/croch/Documents/Unreal Projects/SwordVR/Content/Weapons/Weapon_BP.uasset
[2017.09.05-13.43.55:681][189]LogContentBrowser: Native class hierarchy updated for 'MaterialEditor' in 0.0007 seconds. Added 1 classes and 0 folders.
[2017.09.05-13.43.55:684][189]LogMaterial: Missing cached shader map for material GunBeam, compiling. 
[2017.09.05-13.43.55:762][189]LogMaterial: Missing cached shader map for material GunBeam, compiling. 
[2017.09.05-13.43.55:775][189]LogMaterial: Missing cached shader map for material GunBeam, compiling. 
[2017.09.05-13.43.57:956][305]MaterialEditorStats: Base pass shader: 78 instructions
[2017.09.05-13.43.57:956][305]MaterialEditorStats: Vertex shader: 29 instructions
[2017.09.05-13.43.57:957][305]MaterialEditorStats: Texture samplers: 1/16
[2017.09.05-13.44.02:125][721]LogMaterial: Missing cached shader map for material GunBeam, compiling. 
[2017.09.05-13.44.02:155][721]LogMaterial: Missing cached shader map for material GunBeam, compiling. 
[2017.09.05-13.44.04:000][823]LogMaterial: Missing cached shader map for material GunBeam, compiling. 
[2017.09.05-13.44.04:025][823]LogMaterial: Missing cached shader map for material GunBeam, compiling. 
[2017.09.05-13.44.05:512][935]MaterialEditorStats: Base pass shader without light map: 24 instructions
[2017.09.05-13.44.05:512][935]MaterialEditorStats: Vertex shader: 122 instructions
[2017.09.05-13.44.05:512][935]MaterialEditorStats: Texture samplers: 3/16
[2017.09.05-13.44.09:226][305]LogMaterial: Missing cached shader map for material GunBeam, compiling. 
[2017.09.05-13.44.10:120][362]MaterialEditorStats: Base pass shader without light map: 24 instructions
[2017.09.05-13.44.10:120][362]MaterialEditorStats: Vertex shader: 122 instructions
[2017.09.05-13.44.10:120][362]MaterialEditorStats: Texture samplers: 3/16
[2017.09.05-13.44.12:377][583]LogMaterial: Missing cached shader map for material FMatExpressionPreview MaterialExpressionTextureCoordinate_0, compiling. 
[2017.09.05-13.44.45:808][905]LogMaterialEditor: Saving and Compiling material GunBeam
[2017.09.05-13.44.47:019][905]LogMaterial: Missing cached shader map for material GunBeam, compiling. 
[2017.09.05-13.44.47:061][905]LogMaterial: Missing cached shader map for material GunBeam, compiling. 
[2017.09.05-13.44.47:076][905]LogMaterial: Missing cached shader map for material GunBeam, compiling. 
[2017.09.05-13.44.47:125][905]LogMaterial: Missing cached shader map for material FDebugViewModeMaterialProxy GunBeam, compiling. 
[2017.09.05-13.44.47:791][905]TextureStreamingBuild: Display: Compiling optional shaders took 0.674 seconds.
[2017.09.05-13.44.49:156][905]Cmd: OBJ SAVEPACKAGE PACKAGE="/Game/Assets/Materials/GunBeam" FILE="../../../../../../Users/croch/Documents/Unreal Projects/SwordVR/Content/Assets/Materials/GunBeam.uasset" SILENT=true
[2017.09.05-13.44.49:171][905]LogSavePackage: Save=13.19ms
[2017.09.05-13.44.49:171][905]LogSavePackage: Moving '../../../../../../Users/croch/Documents/Unreal Projects/SwordVR/Saved/GunBeam7C86D80F47773D7FA77F9D9C096FB618.tmp' to '../../../../../../Users/croch/Documents/Unreal Projects/SwordVR/Content/Assets/Materials/GunBeam.uasset'
[2017.09.05-13.44.49:178][905]LogSavePackage: Display: Finished SavePackage ../../../../../../Users/croch/Documents/Unreal Projects/SwordVR/Content/Assets/Materials/GunBeam.uasset
[2017.09.05-13.44.54:796][496]LogMaterial: Missing cached shader map for material TronGlow, compiling. 
[2017.09.05-13.44.54:891][496]LogMaterial: Missing cached shader map for material TronGlow, compiling. 
[2017.09.05-13.44.54:905][496]LogMaterial: Missing cached shader map for material TronGlow, compiling. 
[2017.09.05-13.44.54:947][496]LogMaterial: Missing cached shader map for material FMatExpressionPreview MaterialExpressionTextureCoordinate_0, compiling. 
[2017.09.05-13.44.54:953][496]LogMaterial: Missing cached shader map for material FMatExpressionPreview MaterialExpressionComponentMask_0, compiling. 
[2017.09.05-13.44.54:961][496]LogMaterial: Missing cached shader map for material FMatExpressionPreview MaterialExpressionComponentMask_1, compiling. 
[2017.09.05-13.44.54:969][496]LogMaterial: Missing cached shader map for material FMatExpressionPreview MaterialExpressionSine_0, compiling. 
[2017.09.05-13.44.54:978][496]LogMaterial: Missing cached shader map for material FMatExpressionPreview MaterialExpressionSine_1, compiling. 
[2017.09.05-13.44.54:986][496]LogMaterial: Missing cached shader map for material FMatExpressionPreview MaterialExpressionOneMinus_0, compiling. 
[2017.09.05-13.44.54:994][496]LogMaterial: Missing cached shader map for material FMatExpressionPreview MaterialExpressionOneMinus_1, compiling. 
[2017.09.05-13.44.55:000][496]LogMaterial: Missing cached shader map for material FMatExpressionPreview MaterialExpressionVectorParameter_0, compiling. 
[2017.09.05-13.44.56:511][562]MaterialEditorStats: Base pass shader: 95 instructions
[2017.09.05-13.44.56:511][562]MaterialEditorStats: Vertex shader: 31 instructions
[2017.09.05-13.44.56:511][562]MaterialEditorStats: Texture samplers: 3/16
[2017.09.05-13.44.56:511][562]MaterialEditorStats: User interpolators: 2/4 Scalars (1/4 Vectors) (TexCoords: 2, Custom: 0)
[2017.09.05-13.45.09:795][857]LogMaterial: Missing cached shader map for material PreviewMaterial_0, compiling. 
[2017.09.05-13.45.09:875][857]LogMaterial: Missing cached shader map for material PreviewMaterial_0, compiling. 
[2017.09.05-13.45.09:886][857]LogMaterial: Missing cached shader map for material PreviewMaterial_0, compiling. 
[2017.09.05-13.45.09:918][857]LogMaterial: Missing cached shader map for material FMatExpressionPreview MaterialExpressionTextureCoordinate_0, compiling. 
[2017.09.05-13.45.11:606][976]MaterialEditorStats: Base pass shader without light map: 24 instructions
[2017.09.05-13.45.11:606][976]MaterialEditorStats: Vertex shader: 122 instructions
[2017.09.05-13.45.11:606][976]MaterialEditorStats: Texture samplers: 3/16
[2017.09.05-13.45.12:539][ 63]LogMaterial: Missing cached shader map for material PreviewMaterial_0, compiling. 
[2017.09.05-13.45.14:536][242]MaterialEditorStats: Base pass shader without light map: 24 instructions
[2017.09.05-13.45.14:536][242]MaterialEditorStats: Vertex shader: 122 instructions
[2017.09.05-13.45.14:536][242]MaterialEditorStats: Texture samplers: 3/16
[2017.09.05-13.45.22:924][ 90]LogMaterial: Missing cached shader map for material PreviewMaterial_0, compiling. 
[2017.09.05-13.45.22:933][ 90]LogMaterial: Missing cached shader map for material PreviewMaterial_0, compiling. 
[2017.09.05-13.45.22:967][ 90]LogMaterial: Missing cached shader map for material FMatExpressionPreview MaterialExpressionTextureCoordinate_0, compiling. 
[2017.09.05-13.45.23:971][150]MaterialEditorStats: Base pass shader without light map: 24 instructions
[2017.09.05-13.45.23:971][150]MaterialEditorStats: Vertex shader: 122 instructions
[2017.09.05-13.45.23:971][150]MaterialEditorStats: Texture samplers: 3/16
[2017.09.05-13.45.27:801][483]LogMaterial: Missing cached shader map for material FMatExpressionPreview MaterialExpressionComponentMask_0, compiling. 
[2017.09.05-13.45.29:395][614]LogMaterial: Missing cached shader map for material PreviewMaterial_0, compiling. 
[2017.09.05-13.45.29:409][614]LogMaterial: Missing cached shader map for material FMatExpressionPreview MaterialExpressionComponentMask_0, compiling. 
[2017.09.05-13.45.30:562][680]MaterialEditorStats: Base pass shader without light map: 24 instructions
[2017.09.05-13.45.30:563][680]MaterialEditorStats: Vertex shader: 122 instructions
[2017.09.05-13.45.30:563][680]MaterialEditorStats: Texture samplers: 3/16
[2017.09.05-13.45.34:933][ 76]LogMaterial: Missing cached shader map for material PreviewMaterial_0, compiling. 
[2017.09.05-13.45.34:944][ 76]LogMaterial: Missing cached shader map for material PreviewMaterial_0, compiling. 
[2017.09.05-13.45.34:977][ 76]LogMaterial: Missing cached shader map for material FMatExpressionPreview MaterialExpressionComponentMask_0, compiling. 
[2017.09.05-13.45.36:109][138]MaterialEditorStats: Base pass shader without light map: 24 instructions
[2017.09.05-13.45.36:109][138]MaterialEditorStats: Vertex shader: 122 instructions
[2017.09.05-13.45.36:109][138]MaterialEditorStats: Texture samplers: 3/16
[2017.09.05-13.45.37:004][214]LogMaterial: Missing cached shader map for material FMatExpressionPreview MaterialExpressionSine_0, compiling. 
[2017.09.05-13.45.43:775][838]LogMaterial: Missing cached shader map for material PreviewMaterial_0, compiling. 
[2017.09.05-13.45.43:813][838]LogMaterial: Missing cached shader map for material FMatExpressionPreview MaterialExpressionSine_0, compiling. 
[2017.09.05-13.45.43:820][838]LogMaterial: Missing cached shader map for material PreviewMaterial_0, compiling. 
[2017.09.05-13.45.43:860][838]LogMaterial: Missing cached shader map for material FMatExpressionPreview MaterialExpressionSine_0, compiling. 
[2017.09.05-13.45.45:211][907]MaterialEditorStats: Base pass shader without light map: 24 instructions
[2017.09.05-13.45.45:211][907]MaterialEditorStats: Vertex shader: 122 instructions
[2017.09.05-13.45.45:211][907]MaterialEditorStats: Texture samplers: 3/16
[2017.09.05-13.45.49:653][253]LogMaterial: Missing cached shader map for material FMatExpressionPreview MaterialExpressionMultiply_0, compiling. 
[2017.09.05-13.45.59:845][ 98]LogMaterial: Missing cached shader map for material PreviewMaterial_0, compiling. 
[2017.09.05-13.45.59:859][ 98]LogMaterial: Missing cached shader map for material FMatExpressionPreview MaterialExpressionMultiply_0, compiling. 
[2017.09.05-13.46.00:967][160]MaterialEditorStats: Base pass shader without light map: 24 instructions
[2017.09.05-13.46.00:967][160]MaterialEditorStats: Vertex shader: 122 instructions
[2017.09.05-13.46.00:967][160]MaterialEditorStats: Texture samplers: 3/16
[2017.09.05-13.46.10:198][ 15]LogMaterial: Missing cached shader map for material PreviewMaterial_0, compiling. 
[2017.09.05-13.46.10:208][ 15]LogMaterial: Missing cached shader map for material FMatExpressionPreview MaterialExpressionSine_0, compiling. 
[2017.09.05-13.46.11:309][ 78]MaterialEditorStats: Base pass shader without light map: 24 instructions
[2017.09.05-13.46.11:309][ 78]MaterialEditorStats: Vertex shader: 122 instructions
[2017.09.05-13.46.11:309][ 78]MaterialEditorStats: Texture samplers: 3/16
[2017.09.05-13.46.24:143][261]LogMaterial: Missing cached shader map for material PreviewMaterial_0, compiling. 
[2017.09.05-13.46.24:156][261]LogMaterial: Missing cached shader map for material FMatExpressionPreview MaterialExpressionSine_0, compiling. 
[2017.09.05-13.46.25:250][326]MaterialEditorStats: Base pass shader without light map: 24 instructions
[2017.09.05-13.46.25:250][326]MaterialEditorStats: Vertex shader: 122 instructions
[2017.09.05-13.46.25:250][326]MaterialEditorStats: Texture samplers: 3/16
[2017.09.05-13.53.07:658][505]LogMaterial: Missing cached shader map for material PreviewMaterial_0, compiling. 
[2017.09.05-13.53.08:867][589]MaterialEditorStats: Base pass shader without light map: 24 instructions
[2017.09.05-13.53.08:867][589]MaterialEditorStats: Vertex shader: 122 instructions
[2017.09.05-13.53.08:867][589]MaterialEditorStats: Texture samplers: 3/16
[2017.09.05-13.53.13:121][  9]LogMaterialEditor: Saving and Compiling material GunBeam
[2017.09.05-13.53.13:604][  9]LogMaterial: Missing cached shader map for material PreviewMaterial_0, compiling. 
[2017.09.05-13.53.13:642][  9]LogMaterial: Missing cached shader map for material GunBeam, compiling. 
[2017.09.05-13.53.13:660][  9]LogMaterial: Missing cached shader map for material GunBeam, compiling. 
[2017.09.05-13.53.13:708][  9]LogMaterial: Missing cached shader map for material FDebugViewModeMaterialProxy GunBeam, compiling. 
[2017.09.05-13.53.14:109][  9]TextureStreamingBuild: Display: Compiling optional shaders took 0.406 seconds.
[2017.09.05-13.53.15:345][  9]Cmd: OBJ SAVEPACKAGE PACKAGE="/Game/Assets/Materials/GunBeam" FILE="../../../../../../Users/croch/Documents/Unreal Projects/SwordVR/Content/Assets/Materials/GunBeam.uasset" SILENT=true
[2017.09.05-13.53.15:374][  9]LogSavePackage: Save=12.75ms
[2017.09.05-13.53.15:374][  9]LogSavePackage: Moving '../../../../../../Users/croch/Documents/Unreal Projects/SwordVR/Saved/GunBeam4756F3CD45CC7DF7D35EE6935D6CA17A.tmp' to '../../../../../../Users/croch/Documents/Unreal Projects/SwordVR/Content/Assets/Materials/GunBeam.uasset'
[2017.09.05-13.53.15:377][  9]LogSavePackage: Display: Finished SavePackage ../../../../../../Users/croch/Documents/Unreal Projects/SwordVR/Content/Assets/Materials/GunBeam.uasset
[2017.09.05-13.53.27:513][656]LogFactory: FactoryCreateFile: Texture with ReimportTextureFactory (0 0 ../../../../../../Users/croch/Downloads/BaseBeam.png)
[2017.09.05-13.53.27:521][656]LogTexture: Display: Building textures: BaseBeam (AutoDXT, 256X256)
[2017.09.05-13.53.27:543][656]LogFactory: FactoryCreateFile: Texture with ReimportTextureFactory (0 0 ../../../../../../Users/croch/Downloads/BeamPulse.png)
[2017.09.05-13.53.27:548][656]LogTexture: Display: Building textures: BeamPulse (AutoDXT, 256X256)
[2017.09.05-13.53.51:417][505]LogMaterial: Missing cached shader map for material PreviewMaterial_0, compiling. 
[2017.09.05-13.53.52:587][584]MaterialEditorStats: Base pass shader without light map: 24 instructions
[2017.09.05-13.53.52:587][584]MaterialEditorStats: Vertex shader: 122 instructions
[2017.09.05-13.53.52:587][584]MaterialEditorStats: Texture samplers: 3/16
[2017.09.05-13.53.53:216][645]LogMaterial: Missing cached shader map for material FMatExpressionPreview MaterialExpressionPanner_0, compiling. 
[2017.09.05-13.54.06:878][444]LogMaterial: Missing cached shader map for material PreviewMaterial_0, compiling. 
[2017.09.05-13.54.06:916][444]LogMaterial: Missing cached shader map for material FMatExpressionPreview MaterialExpressionPanner_0, compiling. 
[2017.09.05-13.54.06:923][444]LogMaterial: Missing cached shader map for material FMatExpressionPreview MaterialExpressionTextureSample_0, compiling. 
[2017.09.05-13.54.07:868][493]MaterialEditorStats: Base pass shader without light map: 24 instructions
[2017.09.05-13.54.07:868][493]MaterialEditorStats: Vertex shader: 122 instructions
[2017.09.05-13.54.07:868][493]MaterialEditorStats: Texture samplers: 3/16
[2017.09.05-13.54.14:516][128]LogMaterial: Missing cached shader map for material PreviewMaterial_0, compiling. 
[2017.09.05-13.54.14:527][128]LogMaterial: Missing cached shader map for material FMatExpressionPreview MaterialExpressionTextureSample_1, compiling. 
[2017.09.05-13.54.15:457][183]MaterialEditorStats: Base pass shader without light map: 24 instructions
[2017.09.05-13.54.15:457][183]MaterialEditorStats: Vertex shader: 122 instructions
[2017.09.05-13.54.15:457][183]MaterialEditorStats: Texture samplers: 3/16
[2017.09.05-13.54.19:849][594]LogMaterial: Missing cached shader map for material PreviewMaterial_0, compiling. 
[2017.09.05-13.54.19:863][594]LogMaterial: Missing cached shader map for material FMatExpressionPreview MaterialExpressionPanner_0, compiling. 
[2017.09.05-13.54.19:895][594]LogMaterial: Missing cached shader map for material FMatExpressionPreview MaterialExpressionTextureSample_1, compiling. 
[2017.09.05-13.54.20:851][646]MaterialEditorStats: Base pass shader without light map: 24 instructions
[2017.09.05-13.54.20:851][646]MaterialEditorStats: Vertex shader: 122 instructions
[2017.09.05-13.54.20:851][646]MaterialEditorStats: Texture samplers: 3/16
[2017.09.05-13.54.34:216][771]LogMaterial: Missing cached shader map for material PreviewMaterial_0, compiling. 
[2017.09.05-13.54.34:231][771]LogMaterial: Missing cached shader map for material FMatExpressionPreview MaterialExpressionTextureSample_0, compiling. 
[2017.09.05-13.54.35:174][827]MaterialEditorStats: Base pass shader without light map: 24 instructions
[2017.09.05-13.54.35:174][827]MaterialEditorStats: Vertex shader: 122 instructions
[2017.09.05-13.54.35:174][827]MaterialEditorStats: Texture samplers: 3/16
[2017.09.05-13.54.50:833][211]LogMaterial: Missing cached shader map for material PreviewMaterial_0, compiling. 
[2017.09.05-13.54.50:842][211]LogMaterial: Missing cached shader map for material PreviewMaterial_0, compiling. 
[2017.09.05-13.54.50:874][211]LogMaterial: Missing cached shader map for material FMatExpressionPreview MaterialExpressionTextureSample_1, compiling. 
[2017.09.05-13.54.51:852][269]MaterialEditorStats: Base pass shader without light map: 24 instructions
[2017.09.05-13.54.51:853][269]MaterialEditorStats: Vertex shader: 122 instructions
[2017.09.05-13.54.51:853][269]MaterialEditorStats: Texture samplers: 3/16
[2017.09.05-13.54.56:775][744]LogMaterial: Missing cached shader map for material PreviewMaterial_0, compiling. 
[2017.09.05-13.54.56:790][744]LogMaterial: Missing cached shader map for material FMatExpressionPreview MaterialExpressionTextureSample_0, compiling. 
[2017.09.05-13.54.57:801][803]MaterialEditorStats: Base pass shader without light map: 24 instructions
[2017.09.05-13.54.57:801][803]MaterialEditorStats: Vertex shader: 122 instructions
[2017.09.05-13.54.57:801][803]MaterialEditorStats: Texture samplers: 3/16
[2017.09.05-13.54.59:025][915]LogMaterial: Missing cached shader map for material FMatExpressionPreview MaterialExpressionAdd_0, compiling. 
[2017.09.05-13.55.12:427][667]LogMaterial: Missing cached shader map for material PreviewMaterial_0, compiling. 
[2017.09.05-13.55.12:466][667]LogMaterial: Missing cached shader map for material FMatExpressionPreview MaterialExpressionAdd_0, compiling. 
[2017.09.05-13.55.13:324][720]MaterialEditorStats: Base pass shader without light map: 24 instructions
[2017.09.05-13.55.13:324][720]MaterialEditorStats: Vertex shader: 122 instructions
[2017.09.05-13.55.13:324][720]MaterialEditorStats: Texture samplers: 3/16
[2017.09.05-13.55.21:047][505]LogMaterial: Missing cached shader map for material PreviewMaterial_0, compiling. 
[2017.09.05-13.55.21:914][561]MaterialEditorStats: Base pass shader without light map: 24 instructions
[2017.09.05-13.55.21:914][561]MaterialEditorStats: Vertex shader: 122 instructions
[2017.09.05-13.55.21:914][561]MaterialEditorStats: Texture samplers: 3/16
[2017.09.05-13.55.22:473][612]LogMaterial: Missing cached shader map for material PreviewMaterial_0, compiling. 
[2017.09.05-13.55.23:680][704]MaterialEditorStats: Base pass shader without light map: 24 instructions
[2017.09.05-13.55.23:680][704]MaterialEditorStats: Vertex shader: 122 instructions
[2017.09.05-13.55.23:680][704]MaterialEditorStats: Texture samplers: 3/16
[2017.09.05-13.55.38:862][598]LogMaterial: Missing cached shader map for material PreviewMaterial_0, compiling. 
[2017.09.05-13.55.41:228][809]LogMaterial: Missing cached shader map for material PreviewMaterial_0, compiling. 
[2017.09.05-13.55.42:712][930]LogMaterial: Missing cached shader map for material PreviewMaterial_0, compiling. 
[2017.09.05-13.55.42:728][930]LogMaterial: Missing cached shader map for material FMatExpressionPreview MaterialExpressionAdd_0, compiling. 
[2017.09.05-13.55.43:668][984]MaterialEditorStats: Base pass shader without light map: 24 instructions
[2017.09.05-13.55.43:668][984]MaterialEditorStats: Vertex shader: 122 instructions
[2017.09.05-13.55.43:668][984]MaterialEditorStats: Texture samplers: 3/16
[2017.09.05-13.55.44:957][112]LogMaterial: Missing cached shader map for material PreviewMaterial_0, compiling. 
[2017.09.05-13.55.44:968][112]LogMaterial: Missing cached shader map for material FMatExpressionPreview MaterialExpressionAdd_0, compiling. 
[2017.09.05-13.55.45:908][167]MaterialEditorStats: Base pass shader without light map: 24 instructions
[2017.09.05-13.55.45:908][167]MaterialEditorStats: Vertex shader: 122 instructions
[2017.09.05-13.55.45:908][167]MaterialEditorStats: Texture samplers: 3/16
[2017.09.05-13.55.46:915][268]LogMaterial: Missing cached shader map for material PreviewMaterial_0, compiling. 
[2017.09.05-13.55.47:810][325]MaterialEditorStats: Base pass shader without light map: 30 instructions
[2017.09.05-13.55.47:810][325]MaterialEditorStats: Vertex shader: 124 instructions
[2017.09.05-13.55.47:810][325]MaterialEditorStats: Texture samplers: 3/16
[2017.09.05-13.55.47:810][325]MaterialEditorStats: User interpolators: 2/4 Scalars (1/4 Vectors) (TexCoords: 2, Custom: 0)
[2017.09.05-13.55.49:195][459]LogMaterial: Missing cached shader map for material PreviewMaterial_0, compiling. 
[2017.09.05-13.55.50:181][523]MaterialEditorStats: Base pass shader without light map: 32 instructions
[2017.09.05-13.55.50:181][523]MaterialEditorStats: Vertex shader: 124 instructions
[2017.09.05-13.55.50:181][523]MaterialEditorStats: Texture samplers: 3/16
[2017.09.05-13.55.50:181][523]MaterialEditorStats: User interpolators: 2/4 Scalars (1/4 Vectors) (TexCoords: 2, Custom: 0)
[2017.09.05-13.56.14:565][596]LogFileHelpers: Editor autosave (incl. sublevels) for '/Temp/Untitled_1' took 0.015
[2017.09.05-13.56.14:569][596]OBJ SavePackage: Generating thumbnails for [1] asset(s) in package [/Game/Assets/Textures/BaseBeam] ([1] browsable assets)...
[2017.09.05-13.56.14:577][596]OBJ SavePackage:     Rendered thumbnail for [Texture2D /Game/Assets/Textures/BaseBeam.BaseBeam]
[2017.09.05-13.56.14:577][596]OBJ SavePackage: Finished generating thumbnails for package [/Game/Assets/Textures/BaseBeam]
[2017.09.05-13.56.14:586][596]LogSavePackage: Save=7.20ms
[2017.09.05-13.56.14:586][596]LogSavePackage: Moving '../../../../../../Users/croch/Documents/Unreal Projects/SwordVR/Saved/BaseBeam_Auto498F4E98D4F1A1774EEA51BB21FA7D4AE.tmp' to '../../../../../../Users/croch/Documents/Unreal Projects/SwordVR/Saved/Autosaves/Game/Assets/Textures/BaseBeam_Auto4.uasset'
[2017.09.05-13.56.14:587][596]LogSavePackage: Display: Finished SavePackage ../../../../../../Users/croch/Documents/Unreal Projects/SwordVR/Saved/Autosaves/Game/Assets/Textures/BaseBeam_Auto4.uasset
[2017.09.05-13.56.14:588][596]OBJ SavePackage: Generating thumbnails for [1] asset(s) in package [/Game/Assets/Textures/BeamPulse] ([1] browsable assets)...
[2017.09.05-13.56.14:596][596]OBJ SavePackage:     Rendered thumbnail for [Texture2D /Game/Assets/Textures/BeamPulse.BeamPulse]
[2017.09.05-13.56.14:596][596]OBJ SavePackage: Finished generating thumbnails for package [/Game/Assets/Textures/BeamPulse]
[2017.09.05-13.56.14:607][596]LogSavePackage: Save=9.32ms
[2017.09.05-13.56.14:607][596]LogSavePackage: Moving '../../../../../../Users/croch/Documents/Unreal Projects/SwordVR/Saved/BeamPulse_Auto4774392684EED40B637AD47BB6E941FC4.tmp' to '../../../../../../Users/croch/Documents/Unreal Projects/SwordVR/Saved/Autosaves/Game/Assets/Textures/BeamPulse_Auto4.uasset'
[2017.09.05-13.56.14:608][596]LogSavePackage: Display: Finished SavePackage ../../../../../../Users/croch/Documents/Unreal Projects/SwordVR/Saved/Autosaves/Game/Assets/Textures/BeamPulse_Auto4.uasset
[2017.09.05-13.56.14:608][596]LogFileHelpers: Auto-saving content packages took 0.043
[2017.09.05-13.58.52:493][980]LogMaterial: Missing cached shader map for material PreviewMaterial_0, compiling. 
[2017.09.05-13.58.52:509][980]LogMaterial: Missing cached shader map for material FMatExpressionPreview MaterialExpressionPanner_0, compiling. 
[2017.09.05-13.58.53:822][ 60]MaterialEditorStats: Base pass shader without light map: 34 instructions
[2017.09.05-13.58.53:822][ 60]MaterialEditorStats: Vertex shader: 124 instructions
[2017.09.05-13.58.53:822][ 60]MaterialEditorStats: Texture samplers: 3/16
[2017.09.05-13.58.53:822][ 60]MaterialEditorStats: User interpolators: 2/4 Scalars (1/4 Vectors) (TexCoords: 2, Custom: 0)
[2017.09.05-13.59.03:422][933]LogMaterial: Missing cached shader map for material PreviewMaterial_0, compiling. 
[2017.09.05-13.59.03:439][933]LogMaterial: Missing cached shader map for material FMatExpressionPreview MaterialExpressionPanner_0, compiling. 
[2017.09.05-13.59.04:398][990]MaterialEditorStats: Base pass shader without light map: 34 instructions
[2017.09.05-13.59.04:398][990]MaterialEditorStats: Vertex shader: 124 instructions
[2017.09.05-13.59.04:398][990]MaterialEditorStats: Texture samplers: 3/16
[2017.09.05-13.59.04:398][990]MaterialEditorStats: User interpolators: 2/4 Scalars (1/4 Vectors) (TexCoords: 2, Custom: 0)
[2017.09.05-13.59.29:780][130]LogMaterial: Missing cached shader map for material PreviewMaterial_0, compiling. 
[2017.09.05-13.59.29:795][130]LogMaterial: Missing cached shader map for material FMatExpressionPreview MaterialExpressionPanner_0, compiling. 
[2017.09.05-13.59.31:117][204]MaterialEditorStats: Base pass shader without light map: 34 instructions
[2017.09.05-13.59.31:118][204]MaterialEditorStats: Vertex shader: 124 instructions
[2017.09.05-13.59.31:118][204]MaterialEditorStats: Texture samplers: 3/16
[2017.09.05-13.59.31:118][204]MaterialEditorStats: User interpolators: 2/4 Scalars (1/4 Vectors) (TexCoords: 2, Custom: 0)
[2017.09.05-14.01.09:200][393]LogMaterial: Missing cached shader map for material PreviewMaterial_0, compiling. 
[2017.09.05-14.01.09:212][393]LogMaterial: Missing cached shader map for material FMatExpressionPreview MaterialExpressionPanner_0, compiling. 
[2017.09.05-14.01.10:421][460]MaterialEditorStats: Base pass shader without light map: 32 instructions
[2017.09.05-14.01.10:421][460]MaterialEditorStats: Vertex shader: 124 instructions
[2017.09.05-14.01.10:421][460]MaterialEditorStats: Texture samplers: 3/16
[2017.09.05-14.01.10:421][460]MaterialEditorStats: User interpolators: 2/4 Scalars (1/4 Vectors) (TexCoords: 2, Custom: 0)
[2017.09.05-14.01.32:992][814]LogMaterialEditor: Saving and Compiling material GunBeam
[2017.09.05-14.01.33:474][814]LogMaterial: Missing cached shader map for material PreviewMaterial_0, compiling. 
[2017.09.05-14.01.33:508][814]LogMaterial: Missing cached shader map for material GunBeam, compiling. 
[2017.09.05-14.01.33:524][814]LogMaterial: Missing cached shader map for material GunBeam, compiling. 
[2017.09.05-14.01.33:568][814]LogMaterial: Missing cached shader map for material FDebugViewModeMaterialProxy GunBeam, compiling. 
[2017.09.05-14.01.34:294][814]TextureStreamingBuild: Display: Compiling optional shaders took 0.732 seconds.
[2017.09.05-14.01.35:578][814]Cmd: OBJ SAVEPACKAGE PACKAGE="/Game/Assets/Materials/GunBeam" FILE="../../../../../../Users/croch/Documents/Unreal Projects/SwordVR/Content/Assets/Materials/GunBeam.uasset" SILENT=true
[2017.09.05-14.01.35:610][814]LogSavePackage: Save=16.23ms
[2017.09.05-14.01.35:610][814]LogSavePackage: Moving '../../../../../../Users/croch/Documents/Unreal Projects/SwordVR/Saved/GunBeam190D86E64E5A4AF834715396034533DC.tmp' to '../../../../../../Users/croch/Documents/Unreal Projects/SwordVR/Content/Assets/Materials/GunBeam.uasset'
[2017.09.05-14.01.35:615][814]LogSavePackage: Display: Finished SavePackage ../../../../../../Users/croch/Documents/Unreal Projects/SwordVR/Content/Assets/Materials/GunBeam.uasset
[2017.09.05-14.02.05:770][604]LogContentBrowser: Native class hierarchy updated for 'Cascade' in 0.0007 seconds. Added 2 classes and 2 folders.
[2017.09.05-14.02.14:678][886]LogCascade: Non-seeded module ParticleModuleRequired
[2017.09.05-14.02.16:099][970]LogCascade: Non-seeded module ParticleModuleSpawn
[2017.09.05-14.05.39:862][ 33]LogMaterial: Warning: Material /Game/Assets/Materials/GunBeam.GunBeam needed to have new flag set bUsedWithBeamTrails !
[2017.09.05-14.05.39:868][ 33]LogMaterial: Missing cached shader map for material GunBeam, compiling. 
[2017.09.05-14.09.23:541][458]LogFileHelpers: Editor autosave (incl. sublevels) for '/Temp/Untitled_1' took 0.017
[2017.09.05-14.09.23:543][458]OBJ SavePackage: Generating thumbnails for [0] asset(s) in package [/Game/Assets/Materials/GunBeam] ([1] browsable assets)...
[2017.09.05-14.09.23:543][458]OBJ SavePackage: Finished generating thumbnails for package [/Game/Assets/Materials/GunBeam]
[2017.09.05-14.09.23:566][458]LogSavePackage: Save=7.80ms
[2017.09.05-14.09.23:567][458]LogSavePackage: Moving '../../../../../../Users/croch/Documents/Unreal Projects/SwordVR/Saved/GunBeam_Auto5BD125B2B4E94749C45D378ACAA7CCA6C.tmp' to '../../../../../../Users/croch/Documents/Unreal Projects/SwordVR/Saved/Autosaves/Game/Assets/Materials/GunBeam_Auto5.uasset'
[2017.09.05-14.09.23:568][458]LogSavePackage: Display: Finished SavePackage ../../../../../../Users/croch/Documents/Unreal Projects/SwordVR/Saved/Autosaves/Game/Assets/Materials/GunBeam_Auto5.uasset
[2017.09.05-14.09.23:571][458]OBJ SavePackage: Generating thumbnails for [1] asset(s) in package [/Game/Assets/Particles/Gun_Beam] ([1] browsable assets)...
[2017.09.05-14.09.23:577][458]OBJ SavePackage:     Rendered thumbnail for [ParticleSystem /Game/Assets/Particles/Gun_Beam.Gun_Beam]
[2017.09.05-14.09.23:577][458]OBJ SavePackage: Finished generating thumbnails for package [/Game/Assets/Particles/Gun_Beam]
[2017.09.05-14.09.23:591][458]LogSavePackage: Save=12.72ms
[2017.09.05-14.09.23:592][458]LogSavePackage: Moving '../../../../../../Users/croch/Documents/Unreal Projects/SwordVR/Saved/Gun_Beam_Auto565379A5540B3C07C80EAC4A3BA3C073B.tmp' to '../../../../../../Users/croch/Documents/Unreal Projects/SwordVR/Saved/Autosaves/Game/Assets/Particles/Gun_Beam_Auto5.uasset'
[2017.09.05-14.09.23:593][458]LogSavePackage: Display: Finished SavePackage ../../../../../../Users/croch/Documents/Unreal Projects/SwordVR/Saved/Autosaves/Game/Assets/Particles/Gun_Beam_Auto5.uasset
[2017.09.05-14.09.23:593][458]LogFileHelpers: Auto-saving content packages took 0.050
[2017.09.05-14.11.43:847][ 51]LogCascade: Non-seeded module ParticleModuleBeamNoise
[2017.09.05-14.19.24:267][704]LogFileHelpers: Editor autosave (incl. sublevels) for '/Temp/Untitled_1' took 0.017
[2017.09.05-14.19.24:269][704]OBJ SavePackage: Generating thumbnails for [1] asset(s) in package [/Game/Assets/Particles/Gun_Beam] ([1] browsable assets)...
[2017.09.05-14.19.24:274][704]OBJ SavePackage:     Rendered thumbnail for [ParticleSystem /Game/Assets/Particles/Gun_Beam.Gun_Beam]
[2017.09.05-14.19.24:274][704]OBJ SavePackage: Finished generating thumbnails for package [/Game/Assets/Particles/Gun_Beam]
[2017.09.05-14.19.24:289][704]LogSavePackage: Save=12.63ms
[2017.09.05-14.19.24:289][704]LogSavePackage: Moving '../../../../../../Users/croch/Documents/Unreal Projects/SwordVR/Saved/Gun_Beam_Auto60EA218374415EF3641F8DCA6171FD4FC.tmp' to '../../../../../../Users/croch/Documents/Unreal Projects/SwordVR/Saved/Autosaves/Game/Assets/Particles/Gun_Beam_Auto6.uasset'
[2017.09.05-14.19.24:290][704]LogSavePackage: Display: Finished SavePackage ../../../../../../Users/croch/Documents/Unreal Projects/SwordVR/Saved/Autosaves/Game/Assets/Particles/Gun_Beam_Auto6.uasset
[2017.09.05-14.19.24:290][704]LogFileHelpers: Auto-saving content packages took 0.022
